#! /usr/bin/vvp
:ivl_version "11.0 (stable)";
:ivl_delay_selection "TYPICAL";
:vpi_time_precision + 0;
:vpi_module "/usr/lib/x86_64-linux-gnu/ivl/system.vpi";
:vpi_module "/usr/lib/x86_64-linux-gnu/ivl/vhdl_sys.vpi";
:vpi_module "/usr/lib/x86_64-linux-gnu/ivl/vhdl_textio.vpi";
:vpi_module "/usr/lib/x86_64-linux-gnu/ivl/v2005_math.vpi";
:vpi_module "/usr/lib/x86_64-linux-gnu/ivl/va_math.vpi";
S_0x55a12990afd0 .scope module, "Mux_3_by_1" "Mux_3_by_1" 2 25;
 .timescale 0 0;
    .port_info 0 /INPUT 32 "a";
    .port_info 1 /INPUT 32 "b";
    .port_info 2 /INPUT 32 "c";
    .port_info 3 /INPUT 2 "s";
    .port_info 4 /OUTPUT 32 "d";
L_0x7f0e02937018 .functor BUFT 1, C4<00>, C4<0>, C4<0>, C4<0>;
v0x55a129901410_0 .net/2u *"_ivl_0", 1 0, L_0x7f0e02937018;  1 drivers
v0x55a129902a10_0 .net *"_ivl_10", 0 0, L_0x55a12992c380;  1 drivers
L_0x7f0e029370f0 .functor BUFT 1, C4<00000000000000000000000000000000>, C4<0>, C4<0>, C4<0>;
v0x55a129902da0_0 .net/2u *"_ivl_12", 31 0, L_0x7f0e029370f0;  1 drivers
v0x55a129903c30_0 .net *"_ivl_14", 31 0, L_0x55a12993c4e0;  1 drivers
v0x55a129904140_0 .net *"_ivl_16", 31 0, L_0x55a12993c680;  1 drivers
v0x55a129906760_0 .net *"_ivl_2", 0 0, L_0x55a12992c150;  1 drivers
L_0x7f0e02937060 .functor BUFT 1, C4<01>, C4<0>, C4<0>, C4<0>;
v0x55a129906800_0 .net/2u *"_ivl_4", 1 0, L_0x7f0e02937060;  1 drivers
v0x55a1299281d0_0 .net *"_ivl_6", 0 0, L_0x55a12992c240;  1 drivers
L_0x7f0e029370a8 .functor BUFT 1, C4<10>, C4<0>, C4<0>, C4<0>;
v0x55a129928290_0 .net/2u *"_ivl_8", 1 0, L_0x7f0e029370a8;  1 drivers
o0x7f0e029801c8 .functor BUFZ 32, C4<zzzzzzzzzzzzzzzzzzzzzzzzzzzzzzzz>; HiZ drive
v0x55a129928370_0 .net "a", 31 0, o0x7f0e029801c8;  0 drivers
o0x7f0e029801f8 .functor BUFZ 32, C4<zzzzzzzzzzzzzzzzzzzzzzzzzzzzzzzz>; HiZ drive
v0x55a129928450_0 .net "b", 31 0, o0x7f0e029801f8;  0 drivers
o0x7f0e02980228 .functor BUFZ 32, C4<zzzzzzzzzzzzzzzzzzzzzzzzzzzzzzzz>; HiZ drive
v0x55a129928530_0 .net "c", 31 0, o0x7f0e02980228;  0 drivers
v0x55a129928610_0 .net "d", 31 0, L_0x55a12993c7c0;  1 drivers
o0x7f0e02980288 .functor BUFZ 2, C4<zz>; HiZ drive
v0x55a1299286f0_0 .net "s", 1 0, o0x7f0e02980288;  0 drivers
L_0x55a12992c150 .cmp/eq 2, o0x7f0e02980288, L_0x7f0e02937018;
L_0x55a12992c240 .cmp/eq 2, o0x7f0e02980288, L_0x7f0e02937060;
L_0x55a12992c380 .cmp/eq 2, o0x7f0e02980288, L_0x7f0e029370a8;
L_0x55a12993c4e0 .functor MUXZ 32, L_0x7f0e029370f0, o0x7f0e02980228, L_0x55a12992c380, C4<>;
L_0x55a12993c680 .functor MUXZ 32, L_0x55a12993c4e0, o0x7f0e029801f8, L_0x55a12992c240, C4<>;
L_0x55a12993c7c0 .functor MUXZ 32, L_0x55a12993c680, o0x7f0e029801c8, L_0x55a12992c150, C4<>;
S_0x55a1298ed1b0 .scope module, "fetch_cycle_tb" "fetch_cycle_tb" 3 1;
 .timescale 0 0;
P_0x55a1298ed340 .param/l "CLK_PERIOD" 0 3 4, +C4<00000000000000000000000000001010>;
v0x55a12992bae0_0 .net "InstrD_tb", 31 0, L_0x55a12993cec0;  1 drivers
v0x55a12992bbc0_0 .net "PCD_tb", 31 0, L_0x55a12993d050;  1 drivers
v0x55a12992bc90_0 .net "PCPlus4D_tb", 31 0, L_0x55a12993d230;  1 drivers
v0x55a12992bd90_0 .var "PCSrcE_tb", 0 0;
v0x55a12992be80_0 .var "PCTargetE_tb", 31 0;
v0x55a12992bfc0_0 .var "clk_tb", 0 0;
v0x55a12992c0b0_0 .var "rst_tb", 0 0;
S_0x55a129928870 .scope module, "dut" "fetch_cycle" 3 18, 4 15 0, S_0x55a1298ed1b0;
 .timescale 0 0;
    .port_info 0 /INPUT 1 "clk";
    .port_info 1 /INPUT 1 "rst";
    .port_info 2 /INPUT 1 "PCSrcE";
    .port_info 3 /INPUT 32 "PCTargetE";
    .port_info 4 /OUTPUT 32 "InstrD";
    .port_info 5 /OUTPUT 32 "PCD";
    .port_info 6 /OUTPUT 32 "PCPlus4D";
L_0x7f0e02937210 .functor BUFT 1, C4<0>, C4<0>, C4<0>, C4<0>;
L_0x55a1299064d0 .functor XNOR 1, v0x55a12992c0b0_0, L_0x7f0e02937210, C4<0>, C4<0>;
L_0x7f0e029372a0 .functor BUFT 1, C4<0>, C4<0>, C4<0>, C4<0>;
L_0x55a1299066f0 .functor XNOR 1, v0x55a12992c0b0_0, L_0x7f0e029372a0, C4<0>, C4<0>;
L_0x7f0e02937330 .functor BUFT 1, C4<0>, C4<0>, C4<0>, C4<0>;
L_0x55a129909340 .functor XNOR 1, v0x55a12992c0b0_0, L_0x7f0e02937330, C4<0>, C4<0>;
v0x55a12992a700_0 .net "InstrD", 31 0, L_0x55a12993cec0;  alias, 1 drivers
v0x55a12992a800_0 .net "InstrF", 31 0, L_0x55a12993cc40;  1 drivers
v0x55a12992a8c0_0 .var "InstrF_reg", 31 0;
v0x55a12992a990_0 .net "PCD", 31 0, L_0x55a12993d050;  alias, 1 drivers
v0x55a12992aa70_0 .net "PCF", 31 0, v0x55a12992a300_0;  1 drivers
v0x55a12992ab80_0 .var "PCF_reg", 31 0;
v0x55a12992ac60_0 .net "PCPlus4D", 31 0, L_0x55a12993d230;  alias, 1 drivers
v0x55a12992ad40_0 .net "PCPlus4F", 31 0, L_0x55a12993cdd0;  1 drivers
v0x55a12992ae50_0 .var "PCPlus4F_reg", 31 0;
v0x55a12992af30_0 .net "PCSrcE", 0 0, v0x55a12992bd90_0;  1 drivers
v0x55a12992afd0_0 .net "PCTargetE", 31 0, v0x55a12992be80_0;  1 drivers
v0x55a12992b070_0 .net "PC_F", 31 0, L_0x55a12993c940;  1 drivers
v0x55a12992b110_0 .net/2u *"_ivl_10", 0 0, L_0x7f0e029372a0;  1 drivers
v0x55a12992b1f0_0 .net *"_ivl_12", 0 0, L_0x55a1299066f0;  1 drivers
L_0x7f0e029372e8 .functor BUFT 1, C4<00000000000000000000000000000000>, C4<0>, C4<0>, C4<0>;
v0x55a12992b2b0_0 .net/2u *"_ivl_14", 31 0, L_0x7f0e029372e8;  1 drivers
v0x55a12992b390_0 .net/2u *"_ivl_18", 0 0, L_0x7f0e02937330;  1 drivers
v0x55a12992b470_0 .net/2u *"_ivl_2", 0 0, L_0x7f0e02937210;  1 drivers
v0x55a12992b550_0 .net *"_ivl_20", 0 0, L_0x55a129909340;  1 drivers
L_0x7f0e02937378 .functor BUFT 1, C4<00000000000000000000000000000000>, C4<0>, C4<0>, C4<0>;
v0x55a12992b610_0 .net/2u *"_ivl_22", 31 0, L_0x7f0e02937378;  1 drivers
v0x55a12992b6f0_0 .net *"_ivl_4", 0 0, L_0x55a1299064d0;  1 drivers
L_0x7f0e02937258 .functor BUFT 1, C4<00000000000000000000000000000000>, C4<0>, C4<0>, C4<0>;
v0x55a12992b7b0_0 .net/2u *"_ivl_6", 31 0, L_0x7f0e02937258;  1 drivers
v0x55a12992b890_0 .net "clk", 0 0, v0x55a12992bfc0_0;  1 drivers
v0x55a12992b930_0 .net "rst", 0 0, v0x55a12992c0b0_0;  1 drivers
E_0x55a1298f1870/0 .event negedge, v0x55a1299293e0_0;
E_0x55a1298f1870/1 .event posedge, v0x55a12992a4f0_0;
E_0x55a1298f1870 .event/or E_0x55a1298f1870/0, E_0x55a1298f1870/1;
L_0x55a12993cec0 .functor MUXZ 32, v0x55a12992a8c0_0, L_0x7f0e02937258, L_0x55a1299064d0, C4<>;
L_0x55a12993d050 .functor MUXZ 32, v0x55a12992ab80_0, L_0x7f0e029372e8, L_0x55a1299066f0, C4<>;
L_0x55a12993d230 .functor MUXZ 32, v0x55a12992ae50_0, L_0x7f0e02937378, L_0x55a129909340, C4<>;
S_0x55a129928a60 .scope module, "IMEM" "Instruction_Memory" 4 50, 5 15 0, S_0x55a129928870;
 .timescale 0 0;
    .port_info 0 /INPUT 1 "rst";
    .port_info 1 /INPUT 32 "A";
    .port_info 2 /OUTPUT 32 "RD";
L_0x7f0e02937138 .functor BUFT 1, C4<0>, C4<0>, C4<0>, C4<0>;
L_0x55a129906120 .functor XNOR 1, v0x55a12992c0b0_0, L_0x7f0e02937138, C4<0>, C4<0>;
v0x55a129928cd0_0 .net "A", 31 0, v0x55a12992a300_0;  alias, 1 drivers
v0x55a129928dd0_0 .net "RD", 31 0, L_0x55a12993cc40;  alias, 1 drivers
v0x55a129928eb0_0 .net/2u *"_ivl_0", 0 0, L_0x7f0e02937138;  1 drivers
v0x55a129928f70_0 .net *"_ivl_2", 0 0, L_0x55a129906120;  1 drivers
L_0x7f0e02937180 .functor BUFT 1, C4<00000000000000000000000000000000>, C4<0>, C4<0>, C4<0>;
v0x55a129929030_0 .net/2u *"_ivl_4", 31 0, L_0x7f0e02937180;  1 drivers
v0x55a129929160_0 .net *"_ivl_6", 31 0, L_0x55a12993ca80;  1 drivers
v0x55a129929240_0 .net *"_ivl_9", 29 0, L_0x55a12993cb50;  1 drivers
v0x55a129929320 .array "mem", 0 1023, 31 0;
v0x55a1299293e0_0 .net "rst", 0 0, v0x55a12992c0b0_0;  alias, 1 drivers
L_0x55a12993ca80 .array/port v0x55a129929320, L_0x55a12993cb50;
L_0x55a12993cb50 .part v0x55a12992a300_0, 2, 30;
L_0x55a12993cc40 .functor MUXZ 32, L_0x55a12993ca80, L_0x7f0e02937180, L_0x55a129906120, C4<>;
S_0x55a129929520 .scope module, "PC_MUX" "Mux" 4 35, 2 15 0, S_0x55a129928870;
 .timescale 0 0;
    .port_info 0 /INPUT 32 "a";
    .port_info 1 /INPUT 32 "b";
    .port_info 2 /INPUT 1 "s";
    .port_info 3 /OUTPUT 32 "c";
L_0x55a129902d30 .functor NOT 1, v0x55a12992bd90_0, C4<0>, C4<0>, C4<0>;
v0x55a1299296b0_0 .net *"_ivl_0", 0 0, L_0x55a129902d30;  1 drivers
v0x55a129929790_0 .net "a", 31 0, L_0x55a12993cdd0;  alias, 1 drivers
v0x55a129929870_0 .net "b", 31 0, v0x55a12992be80_0;  alias, 1 drivers
v0x55a129929930_0 .net "c", 31 0, L_0x55a12993c940;  alias, 1 drivers
v0x55a129929a10_0 .net "s", 0 0, v0x55a12992bd90_0;  alias, 1 drivers
L_0x55a12993c940 .functor MUXZ 32, v0x55a12992be80_0, L_0x55a12993cdd0, L_0x55a129902d30, C4<>;
S_0x55a129929ba0 .scope module, "PC_adder" "PC_Adder" 4 57, 6 15 0, S_0x55a129928870;
 .timescale 0 0;
    .port_info 0 /INPUT 32 "a";
    .port_info 1 /INPUT 32 "b";
    .port_info 2 /OUTPUT 32 "c";
v0x55a129929dd0_0 .net "a", 31 0, v0x55a12992a300_0;  alias, 1 drivers
L_0x7f0e029371c8 .functor BUFT 1, C4<00000000000000000000000000000100>, C4<0>, C4<0>, C4<0>;
v0x55a129929eb0_0 .net "b", 31 0, L_0x7f0e029371c8;  1 drivers
v0x55a129929f70_0 .net "c", 31 0, L_0x55a12993cdd0;  alias, 1 drivers
L_0x55a12993cdd0 .arith/sum 32, v0x55a12992a300_0, L_0x7f0e029371c8;
S_0x55a12992a0d0 .scope module, "Program_Counter" "PC_Module" 4 42, 7 15 0, S_0x55a129928870;
 .timescale 0 0;
    .port_info 0 /INPUT 1 "clk";
    .port_info 1 /INPUT 1 "rst";
    .port_info 2 /OUTPUT 32 "PC";
    .port_info 3 /INPUT 32 "PC_Next";
v0x55a12992a300_0 .var "PC", 31 0;
v0x55a12992a430_0 .net "PC_Next", 31 0, L_0x55a12993c940;  alias, 1 drivers
v0x55a12992a4f0_0 .net "clk", 0 0, v0x55a12992bfc0_0;  alias, 1 drivers
v0x55a12992a5c0_0 .net "rst", 0 0, v0x55a12992c0b0_0;  alias, 1 drivers
E_0x55a1298f0f30 .event posedge, v0x55a12992a4f0_0;
    .scope S_0x55a12992a0d0;
T_0 ;
    %wait E_0x55a1298f0f30;
    %load/vec4 v0x55a12992a5c0_0;
    %cmpi/e 0, 0, 1;
    %jmp/0xz  T_0.0, 4;
    %pushi/vec4 0, 0, 32;
    %assign/vec4 v0x55a12992a300_0, 0;
    %jmp T_0.1;
T_0.0 ;
    %load/vec4 v0x55a12992a430_0;
    %assign/vec4 v0x55a12992a300_0, 0;
T_0.1 ;
    %jmp T_0;
    .thread T_0;
    .scope S_0x55a129928a60;
T_1 ;
    %vpi_call 5 26 "$readmemh", "memfile.hex", v0x55a129929320 {0 0 0};
    %end;
    .thread T_1;
    .scope S_0x55a129928870;
T_2 ;
    %wait E_0x55a1298f1870;
    %load/vec4 v0x55a12992b930_0;
    %cmpi/e 0, 0, 1;
    %jmp/0xz  T_2.0, 4;
    %pushi/vec4 0, 0, 32;
    %assign/vec4 v0x55a12992a8c0_0, 0;
    %pushi/vec4 0, 0, 32;
    %assign/vec4 v0x55a12992ab80_0, 0;
    %pushi/vec4 0, 0, 32;
    %assign/vec4 v0x55a12992ae50_0, 0;
    %jmp T_2.1;
T_2.0 ;
    %load/vec4 v0x55a12992a800_0;
    %assign/vec4 v0x55a12992a8c0_0, 0;
    %load/vec4 v0x55a12992aa70_0;
    %assign/vec4 v0x55a12992ab80_0, 0;
    %load/vec4 v0x55a12992ad40_0;
    %assign/vec4 v0x55a12992ae50_0, 0;
T_2.1 ;
    %jmp T_2;
    .thread T_2;
    .scope S_0x55a1298ed1b0;
T_3 ;
    %pushi/vec4 0, 0, 1;
    %store/vec4 v0x55a12992bfc0_0, 0, 1;
T_3.0 ;
    %delay 5, 0;
    %load/vec4 v0x55a12992bfc0_0;
    %inv;
    %store/vec4 v0x55a12992bfc0_0, 0, 1;
    %jmp T_3.0;
    %end;
    .thread T_3;
    .scope S_0x55a1298ed1b0;
T_4 ;
    %vpi_call 3 37 "$dumpfile", "fetch_cycle_wave.vcd" {0 0 0};
    %vpi_call 3 40 "$dumpvars" {0 0 0};
    %end;
    .thread T_4;
    .scope S_0x55a1298ed1b0;
T_5 ;
    %vpi_call 3 45 "$display", "------------------------------------------------------" {0 0 0};
    %vpi_call 3 46 "$display", "B\341\272\257t \304\221\341\272\247u Testbench cho fetch_cycle l\303\272c %0t", $time {0 0 0};
    %vpi_call 3 47 "$display", "Waveform \304\221ang \304\221\306\260\341\273\243c ghi v\303\240o fetch_cycle_wave.vcd" {0 0 0};
    %vpi_call 3 48 "$display", "------------------------------------------------------" {0 0 0};
    %pushi/vec4 0, 0, 1;
    %store/vec4 v0x55a12992c0b0_0, 0, 1;
    %pushi/vec4 0, 0, 1;
    %store/vec4 v0x55a12992bd90_0, 0, 1;
    %pushi/vec4 4294967295, 4294967295, 32;
    %store/vec4 v0x55a12992be80_0, 0, 32;
    %vpi_call 3 54 "$display", "[%0t] \304\220ang \303\241p d\341\273\245ng Reset (rst_tb = %b)", $time, v0x55a12992c0b0_0 {0 0 0};
    %delay 15, 0;
    %pushi/vec4 1, 0, 1;
    %store/vec4 v0x55a12992c0b0_0, 0, 1;
    %vpi_call 3 59 "$display", "[%0t] Nh\341\272\243 Reset (rst_tb = %b)", $time, v0x55a12992c0b0_0 {0 0 0};
    %wait E_0x55a1298f0f30;
    %vpi_call 3 62 "$display", "[%0t] Sau Reset: PCD=%h, PCPlus4D=%h, InstrD=%h", $time, v0x55a12992bbc0_0, v0x55a12992bc90_0, v0x55a12992bae0_0 {0 0 0};
    %vpi_call 3 66 "$display", "\012[%0t] B\341\272\257t \304\221\341\272\247u fetch tu\341\272\247n t\341\273\261 (PCSrcE = 0)", $time {0 0 0};
    %pushi/vec4 0, 0, 1;
    %store/vec4 v0x55a12992bd90_0, 0, 1;
    %pushi/vec4 3405691582, 0, 32;
    %store/vec4 v0x55a12992be80_0, 0, 32;
    %pushi/vec4 5, 0, 32;
T_5.0 %dup/vec4;
    %pushi/vec4 0, 0, 32;
    %cmp/s;
    %jmp/1xz T_5.1, 5;
    %jmp/1 T_5.1, 4;
    %pushi/vec4 1, 0, 32;
    %sub;
    %wait E_0x55a1298f0f30;
    %vpi_call 3 72 "$display", "[%0t] Fetch: PCSrcE=%b -> PCD=%h, PCPlus4D=%h, InstrD=%h", $time, v0x55a12992bd90_0, v0x55a12992bbc0_0, v0x55a12992bc90_0, v0x55a12992bae0_0 {0 0 0};
    %jmp T_5.0;
T_5.1 ;
    %pop/vec4 1;
    %vpi_call 3 77 "$display", "\012[%0t] M\303\264 ph\341\273\217ng t\303\255n hi\341\273\207u Branch (PCSrcE = 1)", $time {0 0 0};
    %pushi/vec4 1, 0, 1;
    %store/vec4 v0x55a12992bd90_0, 0, 1;
    %pushi/vec4 60, 0, 32;
    %store/vec4 v0x55a12992be80_0, 0, 32;
    %vpi_call 3 81 "$display", "[%0t] K\303\255ch ho\341\272\241t branch: PCSrcE=%b, PCTargetE=%h", $time, v0x55a12992bd90_0, v0x55a12992be80_0 {0 0 0};
    %wait E_0x55a1298f0f30;
    %vpi_call 3 84 "$display", "[%0t] Sau c\341\272\241nh clock 1 (Branch): PCD=%h, PCPlus4D=%h, InstrD=%h (Gi\303\241 tr\341\273\213 c\305\251)", $time, v0x55a12992bbc0_0, v0x55a12992bc90_0, v0x55a12992bae0_0 {0 0 0};
    %wait E_0x55a1298f0f30;
    %vpi_call 3 88 "$display", "[%0t] Sau c\341\272\241nh clock 2 (Branch): PCD=%h, PCPlus4D=%h, InstrD=%h (Gi\303\241 tr\341\273\213 m\341\273\233i t\341\272\241i %h)", $time, v0x55a12992bbc0_0, v0x55a12992bc90_0, v0x55a12992bae0_0, v0x55a12992be80_0 {0 0 0};
    %vpi_call 3 92 "$display", "\012[%0t] Ti\341\272\277p t\341\273\245c fetch tu\341\272\247n t\341\273\261 sau branch (PCSrcE = 0)", $time {0 0 0};
    %pushi/vec4 0, 0, 1;
    %store/vec4 v0x55a12992bd90_0, 0, 1;
    %pushi/vec4 3735928559, 0, 32;
    %store/vec4 v0x55a12992be80_0, 0, 32;
    %vpi_call 3 95 "$display", "[%0t] T\341\272\257t branch: PCSrcE=%b", $time {0 0 0};
    %wait E_0x55a1298f0f30;
    %vpi_call 3 99 "$display", "[%0t] Fetch: PCSrcE=%b -> PCD=%h, PCPlus4D=%h, InstrD=%h", $time, v0x55a12992bd90_0, v0x55a12992bbc0_0, v0x55a12992bc90_0, v0x55a12992bae0_0 {0 0 0};
    %wait E_0x55a1298f0f30;
    %vpi_call 3 103 "$display", "[%0t] Fetch: PCSrcE=%b -> PCD=%h, PCPlus4D=%h, InstrD=%h (D\341\273\261 ki\341\272\277n \304\221\341\273\213a ch\341\273\211 kh\303\264ng h\341\273\243p l\341\273\207)", $time, v0x55a12992bd90_0, v0x55a12992bbc0_0, v0x55a12992bc90_0, v0x55a12992bae0_0 {0 0 0};
    %delay 20, 0;
    %vpi_call 3 109 "$display", "\012------------------------------------------------------" {0 0 0};
    %vpi_call 3 110 "$display", "K\341\272\277t th\303\272c Testbench l\303\272c %0t", $time {0 0 0};
    %vpi_call 3 111 "$display", "Ki\341\273\203m tra file fetch_cycle_wave.vcd \304\221\341\273\203 xem waveform." {0 0 0};
    %vpi_call 3 112 "$display", "------------------------------------------------------" {0 0 0};
    %vpi_call 3 113 "$finish" {0 0 0};
    %end;
    .thread T_5;
# The file index is used to find the file name in the following table.
:file_names 8;
    "N/A";
    "<interactive>";
    "Mux.v";
    "fetch_cycle_tb.v";
    "Fetch_Cycle.v";
    "Instruction_Memory.v";
    "PC_Adder.v";
    "PC_Module.v";
