#! /usr/bin/vvp
:ivl_version "11.0 (stable)";
:ivl_delay_selection "TYPICAL";
:vpi_time_precision + 0;
:vpi_module "/usr/lib/x86_64-linux-gnu/ivl/system.vpi";
:vpi_module "/usr/lib/x86_64-linux-gnu/ivl/vhdl_sys.vpi";
:vpi_module "/usr/lib/x86_64-linux-gnu/ivl/vhdl_textio.vpi";
:vpi_module "/usr/lib/x86_64-linux-gnu/ivl/v2005_math.vpi";
:vpi_module "/usr/lib/x86_64-linux-gnu/ivl/va_math.vpi";
S_0x55e17e66dc30 .scope module, "execute_cycle_tb" "execute_cycle_tb" 2 4;
 .timescale 0 0;
P_0x55e17e63dbe0 .param/l "CLK_PERIOD" 0 2 7, +C4<00000000000000000000000000001010>;
v0x55e17e6ade80_0 .var "ALUControlE", 2 0;
v0x55e17e6adfb0_0 .var "ALUSrcE", 0 0;
v0x55e17e6ae0c0_0 .net "ALU_ResultM", 31 0, v0x55e17e6ad170_0;  1 drivers
v0x55e17e6ae160_0 .var "BranchE", 0 0;
v0x55e17e6ae200_0 .var "ForwardA_E", 1 0;
v0x55e17e6ae340_0 .var "ForwardB_E", 1 0;
v0x55e17e6ae430_0 .var "Imm_Ext_E", 31 0;
v0x55e17e6ae4f0_0 .var "MemWriteE", 0 0;
v0x55e17e6ae590_0 .net "MemWriteM", 0 0, L_0x55e17e6c3f90;  1 drivers
v0x55e17e6ae630_0 .var "PCE", 31 0;
v0x55e17e6ae6d0_0 .var "PCPlus4E", 31 0;
v0x55e17e6ae770_0 .net "PCPlus4M", 31 0, L_0x55e17e6c41d0;  1 drivers
v0x55e17e6ae810_0 .net "PCSrcE", 0 0, L_0x55e17e6c3870;  1 drivers
v0x55e17e6ae8b0_0 .net "PCTargetE", 31 0, L_0x55e17e6c3de0;  1 drivers
v0x55e17e6ae9a0_0 .var "RD1_E", 31 0;
v0x55e17e6aea90_0 .var "RD2_E", 31 0;
v0x55e17e6aeba0_0 .var "RD_E", 4 0;
v0x55e17e6aec60_0 .net "RD_M", 4 0, L_0x55e17e6c4110;  1 drivers
v0x55e17e6aed00_0 .var "RegWriteE", 0 0;
v0x55e17e6aeda0_0 .net "RegWriteM", 0 0, L_0x55e17e6c3ed0;  1 drivers
v0x55e17e6aee40_0 .var "ResultSrcE", 0 0;
v0x55e17e6aeee0_0 .net "ResultSrcM", 0 0, L_0x55e17e6c4050;  1 drivers
v0x55e17e6aefb0_0 .var "ResultW", 31 0;
v0x55e17e6af050_0 .net "WriteDataM", 31 0, L_0x55e17e6c42d0;  1 drivers
v0x55e17e6af120_0 .var "clk", 0 0;
v0x55e17e6af1f0_0 .var "rst", 0 0;
E_0x55e17e63ef70 .event posedge, v0x55e17e6ad9e0_0;
S_0x55e17e62b300 .scope module, "dut" "execute_cycle" 2 27, 3 15 0, S_0x55e17e66dc30;
 .timescale 0 0;
    .port_info 0 /INPUT 1 "clk";
    .port_info 1 /INPUT 1 "rst";
    .port_info 2 /INPUT 1 "RegWriteE";
    .port_info 3 /INPUT 1 "ALUSrcE";
    .port_info 4 /INPUT 1 "MemWriteE";
    .port_info 5 /INPUT 1 "ResultSrcE";
    .port_info 6 /INPUT 1 "BranchE";
    .port_info 7 /INPUT 3 "ALUControlE";
    .port_info 8 /INPUT 32 "RD1_E";
    .port_info 9 /INPUT 32 "RD2_E";
    .port_info 10 /INPUT 32 "Imm_Ext_E";
    .port_info 11 /INPUT 5 "RD_E";
    .port_info 12 /INPUT 32 "PCE";
    .port_info 13 /INPUT 32 "PCPlus4E";
    .port_info 14 /OUTPUT 1 "PCSrcE";
    .port_info 15 /OUTPUT 32 "PCTargetE";
    .port_info 16 /OUTPUT 1 "RegWriteM";
    .port_info 17 /OUTPUT 1 "MemWriteM";
    .port_info 18 /OUTPUT 1 "ResultSrcM";
    .port_info 19 /OUTPUT 5 "RD_M";
    .port_info 20 /OUTPUT 32 "PCPlus4M";
    .port_info 21 /OUTPUT 32 "WriteDataM";
    .port_info 22 /OUTPUT 32 "ALU_ResultM";
    .port_info 23 /INPUT 32 "ResultW";
    .port_info 24 /INPUT 2 "ForwardA_E";
    .port_info 25 /INPUT 2 "ForwardB_E";
L_0x55e17e6c3870 .functor AND 1, L_0x55e17e6c3ae0, v0x55e17e6ae160_0, C4<1>, C4<1>;
L_0x55e17e6c3ed0 .functor BUFZ 1, v0x55e17e6acf00_0, C4<0>, C4<0>, C4<0>;
L_0x55e17e6c3f90 .functor BUFZ 1, v0x55e17e6ac2d0_0, C4<0>, C4<0>, C4<0>;
L_0x55e17e6c4050 .functor BUFZ 1, v0x55e17e6ad2f0_0, C4<0>, C4<0>, C4<0>;
L_0x55e17e6c4110 .functor BUFZ 5, v0x55e17e6acc80_0, C4<00000>, C4<00000>, C4<00000>;
L_0x55e17e6c41d0 .functor BUFZ 32, v0x55e17e6ac5d0_0, C4<00000000000000000000000000000000>, C4<00000000000000000000000000000000>, C4<00000000000000000000000000000000>;
L_0x55e17e6c42d0 .functor BUFZ 32, v0x55e17e6acae0_0, C4<00000000000000000000000000000000>, C4<00000000000000000000000000000000>, C4<00000000000000000000000000000000>;
v0x55e17e6abc70_0 .net "ALUControlE", 2 0, v0x55e17e6ade80_0;  1 drivers
v0x55e17e6abd50_0 .net "ALUSrcE", 0 0, v0x55e17e6adfb0_0;  1 drivers
v0x55e17e6abe20_0 .net "ALU_ResultM", 31 0, v0x55e17e6ad170_0;  alias, 1 drivers
v0x55e17e6abef0_0 .net "BranchE", 0 0, v0x55e17e6ae160_0;  1 drivers
v0x55e17e6abf90_0 .net "ForwardA_E", 1 0, v0x55e17e6ae200_0;  1 drivers
v0x55e17e6ac080_0 .net "ForwardB_E", 1 0, v0x55e17e6ae340_0;  1 drivers
v0x55e17e6ac120_0 .net "Imm_Ext_E", 31 0, v0x55e17e6ae430_0;  1 drivers
v0x55e17e6ac210_0 .net "MemWriteE", 0 0, v0x55e17e6ae4f0_0;  1 drivers
v0x55e17e6ac2d0_0 .var "MemWriteE_r", 0 0;
v0x55e17e6ac390_0 .net "MemWriteM", 0 0, L_0x55e17e6c3f90;  alias, 1 drivers
v0x55e17e6ac450_0 .net "PCE", 31 0, v0x55e17e6ae630_0;  1 drivers
v0x55e17e6ac510_0 .net "PCPlus4E", 31 0, v0x55e17e6ae6d0_0;  1 drivers
v0x55e17e6ac5d0_0 .var "PCPlus4E_r", 31 0;
v0x55e17e6ac6b0_0 .net "PCPlus4M", 31 0, L_0x55e17e6c41d0;  alias, 1 drivers
v0x55e17e6ac790_0 .net "PCSrcE", 0 0, L_0x55e17e6c3870;  alias, 1 drivers
v0x55e17e6ac850_0 .net "PCTargetE", 31 0, L_0x55e17e6c3de0;  alias, 1 drivers
v0x55e17e6ac940_0 .net "RD1_E", 31 0, v0x55e17e6ae9a0_0;  1 drivers
v0x55e17e6aca10_0 .net "RD2_E", 31 0, v0x55e17e6aea90_0;  1 drivers
v0x55e17e6acae0_0 .var "RD2_E_r", 31 0;
v0x55e17e6acba0_0 .net "RD_E", 4 0, v0x55e17e6aeba0_0;  1 drivers
v0x55e17e6acc80_0 .var "RD_E_r", 4 0;
v0x55e17e6acd60_0 .net "RD_M", 4 0, L_0x55e17e6c4110;  alias, 1 drivers
v0x55e17e6ace40_0 .net "RegWriteE", 0 0, v0x55e17e6aed00_0;  1 drivers
v0x55e17e6acf00_0 .var "RegWriteE_r", 0 0;
v0x55e17e6acfc0_0 .net "RegWriteM", 0 0, L_0x55e17e6c3ed0;  alias, 1 drivers
v0x55e17e6ad080_0 .net "ResultE", 31 0, L_0x55e17e6c09e0;  1 drivers
v0x55e17e6ad170_0 .var "ResultE_r", 31 0;
v0x55e17e6ad230_0 .net "ResultSrcE", 0 0, v0x55e17e6aee40_0;  1 drivers
v0x55e17e6ad2f0_0 .var "ResultSrcE_r", 0 0;
v0x55e17e6ad3b0_0 .net "ResultSrcM", 0 0, L_0x55e17e6c4050;  alias, 1 drivers
v0x55e17e6ad470_0 .net "ResultW", 31 0, v0x55e17e6aefb0_0;  1 drivers
v0x55e17e6ad530_0 .net "Src_A", 31 0, L_0x55e17e6bf900;  1 drivers
v0x55e17e6ad640_0 .net "Src_B", 31 0, L_0x55e17e6c0130;  1 drivers
v0x55e17e6ad750_0 .net "Src_B_interim", 31 0, L_0x55e17e6bffb0;  1 drivers
v0x55e17e6ad860_0 .net "WriteDataM", 31 0, L_0x55e17e6c42d0;  alias, 1 drivers
v0x55e17e6ad940_0 .net "ZeroE", 0 0, L_0x55e17e6c3ae0;  1 drivers
v0x55e17e6ad9e0_0 .net "clk", 0 0, v0x55e17e6af120_0;  1 drivers
v0x55e17e6ada80_0 .net "rst", 0 0, v0x55e17e6af1f0_0;  1 drivers
E_0x55e17e63e7a0/0 .event negedge, v0x55e17e6ada80_0;
E_0x55e17e63e7a0/1 .event posedge, v0x55e17e6ad9e0_0;
E_0x55e17e63e7a0 .event/or E_0x55e17e63e7a0/0, E_0x55e17e63e7a0/1;
S_0x55e17e639d40 .scope module, "alu" "ALU" 3 69, 4 15 0, S_0x55e17e62b300;
 .timescale 0 0;
    .port_info 0 /INPUT 32 "A";
    .port_info 1 /INPUT 32 "B";
    .port_info 2 /OUTPUT 32 "Result";
    .port_info 3 /INPUT 3 "ALUControl";
    .port_info 4 /OUTPUT 1 "OverFlow";
    .port_info 5 /OUTPUT 1 "Carry";
    .port_info 6 /OUTPUT 1 "Zero";
    .port_info 7 /OUTPUT 1 "Negative";
L_0x7fa282244258 .functor BUFT 1, C4<0>, C4<0>, C4<0>, C4<0>;
L_0x55e17e67fad0 .functor XNOR 1, L_0x55e17e6c0340, L_0x7fa282244258, C4<0>, C4<0>;
L_0x55e17e680050 .functor NOT 32, L_0x55e17e6c0130, C4<00000000000000000000000000000000>, C4<00000000000000000000000000000000>, C4<00000000000000000000000000000000>;
L_0x55e17e6c10c0 .functor AND 33, L_0x55e17e6c1130, L_0x55e17e6c1220, C4<111111111111111111111111111111111>, C4<111111111111111111111111111111111>;
L_0x55e17e6831f0 .functor OR 33, L_0x55e17e6c1520, L_0x55e17e6c16d0, C4<000000000000000000000000000000000>, C4<000000000000000000000000000000000>;
L_0x55e17e688640 .functor XOR 1, L_0x55e17e6c26c0, L_0x55e17e6c2840, C4<0>, C4<0>;
L_0x55e17e689340 .functor XOR 1, L_0x55e17e6c2a90, L_0x55e17e6c2c20, C4<0>, C4<0>;
L_0x55e17e6c3050 .functor XOR 1, L_0x55e17e689340, L_0x55e17e6c2eb0, C4<0>, C4<0>;
L_0x55e17e6c3160 .functor NOT 1, L_0x55e17e6c3050, C4<0>, C4<0>, C4<0>;
L_0x55e17e6c3270 .functor AND 1, L_0x55e17e688640, L_0x55e17e6c3160, C4<1>, C4<1>;
L_0x55e17e6c3420 .functor NOT 1, L_0x55e17e6c3380, C4<0>, C4<0>, C4<0>;
L_0x55e17e6c3540 .functor AND 1, L_0x55e17e6c3270, L_0x55e17e6c3420, C4<1>, C4<1>;
L_0x55e17e6c37b0 .functor NOT 1, L_0x55e17e6c3600, C4<0>, C4<0>, C4<0>;
L_0x55e17e6c38e0 .functor AND 1, L_0x55e17e6c37b0, L_0x55e17e6c0900, C4<1>, C4<1>;
L_0x55e17e6c39f0 .functor NOT 32, L_0x55e17e6c09e0, C4<00000000000000000000000000000000>, C4<00000000000000000000000000000000>, C4<00000000000000000000000000000000>;
v0x55e17e6778b0_0 .net "A", 31 0, L_0x55e17e6bf900;  alias, 1 drivers
v0x55e17e67e810_0 .net "ALUControl", 2 0, v0x55e17e6ade80_0;  alias, 1 drivers
v0x55e17e67bfc0_0 .net "B", 31 0, L_0x55e17e6c0130;  alias, 1 drivers
v0x55e17e67c9a0_0 .net "Carry", 0 0, L_0x55e17e6c38e0;  1 drivers
v0x55e17e6893f0_0 .net "Cout", 0 0, L_0x55e17e6c0900;  1 drivers
v0x55e17e685d10_0 .net "Negative", 0 0, L_0x55e17e6c3c20;  1 drivers
v0x55e17e688740_0 .net "OverFlow", 0 0, L_0x55e17e6c3540;  1 drivers
v0x55e17e6a5f60_0 .net "Result", 31 0, L_0x55e17e6c09e0;  alias, 1 drivers
v0x55e17e6a6040_0 .net "Sum", 31 0, L_0x55e17e6c0770;  1 drivers
v0x55e17e6a6120_0 .net "Zero", 0 0, L_0x55e17e6c3ae0;  alias, 1 drivers
v0x55e17e6a61e0_0 .net *"_ivl_1", 0 0, L_0x55e17e6c0340;  1 drivers
L_0x7fa2822442a0 .functor BUFT 1, C4<00000000000000000000000000000001>, C4<0>, C4<0>, C4<0>;
v0x55e17e6a62c0_0 .net/2u *"_ivl_10", 31 0, L_0x7fa2822442a0;  1 drivers
v0x55e17e6a63a0_0 .net *"_ivl_100", 0 0, L_0x55e17e6c2eb0;  1 drivers
v0x55e17e6a6480_0 .net *"_ivl_101", 0 0, L_0x55e17e6c3050;  1 drivers
v0x55e17e6a6560_0 .net *"_ivl_103", 0 0, L_0x55e17e6c3160;  1 drivers
v0x55e17e6a6640_0 .net *"_ivl_105", 0 0, L_0x55e17e6c3270;  1 drivers
v0x55e17e6a6720_0 .net *"_ivl_108", 0 0, L_0x55e17e6c3380;  1 drivers
v0x55e17e6a6800_0 .net *"_ivl_109", 0 0, L_0x55e17e6c3420;  1 drivers
v0x55e17e6a68e0_0 .net *"_ivl_114", 0 0, L_0x55e17e6c3600;  1 drivers
v0x55e17e6a69c0_0 .net *"_ivl_115", 0 0, L_0x55e17e6c37b0;  1 drivers
v0x55e17e6a6aa0_0 .net *"_ivl_119", 31 0, L_0x55e17e6c39f0;  1 drivers
v0x55e17e6a6b80_0 .net *"_ivl_12", 31 0, L_0x55e17e6c0630;  1 drivers
v0x55e17e6a6c60_0 .net *"_ivl_14", 31 0, L_0x55e17e6c06d0;  1 drivers
v0x55e17e6a6d40_0 .net/2u *"_ivl_2", 0 0, L_0x7fa282244258;  1 drivers
L_0x7fa2822442e8 .functor BUFT 1, C4<000>, C4<0>, C4<0>, C4<0>;
v0x55e17e6a6e20_0 .net/2u *"_ivl_21", 2 0, L_0x7fa2822442e8;  1 drivers
v0x55e17e6a6f00_0 .net *"_ivl_23", 0 0, L_0x55e17e6c0b20;  1 drivers
v0x55e17e6a6fc0_0 .net *"_ivl_25", 32 0, L_0x55e17e6c0ca0;  1 drivers
L_0x7fa282244330 .functor BUFT 1, C4<0>, C4<0>, C4<0>, C4<0>;
v0x55e17e6a70a0_0 .net *"_ivl_28", 0 0, L_0x7fa282244330;  1 drivers
L_0x7fa282244378 .functor BUFT 1, C4<001>, C4<0>, C4<0>, C4<0>;
v0x55e17e6a7180_0 .net/2u *"_ivl_29", 2 0, L_0x7fa282244378;  1 drivers
v0x55e17e6a7260_0 .net *"_ivl_31", 0 0, L_0x55e17e6c0de0;  1 drivers
v0x55e17e6a7320_0 .net *"_ivl_33", 32 0, L_0x55e17e6c0f30;  1 drivers
L_0x7fa2822443c0 .functor BUFT 1, C4<0>, C4<0>, C4<0>, C4<0>;
v0x55e17e6a7400_0 .net *"_ivl_36", 0 0, L_0x7fa2822443c0;  1 drivers
L_0x7fa282244408 .functor BUFT 1, C4<010>, C4<0>, C4<0>, C4<0>;
v0x55e17e6a74e0_0 .net/2u *"_ivl_37", 2 0, L_0x7fa282244408;  1 drivers
v0x55e17e6a75c0_0 .net *"_ivl_39", 0 0, L_0x55e17e6c0fd0;  1 drivers
v0x55e17e6a7680_0 .net *"_ivl_4", 0 0, L_0x55e17e67fad0;  1 drivers
v0x55e17e6a7740_0 .net *"_ivl_41", 32 0, L_0x55e17e6c1130;  1 drivers
L_0x7fa282244450 .functor BUFT 1, C4<0>, C4<0>, C4<0>, C4<0>;
v0x55e17e6a7820_0 .net *"_ivl_44", 0 0, L_0x7fa282244450;  1 drivers
v0x55e17e6a7900_0 .net *"_ivl_45", 32 0, L_0x55e17e6c1220;  1 drivers
L_0x7fa282244498 .functor BUFT 1, C4<0>, C4<0>, C4<0>, C4<0>;
v0x55e17e6a79e0_0 .net *"_ivl_48", 0 0, L_0x7fa282244498;  1 drivers
v0x55e17e6a7ac0_0 .net *"_ivl_49", 32 0, L_0x55e17e6c10c0;  1 drivers
L_0x7fa2822444e0 .functor BUFT 1, C4<011>, C4<0>, C4<0>, C4<0>;
v0x55e17e6a7ba0_0 .net/2u *"_ivl_51", 2 0, L_0x7fa2822444e0;  1 drivers
v0x55e17e6a7c80_0 .net *"_ivl_53", 0 0, L_0x55e17e6c1430;  1 drivers
v0x55e17e6a7d40_0 .net *"_ivl_55", 32 0, L_0x55e17e6c1520;  1 drivers
L_0x7fa282244528 .functor BUFT 1, C4<0>, C4<0>, C4<0>, C4<0>;
v0x55e17e6a7e20_0 .net *"_ivl_58", 0 0, L_0x7fa282244528;  1 drivers
v0x55e17e6a7f00_0 .net *"_ivl_59", 32 0, L_0x55e17e6c16d0;  1 drivers
v0x55e17e6a7fe0_0 .net *"_ivl_6", 31 0, L_0x55e17e6c0470;  1 drivers
L_0x7fa282244570 .functor BUFT 1, C4<0>, C4<0>, C4<0>, C4<0>;
v0x55e17e6a80c0_0 .net *"_ivl_62", 0 0, L_0x7fa282244570;  1 drivers
v0x55e17e6a81a0_0 .net *"_ivl_63", 32 0, L_0x55e17e6831f0;  1 drivers
L_0x7fa2822445b8 .functor BUFT 1, C4<101>, C4<0>, C4<0>, C4<0>;
v0x55e17e6a8280_0 .net/2u *"_ivl_65", 2 0, L_0x7fa2822445b8;  1 drivers
v0x55e17e6a8360_0 .net *"_ivl_67", 0 0, L_0x55e17e6c18c0;  1 drivers
L_0x7fa282244600 .functor BUFT 1, C4<00000000000000000000000000000000>, C4<0>, C4<0>, C4<0>;
v0x55e17e6a8420_0 .net/2u *"_ivl_69", 31 0, L_0x7fa282244600;  1 drivers
v0x55e17e6a8500_0 .net *"_ivl_72", 0 0, L_0x55e17e6c1b60;  1 drivers
v0x55e17e6a85e0_0 .net *"_ivl_73", 32 0, L_0x55e17e6c1c30;  1 drivers
L_0x7fa282244648 .functor BUFT 1, C4<000000000000000000000000000000000>, C4<0>, C4<0>, C4<0>;
v0x55e17e6a86c0_0 .net/2u *"_ivl_75", 32 0, L_0x7fa282244648;  1 drivers
v0x55e17e6a87a0_0 .net *"_ivl_77", 32 0, L_0x55e17e6c1ac0;  1 drivers
v0x55e17e6a8880_0 .net *"_ivl_79", 32 0, L_0x55e17e6c1ef0;  1 drivers
v0x55e17e6a8960_0 .net *"_ivl_8", 31 0, L_0x55e17e680050;  1 drivers
v0x55e17e6a8a40_0 .net *"_ivl_81", 32 0, L_0x55e17e6c2140;  1 drivers
v0x55e17e6a8b20_0 .net *"_ivl_83", 32 0, L_0x55e17e6c22d0;  1 drivers
v0x55e17e6a8c00_0 .net *"_ivl_85", 32 0, L_0x55e17e6c2530;  1 drivers
v0x55e17e6a8ce0_0 .net *"_ivl_88", 0 0, L_0x55e17e6c26c0;  1 drivers
v0x55e17e6a8dc0_0 .net *"_ivl_90", 0 0, L_0x55e17e6c2840;  1 drivers
v0x55e17e6a8ea0_0 .net *"_ivl_91", 0 0, L_0x55e17e688640;  1 drivers
v0x55e17e6a8f80_0 .net *"_ivl_94", 0 0, L_0x55e17e6c2a90;  1 drivers
v0x55e17e6a9060_0 .net *"_ivl_96", 0 0, L_0x55e17e6c2c20;  1 drivers
v0x55e17e6a9140_0 .net *"_ivl_97", 0 0, L_0x55e17e689340;  1 drivers
L_0x55e17e6c0340 .part v0x55e17e6ade80_0, 0, 1;
L_0x55e17e6c0470 .arith/sum 32, L_0x55e17e6bf900, L_0x55e17e6c0130;
L_0x55e17e6c0630 .arith/sum 32, L_0x55e17e680050, L_0x7fa2822442a0;
L_0x55e17e6c06d0 .arith/sum 32, L_0x55e17e6bf900, L_0x55e17e6c0630;
L_0x55e17e6c0770 .functor MUXZ 32, L_0x55e17e6c06d0, L_0x55e17e6c0470, L_0x55e17e67fad0, C4<>;
L_0x55e17e6c0900 .part L_0x55e17e6c2530, 32, 1;
L_0x55e17e6c09e0 .part L_0x55e17e6c2530, 0, 32;
L_0x55e17e6c0b20 .cmp/eq 3, v0x55e17e6ade80_0, L_0x7fa2822442e8;
L_0x55e17e6c0ca0 .concat [ 32 1 0 0], L_0x55e17e6c0770, L_0x7fa282244330;
L_0x55e17e6c0de0 .cmp/eq 3, v0x55e17e6ade80_0, L_0x7fa282244378;
L_0x55e17e6c0f30 .concat [ 32 1 0 0], L_0x55e17e6c0770, L_0x7fa2822443c0;
L_0x55e17e6c0fd0 .cmp/eq 3, v0x55e17e6ade80_0, L_0x7fa282244408;
L_0x55e17e6c1130 .concat [ 32 1 0 0], L_0x55e17e6bf900, L_0x7fa282244450;
L_0x55e17e6c1220 .concat [ 32 1 0 0], L_0x55e17e6c0130, L_0x7fa282244498;
L_0x55e17e6c1430 .cmp/eq 3, v0x55e17e6ade80_0, L_0x7fa2822444e0;
L_0x55e17e6c1520 .concat [ 32 1 0 0], L_0x55e17e6bf900, L_0x7fa282244528;
L_0x55e17e6c16d0 .concat [ 32 1 0 0], L_0x55e17e6c0130, L_0x7fa282244570;
L_0x55e17e6c18c0 .cmp/eq 3, v0x55e17e6ade80_0, L_0x7fa2822445b8;
L_0x55e17e6c1b60 .part L_0x55e17e6c0770, 31, 1;
L_0x55e17e6c1c30 .concat [ 1 32 0 0], L_0x55e17e6c1b60, L_0x7fa282244600;
L_0x55e17e6c1ac0 .functor MUXZ 33, L_0x7fa282244648, L_0x55e17e6c1c30, L_0x55e17e6c18c0, C4<>;
L_0x55e17e6c1ef0 .functor MUXZ 33, L_0x55e17e6c1ac0, L_0x55e17e6831f0, L_0x55e17e6c1430, C4<>;
L_0x55e17e6c2140 .functor MUXZ 33, L_0x55e17e6c1ef0, L_0x55e17e6c10c0, L_0x55e17e6c0fd0, C4<>;
L_0x55e17e6c22d0 .functor MUXZ 33, L_0x55e17e6c2140, L_0x55e17e6c0f30, L_0x55e17e6c0de0, C4<>;
L_0x55e17e6c2530 .functor MUXZ 33, L_0x55e17e6c22d0, L_0x55e17e6c0ca0, L_0x55e17e6c0b20, C4<>;
L_0x55e17e6c26c0 .part L_0x55e17e6c0770, 31, 1;
L_0x55e17e6c2840 .part L_0x55e17e6bf900, 31, 1;
L_0x55e17e6c2a90 .part v0x55e17e6ade80_0, 0, 1;
L_0x55e17e6c2c20 .part L_0x55e17e6c0130, 31, 1;
L_0x55e17e6c2eb0 .part L_0x55e17e6bf900, 31, 1;
L_0x55e17e6c3380 .part v0x55e17e6ade80_0, 1, 1;
L_0x55e17e6c3600 .part v0x55e17e6ade80_0, 1, 1;
L_0x55e17e6c3ae0 .reduce/and L_0x55e17e6c39f0;
L_0x55e17e6c3c20 .part L_0x55e17e6c09e0, 31, 1;
S_0x55e17e6a9320 .scope module, "alu_src_mux" "Mux" 3 61, 5 15 0, S_0x55e17e62b300;
 .timescale 0 0;
    .port_info 0 /INPUT 32 "a";
    .port_info 1 /INPUT 32 "b";
    .port_info 2 /INPUT 1 "s";
    .port_info 3 /OUTPUT 32 "c";
L_0x55e17e67bed0 .functor NOT 1, v0x55e17e6adfb0_0, C4<0>, C4<0>, C4<0>;
v0x55e17e6a9520_0 .net *"_ivl_0", 0 0, L_0x55e17e67bed0;  1 drivers
v0x55e17e6a9600_0 .net "a", 31 0, L_0x55e17e6bffb0;  alias, 1 drivers
v0x55e17e6a96e0_0 .net "b", 31 0, v0x55e17e6ae430_0;  alias, 1 drivers
v0x55e17e6a97a0_0 .net "c", 31 0, L_0x55e17e6c0130;  alias, 1 drivers
v0x55e17e6a9860_0 .net "s", 0 0, v0x55e17e6adfb0_0;  alias, 1 drivers
L_0x55e17e6c0130 .functor MUXZ 32, v0x55e17e6ae430_0, L_0x55e17e6bffb0, L_0x55e17e67bed0, C4<>;
S_0x55e17e6a99d0 .scope module, "branch_adder" "PC_Adder" 3 81, 6 15 0, S_0x55e17e62b300;
 .timescale 0 0;
    .port_info 0 /INPUT 32 "a";
    .port_info 1 /INPUT 32 "b";
    .port_info 2 /OUTPUT 32 "c";
v0x55e17e6a9c00_0 .net "a", 31 0, v0x55e17e6ae630_0;  alias, 1 drivers
v0x55e17e6a9d00_0 .net "b", 31 0, v0x55e17e6ae430_0;  alias, 1 drivers
v0x55e17e6a9dc0_0 .net "c", 31 0, L_0x55e17e6c3de0;  alias, 1 drivers
L_0x55e17e6c3de0 .arith/sum 32, v0x55e17e6ae630_0, v0x55e17e6ae430_0;
S_0x55e17e6a9f10 .scope module, "srca_mux" "Mux_3_by_1" 3 44, 5 25 0, S_0x55e17e62b300;
 .timescale 0 0;
    .port_info 0 /INPUT 32 "a";
    .port_info 1 /INPUT 32 "b";
    .port_info 2 /INPUT 32 "c";
    .port_info 3 /INPUT 2 "s";
    .port_info 4 /OUTPUT 32 "d";
L_0x7fa282244018 .functor BUFT 1, C4<00>, C4<0>, C4<0>, C4<0>;
v0x55e17e6aa120_0 .net/2u *"_ivl_0", 1 0, L_0x7fa282244018;  1 drivers
v0x55e17e6aa200_0 .net *"_ivl_10", 0 0, L_0x55e17e6af510;  1 drivers
L_0x7fa2822440f0 .functor BUFT 1, C4<00000000000000000000000000000000>, C4<0>, C4<0>, C4<0>;
v0x55e17e6aa2c0_0 .net/2u *"_ivl_12", 31 0, L_0x7fa2822440f0;  1 drivers
v0x55e17e6aa3b0_0 .net *"_ivl_14", 31 0, L_0x55e17e6bf670;  1 drivers
v0x55e17e6aa490_0 .net *"_ivl_16", 31 0, L_0x55e17e6bf810;  1 drivers
v0x55e17e6aa5c0_0 .net *"_ivl_2", 0 0, L_0x55e17e6af2f0;  1 drivers
L_0x7fa282244060 .functor BUFT 1, C4<01>, C4<0>, C4<0>, C4<0>;
v0x55e17e6aa680_0 .net/2u *"_ivl_4", 1 0, L_0x7fa282244060;  1 drivers
v0x55e17e6aa760_0 .net *"_ivl_6", 0 0, L_0x55e17e6af410;  1 drivers
L_0x7fa2822440a8 .functor BUFT 1, C4<10>, C4<0>, C4<0>, C4<0>;
v0x55e17e6aa820_0 .net/2u *"_ivl_8", 1 0, L_0x7fa2822440a8;  1 drivers
v0x55e17e6aa900_0 .net "a", 31 0, v0x55e17e6ae9a0_0;  alias, 1 drivers
v0x55e17e6aa9e0_0 .net "b", 31 0, v0x55e17e6aefb0_0;  alias, 1 drivers
v0x55e17e6aaac0_0 .net "c", 31 0, v0x55e17e6ad170_0;  alias, 1 drivers
v0x55e17e6aaba0_0 .net "d", 31 0, L_0x55e17e6bf900;  alias, 1 drivers
v0x55e17e6aac60_0 .net "s", 1 0, v0x55e17e6ae200_0;  alias, 1 drivers
L_0x55e17e6af2f0 .cmp/eq 2, v0x55e17e6ae200_0, L_0x7fa282244018;
L_0x55e17e6af410 .cmp/eq 2, v0x55e17e6ae200_0, L_0x7fa282244060;
L_0x55e17e6af510 .cmp/eq 2, v0x55e17e6ae200_0, L_0x7fa2822440a8;
L_0x55e17e6bf670 .functor MUXZ 32, L_0x7fa2822440f0, v0x55e17e6ad170_0, L_0x55e17e6af510, C4<>;
L_0x55e17e6bf810 .functor MUXZ 32, L_0x55e17e6bf670, v0x55e17e6aefb0_0, L_0x55e17e6af410, C4<>;
L_0x55e17e6bf900 .functor MUXZ 32, L_0x55e17e6bf810, v0x55e17e6ae9a0_0, L_0x55e17e6af2f0, C4<>;
S_0x55e17e6aadf0 .scope module, "srcb_mux" "Mux_3_by_1" 3 53, 5 25 0, S_0x55e17e62b300;
 .timescale 0 0;
    .port_info 0 /INPUT 32 "a";
    .port_info 1 /INPUT 32 "b";
    .port_info 2 /INPUT 32 "c";
    .port_info 3 /INPUT 2 "s";
    .port_info 4 /OUTPUT 32 "d";
L_0x7fa282244138 .functor BUFT 1, C4<00>, C4<0>, C4<0>, C4<0>;
v0x55e17e6aafd0_0 .net/2u *"_ivl_0", 1 0, L_0x7fa282244138;  1 drivers
v0x55e17e6ab0d0_0 .net *"_ivl_10", 0 0, L_0x55e17e6bfc10;  1 drivers
L_0x7fa282244210 .functor BUFT 1, C4<00000000000000000000000000000000>, C4<0>, C4<0>, C4<0>;
v0x55e17e6ab190_0 .net/2u *"_ivl_12", 31 0, L_0x7fa282244210;  1 drivers
v0x55e17e6ab250_0 .net *"_ivl_14", 31 0, L_0x55e17e6bfd00;  1 drivers
v0x55e17e6ab330_0 .net *"_ivl_16", 31 0, L_0x55e17e6bfe70;  1 drivers
v0x55e17e6ab460_0 .net *"_ivl_2", 0 0, L_0x55e17e6bfa80;  1 drivers
L_0x7fa282244180 .functor BUFT 1, C4<01>, C4<0>, C4<0>, C4<0>;
v0x55e17e6ab520_0 .net/2u *"_ivl_4", 1 0, L_0x7fa282244180;  1 drivers
v0x55e17e6ab600_0 .net *"_ivl_6", 0 0, L_0x55e17e6bfb70;  1 drivers
L_0x7fa2822441c8 .functor BUFT 1, C4<10>, C4<0>, C4<0>, C4<0>;
v0x55e17e6ab6c0_0 .net/2u *"_ivl_8", 1 0, L_0x7fa2822441c8;  1 drivers
v0x55e17e6ab7a0_0 .net "a", 31 0, v0x55e17e6aea90_0;  alias, 1 drivers
v0x55e17e6ab880_0 .net "b", 31 0, v0x55e17e6aefb0_0;  alias, 1 drivers
v0x55e17e6ab940_0 .net "c", 31 0, v0x55e17e6ad170_0;  alias, 1 drivers
v0x55e17e6aba10_0 .net "d", 31 0, L_0x55e17e6bffb0;  alias, 1 drivers
v0x55e17e6abae0_0 .net "s", 1 0, v0x55e17e6ae340_0;  alias, 1 drivers
L_0x55e17e6bfa80 .cmp/eq 2, v0x55e17e6ae340_0, L_0x7fa282244138;
L_0x55e17e6bfb70 .cmp/eq 2, v0x55e17e6ae340_0, L_0x7fa282244180;
L_0x55e17e6bfc10 .cmp/eq 2, v0x55e17e6ae340_0, L_0x7fa2822441c8;
L_0x55e17e6bfd00 .functor MUXZ 32, L_0x7fa282244210, v0x55e17e6ad170_0, L_0x55e17e6bfc10, C4<>;
L_0x55e17e6bfe70 .functor MUXZ 32, L_0x55e17e6bfd00, v0x55e17e6aefb0_0, L_0x55e17e6bfb70, C4<>;
L_0x55e17e6bffb0 .functor MUXZ 32, L_0x55e17e6bfe70, v0x55e17e6aea90_0, L_0x55e17e6bfa80, C4<>;
    .scope S_0x55e17e62b300;
T_0 ;
    %wait E_0x55e17e63e7a0;
    %load/vec4 v0x55e17e6ada80_0;
    %cmpi/e 0, 0, 1;
    %jmp/0xz  T_0.0, 4;
    %pushi/vec4 0, 0, 1;
    %assign/vec4 v0x55e17e6acf00_0, 0;
    %pushi/vec4 0, 0, 1;
    %assign/vec4 v0x55e17e6ac2d0_0, 0;
    %pushi/vec4 0, 0, 1;
    %assign/vec4 v0x55e17e6ad2f0_0, 0;
    %pushi/vec4 0, 0, 5;
    %assign/vec4 v0x55e17e6acc80_0, 0;
    %pushi/vec4 0, 0, 32;
    %assign/vec4 v0x55e17e6ac5d0_0, 0;
    %pushi/vec4 0, 0, 32;
    %assign/vec4 v0x55e17e6acae0_0, 0;
    %pushi/vec4 0, 0, 32;
    %assign/vec4 v0x55e17e6ad170_0, 0;
    %jmp T_0.1;
T_0.0 ;
    %load/vec4 v0x55e17e6ace40_0;
    %assign/vec4 v0x55e17e6acf00_0, 0;
    %load/vec4 v0x55e17e6ac210_0;
    %assign/vec4 v0x55e17e6ac2d0_0, 0;
    %load/vec4 v0x55e17e6ad230_0;
    %assign/vec4 v0x55e17e6ad2f0_0, 0;
    %load/vec4 v0x55e17e6acba0_0;
    %assign/vec4 v0x55e17e6acc80_0, 0;
    %load/vec4 v0x55e17e6ac510_0;
    %assign/vec4 v0x55e17e6ac5d0_0, 0;
    %load/vec4 v0x55e17e6ad750_0;
    %assign/vec4 v0x55e17e6acae0_0, 0;
    %load/vec4 v0x55e17e6ad080_0;
    %assign/vec4 v0x55e17e6ad170_0, 0;
T_0.1 ;
    %jmp T_0;
    .thread T_0;
    .scope S_0x55e17e66dc30;
T_1 ;
    %pushi/vec4 0, 0, 1;
    %store/vec4 v0x55e17e6af120_0, 0, 1;
T_1.0 ;
    %delay 5, 0;
    %load/vec4 v0x55e17e6af120_0;
    %inv;
    %store/vec4 v0x55e17e6af120_0, 0, 1;
    %jmp T_1.0;
    %end;
    .thread T_1;
    .scope S_0x55e17e66dc30;
T_2 ;
    %vpi_call 2 67 "$dumpfile", "execute_cycle_wave.vcd" {0 0 0};
    %vpi_call 2 68 "$dumpvars", 32'sb00000000000000000000000000000000, S_0x55e17e66dc30 {0 0 0};
    %end;
    .thread T_2;
    .scope S_0x55e17e66dc30;
T_3 ;
    %vpi_call 2 73 "$display", "------------------------------------------------------" {0 0 0};
    %vpi_call 2 74 "$display", "Starting Execute Cycle Testbench at %0t", $time {0 0 0};
    %vpi_call 2 75 "$display", "Waveform dumping to execute_cycle_wave.vcd" {0 0 0};
    %vpi_call 2 76 "$display", "------------------------------------------------------" {0 0 0};
    %pushi/vec4 0, 0, 1;
    %store/vec4 v0x55e17e6af1f0_0, 0, 1;
    %pushi/vec4 0, 0, 1;
    %store/vec4 v0x55e17e6aed00_0, 0, 1;
    %pushi/vec4 0, 0, 1;
    %store/vec4 v0x55e17e6adfb0_0, 0, 1;
    %pushi/vec4 0, 0, 1;
    %store/vec4 v0x55e17e6ae4f0_0, 0, 1;
    %pushi/vec4 0, 0, 1;
    %store/vec4 v0x55e17e6aee40_0, 0, 1;
    %pushi/vec4 0, 0, 1;
    %store/vec4 v0x55e17e6ae160_0, 0, 1;
    %pushi/vec4 7, 7, 3;
    %store/vec4 v0x55e17e6ade80_0, 0, 3;
    %pushi/vec4 4294967295, 4294967295, 32;
    %store/vec4 v0x55e17e6ae9a0_0, 0, 32;
    %pushi/vec4 4294967295, 4294967295, 32;
    %store/vec4 v0x55e17e6aea90_0, 0, 32;
    %pushi/vec4 4294967295, 4294967295, 32;
    %store/vec4 v0x55e17e6ae430_0, 0, 32;
    %pushi/vec4 31, 31, 5;
    %store/vec4 v0x55e17e6aeba0_0, 0, 5;
    %pushi/vec4 0, 0, 32;
    %store/vec4 v0x55e17e6ae630_0, 0, 32;
    %pushi/vec4 4, 0, 32;
    %store/vec4 v0x55e17e6ae6d0_0, 0, 32;
    %pushi/vec4 4294967295, 4294967295, 32;
    %store/vec4 v0x55e17e6aefb0_0, 0, 32;
    %pushi/vec4 0, 0, 2;
    %store/vec4 v0x55e17e6ae200_0, 0, 2;
    %pushi/vec4 0, 0, 2;
    %store/vec4 v0x55e17e6ae340_0, 0, 2;
    %vpi_call 2 88 "$display", "[%0t] Applying Reset...", $time {0 0 0};
    %delay 15, 0;
    %pushi/vec4 1, 0, 1;
    %store/vec4 v0x55e17e6af1f0_0, 0, 1;
    %vpi_call 2 91 "$display", "[%0t] Releasing Reset.", $time {0 0 0};
    %wait E_0x55e17e63ef70;
    %vpi_call 2 95 "$display", "\012[%0t] Test 1: R-type ADD (No Forwarding)", $time {0 0 0};
    %pushi/vec4 1, 0, 1;
    %store/vec4 v0x55e17e6aed00_0, 0, 1;
    %pushi/vec4 0, 0, 1;
    %store/vec4 v0x55e17e6adfb0_0, 0, 1;
    %pushi/vec4 0, 0, 1;
    %store/vec4 v0x55e17e6ae4f0_0, 0, 1;
    %pushi/vec4 0, 0, 1;
    %store/vec4 v0x55e17e6aee40_0, 0, 1;
    %pushi/vec4 0, 0, 1;
    %store/vec4 v0x55e17e6ae160_0, 0, 1;
    %pushi/vec4 0, 0, 3;
    %store/vec4 v0x55e17e6ade80_0, 0, 3;
    %pushi/vec4 10, 0, 32;
    %store/vec4 v0x55e17e6ae9a0_0, 0, 32;
    %pushi/vec4 20, 0, 32;
    %store/vec4 v0x55e17e6aea90_0, 0, 32;
    %pushi/vec4 5, 0, 5;
    %store/vec4 v0x55e17e6aeba0_0, 0, 5;
    %pushi/vec4 16, 0, 32;
    %store/vec4 v0x55e17e6ae630_0, 0, 32;
    %pushi/vec4 20, 0, 32;
    %store/vec4 v0x55e17e6ae6d0_0, 0, 32;
    %pushi/vec4 3735928559, 0, 32;
    %store/vec4 v0x55e17e6aefb0_0, 0, 32;
    %pushi/vec4 0, 0, 2;
    %store/vec4 v0x55e17e6ae200_0, 0, 2;
    %pushi/vec4 0, 0, 2;
    %store/vec4 v0x55e17e6ae340_0, 0, 2;
    %wait E_0x55e17e63ef70;
    %vpi_call 2 101 "$display", "[%0t] ADD Result: ALU_ResultM=%h (Expected %h), WriteDataM=%h, RD_M=%d, RegWriteM=%b", $time, v0x55e17e6ae0c0_0, 32'b00000000000000000000000000011110, v0x55e17e6af050_0, v0x55e17e6aec60_0, v0x55e17e6aeda0_0 {0 0 0};
    %vpi_call 2 105 "$display", "\012[%0t] Test 2: I-type ADDI (No Forwarding)", $time {0 0 0};
    %pushi/vec4 1, 0, 1;
    %store/vec4 v0x55e17e6aed00_0, 0, 1;
    %pushi/vec4 1, 0, 1;
    %store/vec4 v0x55e17e6adfb0_0, 0, 1;
    %pushi/vec4 0, 0, 1;
    %store/vec4 v0x55e17e6ae4f0_0, 0, 1;
    %pushi/vec4 0, 0, 1;
    %store/vec4 v0x55e17e6aee40_0, 0, 1;
    %pushi/vec4 0, 0, 1;
    %store/vec4 v0x55e17e6ae160_0, 0, 1;
    %pushi/vec4 0, 0, 3;
    %store/vec4 v0x55e17e6ade80_0, 0, 3;
    %pushi/vec4 80, 0, 32;
    %store/vec4 v0x55e17e6ae9a0_0, 0, 32;
    %pushi/vec4 4294967264, 0, 32;
    %store/vec4 v0x55e17e6ae430_0, 0, 32;
    %pushi/vec4 6, 0, 5;
    %store/vec4 v0x55e17e6aeba0_0, 0, 5;
    %pushi/vec4 20, 0, 32;
    %store/vec4 v0x55e17e6ae630_0, 0, 32;
    %pushi/vec4 24, 0, 32;
    %store/vec4 v0x55e17e6ae6d0_0, 0, 32;
    %pushi/vec4 0, 0, 2;
    %store/vec4 v0x55e17e6ae200_0, 0, 2;
    %pushi/vec4 0, 0, 2;
    %store/vec4 v0x55e17e6ae340_0, 0, 2;
    %wait E_0x55e17e63ef70;
    %vpi_call 2 111 "$display", "[%0t] ADDI Result: ALU_ResultM=%h (Expected %h), RD_M=%d", $time, v0x55e17e6ae0c0_0, 32'b00000000000000000000000000110000, v0x55e17e6aec60_0 {0 0 0};
    %vpi_call 2 115 "$display", "\012[%0t] Test 3: BEQ Branch Taken (rs1 == rs2)", $time {0 0 0};
    %pushi/vec4 0, 0, 1;
    %store/vec4 v0x55e17e6aed00_0, 0, 1;
    %pushi/vec4 0, 0, 1;
    %store/vec4 v0x55e17e6adfb0_0, 0, 1;
    %pushi/vec4 0, 0, 1;
    %store/vec4 v0x55e17e6ae4f0_0, 0, 1;
    %pushi/vec4 0, 0, 1;
    %store/vec4 v0x55e17e6aee40_0, 0, 1;
    %pushi/vec4 1, 0, 1;
    %store/vec4 v0x55e17e6ae160_0, 0, 1;
    %pushi/vec4 1, 0, 3;
    %store/vec4 v0x55e17e6ade80_0, 0, 3;
    %pushi/vec4 170, 0, 32;
    %store/vec4 v0x55e17e6ae9a0_0, 0, 32;
    %pushi/vec4 170, 0, 32;
    %store/vec4 v0x55e17e6aea90_0, 0, 32;
    %pushi/vec4 32, 0, 32;
    %store/vec4 v0x55e17e6ae430_0, 0, 32;
    %pushi/vec4 31, 31, 5;
    %store/vec4 v0x55e17e6aeba0_0, 0, 5;
    %pushi/vec4 24, 0, 32;
    %store/vec4 v0x55e17e6ae630_0, 0, 32;
    %pushi/vec4 28, 0, 32;
    %store/vec4 v0x55e17e6ae6d0_0, 0, 32;
    %pushi/vec4 0, 0, 2;
    %store/vec4 v0x55e17e6ae200_0, 0, 2;
    %pushi/vec4 0, 0, 2;
    %store/vec4 v0x55e17e6ae340_0, 0, 2;
    %delay 1, 0;
    %vpi_call 2 121 "$display", "[%0t] BEQ Taken Check: ZeroE=%b (internal), BranchE=%b -> PCSrcE=%b (Expected 1), PCTargetE=%h (Expected %h)", $time, v0x55e17e6ad940_0, v0x55e17e6ae160_0, v0x55e17e6ae810_0, v0x55e17e6ae8b0_0, 32'b00000000000000000000000000111000 {0 0 0};
    %wait E_0x55e17e63ef70;
    %vpi_call 2 124 "$display", "[%0t] BEQ Taken Cycle End: ALU_ResultM=%h (SUB result 0), RD_M=%d, RegWriteM=%b", $time, v0x55e17e6ae0c0_0, v0x55e17e6aec60_0, v0x55e17e6aeda0_0 {0 0 0};
    %vpi_call 2 128 "$display", "\012[%0t] Test 4: BEQ Branch Not Taken (rs1 != rs2)", $time {0 0 0};
    %pushi/vec4 0, 0, 1;
    %store/vec4 v0x55e17e6aed00_0, 0, 1;
    %pushi/vec4 0, 0, 1;
    %store/vec4 v0x55e17e6adfb0_0, 0, 1;
    %pushi/vec4 0, 0, 1;
    %store/vec4 v0x55e17e6ae4f0_0, 0, 1;
    %pushi/vec4 0, 0, 1;
    %store/vec4 v0x55e17e6aee40_0, 0, 1;
    %pushi/vec4 1, 0, 1;
    %store/vec4 v0x55e17e6ae160_0, 0, 1;
    %pushi/vec4 1, 0, 3;
    %store/vec4 v0x55e17e6ade80_0, 0, 3;
    %pushi/vec4 171, 0, 32;
    %store/vec4 v0x55e17e6ae9a0_0, 0, 32;
    %pushi/vec4 170, 0, 32;
    %store/vec4 v0x55e17e6aea90_0, 0, 32;
    %pushi/vec4 32, 0, 32;
    %store/vec4 v0x55e17e6ae430_0, 0, 32;
    %pushi/vec4 31, 31, 5;
    %store/vec4 v0x55e17e6aeba0_0, 0, 5;
    %pushi/vec4 28, 0, 32;
    %store/vec4 v0x55e17e6ae630_0, 0, 32;
    %pushi/vec4 32, 0, 32;
    %store/vec4 v0x55e17e6ae6d0_0, 0, 32;
    %pushi/vec4 0, 0, 2;
    %store/vec4 v0x55e17e6ae200_0, 0, 2;
    %pushi/vec4 0, 0, 2;
    %store/vec4 v0x55e17e6ae340_0, 0, 2;
    %delay 1, 0;
    %vpi_call 2 134 "$display", "[%0t] BEQ Not Taken Check: ZeroE=%b (internal), BranchE=%b -> PCSrcE=%b (Expected 0), PCTargetE=%h", $time, v0x55e17e6ad940_0, v0x55e17e6ae160_0, v0x55e17e6ae810_0, v0x55e17e6ae8b0_0 {0 0 0};
    %wait E_0x55e17e63ef70;
    %vpi_call 2 137 "$display", "[%0t] BEQ Not Taken Cycle End: ALU_ResultM=%h (SUB result non-zero), RD_M=%d, RegWriteM=%b", $time, v0x55e17e6ae0c0_0, v0x55e17e6aec60_0, v0x55e17e6aeda0_0 {0 0 0};
    %vpi_call 2 143 "$display", "\012[%0t] Test 5: Forwarding Case '10' (ForwardA=10)", $time {0 0 0};
    %pushi/vec4 1, 0, 1;
    %store/vec4 v0x55e17e6aed00_0, 0, 1;
    %pushi/vec4 0, 0, 1;
    %store/vec4 v0x55e17e6adfb0_0, 0, 1;
    %pushi/vec4 0, 0, 1;
    %store/vec4 v0x55e17e6ae4f0_0, 0, 1;
    %pushi/vec4 0, 0, 1;
    %store/vec4 v0x55e17e6aee40_0, 0, 1;
    %pushi/vec4 0, 0, 1;
    %store/vec4 v0x55e17e6ae160_0, 0, 1;
    %pushi/vec4 0, 0, 3;
    %store/vec4 v0x55e17e6ade80_0, 0, 3;
    %pushi/vec4 2863311530, 0, 32;
    %store/vec4 v0x55e17e6ae9a0_0, 0, 32;
    %pushi/vec4 5, 0, 32;
    %store/vec4 v0x55e17e6aea90_0, 0, 32;
    %pushi/vec4 7, 0, 5;
    %store/vec4 v0x55e17e6aeba0_0, 0, 5;
    %pushi/vec4 32, 0, 32;
    %store/vec4 v0x55e17e6ae630_0, 0, 32;
    %pushi/vec4 36, 0, 32;
    %store/vec4 v0x55e17e6ae6d0_0, 0, 32;
    %pushi/vec4 3735928559, 0, 32;
    %store/vec4 v0x55e17e6aefb0_0, 0, 32;
    %pushi/vec4 2, 0, 2;
    %store/vec4 v0x55e17e6ae200_0, 0, 2;
    %pushi/vec4 0, 0, 2;
    %store/vec4 v0x55e17e6ae340_0, 0, 2;
    %wait E_0x55e17e63ef70;
    %vpi_call 2 155 "$display", "[%0t] Forward 'M' (Self) Result: ALU_ResultM=%h (Expected %h), Src_A=%h (Internal), Src_B=%h (Internal)", $time, v0x55e17e6ae0c0_0, 32'b00000000000000000000000000000110, v0x55e17e6ad530_0, v0x55e17e6ad640_0 {0 0 0};
    %vpi_call 2 159 "$display", "\012[%0t] Test 6: Forwarding from WB stage (ForwardB=01)", $time {0 0 0};
    %pushi/vec4 1, 0, 1;
    %store/vec4 v0x55e17e6aed00_0, 0, 1;
    %pushi/vec4 0, 0, 1;
    %store/vec4 v0x55e17e6adfb0_0, 0, 1;
    %pushi/vec4 0, 0, 1;
    %store/vec4 v0x55e17e6ae4f0_0, 0, 1;
    %pushi/vec4 0, 0, 1;
    %store/vec4 v0x55e17e6aee40_0, 0, 1;
    %pushi/vec4 0, 0, 1;
    %store/vec4 v0x55e17e6ae160_0, 0, 1;
    %pushi/vec4 0, 0, 3;
    %store/vec4 v0x55e17e6ade80_0, 0, 3;
    %pushi/vec4 6, 0, 32;
    %store/vec4 v0x55e17e6ae9a0_0, 0, 32;
    %pushi/vec4 3149642683, 0, 32;
    %store/vec4 v0x55e17e6aea90_0, 0, 32;
    %pushi/vec4 8, 0, 5;
    %store/vec4 v0x55e17e6aeba0_0, 0, 5;
    %pushi/vec4 36, 0, 32;
    %store/vec4 v0x55e17e6ae630_0, 0, 32;
    %pushi/vec4 40, 0, 32;
    %store/vec4 v0x55e17e6ae6d0_0, 0, 32;
    %pushi/vec4 16, 0, 32;
    %store/vec4 v0x55e17e6aefb0_0, 0, 32;
    %pushi/vec4 0, 0, 2;
    %store/vec4 v0x55e17e6ae200_0, 0, 2;
    %pushi/vec4 1, 0, 2;
    %store/vec4 v0x55e17e6ae340_0, 0, 2;
    %wait E_0x55e17e63ef70;
    %vpi_call 2 170 "$display", "[%0t] Forward WB Result: ALU_ResultM=%h (Expected %h), Src_A=%h (Internal), Src_B=%h (Internal)", $time, v0x55e17e6ae0c0_0, 32'b00000000000000000000000000010110, v0x55e17e6ad530_0, v0x55e17e6ad640_0 {0 0 0};
    %vpi_call 2 174 "$display", "\012[%0t] Test 7: Store Word (SW)", $time {0 0 0};
    %pushi/vec4 0, 0, 1;
    %store/vec4 v0x55e17e6aed00_0, 0, 1;
    %pushi/vec4 1, 0, 1;
    %store/vec4 v0x55e17e6adfb0_0, 0, 1;
    %pushi/vec4 1, 0, 1;
    %store/vec4 v0x55e17e6ae4f0_0, 0, 1;
    %pushi/vec4 0, 0, 1;
    %store/vec4 v0x55e17e6aee40_0, 0, 1;
    %pushi/vec4 0, 0, 1;
    %store/vec4 v0x55e17e6ae160_0, 0, 1;
    %pushi/vec4 0, 0, 3;
    %store/vec4 v0x55e17e6ade80_0, 0, 3;
    %pushi/vec4 268435456, 0, 32;
    %store/vec4 v0x55e17e6ae9a0_0, 0, 32;
    %pushi/vec4 2882400001, 0, 32;
    %store/vec4 v0x55e17e6aea90_0, 0, 32;
    %pushi/vec4 64, 0, 32;
    %store/vec4 v0x55e17e6ae430_0, 0, 32;
    %pushi/vec4 31, 31, 5;
    %store/vec4 v0x55e17e6aeba0_0, 0, 5;
    %pushi/vec4 40, 0, 32;
    %store/vec4 v0x55e17e6ae630_0, 0, 32;
    %pushi/vec4 44, 0, 32;
    %store/vec4 v0x55e17e6ae6d0_0, 0, 32;
    %pushi/vec4 0, 0, 2;
    %store/vec4 v0x55e17e6ae200_0, 0, 2;
    %pushi/vec4 0, 0, 2;
    %store/vec4 v0x55e17e6ae340_0, 0, 2;
    %wait E_0x55e17e63ef70;
    %vpi_call 2 184 "$display", "[%0t] SW Result: ALU_ResultM=%h (Address Expected %h), WriteDataM=%h (Data Expected %h), MemWriteM=%b", $time, v0x55e17e6ae0c0_0, 32'b00010000000000000000000001000000, v0x55e17e6af050_0, 32'b10101011110011011110111100000001, v0x55e17e6ae590_0 {0 0 0};
    %vpi_call 2 188 "$display", "\012------------------------------------------------------" {0 0 0};
    %vpi_call 2 189 "$display", "Finished Testbench at %0t", $time {0 0 0};
    %vpi_call 2 190 "$display", "------------------------------------------------------" {0 0 0};
    %delay 20, 0;
    %vpi_call 2 192 "$finish" {0 0 0};
    %end;
    .thread T_3;
# The file index is used to find the file name in the following table.
:file_names 7;
    "N/A";
    "<interactive>";
    "execute_cycle_tb.v";
    "Execute_Cycle.v";
    "ALU.v";
    "Mux.v";
    "PC_Adder.v";
