#! /usr/bin/vvp
:ivl_version "11.0 (stable)";
:ivl_delay_selection "TYPICAL";
:vpi_time_precision + 0;
:vpi_module "/usr/lib/x86_64-linux-gnu/ivl/system.vpi";
:vpi_module "/usr/lib/x86_64-linux-gnu/ivl/vhdl_sys.vpi";
:vpi_module "/usr/lib/x86_64-linux-gnu/ivl/vhdl_textio.vpi";
:vpi_module "/usr/lib/x86_64-linux-gnu/ivl/v2005_math.vpi";
:vpi_module "/usr/lib/x86_64-linux-gnu/ivl/va_math.vpi";
S_0x55c2db6bffd0 .scope module, "Mux_3_by_1" "Mux_3_by_1" 2 25;
 .timescale 0 0;
    .port_info 0 /INPUT 32 "a";
    .port_info 1 /INPUT 32 "b";
    .port_info 2 /INPUT 32 "c";
    .port_info 3 /INPUT 2 "s";
    .port_info 4 /OUTPUT 32 "d";
L_0x7fbe037c4018 .functor BUFT 1, C4<00>, C4<0>, C4<0>, C4<0>;
v0x55c2db6b6410_0 .net/2u *"_ivl_0", 1 0, L_0x7fbe037c4018;  1 drivers
v0x55c2db6b7a10_0 .net *"_ivl_10", 0 0, L_0x55c2db6e1380;  1 drivers
L_0x7fbe037c40f0 .functor BUFT 1, C4<00000000000000000000000000000000>, C4<0>, C4<0>, C4<0>;
v0x55c2db6b7da0_0 .net/2u *"_ivl_12", 31 0, L_0x7fbe037c40f0;  1 drivers
v0x55c2db6b8c30_0 .net *"_ivl_14", 31 0, L_0x55c2db6f14e0;  1 drivers
v0x55c2db6b9140_0 .net *"_ivl_16", 31 0, L_0x55c2db6f1680;  1 drivers
v0x55c2db6bb760_0 .net *"_ivl_2", 0 0, L_0x55c2db6e1150;  1 drivers
L_0x7fbe037c4060 .functor BUFT 1, C4<01>, C4<0>, C4<0>, C4<0>;
v0x55c2db6bb800_0 .net/2u *"_ivl_4", 1 0, L_0x7fbe037c4060;  1 drivers
v0x55c2db6dd1d0_0 .net *"_ivl_6", 0 0, L_0x55c2db6e1240;  1 drivers
L_0x7fbe037c40a8 .functor BUFT 1, C4<10>, C4<0>, C4<0>, C4<0>;
v0x55c2db6dd290_0 .net/2u *"_ivl_8", 1 0, L_0x7fbe037c40a8;  1 drivers
o0x7fbe0380d1c8 .functor BUFZ 32, C4<zzzzzzzzzzzzzzzzzzzzzzzzzzzzzzzz>; HiZ drive
v0x55c2db6dd370_0 .net "a", 31 0, o0x7fbe0380d1c8;  0 drivers
o0x7fbe0380d1f8 .functor BUFZ 32, C4<zzzzzzzzzzzzzzzzzzzzzzzzzzzzzzzz>; HiZ drive
v0x55c2db6dd450_0 .net "b", 31 0, o0x7fbe0380d1f8;  0 drivers
o0x7fbe0380d228 .functor BUFZ 32, C4<zzzzzzzzzzzzzzzzzzzzzzzzzzzzzzzz>; HiZ drive
v0x55c2db6dd530_0 .net "c", 31 0, o0x7fbe0380d228;  0 drivers
v0x55c2db6dd610_0 .net "d", 31 0, L_0x55c2db6f17c0;  1 drivers
o0x7fbe0380d288 .functor BUFZ 2, C4<zz>; HiZ drive
v0x55c2db6dd6f0_0 .net "s", 1 0, o0x7fbe0380d288;  0 drivers
L_0x55c2db6e1150 .cmp/eq 2, o0x7fbe0380d288, L_0x7fbe037c4018;
L_0x55c2db6e1240 .cmp/eq 2, o0x7fbe0380d288, L_0x7fbe037c4060;
L_0x55c2db6e1380 .cmp/eq 2, o0x7fbe0380d288, L_0x7fbe037c40a8;
L_0x55c2db6f14e0 .functor MUXZ 32, L_0x7fbe037c40f0, o0x7fbe0380d228, L_0x55c2db6e1380, C4<>;
L_0x55c2db6f1680 .functor MUXZ 32, L_0x55c2db6f14e0, o0x7fbe0380d1f8, L_0x55c2db6e1240, C4<>;
L_0x55c2db6f17c0 .functor MUXZ 32, L_0x55c2db6f1680, o0x7fbe0380d1c8, L_0x55c2db6e1150, C4<>;
S_0x55c2db6a21b0 .scope module, "fetch_cycle_tb" "fetch_cycle_tb" 3 1;
 .timescale 0 0;
P_0x55c2db6a2340 .param/l "CLK_PERIOD" 0 3 4, +C4<00000000000000000000000000001010>;
v0x55c2db6e0ae0_0 .net "InstrD_tb", 31 0, L_0x55c2db6f1ec0;  1 drivers
v0x55c2db6e0bc0_0 .net "PCD_tb", 31 0, L_0x55c2db6f2050;  1 drivers
v0x55c2db6e0c90_0 .net "PCPlus4D_tb", 31 0, L_0x55c2db6f2230;  1 drivers
v0x55c2db6e0d90_0 .var "PCSrcE_tb", 0 0;
v0x55c2db6e0e80_0 .var "PCTargetE_tb", 31 0;
v0x55c2db6e0fc0_0 .var "clk_tb", 0 0;
v0x55c2db6e10b0_0 .var "rst_tb", 0 0;
S_0x55c2db6dd870 .scope module, "dut" "fetch_cycle" 3 18, 4 15 0, S_0x55c2db6a21b0;
 .timescale 0 0;
    .port_info 0 /INPUT 1 "clk";
    .port_info 1 /INPUT 1 "rst";
    .port_info 2 /INPUT 1 "PCSrcE";
    .port_info 3 /INPUT 32 "PCTargetE";
    .port_info 4 /OUTPUT 32 "InstrD";
    .port_info 5 /OUTPUT 32 "PCD";
    .port_info 6 /OUTPUT 32 "PCPlus4D";
L_0x7fbe037c4210 .functor BUFT 1, C4<0>, C4<0>, C4<0>, C4<0>;
L_0x55c2db6bb4d0 .functor XNOR 1, v0x55c2db6e10b0_0, L_0x7fbe037c4210, C4<0>, C4<0>;
L_0x7fbe037c42a0 .functor BUFT 1, C4<0>, C4<0>, C4<0>, C4<0>;
L_0x55c2db6bb6f0 .functor XNOR 1, v0x55c2db6e10b0_0, L_0x7fbe037c42a0, C4<0>, C4<0>;
L_0x7fbe037c4330 .functor BUFT 1, C4<0>, C4<0>, C4<0>, C4<0>;
L_0x55c2db6be340 .functor XNOR 1, v0x55c2db6e10b0_0, L_0x7fbe037c4330, C4<0>, C4<0>;
v0x55c2db6df700_0 .net "InstrD", 31 0, L_0x55c2db6f1ec0;  alias, 1 drivers
v0x55c2db6df800_0 .net "InstrF", 31 0, L_0x55c2db6f1c40;  1 drivers
v0x55c2db6df8c0_0 .var "InstrF_reg", 31 0;
v0x55c2db6df990_0 .net "PCD", 31 0, L_0x55c2db6f2050;  alias, 1 drivers
v0x55c2db6dfa70_0 .net "PCF", 31 0, v0x55c2db6df300_0;  1 drivers
v0x55c2db6dfb80_0 .var "PCF_reg", 31 0;
v0x55c2db6dfc60_0 .net "PCPlus4D", 31 0, L_0x55c2db6f2230;  alias, 1 drivers
v0x55c2db6dfd40_0 .net "PCPlus4F", 31 0, L_0x55c2db6f1dd0;  1 drivers
v0x55c2db6dfe50_0 .var "PCPlus4F_reg", 31 0;
v0x55c2db6dff30_0 .net "PCSrcE", 0 0, v0x55c2db6e0d90_0;  1 drivers
v0x55c2db6dffd0_0 .net "PCTargetE", 31 0, v0x55c2db6e0e80_0;  1 drivers
v0x55c2db6e0070_0 .net "PC_F", 31 0, L_0x55c2db6f1940;  1 drivers
v0x55c2db6e0110_0 .net/2u *"_ivl_10", 0 0, L_0x7fbe037c42a0;  1 drivers
v0x55c2db6e01f0_0 .net *"_ivl_12", 0 0, L_0x55c2db6bb6f0;  1 drivers
L_0x7fbe037c42e8 .functor BUFT 1, C4<00000000000000000000000000000000>, C4<0>, C4<0>, C4<0>;
v0x55c2db6e02b0_0 .net/2u *"_ivl_14", 31 0, L_0x7fbe037c42e8;  1 drivers
v0x55c2db6e0390_0 .net/2u *"_ivl_18", 0 0, L_0x7fbe037c4330;  1 drivers
v0x55c2db6e0470_0 .net/2u *"_ivl_2", 0 0, L_0x7fbe037c4210;  1 drivers
v0x55c2db6e0550_0 .net *"_ivl_20", 0 0, L_0x55c2db6be340;  1 drivers
L_0x7fbe037c4378 .functor BUFT 1, C4<00000000000000000000000000000000>, C4<0>, C4<0>, C4<0>;
v0x55c2db6e0610_0 .net/2u *"_ivl_22", 31 0, L_0x7fbe037c4378;  1 drivers
v0x55c2db6e06f0_0 .net *"_ivl_4", 0 0, L_0x55c2db6bb4d0;  1 drivers
L_0x7fbe037c4258 .functor BUFT 1, C4<00000000000000000000000000000000>, C4<0>, C4<0>, C4<0>;
v0x55c2db6e07b0_0 .net/2u *"_ivl_6", 31 0, L_0x7fbe037c4258;  1 drivers
v0x55c2db6e0890_0 .net "clk", 0 0, v0x55c2db6e0fc0_0;  1 drivers
v0x55c2db6e0930_0 .net "rst", 0 0, v0x55c2db6e10b0_0;  1 drivers
E_0x55c2db6a6870/0 .event negedge, v0x55c2db6de3e0_0;
E_0x55c2db6a6870/1 .event posedge, v0x55c2db6df4f0_0;
E_0x55c2db6a6870 .event/or E_0x55c2db6a6870/0, E_0x55c2db6a6870/1;
L_0x55c2db6f1ec0 .functor MUXZ 32, v0x55c2db6df8c0_0, L_0x7fbe037c4258, L_0x55c2db6bb4d0, C4<>;
L_0x55c2db6f2050 .functor MUXZ 32, v0x55c2db6dfb80_0, L_0x7fbe037c42e8, L_0x55c2db6bb6f0, C4<>;
L_0x55c2db6f2230 .functor MUXZ 32, v0x55c2db6dfe50_0, L_0x7fbe037c4378, L_0x55c2db6be340, C4<>;
S_0x55c2db6dda60 .scope module, "IMEM" "Instruction_Memory" 4 50, 5 15 0, S_0x55c2db6dd870;
 .timescale 0 0;
    .port_info 0 /INPUT 1 "rst";
    .port_info 1 /INPUT 32 "A";
    .port_info 2 /OUTPUT 32 "RD";
L_0x7fbe037c4138 .functor BUFT 1, C4<0>, C4<0>, C4<0>, C4<0>;
L_0x55c2db6bb120 .functor XNOR 1, v0x55c2db6e10b0_0, L_0x7fbe037c4138, C4<0>, C4<0>;
v0x55c2db6ddcd0_0 .net "A", 31 0, v0x55c2db6df300_0;  alias, 1 drivers
v0x55c2db6dddd0_0 .net "RD", 31 0, L_0x55c2db6f1c40;  alias, 1 drivers
v0x55c2db6ddeb0_0 .net/2u *"_ivl_0", 0 0, L_0x7fbe037c4138;  1 drivers
v0x55c2db6ddf70_0 .net *"_ivl_2", 0 0, L_0x55c2db6bb120;  1 drivers
L_0x7fbe037c4180 .functor BUFT 1, C4<00000000000000000000000000000000>, C4<0>, C4<0>, C4<0>;
v0x55c2db6de030_0 .net/2u *"_ivl_4", 31 0, L_0x7fbe037c4180;  1 drivers
v0x55c2db6de160_0 .net *"_ivl_6", 31 0, L_0x55c2db6f1a80;  1 drivers
v0x55c2db6de240_0 .net *"_ivl_9", 29 0, L_0x55c2db6f1b50;  1 drivers
v0x55c2db6de320 .array "mem", 0 1023, 31 0;
v0x55c2db6de3e0_0 .net "rst", 0 0, v0x55c2db6e10b0_0;  alias, 1 drivers
L_0x55c2db6f1a80 .array/port v0x55c2db6de320, L_0x55c2db6f1b50;
L_0x55c2db6f1b50 .part v0x55c2db6df300_0, 2, 30;
L_0x55c2db6f1c40 .functor MUXZ 32, L_0x55c2db6f1a80, L_0x7fbe037c4180, L_0x55c2db6bb120, C4<>;
S_0x55c2db6de520 .scope module, "PC_MUX" "Mux" 4 35, 2 15 0, S_0x55c2db6dd870;
 .timescale 0 0;
    .port_info 0 /INPUT 32 "a";
    .port_info 1 /INPUT 32 "b";
    .port_info 2 /INPUT 1 "s";
    .port_info 3 /OUTPUT 32 "c";
L_0x55c2db6b7d30 .functor NOT 1, v0x55c2db6e0d90_0, C4<0>, C4<0>, C4<0>;
v0x55c2db6de6b0_0 .net *"_ivl_0", 0 0, L_0x55c2db6b7d30;  1 drivers
v0x55c2db6de790_0 .net "a", 31 0, L_0x55c2db6f1dd0;  alias, 1 drivers
v0x55c2db6de870_0 .net "b", 31 0, v0x55c2db6e0e80_0;  alias, 1 drivers
v0x55c2db6de930_0 .net "c", 31 0, L_0x55c2db6f1940;  alias, 1 drivers
v0x55c2db6dea10_0 .net "s", 0 0, v0x55c2db6e0d90_0;  alias, 1 drivers
L_0x55c2db6f1940 .functor MUXZ 32, v0x55c2db6e0e80_0, L_0x55c2db6f1dd0, L_0x55c2db6b7d30, C4<>;
S_0x55c2db6deba0 .scope module, "PC_adder" "PC_Adder" 4 57, 6 15 0, S_0x55c2db6dd870;
 .timescale 0 0;
    .port_info 0 /INPUT 32 "a";
    .port_info 1 /INPUT 32 "b";
    .port_info 2 /OUTPUT 32 "c";
v0x55c2db6dedd0_0 .net "a", 31 0, v0x55c2db6df300_0;  alias, 1 drivers
L_0x7fbe037c41c8 .functor BUFT 1, C4<00000000000000000000000000000100>, C4<0>, C4<0>, C4<0>;
v0x55c2db6deeb0_0 .net "b", 31 0, L_0x7fbe037c41c8;  1 drivers
v0x55c2db6def70_0 .net "c", 31 0, L_0x55c2db6f1dd0;  alias, 1 drivers
L_0x55c2db6f1dd0 .arith/sum 32, v0x55c2db6df300_0, L_0x7fbe037c41c8;
S_0x55c2db6df0d0 .scope module, "Program_Counter" "PC_Module" 4 42, 7 15 0, S_0x55c2db6dd870;
 .timescale 0 0;
    .port_info 0 /INPUT 1 "clk";
    .port_info 1 /INPUT 1 "rst";
    .port_info 2 /OUTPUT 32 "PC";
    .port_info 3 /INPUT 32 "PC_Next";
v0x55c2db6df300_0 .var "PC", 31 0;
v0x55c2db6df430_0 .net "PC_Next", 31 0, L_0x55c2db6f1940;  alias, 1 drivers
v0x55c2db6df4f0_0 .net "clk", 0 0, v0x55c2db6e0fc0_0;  alias, 1 drivers
v0x55c2db6df5c0_0 .net "rst", 0 0, v0x55c2db6e10b0_0;  alias, 1 drivers
E_0x55c2db6a5f30 .event posedge, v0x55c2db6df4f0_0;
    .scope S_0x55c2db6df0d0;
T_0 ;
    %wait E_0x55c2db6a5f30;
    %load/vec4 v0x55c2db6df5c0_0;
    %cmpi/e 0, 0, 1;
    %jmp/0xz  T_0.0, 4;
    %pushi/vec4 0, 0, 32;
    %assign/vec4 v0x55c2db6df300_0, 0;
    %jmp T_0.1;
T_0.0 ;
    %load/vec4 v0x55c2db6df430_0;
    %assign/vec4 v0x55c2db6df300_0, 0;
T_0.1 ;
    %jmp T_0;
    .thread T_0;
    .scope S_0x55c2db6dda60;
T_1 ;
    %vpi_call 5 26 "$readmemh", "memfile.hex", v0x55c2db6de320 {0 0 0};
    %end;
    .thread T_1;
    .scope S_0x55c2db6dd870;
T_2 ;
    %wait E_0x55c2db6a6870;
    %load/vec4 v0x55c2db6e0930_0;
    %cmpi/e 0, 0, 1;
    %jmp/0xz  T_2.0, 4;
    %pushi/vec4 0, 0, 32;
    %assign/vec4 v0x55c2db6df8c0_0, 0;
    %pushi/vec4 0, 0, 32;
    %assign/vec4 v0x55c2db6dfb80_0, 0;
    %pushi/vec4 0, 0, 32;
    %assign/vec4 v0x55c2db6dfe50_0, 0;
    %jmp T_2.1;
T_2.0 ;
    %load/vec4 v0x55c2db6df800_0;
    %assign/vec4 v0x55c2db6df8c0_0, 0;
    %load/vec4 v0x55c2db6dfa70_0;
    %assign/vec4 v0x55c2db6dfb80_0, 0;
    %load/vec4 v0x55c2db6dfd40_0;
    %assign/vec4 v0x55c2db6dfe50_0, 0;
T_2.1 ;
    %jmp T_2;
    .thread T_2;
    .scope S_0x55c2db6a21b0;
T_3 ;
    %pushi/vec4 0, 0, 1;
    %store/vec4 v0x55c2db6e0fc0_0, 0, 1;
T_3.0 ;
    %delay 5, 0;
    %load/vec4 v0x55c2db6e0fc0_0;
    %inv;
    %store/vec4 v0x55c2db6e0fc0_0, 0, 1;
    %jmp T_3.0;
    %end;
    .thread T_3;
    .scope S_0x55c2db6a21b0;
T_4 ;
    %vpi_call 3 37 "$dumpfile", "fetch_cycle_wave.vcd" {0 0 0};
    %vpi_call 3 40 "$dumpvars" {0 0 0};
    %end;
    .thread T_4;
    .scope S_0x55c2db6a21b0;
T_5 ;
    %vpi_call 3 45 "$display", "------------------------------------------------------" {0 0 0};
    %vpi_call 3 46 "$display", "B\341\272\257t \304\221\341\272\247u Testbench cho fetch_cycle l\303\272c %0t", $time {0 0 0};
    %vpi_call 3 47 "$display", "Waveform \304\221ang \304\221\306\260\341\273\243c ghi v\303\240o fetch_cycle_wave.vcd" {0 0 0};
    %vpi_call 3 48 "$display", "------------------------------------------------------" {0 0 0};
    %pushi/vec4 0, 0, 1;
    %store/vec4 v0x55c2db6e10b0_0, 0, 1;
    %pushi/vec4 0, 0, 1;
    %store/vec4 v0x55c2db6e0d90_0, 0, 1;
    %pushi/vec4 4294967295, 4294967295, 32;
    %store/vec4 v0x55c2db6e0e80_0, 0, 32;
    %vpi_call 3 54 "$display", "[%0t] \304\220ang \303\241p d\341\273\245ng Reset (rst_tb = %b)", $time, v0x55c2db6e10b0_0 {0 0 0};
    %delay 15, 0;
    %pushi/vec4 1, 0, 1;
    %store/vec4 v0x55c2db6e10b0_0, 0, 1;
    %vpi_call 3 59 "$display", "[%0t] Nh\341\272\243 Reset (rst_tb = %b)", $time, v0x55c2db6e10b0_0 {0 0 0};
    %wait E_0x55c2db6a5f30;
    %vpi_call 3 62 "$display", "[%0t] Sau Reset: PCD=%h, PCPlus4D=%h, InstrD=%h", $time, v0x55c2db6e0bc0_0, v0x55c2db6e0c90_0, v0x55c2db6e0ae0_0 {0 0 0};
    %vpi_call 3 66 "$display", "\012[%0t] B\341\272\257t \304\221\341\272\247u fetch tu\341\272\247n t\341\273\261 (PCSrcE = 0)", $time {0 0 0};
    %pushi/vec4 0, 0, 1;
    %store/vec4 v0x55c2db6e0d90_0, 0, 1;
    %pushi/vec4 3405691582, 0, 32;
    %store/vec4 v0x55c2db6e0e80_0, 0, 32;
    %pushi/vec4 5, 0, 32;
T_5.0 %dup/vec4;
    %pushi/vec4 0, 0, 32;
    %cmp/s;
    %jmp/1xz T_5.1, 5;
    %jmp/1 T_5.1, 4;
    %pushi/vec4 1, 0, 32;
    %sub;
    %wait E_0x55c2db6a5f30;
    %vpi_call 3 72 "$display", "[%0t] Fetch: PCSrcE=%b -> PCD=%h, PCPlus4D=%h, InstrD=%h", $time, v0x55c2db6e0d90_0, v0x55c2db6e0bc0_0, v0x55c2db6e0c90_0, v0x55c2db6e0ae0_0 {0 0 0};
    %jmp T_5.0;
T_5.1 ;
    %pop/vec4 1;
    %vpi_call 3 77 "$display", "\012[%0t] M\303\264 ph\341\273\217ng t\303\255n hi\341\273\207u Branch (PCSrcE = 1)", $time {0 0 0};
    %pushi/vec4 1, 0, 1;
    %store/vec4 v0x55c2db6e0d90_0, 0, 1;
    %pushi/vec4 60, 0, 32;
    %store/vec4 v0x55c2db6e0e80_0, 0, 32;
    %vpi_call 3 81 "$display", "[%0t] K\303\255ch ho\341\272\241t branch: PCSrcE=%b, PCTargetE=%h", $time, v0x55c2db6e0d90_0, v0x55c2db6e0e80_0 {0 0 0};
    %wait E_0x55c2db6a5f30;
    %vpi_call 3 84 "$display", "[%0t] Sau c\341\272\241nh clock 1 (Branch): PCD=%h, PCPlus4D=%h, InstrD=%h (Gi\303\241 tr\341\273\213 c\305\251)", $time, v0x55c2db6e0bc0_0, v0x55c2db6e0c90_0, v0x55c2db6e0ae0_0 {0 0 0};
    %wait E_0x55c2db6a5f30;
    %vpi_call 3 88 "$display", "[%0t] Sau c\341\272\241nh clock 2 (Branch): PCD=%h, PCPlus4D=%h, InstrD=%h (Gi\303\241 tr\341\273\213 m\341\273\233i t\341\272\241i %h)", $time, v0x55c2db6e0bc0_0, v0x55c2db6e0c90_0, v0x55c2db6e0ae0_0, v0x55c2db6e0e80_0 {0 0 0};
    %vpi_call 3 92 "$display", "\012[%0t] Ti\341\272\277p t\341\273\245c fetch tu\341\272\247n t\341\273\261 sau branch (PCSrcE = 0)", $time {0 0 0};
    %pushi/vec4 0, 0, 1;
    %store/vec4 v0x55c2db6e0d90_0, 0, 1;
    %pushi/vec4 3735928559, 0, 32;
    %store/vec4 v0x55c2db6e0e80_0, 0, 32;
    %vpi_call 3 95 "$display", "[%0t] T\341\272\257t branch: PCSrcE=%b", $time {0 0 0};
    %wait E_0x55c2db6a5f30;
    %vpi_call 3 99 "$display", "[%0t] Fetch: PCSrcE=%b -> PCD=%h, PCPlus4D=%h, InstrD=%h", $time, v0x55c2db6e0d90_0, v0x55c2db6e0bc0_0, v0x55c2db6e0c90_0, v0x55c2db6e0ae0_0 {0 0 0};
    %wait E_0x55c2db6a5f30;
    %vpi_call 3 103 "$display", "[%0t] Fetch: PCSrcE=%b -> PCD=%h, PCPlus4D=%h, InstrD=%h (D\341\273\261 ki\341\272\277n \304\221\341\273\213a ch\341\273\211 kh\303\264ng h\341\273\243p l\341\273\207)", $time, v0x55c2db6e0d90_0, v0x55c2db6e0bc0_0, v0x55c2db6e0c90_0, v0x55c2db6e0ae0_0 {0 0 0};
    %delay 20, 0;
    %vpi_call 3 109 "$display", "\012------------------------------------------------------" {0 0 0};
    %vpi_call 3 110 "$display", "K\341\272\277t th\303\272c Testbench l\303\272c %0t", $time {0 0 0};
    %vpi_call 3 111 "$display", "Ki\341\273\203m tra file fetch_cycle_wave.vcd \304\221\341\273\203 xem waveform." {0 0 0};
    %vpi_call 3 112 "$display", "------------------------------------------------------" {0 0 0};
    %vpi_call 3 113 "$finish" {0 0 0};
    %end;
    .thread T_5;
# The file index is used to find the file name in the following table.
:file_names 8;
    "N/A";
    "<interactive>";
    "Mux.v";
    "fetch_cycle_tb.v";
    "Fetch_Cycle.v";
    "Instruction_Memory.v";
    "PC_Adder.v";
    "PC_Module.v";
