Reading OpenROAD database at '/home/vu/RISCV_Pipeline_Core/src/runs/RUN_2025-04-26_11-13-50/20-openroad-generatepdn/Pipeline_top.odb'…
Reading library file at '/home/vu/.volare/volare/sky130/versions/bdc9412b3e468c102d01b7cf6337be06ec6e9c9a/sky130A/libs.ref/sky130_fd_sc_hd/lib/sky130_fd_sc_hd__tt_025C_1v80.lib'…
Reading design constraints file at '/nix/store/m4202q1n7la2bph83v3h11q6mfrcazx4-python3-3.11.9-env/lib/python3.11/site-packages/openlane/scripts/base.sdc'…
[INFO] Using clock clk…
[INFO] Setting output delay to: 2.0
[INFO] Setting input delay to: 2.0
[INFO] Setting load to: 0.033442
[INFO] Setting clock uncertainty to: 0.25
[INFO] Setting clock transition to: 0.1499999999999999944488848768742172978818416595458984375
[INFO] Setting timing derate to: 5%
[WARNING] All instances are FIXED/FIRM.
[WARNING] No need to perform global placement.
[WARNING] Skipping…
Setting global connections for newly added cells…
[INFO] Setting global connections...
Writing OpenROAD database to '/home/vu/RISCV_Pipeline_Core/src/runs/RUN_2025-04-26_11-13-50/23-openroad-globalplacementskipio/Pipeline_top.odb'…
Writing netlist to '/home/vu/RISCV_Pipeline_Core/src/runs/RUN_2025-04-26_11-13-50/23-openroad-globalplacementskipio/Pipeline_top.nl.v'…
Writing powered netlist to '/home/vu/RISCV_Pipeline_Core/src/runs/RUN_2025-04-26_11-13-50/23-openroad-globalplacementskipio/Pipeline_top.pnl.v'…
Writing layout to '/home/vu/RISCV_Pipeline_Core/src/runs/RUN_2025-04-26_11-13-50/23-openroad-globalplacementskipio/Pipeline_top.def'…
Writing timing constraints to '/home/vu/RISCV_Pipeline_Core/src/runs/RUN_2025-04-26_11-13-50/23-openroad-globalplacementskipio/Pipeline_top.sdc'…
