%Warning-MODDUP: ALU_Decoder.v:15:8: Duplicate declaration of module: 'ALU_Decoder'
   15 | module ALU_Decoder(ALUOp,funct3,funct7,op,ALUControl);
      |        ^~~~~~~~~~~
                 /home/vu/RISCV_Pipeline_Core/src/Control_Unit_Top.v:16:1: ... note: In file included from 'Control_Unit_Top.v'
                 /home/vu/RISCV_Pipeline_Core/src/ALU_Decoder.v:15:8: ... Location of original declaration
   15 | module ALU_Decoder(ALUOp,funct3,funct7,op,ALUControl);
      |        ^~~~~~~~~~~
                 ... For warning description see https://verilator.org/warn/MODDUP?v=5.018
                 ... Use "/* verilator lint_off MODDUP */" and lint_on around source to disable this message.
%Warning-MODDUP: /home/vu/RISCV_Pipeline_Core/src/Main_Decoder.v:15:8: Duplicate declaration of module: 'Main_Decoder'
   15 | module Main_Decoder(Op,RegWrite,ImmSrc,ALUSrc,MemWrite,ResultSrc,Branch,ALUOp);
      |        ^~~~~~~~~~~~
                 Main_Decoder.v:15:8: ... Location of original declaration
   15 | module Main_Decoder(Op,RegWrite,ImmSrc,ALUSrc,MemWrite,ResultSrc,Branch,ALUOp);
      |        ^~~~~~~~~~~~
%Warning-PINCONNECTEMPTY: /home/vu/RISCV_Pipeline_Core/src/Execute_Cycle.v:74:14: Cell pin connected by name with empty reference: 'OverFlow'
   74 |             .OverFlow(),
      |              ^~~~~~~~
%Warning-PINCONNECTEMPTY: /home/vu/RISCV_Pipeline_Core/src/Execute_Cycle.v:75:14: Cell pin connected by name with empty reference: 'Carry'
   75 |             .Carry(),
      |              ^~~~~
%Warning-PINCONNECTEMPTY: /home/vu/RISCV_Pipeline_Core/src/Execute_Cycle.v:77:14: Cell pin connected by name with empty reference: 'Negative'
   77 |             .Negative()
      |              ^~~~~~~~
%Warning-WIDTHTRUNC: /home/vu/RISCV_Pipeline_Core/src/Instruction_Memory.v:23:47: Bit extraction of array[1023:0] requires 10 bit index, not 30 bits.
                                                                                : ... note: In instance 'Pipeline_top.Fetch.IMEM'
   23 |   assign RD = (rst == 1'b0) ? {32{1'b0}} : mem[A[31:2]];
      |                                               ^
%Warning-WIDTHEXPAND: /home/vu/RISCV_Pipeline_Core/src/ALU.v:27:51: Operator COND expects 33 bits on the Conditional True, but Conditional True's VARREF 'Sum' generates 32 bits.
                                                                  : ... note: In instance 'Pipeline_top.Execute.alu'
   27 |     assign {Cout,Result} = (ALUControl == 3'b000) ? Sum :
      |                                                   ^
%Warning-WIDTHEXPAND: /home/vu/RISCV_Pipeline_Core/src/ALU.v:28:51: Operator COND expects 33 bits on the Conditional True, but Conditional True's VARREF 'Sum' generates 32 bits.
                                                                  : ... note: In instance 'Pipeline_top.Execute.alu'
   28 |                            (ALUControl == 3'b001) ? Sum :
      |                                                   ^
%Warning-WIDTHEXPAND: /home/vu/RISCV_Pipeline_Core/src/ALU.v:29:55: Operator AND expects 33 bits on the LHS, but LHS's VARREF 'A' generates 32 bits.
                                                                  : ... note: In instance 'Pipeline_top.Execute.alu'
   29 |                            (ALUControl == 3'b010) ? A & B :
      |                                                       ^
%Warning-WIDTHEXPAND: /home/vu/RISCV_Pipeline_Core/src/ALU.v:29:55: Operator AND expects 33 bits on the RHS, but RHS's VARREF 'B' generates 32 bits.
                                                                  : ... note: In instance 'Pipeline_top.Execute.alu'
   29 |                            (ALUControl == 3'b010) ? A & B :
      |                                                       ^
%Warning-WIDTHEXPAND: /home/vu/RISCV_Pipeline_Core/src/ALU.v:30:55: Operator OR expects 33 bits on the LHS, but LHS's VARREF 'A' generates 32 bits.
                                                                  : ... note: In instance 'Pipeline_top.Execute.alu'
   30 |                            (ALUControl == 3'b011) ? A | B :
      |                                                       ^
%Warning-WIDTHEXPAND: /home/vu/RISCV_Pipeline_Core/src/ALU.v:30:55: Operator OR expects 33 bits on the RHS, but RHS's VARREF 'B' generates 32 bits.
                                                                  : ... note: In instance 'Pipeline_top.Execute.alu'
   30 |                            (ALUControl == 3'b011) ? A | B :
      |                                                       ^
%Warning-UNUSEDSIGNAL: /home/vu/RISCV_Pipeline_Core/src/Writeback_Cycle.v:18:7: Signal is not used: 'clk'
                                                                              : ... note: In instance 'Pipeline_top.WriteBack'
   18 | input clk, rst, ResultSrcW;
      |       ^~~
%Warning-UNUSEDSIGNAL: /home/vu/RISCV_Pipeline_Core/src/Writeback_Cycle.v:18:12: Signal is not used: 'rst'
                                                                               : ... note: In instance 'Pipeline_top.WriteBack'
   18 | input clk, rst, ResultSrcW;
      |            ^~~
%Warning-UNUSEDSIGNAL: /home/vu/RISCV_Pipeline_Core/src/Writeback_Cycle.v:19:14: Signal is not used: 'PCPlus4W'
                                                                               : ... note: In instance 'Pipeline_top.WriteBack'
   19 | input [31:0] PCPlus4W, ALU_ResultW, ReadDataW;
      |              ^~~~~~~~
%Warning-UNUSEDSIGNAL: /home/vu/RISCV_Pipeline_Core/src/Data_Memory.v:18:17: Bits of signal are not used: 'A'[31:10]
                                                                           : ... note: In instance 'Pipeline_top.Memory.dmem'
   18 |     input [31:0]A,WD;
      |                 ^
%Warning-UNUSEDSIGNAL: /home/vu/RISCV_Pipeline_Core/src/Instruction_Memory.v:18:15: Bits of signal are not used: 'A'[1:0]
                                                                                  : ... note: In instance 'Pipeline_top.Fetch.IMEM'
   18 |   input [31:0]A;
      |               ^
%Warning-UNUSEDSIGNAL: /home/vu/RISCV_Pipeline_Core/src/Sign_Extend.v:16:18: Bits of signal are not used: 'In'[19:12,6:0]
                                                                           : ... note: In instance 'Pipeline_top.Decode.extension'
   16 |     input [31:0] In;
      |                  ^~
%Warning-UNUSEDSIGNAL: /home/vu/RISCV_Pipeline_Core/src/ALU_Decoder.v:19:16: Bits of signal are not used: 'funct7'[6,4:0]
                                                                           : ... note: In instance 'Pipeline_top.Decode.control.ALU_Decoder'
   19 |     input [6:0]funct7,op;
      |                ^~~~~~
%Warning-UNUSEDSIGNAL: /home/vu/RISCV_Pipeline_Core/src/ALU_Decoder.v:19:23: Bits of signal are not used: 'op'[6,4:0]
                                                                           : ... note: In instance 'Pipeline_top.Decode.control.ALU_Decoder'
   19 |     input [6:0]funct7,op;
      |                       ^~
%Warning-SYNCASYNCNET: /home/vu/RISCV_Pipeline_Core/src/Pipeline_Top.v:35:16: Signal flopped as both synchronous and async: 'rst'
                       /home/vu/RISCV_Pipeline_Core/src/Fetch_Cycle.v:65:12: ... Location of async usage
   65 |         if(rst == 1'b0) begin
      |            ^~~
                       /home/vu/RISCV_Pipeline_Core/src/PC_Module.v:23:12: ... Location of sync usage
   23 |         if(rst == 1'b0)
      |            ^~~
