
===========================================================================
report_checks -path_delay min (Hold)
============================================================================
======================= nom_ff_n40C_1v95 Corner ===================================

Startpoint: a[0] (input port clocked by clk)
Endpoint: c[1] (output port clocked by clk)
Path Group: clk
Path Type: min

Fanout         Cap        Slew       Delay        Time   Description
---------------------------------------------------------------------------------------------
                      0.000000    0.000000    0.000000   clock clk (rise edge)
                                  0.000000    0.000000   clock network delay (ideal)
                                  2.000000    2.000000 v input external delay
     1    0.002630    0.004473    0.002127    2.002127 v a[0] (in)
                                                         a[0] (net)
                      0.004473    0.000000    2.002127 v input1/A (sky130_fd_sc_hd__clkbuf_1)
     2    0.006469    0.031348    0.058232    2.060359 v input1/X (sky130_fd_sc_hd__clkbuf_1)
                                                         net1 (net)
                      0.031348    0.000198    2.060557 v _176_/A (sky130_fd_sc_hd__nand2_1)
     3    0.010645    0.078018    0.074401    2.134958 ^ _176_/Y (sky130_fd_sc_hd__nand2_1)
                                                         _009_ (net)
                      0.078019    0.000278    2.135236 ^ _336_/A (sky130_fd_sc_hd__xnor2_1)
     1    0.002988    0.024403    0.045778    2.181013 v _336_/Y (sky130_fd_sc_hd__xnor2_1)
                                                         net76 (net)
                      0.024403    0.000093    2.181106 v output76/A (sky130_fd_sc_hd__buf_2)
     1    0.034051    0.062449    0.114709    2.295815 v output76/X (sky130_fd_sc_hd__buf_2)
                                                         c[1] (net)
                      0.062455    0.000636    2.296451 v c[1] (out)
                                              2.296451   data arrival time

                      0.000000    0.000000    0.000000   clock clk (rise edge)
                                  0.000000    0.000000   clock network delay (ideal)
                                  0.250000    0.250000   clock uncertainty
                                  0.000000    0.250000   clock reconvergence pessimism
                                 -2.000000   -1.750000   output external delay
                                             -1.750000   data required time
---------------------------------------------------------------------------------------------
                                             -1.750000   data required time
                                             -2.296451   data arrival time
---------------------------------------------------------------------------------------------
                                              4.046451   slack (MET)


Startpoint: b[31] (input port clocked by clk)
Endpoint: c[31] (output port clocked by clk)
Path Group: clk
Path Type: min

Fanout         Cap        Slew       Delay        Time   Description
---------------------------------------------------------------------------------------------
                      0.000000    0.000000    0.000000   clock clk (rise edge)
                                  0.000000    0.000000   clock network delay (ideal)
                                  2.000000    2.000000 ^ input external delay
     1    0.002822    0.013995    0.007295    2.007295 ^ b[31] (in)
                                                         b[31] (net)
                      0.013995    0.000000    2.007295 ^ input57/A (sky130_fd_sc_hd__clkbuf_1)
     1    0.005074    0.051002    0.061101    2.068396 ^ input57/X (sky130_fd_sc_hd__clkbuf_1)
                                                         net57 (net)
                      0.051002    0.000150    2.068547 ^ _332_/B (sky130_fd_sc_hd__xor2_1)
     1    0.005032    0.031163    0.043587    2.112134 v _332_/X (sky130_fd_sc_hd__xor2_1)
                                                         _147_ (net)
                      0.031164    0.000151    2.112284 v _333_/B (sky130_fd_sc_hd__xnor2_1)
     1    0.002322    0.021818    0.073277    2.185561 v _333_/Y (sky130_fd_sc_hd__xnor2_1)
                                                         net89 (net)
                      0.021818    0.000067    2.185627 v output89/A (sky130_fd_sc_hd__buf_2)
     1    0.034158    0.062624    0.113815    2.299443 v output89/X (sky130_fd_sc_hd__buf_2)
                                                         c[31] (net)
                      0.062632    0.000706    2.300149 v c[31] (out)
                                              2.300149   data arrival time

                      0.000000    0.000000    0.000000   clock clk (rise edge)
                                  0.000000    0.000000   clock network delay (ideal)
                                  0.250000    0.250000   clock uncertainty
                                  0.000000    0.250000   clock reconvergence pessimism
                                 -2.000000   -1.750000   output external delay
                                             -1.750000   data required time
---------------------------------------------------------------------------------------------
                                             -1.750000   data required time
                                             -2.300149   data arrival time
---------------------------------------------------------------------------------------------
                                              4.050149   slack (MET)


Startpoint: a[7] (input port clocked by clk)
Endpoint: c[7] (output port clocked by clk)
Path Group: clk
Path Type: min

Fanout         Cap        Slew       Delay        Time   Description
---------------------------------------------------------------------------------------------
                      0.000000    0.000000    0.000000   clock clk (rise edge)
                                  0.000000    0.000000   clock network delay (ideal)
                                  2.000000    2.000000 ^ input external delay
     1    0.002831    0.014026    0.007319    2.007319 ^ a[7] (in)
                                                         a[7] (net)
                      0.014026    0.000000    2.007319 ^ input30/A (sky130_fd_sc_hd__clkbuf_1)
     2    0.004845    0.049079    0.059787    2.067106 ^ input30/X (sky130_fd_sc_hd__clkbuf_1)
                                                         net30 (net)
                      0.049079    0.000123    2.067229 ^ _188_/A (sky130_fd_sc_hd__nand2_1)
     3    0.008115    0.040544    0.046197    2.113427 v _188_/Y (sky130_fd_sc_hd__nand2_1)
                                                         _021_ (net)
                      0.040558    0.000185    2.113611 v _190_/A (sky130_fd_sc_hd__nand2_1)
     1    0.005215    0.043430    0.052481    2.166092 ^ _190_/Y (sky130_fd_sc_hd__nand2_1)
                                                         _023_ (net)
                      0.043430    0.000110    2.166202 ^ _350_/A (sky130_fd_sc_hd__xnor2_1)
     1    0.002888    0.021724    0.040290    2.206493 v _350_/Y (sky130_fd_sc_hd__xnor2_1)
                                                         net94 (net)
                      0.021724    0.000083    2.206575 v output94/A (sky130_fd_sc_hd__buf_2)
     1    0.033927    0.062248    0.113556    2.320132 v output94/X (sky130_fd_sc_hd__buf_2)
                                                         c[7] (net)
                      0.062254    0.000614    2.320746 v c[7] (out)
                                              2.320746   data arrival time

                      0.000000    0.000000    0.000000   clock clk (rise edge)
                                  0.000000    0.000000   clock network delay (ideal)
                                  0.250000    0.250000   clock uncertainty
                                  0.000000    0.250000   clock reconvergence pessimism
                                 -2.000000   -1.750000   output external delay
                                             -1.750000   data required time
---------------------------------------------------------------------------------------------
                                             -1.750000   data required time
                                             -2.320746   data arrival time
---------------------------------------------------------------------------------------------
                                              4.070745   slack (MET)


Startpoint: a[28] (input port clocked by clk)
Endpoint: c[28] (output port clocked by clk)
Path Group: clk
Path Type: min

Fanout         Cap        Slew       Delay        Time   Description
---------------------------------------------------------------------------------------------
                      0.000000    0.000000    0.000000   clock clk (rise edge)
                                  0.000000    0.000000   clock network delay (ideal)
                                  2.000000    2.000000 ^ input external delay
     1    0.002911    0.014311    0.007530    2.007529 ^ a[28] (in)
                                                         a[28] (net)
                      0.014311    0.000000    2.007529 ^ input21/A (sky130_fd_sc_hd__clkbuf_1)
     2    0.005070    0.050972    0.061170    2.068700 ^ input21/X (sky130_fd_sc_hd__clkbuf_1)
                                                         net21 (net)
                      0.050972    0.000167    2.068867 ^ _312_/A (sky130_fd_sc_hd__nand2_1)
     2    0.007841    0.039778    0.045775    2.114642 v _312_/Y (sky130_fd_sc_hd__nand2_1)
                                                         _130_ (net)
                      0.039778    0.000175    2.114817 v _314_/B (sky130_fd_sc_hd__nand2_1)
     1    0.005650    0.047268    0.059590    2.174407 ^ _314_/Y (sky130_fd_sc_hd__nand2_1)
                                                         _132_ (net)
                      0.047268    0.000184    2.174591 ^ _319_/A (sky130_fd_sc_hd__xnor2_1)
     1    0.003193    0.023356    0.042246    2.216836 v _319_/Y (sky130_fd_sc_hd__xnor2_1)
                                                         net85 (net)
                      0.023356    0.000078    2.216915 v output85/A (sky130_fd_sc_hd__buf_2)
     1    0.034080    0.062517    0.114275    2.331190 v output85/X (sky130_fd_sc_hd__buf_2)
                                                         c[28] (net)
                      0.062525    0.000705    2.331895 v c[28] (out)
                                              2.331895   data arrival time

                      0.000000    0.000000    0.000000   clock clk (rise edge)
                                  0.000000    0.000000   clock network delay (ideal)
                                  0.250000    0.250000   clock uncertainty
                                  0.000000    0.250000   clock reconvergence pessimism
                                 -2.000000   -1.750000   output external delay
                                             -1.750000   data required time
---------------------------------------------------------------------------------------------
                                             -1.750000   data required time
                                             -2.331895   data arrival time
---------------------------------------------------------------------------------------------
                                              4.081895   slack (MET)


Startpoint: a[30] (input port clocked by clk)
Endpoint: c[30] (output port clocked by clk)
Path Group: clk
Path Type: min

Fanout         Cap        Slew       Delay        Time   Description
---------------------------------------------------------------------------------------------
                      0.000000    0.000000    0.000000   clock clk (rise edge)
                                  0.000000    0.000000   clock network delay (ideal)
                                  2.000000    2.000000 ^ input external delay
     1    0.002857    0.014118    0.007386    2.007386 ^ a[30] (in)
                                                         a[30] (net)
                      0.014118    0.000000    2.007386 ^ input24/A (sky130_fd_sc_hd__clkbuf_1)
     2    0.005107    0.051276    0.061360    2.068746 ^ input24/X (sky130_fd_sc_hd__clkbuf_1)
                                                         net24 (net)
                      0.051276    0.000088    2.068834 ^ _325_/A (sky130_fd_sc_hd__nand2_1)
     2    0.006043    0.034536    0.039950    2.108784 v _325_/Y (sky130_fd_sc_hd__nand2_1)
                                                         _141_ (net)
                      0.034537    0.000142    2.108926 v _327_/A (sky130_fd_sc_hd__nand2_1)
     2    0.008359    0.063389    0.064838    2.173764 ^ _327_/Y (sky130_fd_sc_hd__nand2_1)
                                                         _143_ (net)
                      0.063391    0.000286    2.174050 ^ _330_/A (sky130_fd_sc_hd__xnor2_1)
     1    0.002822    0.023758    0.043315    2.217365 v _330_/Y (sky130_fd_sc_hd__xnor2_1)
                                                         net88 (net)
                      0.023758    0.000081    2.217446 v output88/A (sky130_fd_sc_hd__buf_2)
     1    0.034086    0.062508    0.114480    2.331926 v output88/X (sky130_fd_sc_hd__buf_2)
                                                         c[30] (net)
                      0.062515    0.000656    2.332583 v c[30] (out)
                                              2.332583   data arrival time

                      0.000000    0.000000    0.000000   clock clk (rise edge)
                                  0.000000    0.000000   clock network delay (ideal)
                                  0.250000    0.250000   clock uncertainty
                                  0.000000    0.250000   clock reconvergence pessimism
                                 -2.000000   -1.750000   output external delay
                                             -1.750000   data required time
---------------------------------------------------------------------------------------------
                                             -1.750000   data required time
                                             -2.332583   data arrival time
---------------------------------------------------------------------------------------------
                                              4.082582   slack (MET)


Startpoint: b[0] (input port clocked by clk)
Endpoint: c[0] (output port clocked by clk)
Path Group: clk
Path Type: min

Fanout         Cap        Slew       Delay        Time   Description
---------------------------------------------------------------------------------------------
                      0.000000    0.000000    0.000000   clock clk (rise edge)
                                  0.000000    0.000000   clock network delay (ideal)
                                  2.000000    2.000000 ^ input external delay
     1    0.002933    0.014390    0.007588    2.007588 ^ b[0] (in)
                                                         b[0] (net)
                      0.014390    0.000000    2.007588 ^ input33/A (sky130_fd_sc_hd__clkbuf_1)
     2    0.005905    0.058008    0.066080    2.073669 ^ input33/X (sky130_fd_sc_hd__clkbuf_1)
                                                         net33 (net)
                      0.058009    0.000175    2.073843 ^ _176_/B (sky130_fd_sc_hd__nand2_1)
     3    0.010034    0.048802    0.057632    2.131475 v _176_/Y (sky130_fd_sc_hd__nand2_1)
                                                         _009_ (net)
                      0.048802    0.000212    2.131688 v _335_/A (sky130_fd_sc_hd__and2_1)
     1    0.002425    0.022509    0.088074    2.219762 v _335_/X (sky130_fd_sc_hd__and2_1)
                                                         net65 (net)
                      0.022509    0.000071    2.219833 v output65/A (sky130_fd_sc_hd__buf_2)
     1    0.033951    0.062290    0.113865    2.333699 v output65/X (sky130_fd_sc_hd__buf_2)
                                                         c[0] (net)
                      0.062295    0.000614    2.334313 v c[0] (out)
                                              2.334313   data arrival time

                      0.000000    0.000000    0.000000   clock clk (rise edge)
                                  0.000000    0.000000   clock network delay (ideal)
                                  0.250000    0.250000   clock uncertainty
                                  0.000000    0.250000   clock reconvergence pessimism
                                 -2.000000   -1.750000   output external delay
                                             -1.750000   data required time
---------------------------------------------------------------------------------------------
                                             -1.750000   data required time
                                             -2.334313   data arrival time
---------------------------------------------------------------------------------------------
                                              4.084312   slack (MET)


Startpoint: b[3] (input port clocked by clk)
Endpoint: c[3] (output port clocked by clk)
Path Group: clk
Path Type: min

Fanout         Cap        Slew       Delay        Time   Description
---------------------------------------------------------------------------------------------
                      0.000000    0.000000    0.000000   clock clk (rise edge)
                                  0.000000    0.000000   clock network delay (ideal)
                                  2.000000    2.000000 v input external delay
     1    0.002739    0.004632    0.002224    2.002224 v b[3] (in)
                                                         b[3] (net)
                      0.004632    0.000000    2.002224 v input58/A (sky130_fd_sc_hd__buf_1)
     3    0.009228    0.041027    0.066815    2.069040 v input58/X (sky130_fd_sc_hd__buf_1)
                                                         net58 (net)
                      0.041030    0.000389    2.069429 v _182_/B (sky130_fd_sc_hd__nand2_1)
     2    0.006692    0.052964    0.064947    2.134376 ^ _182_/Y (sky130_fd_sc_hd__nand2_1)
                                                         _015_ (net)
                      0.052982    0.000148    2.134523 ^ _340_/B1 (sky130_fd_sc_hd__o211a_1)
     1    0.003114    0.028829    0.072128    2.206652 ^ _340_/X (sky130_fd_sc_hd__o211a_1)
                                                         _151_ (net)
                      0.028829    0.000088    2.206740 ^ _341_/B (sky130_fd_sc_hd__nor2_1)
     1    0.002538    0.014355    0.020026    2.226766 v _341_/Y (sky130_fd_sc_hd__nor2_1)
                                                         net90 (net)
                      0.014357    0.000073    2.226840 v output90/A (sky130_fd_sc_hd__buf_2)
     1    0.033978    0.062279    0.111004    2.337844 v output90/X (sky130_fd_sc_hd__buf_2)
                                                         c[3] (net)
                      0.062285    0.000625    2.338468 v c[3] (out)
                                              2.338468   data arrival time

                      0.000000    0.000000    0.000000   clock clk (rise edge)
                                  0.000000    0.000000   clock network delay (ideal)
                                  0.250000    0.250000   clock uncertainty
                                  0.000000    0.250000   clock reconvergence pessimism
                                 -2.000000   -1.750000   output external delay
                                             -1.750000   data required time
---------------------------------------------------------------------------------------------
                                             -1.750000   data required time
                                             -2.338468   data arrival time
---------------------------------------------------------------------------------------------
                                              4.088469   slack (MET)


Startpoint: b[27] (input port clocked by clk)
Endpoint: c[27] (output port clocked by clk)
Path Group: clk
Path Type: min

Fanout         Cap        Slew       Delay        Time   Description
---------------------------------------------------------------------------------------------
                      0.000000    0.000000    0.000000   clock clk (rise edge)
                                  0.000000    0.000000   clock network delay (ideal)
                                  2.000000    2.000000 ^ input external delay
     1    0.002911    0.014312    0.007532    2.007532 ^ b[27] (in)
                                                         b[27] (net)
                      0.014312    0.000000    2.007532 ^ input52/A (sky130_fd_sc_hd__clkbuf_1)
     2    0.004524    0.046391    0.058011    2.065543 ^ input52/X (sky130_fd_sc_hd__clkbuf_1)
                                                         net52 (net)
                      0.046391    0.000073    2.065616 ^ _307_/B (sky130_fd_sc_hd__nand2_1)
     2    0.006319    0.033616    0.042939    2.108555 v _307_/Y (sky130_fd_sc_hd__nand2_1)
                                                         _126_ (net)
                      0.033616    0.000113    2.108667 v _308_/B (sky130_fd_sc_hd__nand2_1)
     2    0.011180    0.081524    0.082463    2.191131 ^ _308_/Y (sky130_fd_sc_hd__nand2_1)
                                                         _127_ (net)
                      0.081530    0.000545    2.191675 ^ _310_/A (sky130_fd_sc_hd__xnor2_1)
     1    0.002151    0.019083    0.042218    2.233893 v _310_/Y (sky130_fd_sc_hd__xnor2_1)
                                                         net84 (net)
                      0.019083    0.000060    2.233953 v output84/A (sky130_fd_sc_hd__buf_2)
     1    0.034080    0.062491    0.112748    2.346701 v output84/X (sky130_fd_sc_hd__buf_2)
                                                         c[27] (net)
                      0.062499    0.000705    2.347406 v c[27] (out)
                                              2.347406   data arrival time

                      0.000000    0.000000    0.000000   clock clk (rise edge)
                                  0.000000    0.000000   clock network delay (ideal)
                                  0.250000    0.250000   clock uncertainty
                                  0.000000    0.250000   clock reconvergence pessimism
                                 -2.000000   -1.750000   output external delay
                                             -1.750000   data required time
---------------------------------------------------------------------------------------------
                                             -1.750000   data required time
                                             -2.347406   data arrival time
---------------------------------------------------------------------------------------------
                                              4.097406   slack (MET)


Startpoint: a[22] (input port clocked by clk)
Endpoint: c[23] (output port clocked by clk)
Path Group: clk
Path Type: min

Fanout         Cap        Slew       Delay        Time   Description
---------------------------------------------------------------------------------------------
                      0.000000    0.000000    0.000000   clock clk (rise edge)
                                  0.000000    0.000000   clock network delay (ideal)
                                  2.000000    2.000000 ^ input external delay
     1    0.002784    0.013859    0.007194    2.007194 ^ a[22] (in)
                                                         a[22] (net)
                      0.013859    0.000000    2.007194 ^ input15/A (sky130_fd_sc_hd__clkbuf_1)
     2    0.005311    0.052998    0.062456    2.069650 ^ input15/X (sky130_fd_sc_hd__clkbuf_1)
                                                         net15 (net)
                      0.053016    0.000174    2.069824 ^ _274_/A (sky130_fd_sc_hd__nand2_1)
     3    0.009920    0.047553    0.053097    2.122921 v _274_/Y (sky130_fd_sc_hd__nand2_1)
                                                         _098_ (net)
                      0.047569    0.000267    2.123188 v _282_/B1 (sky130_fd_sc_hd__o21ai_1)
     1    0.005491    0.063430    0.069710    2.192898 ^ _282_/Y (sky130_fd_sc_hd__o21ai_1)
                                                         _105_ (net)
                      0.063431    0.000171    2.193069 ^ _283_/B (sky130_fd_sc_hd__xnor2_1)
     1    0.003627    0.026726    0.041462    2.234530 v _283_/Y (sky130_fd_sc_hd__xnor2_1)
                                                         net80 (net)
                      0.026726    0.000116    2.234646 v output80/A (sky130_fd_sc_hd__buf_2)
     1    0.034048    0.062439    0.115648    2.350294 v output80/X (sky130_fd_sc_hd__buf_2)
                                                         c[23] (net)
                      0.062445    0.000621    2.350915 v c[23] (out)
                                              2.350915   data arrival time

                      0.000000    0.000000    0.000000   clock clk (rise edge)
                                  0.000000    0.000000   clock network delay (ideal)
                                  0.250000    0.250000   clock uncertainty
                                  0.000000    0.250000   clock reconvergence pessimism
                                 -2.000000   -1.750000   output external delay
                                             -1.750000   data required time
---------------------------------------------------------------------------------------------
                                             -1.750000   data required time
                                             -2.350915   data arrival time
---------------------------------------------------------------------------------------------
                                              4.100915   slack (MET)


Startpoint: a[25] (input port clocked by clk)
Endpoint: c[25] (output port clocked by clk)
Path Group: clk
Path Type: min

Fanout         Cap        Slew       Delay        Time   Description
---------------------------------------------------------------------------------------------
                      0.000000    0.000000    0.000000   clock clk (rise edge)
                                  0.000000    0.000000   clock network delay (ideal)
                                  2.000000    2.000000 ^ input external delay
     1    0.002866    0.014150    0.007412    2.007412 ^ a[25] (in)
                                                         a[25] (net)
                      0.014150    0.000000    2.007412 ^ input18/A (sky130_fd_sc_hd__clkbuf_1)
     2    0.005223    0.052251    0.062026    2.069439 ^ input18/X (sky130_fd_sc_hd__clkbuf_1)
                                                         net18 (net)
                      0.052251    0.000141    2.069579 ^ _294_/A (sky130_fd_sc_hd__nand2_1)
     2    0.005636    0.033285    0.038851    2.108430 v _294_/Y (sky130_fd_sc_hd__nand2_1)
                                                         _115_ (net)
                      0.033285    0.000091    2.108522 v _295_/B (sky130_fd_sc_hd__nand2_1)
     2    0.008174    0.062224    0.068595    2.177116 ^ _295_/Y (sky130_fd_sc_hd__nand2_1)
                                                         _116_ (net)
                      0.062225    0.000166    2.177282 ^ _297_/A (sky130_fd_sc_hd__xnor2_1)
     1    0.007704    0.042644    0.061493    2.238775 v _297_/Y (sky130_fd_sc_hd__xnor2_1)
                                                         net82 (net)
                      0.042646    0.000355    2.239130 v output82/A (sky130_fd_sc_hd__buf_2)
     1    0.033963    0.062312    0.121924    2.361054 v output82/X (sky130_fd_sc_hd__buf_2)
                                                         c[25] (net)
                      0.062318    0.000613    2.361667 v c[25] (out)
                                              2.361667   data arrival time

                      0.000000    0.000000    0.000000   clock clk (rise edge)
                                  0.000000    0.000000   clock network delay (ideal)
                                  0.250000    0.250000   clock uncertainty
                                  0.000000    0.250000   clock reconvergence pessimism
                                 -2.000000   -1.750000   output external delay
                                             -1.750000   data required time
---------------------------------------------------------------------------------------------
                                             -1.750000   data required time
                                             -2.361667   data arrival time
---------------------------------------------------------------------------------------------
                                              4.111667   slack (MET)


Startpoint: b[8] (input port clocked by clk)
Endpoint: c[9] (output port clocked by clk)
Path Group: clk
Path Type: min

Fanout         Cap        Slew       Delay        Time   Description
---------------------------------------------------------------------------------------------
                      0.000000    0.000000    0.000000   clock clk (rise edge)
                                  0.000000    0.000000   clock network delay (ideal)
                                  2.000000    2.000000 ^ input external delay
     1    0.002925    0.014361    0.007567    2.007567 ^ b[8] (in)
                                                         b[8] (net)
                      0.014361    0.000000    2.007567 ^ input63/A (sky130_fd_sc_hd__clkbuf_1)
     2    0.006929    0.066655    0.072041    2.079607 ^ input63/X (sky130_fd_sc_hd__clkbuf_1)
                                                         net63 (net)
                      0.066656    0.000247    2.079854 ^ _202_/B (sky130_fd_sc_hd__nand2_1)
     4    0.012966    0.061212    0.068733    2.148588 v _202_/Y (sky130_fd_sc_hd__nand2_1)
                                                         _035_ (net)
                      0.061215    0.000373    2.148962 v _353_/A (sky130_fd_sc_hd__nand2_1)
     1    0.005475    0.047164    0.061863    2.210824 ^ _353_/Y (sky130_fd_sc_hd__nand2_1)
                                                         _158_ (net)
                      0.047164    0.000124    2.210949 ^ _354_/B (sky130_fd_sc_hd__xnor2_1)
     1    0.003971    0.026680    0.040225    2.251174 v _354_/Y (sky130_fd_sc_hd__xnor2_1)
                                                         net96 (net)
                      0.026680    0.000128    2.251302 v output96/A (sky130_fd_sc_hd__buf_2)
     1    0.034002    0.062376    0.115559    2.366861 v output96/X (sky130_fd_sc_hd__buf_2)
                                                         c[9] (net)
                      0.062383    0.000635    2.367496 v c[9] (out)
                                              2.367496   data arrival time

                      0.000000    0.000000    0.000000   clock clk (rise edge)
                                  0.000000    0.000000   clock network delay (ideal)
                                  0.250000    0.250000   clock uncertainty
                                  0.000000    0.250000   clock reconvergence pessimism
                                 -2.000000   -1.750000   output external delay
                                             -1.750000   data required time
---------------------------------------------------------------------------------------------
                                             -1.750000   data required time
                                             -2.367496   data arrival time
---------------------------------------------------------------------------------------------
                                              4.117496   slack (MET)


Startpoint: a[22] (input port clocked by clk)
Endpoint: c[22] (output port clocked by clk)
Path Group: clk
Path Type: min

Fanout         Cap        Slew       Delay        Time   Description
---------------------------------------------------------------------------------------------
                      0.000000    0.000000    0.000000   clock clk (rise edge)
                                  0.000000    0.000000   clock network delay (ideal)
                                  2.000000    2.000000 ^ input external delay
     1    0.002784    0.013859    0.007194    2.007194 ^ a[22] (in)
                                                         a[22] (net)
                      0.013859    0.000000    2.007194 ^ input15/A (sky130_fd_sc_hd__clkbuf_1)
     2    0.005311    0.052998    0.062456    2.069650 ^ input15/X (sky130_fd_sc_hd__clkbuf_1)
                                                         net15 (net)
                      0.053016    0.000174    2.069824 ^ _274_/A (sky130_fd_sc_hd__nand2_1)
     3    0.009920    0.047553    0.053097    2.122921 v _274_/Y (sky130_fd_sc_hd__nand2_1)
                                                         _098_ (net)
                      0.047568    0.000208    2.123129 v _275_/B (sky130_fd_sc_hd__nand2_1)
     3    0.010910    0.079743    0.087155    2.210284 ^ _275_/Y (sky130_fd_sc_hd__nand2_1)
                                                         _099_ (net)
                      0.079744    0.000203    2.210486 ^ _278_/A (sky130_fd_sc_hd__xor2_1)
     1    0.003206    0.026261    0.044970    2.255456 v _278_/X (sky130_fd_sc_hd__xor2_1)
                                                         net79 (net)
                      0.026261    0.000078    2.255534 v output79/A (sky130_fd_sc_hd__buf_2)
     1    0.034066    0.062466    0.115485    2.371019 v output79/X (sky130_fd_sc_hd__buf_2)
                                                         c[22] (net)
                      0.062472    0.000622    2.371641 v c[22] (out)
                                              2.371641   data arrival time

                      0.000000    0.000000    0.000000   clock clk (rise edge)
                                  0.000000    0.000000   clock network delay (ideal)
                                  0.250000    0.250000   clock uncertainty
                                  0.000000    0.250000   clock reconvergence pessimism
                                 -2.000000   -1.750000   output external delay
                                             -1.750000   data required time
---------------------------------------------------------------------------------------------
                                             -1.750000   data required time
                                             -2.371641   data arrival time
---------------------------------------------------------------------------------------------
                                              4.121641   slack (MET)


Startpoint: b[20] (input port clocked by clk)
Endpoint: c[21] (output port clocked by clk)
Path Group: clk
Path Type: min

Fanout         Cap        Slew       Delay        Time   Description
---------------------------------------------------------------------------------------------
                      0.000000    0.000000    0.000000   clock clk (rise edge)
                                  0.000000    0.000000   clock network delay (ideal)
                                  2.000000    2.000000 ^ input external delay
     1    0.002837    0.014049    0.007337    2.007337 ^ b[20] (in)
                                                         b[20] (net)
                      0.014049    0.000000    2.007337 ^ input45/A (sky130_fd_sc_hd__clkbuf_1)
     2    0.008159    0.077046    0.079148    2.086485 ^ input45/X (sky130_fd_sc_hd__clkbuf_1)
                                                         net45 (net)
                      0.077048    0.000284    2.086770 ^ _258_/B (sky130_fd_sc_hd__nand2_1)
     3    0.011662    0.057465    0.066951    2.153721 v _258_/Y (sky130_fd_sc_hd__nand2_1)
                                                         _084_ (net)
                      0.057468    0.000342    2.154063 v _271_/A (sky130_fd_sc_hd__nand2_1)
     1    0.004850    0.042718    0.057508    2.211571 ^ _271_/Y (sky130_fd_sc_hd__nand2_1)
                                                         _096_ (net)
                      0.042718    0.000095    2.211667 ^ _272_/B (sky130_fd_sc_hd__xnor2_1)
     1    0.004992    0.030315    0.042779    2.254446 v _272_/Y (sky130_fd_sc_hd__xnor2_1)
                                                         net78 (net)
                      0.030315    0.000145    2.254591 v output78/A (sky130_fd_sc_hd__buf_2)
     1    0.034026    0.062408    0.117057    2.371648 v output78/X (sky130_fd_sc_hd__buf_2)
                                                         c[21] (net)
                      0.062414    0.000622    2.372269 v c[21] (out)
                                              2.372269   data arrival time

                      0.000000    0.000000    0.000000   clock clk (rise edge)
                                  0.000000    0.000000   clock network delay (ideal)
                                  0.250000    0.250000   clock uncertainty
                                  0.000000    0.250000   clock reconvergence pessimism
                                 -2.000000   -1.750000   output external delay
                                             -1.750000   data required time
---------------------------------------------------------------------------------------------
                                             -1.750000   data required time
                                             -2.372269   data arrival time
---------------------------------------------------------------------------------------------
                                              4.122269   slack (MET)


Startpoint: a[4] (input port clocked by clk)
Endpoint: c[5] (output port clocked by clk)
Path Group: clk
Path Type: min

Fanout         Cap        Slew       Delay        Time   Description
---------------------------------------------------------------------------------------------
                      0.000000    0.000000    0.000000   clock clk (rise edge)
                                  0.000000    0.000000   clock network delay (ideal)
                                  2.000000    2.000000 v input external delay
     1    0.002696    0.004569    0.002186    2.002186 v a[4] (in)
                                                         a[4] (net)
                      0.004569    0.000000    2.002186 v input27/A (sky130_fd_sc_hd__buf_1)
     3    0.014400    0.060156    0.081603    2.083789 v input27/X (sky130_fd_sc_hd__buf_1)
                                                         net27 (net)
                      0.060160    0.000498    2.084287 v _344_/A1 (sky130_fd_sc_hd__a21oi_1)
     1    0.005065    0.070892    0.113242    2.197529 ^ _344_/Y (sky130_fd_sc_hd__a21oi_1)
                                                         _153_ (net)
                      0.070892    0.000103    2.197632 ^ _345_/B (sky130_fd_sc_hd__xnor2_1)
     1    0.006740    0.038856    0.054532    2.252164 v _345_/Y (sky130_fd_sc_hd__xnor2_1)
                                                         net92 (net)
                      0.038857    0.000272    2.252436 v output92/A (sky130_fd_sc_hd__buf_2)
     1    0.034012    0.062392    0.120451    2.372886 v output92/X (sky130_fd_sc_hd__buf_2)
                                                         c[5] (net)
                      0.062399    0.000635    2.373521 v c[5] (out)
                                              2.373521   data arrival time

                      0.000000    0.000000    0.000000   clock clk (rise edge)
                                  0.000000    0.000000   clock network delay (ideal)
                                  0.250000    0.250000   clock uncertainty
                                  0.000000    0.250000   clock reconvergence pessimism
                                 -2.000000   -1.750000   output external delay
                                             -1.750000   data required time
---------------------------------------------------------------------------------------------
                                             -1.750000   data required time
                                             -2.373521   data arrival time
---------------------------------------------------------------------------------------------
                                              4.123521   slack (MET)


Startpoint: b[24] (input port clocked by clk)
Endpoint: c[24] (output port clocked by clk)
Path Group: clk
Path Type: min

Fanout         Cap        Slew       Delay        Time   Description
---------------------------------------------------------------------------------------------
                      0.000000    0.000000    0.000000   clock clk (rise edge)
                                  0.000000    0.000000   clock network delay (ideal)
                                  2.000000    2.000000 ^ input external delay
     1    0.002882    0.014208    0.007455    2.007455 ^ b[24] (in)
                                                         b[24] (net)
                      0.014208    0.000000    2.007455 ^ input49/A (sky130_fd_sc_hd__clkbuf_1)
     2    0.005061    0.050891    0.061093    2.068548 ^ input49/X (sky130_fd_sc_hd__clkbuf_1)
                                                         net49 (net)
                      0.050891    0.000141    2.068689 ^ _290_/B (sky130_fd_sc_hd__nand2_1)
     3    0.008665    0.042941    0.051595    2.120284 v _290_/Y (sky130_fd_sc_hd__nand2_1)
                                                         _112_ (net)
                      0.042941    0.000215    2.120499 v _291_/B (sky130_fd_sc_hd__nand2_1)
     3    0.012990    0.093460    0.094673    2.215172 ^ _291_/Y (sky130_fd_sc_hd__nand2_1)
                                                         _113_ (net)
                      0.093464    0.000492    2.215663 ^ _292_/B (sky130_fd_sc_hd__xor2_1)
     1    0.003163    0.026156    0.042855    2.258519 v _292_/X (sky130_fd_sc_hd__xor2_1)
                                                         net81 (net)
                      0.026156    0.000099    2.258617 v output81/A (sky130_fd_sc_hd__buf_2)
     1    0.034158    0.062634    0.115497    2.374114 v output81/X (sky130_fd_sc_hd__buf_2)
                                                         c[24] (net)
                      0.062642    0.000706    2.374820 v c[24] (out)
                                              2.374820   data arrival time

                      0.000000    0.000000    0.000000   clock clk (rise edge)
                                  0.000000    0.000000   clock network delay (ideal)
                                  0.250000    0.250000   clock uncertainty
                                  0.000000    0.250000   clock reconvergence pessimism
                                 -2.000000   -1.750000   output external delay
                                             -1.750000   data required time
---------------------------------------------------------------------------------------------
                                             -1.750000   data required time
                                             -2.374820   data arrival time
---------------------------------------------------------------------------------------------
                                              4.124820   slack (MET)


Startpoint: b[2] (input port clocked by clk)
Endpoint: c[2] (output port clocked by clk)
Path Group: clk
Path Type: min

Fanout         Cap        Slew       Delay        Time   Description
---------------------------------------------------------------------------------------------
                      0.000000    0.000000    0.000000   clock clk (rise edge)
                                  0.000000    0.000000   clock network delay (ideal)
                                  2.000000    2.000000 v input external delay
     1    0.002510    0.004297    0.002019    2.002019 v b[2] (in)
                                                         b[2] (net)
                      0.004298    0.000000    2.002019 v input55/A (sky130_fd_sc_hd__clkbuf_1)
     2    0.004342    0.023653    0.051607    2.053627 v input55/X (sky130_fd_sc_hd__clkbuf_1)
                                                         net55 (net)
                      0.023653    0.000071    2.053698 v _173_/B (sky130_fd_sc_hd__nor2_1)
     1    0.006793    0.099533    0.087269    2.140967 ^ _173_/Y (sky130_fd_sc_hd__nor2_1)
                                                         _006_ (net)
                      0.099534    0.000289    2.141255 ^ _174_/B (sky130_fd_sc_hd__nor2_1)
     2    0.004671    0.033822    0.033711    2.174966 v _174_/Y (sky130_fd_sc_hd__nor2_1)
                                                         _007_ (net)
                      0.033822    0.000101    2.175067 v _337_/A (sky130_fd_sc_hd__nor2_1)
     1    0.002755    0.052723    0.065412    2.240478 ^ _337_/Y (sky130_fd_sc_hd__nor2_1)
                                                         _149_ (net)
                      0.052723    0.000079    2.240557 ^ _338_/B (sky130_fd_sc_hd__nor2_1)
     1    0.002591    0.019967    0.023601    2.264158 v _338_/Y (sky130_fd_sc_hd__nor2_1)
                                                         net87 (net)
                      0.019967    0.000076    2.264234 v output87/A (sky130_fd_sc_hd__buf_2)
     1    0.033936    0.062250    0.112946    2.377180 v output87/X (sky130_fd_sc_hd__buf_2)
                                                         c[2] (net)
                      0.062256    0.000614    2.377794 v c[2] (out)
                                              2.377794   data arrival time

                      0.000000    0.000000    0.000000   clock clk (rise edge)
                                  0.000000    0.000000   clock network delay (ideal)
                                  0.250000    0.250000   clock uncertainty
                                  0.000000    0.250000   clock reconvergence pessimism
                                 -2.000000   -1.750000   output external delay
                                             -1.750000   data required time
---------------------------------------------------------------------------------------------
                                             -1.750000   data required time
                                             -2.377794   data arrival time
---------------------------------------------------------------------------------------------
                                              4.127794   slack (MET)


Startpoint: a[12] (input port clocked by clk)
Endpoint: c[13] (output port clocked by clk)
Path Group: clk
Path Type: min

Fanout         Cap        Slew       Delay        Time   Description
---------------------------------------------------------------------------------------------
                      0.000000    0.000000    0.000000   clock clk (rise edge)
                                  0.000000    0.000000   clock network delay (ideal)
                                  2.000000    2.000000 ^ input external delay
     1    0.002898    0.014265    0.007496    2.007496 ^ a[12] (in)
                                                         a[12] (net)
                      0.014265    0.000000    2.007496 ^ input4/A (sky130_fd_sc_hd__clkbuf_1)
     2    0.007556    0.071953    0.075651    2.083148 ^ input4/X (sky130_fd_sc_hd__clkbuf_1)
                                                         net4 (net)
                      0.071955    0.000298    2.083446 ^ _167_/A (sky130_fd_sc_hd__nand2_1)
     4    0.012995    0.062096    0.066932    2.150377 v _167_/Y (sky130_fd_sc_hd__nand2_1)
                                                         _000_ (net)
                      0.062100    0.000429    2.150806 v _219_/A (sky130_fd_sc_hd__nand2_1)
     1    0.004984    0.044417    0.059869    2.210676 ^ _219_/Y (sky130_fd_sc_hd__nand2_1)
                                                         _052_ (net)
                      0.044417    0.000144    2.210820 ^ _220_/B (sky130_fd_sc_hd__xnor2_1)
     1    0.007397    0.039977    0.051451    2.262271 v _220_/Y (sky130_fd_sc_hd__xnor2_1)
                                                         net69 (net)
                      0.039982    0.000368    2.262639 v output69/A (sky130_fd_sc_hd__buf_2)
     1    0.034001    0.062377    0.120888    2.383527 v output69/X (sky130_fd_sc_hd__buf_2)
                                                         c[13] (net)
                      0.062384    0.000635    2.384162 v c[13] (out)
                                              2.384162   data arrival time

                      0.000000    0.000000    0.000000   clock clk (rise edge)
                                  0.000000    0.000000   clock network delay (ideal)
                                  0.250000    0.250000   clock uncertainty
                                  0.000000    0.250000   clock reconvergence pessimism
                                 -2.000000   -1.750000   output external delay
                                             -1.750000   data required time
---------------------------------------------------------------------------------------------
                                             -1.750000   data required time
                                             -2.384162   data arrival time
---------------------------------------------------------------------------------------------
                                              4.134162   slack (MET)


Startpoint: a[14] (input port clocked by clk)
Endpoint: c[15] (output port clocked by clk)
Path Group: clk
Path Type: min

Fanout         Cap        Slew       Delay        Time   Description
---------------------------------------------------------------------------------------------
                      0.000000    0.000000    0.000000   clock clk (rise edge)
                                  0.000000    0.000000   clock network delay (ideal)
                                  2.000000    2.000000 v input external delay
     1    0.002792    0.004710    0.002269    2.002269 v a[14] (in)
                                                         a[14] (net)
                      0.004710    0.000000    2.002269 v input6/A (sky130_fd_sc_hd__buf_1)
     3    0.008850    0.039833    0.065740    2.068009 v input6/X (sky130_fd_sc_hd__buf_1)
                                                         net6 (net)
                      0.039834    0.000259    2.068268 v _222_/A (sky130_fd_sc_hd__nand2_1)
     2    0.010425    0.076587    0.076571    2.144839 ^ _222_/Y (sky130_fd_sc_hd__nand2_1)
                                                         _054_ (net)
                      0.076591    0.000458    2.145296 ^ _227_/B1 (sky130_fd_sc_hd__o21ai_1)
     1    0.005038    0.034585    0.037188    2.182485 v _227_/Y (sky130_fd_sc_hd__o21ai_1)
                                                         _058_ (net)
                      0.034586    0.000153    2.182637 v _228_/B (sky130_fd_sc_hd__xnor2_1)
     1    0.003726    0.027214    0.079972    2.262610 v _228_/Y (sky130_fd_sc_hd__xnor2_1)
                                                         net71 (net)
                      0.027214    0.000114    2.262724 v output71/A (sky130_fd_sc_hd__clkbuf_4)
     1    0.034512    0.056892    0.121579    2.384303 v output71/X (sky130_fd_sc_hd__clkbuf_4)
                                                         c[15] (net)
                      0.056904    0.000789    2.385092 v c[15] (out)
                                              2.385092   data arrival time

                      0.000000    0.000000    0.000000   clock clk (rise edge)
                                  0.000000    0.000000   clock network delay (ideal)
                                  0.250000    0.250000   clock uncertainty
                                  0.000000    0.250000   clock reconvergence pessimism
                                 -2.000000   -1.750000   output external delay
                                             -1.750000   data required time
---------------------------------------------------------------------------------------------
                                             -1.750000   data required time
                                             -2.385092   data arrival time
---------------------------------------------------------------------------------------------
                                              4.135092   slack (MET)


Startpoint: a[19] (input port clocked by clk)
Endpoint: c[19] (output port clocked by clk)
Path Group: clk
Path Type: min

Fanout         Cap        Slew       Delay        Time   Description
---------------------------------------------------------------------------------------------
                      0.000000    0.000000    0.000000   clock clk (rise edge)
                                  0.000000    0.000000   clock network delay (ideal)
                                  2.000000    2.000000 v input external delay
     1    0.002709    0.004588    0.002199    2.002199 v a[19] (in)
                                                         a[19] (net)
                      0.004588    0.000000    2.002199 v input11/A (sky130_fd_sc_hd__buf_1)
     2    0.010284    0.044841    0.069890    2.072089 v input11/X (sky130_fd_sc_hd__buf_1)
                                                         net11 (net)
                      0.044845    0.000445    2.072534 v _253_/A (sky130_fd_sc_hd__nand2_1)
     2    0.006212    0.049910    0.058890    2.131424 ^ _253_/Y (sky130_fd_sc_hd__nand2_1)
                                                         _080_ (net)
                      0.049910    0.000097    2.131521 ^ _254_/B (sky130_fd_sc_hd__nand2b_1)
     2    0.006692    0.038303    0.046755    2.178276 v _254_/Y (sky130_fd_sc_hd__nand2b_1)
                                                         _081_ (net)
                      0.038318    0.000188    2.178464 v _256_/A (sky130_fd_sc_hd__xnor2_1)
     1    0.005336    0.031610    0.088954    2.267419 v _256_/Y (sky130_fd_sc_hd__xnor2_1)
                                                         net75 (net)
                      0.031610    0.000178    2.267597 v output75/A (sky130_fd_sc_hd__buf_2)
     1    0.034199    0.062699    0.117726    2.385323 v output75/X (sky130_fd_sc_hd__buf_2)
                                                         c[19] (net)
                      0.062707    0.000717    2.386040 v c[19] (out)
                                              2.386040   data arrival time

                      0.000000    0.000000    0.000000   clock clk (rise edge)
                                  0.000000    0.000000   clock network delay (ideal)
                                  0.250000    0.250000   clock uncertainty
                                  0.000000    0.250000   clock reconvergence pessimism
                                 -2.000000   -1.750000   output external delay
                                             -1.750000   data required time
---------------------------------------------------------------------------------------------
                                             -1.750000   data required time
                                             -2.386040   data arrival time
---------------------------------------------------------------------------------------------
                                              4.136040   slack (MET)


Startpoint: b[16] (input port clocked by clk)
Endpoint: c[17] (output port clocked by clk)
Path Group: clk
Path Type: min

Fanout         Cap        Slew       Delay        Time   Description
---------------------------------------------------------------------------------------------
                      0.000000    0.000000    0.000000   clock clk (rise edge)
                                  0.000000    0.000000   clock network delay (ideal)
                                  2.000000    2.000000 ^ input external delay
     1    0.002829    0.014018    0.007315    2.007315 ^ b[16] (in)
                                                         b[16] (net)
                      0.014018    0.000000    2.007315 ^ input40/A (sky130_fd_sc_hd__clkbuf_1)
     2    0.008357    0.078712    0.080289    2.087604 ^ input40/X (sky130_fd_sc_hd__clkbuf_1)
                                                         net40 (net)
                      0.078714    0.000292    2.087896 ^ _238_/B (sky130_fd_sc_hd__nand2_1)
     3    0.010445    0.053066    0.063443    2.151339 v _238_/Y (sky130_fd_sc_hd__nand2_1)
                                                         _068_ (net)
                      0.053085    0.000236    2.151575 v _244_/B1 (sky130_fd_sc_hd__o21ai_1)
     1    0.005050    0.059538    0.068932    2.220507 ^ _244_/Y (sky130_fd_sc_hd__o21ai_1)
                                                         _073_ (net)
                      0.059538    0.000148    2.220655 ^ _245_/B (sky130_fd_sc_hd__xnor2_1)
     1    0.005210    0.033010    0.046917    2.267572 v _245_/Y (sky130_fd_sc_hd__xnor2_1)
                                                         net73 (net)
                      0.033010    0.000177    2.267749 v output73/A (sky130_fd_sc_hd__buf_2)
     1    0.034209    0.062714    0.118300    2.386049 v output73/X (sky130_fd_sc_hd__buf_2)
                                                         c[17] (net)
                      0.062722    0.000717    2.386766 v c[17] (out)
                                              2.386766   data arrival time

                      0.000000    0.000000    0.000000   clock clk (rise edge)
                                  0.000000    0.000000   clock network delay (ideal)
                                  0.250000    0.250000   clock uncertainty
                                  0.000000    0.250000   clock reconvergence pessimism
                                 -2.000000   -1.750000   output external delay
                                             -1.750000   data required time
---------------------------------------------------------------------------------------------
                                             -1.750000   data required time
                                             -2.386766   data arrival time
---------------------------------------------------------------------------------------------
                                              4.136765   slack (MET)


Startpoint: b[18] (input port clocked by clk)
Endpoint: c[18] (output port clocked by clk)
Path Group: clk
Path Type: min

Fanout         Cap        Slew       Delay        Time   Description
---------------------------------------------------------------------------------------------
                      0.000000    0.000000    0.000000   clock clk (rise edge)
                                  0.000000    0.000000   clock network delay (ideal)
                                  2.000000    2.000000 ^ input external delay
     1    0.002809    0.013946    0.007260    2.007260 ^ b[18] (in)
                                                         b[18] (net)
                      0.013946    0.000000    2.007260 ^ input42/A (sky130_fd_sc_hd__clkbuf_1)
     2    0.007069    0.067825    0.072769    2.080029 ^ input42/X (sky130_fd_sc_hd__clkbuf_1)
                                                         net42 (net)
                      0.067826    0.000195    2.080224 ^ _247_/B (sky130_fd_sc_hd__nand2_1)
     3    0.008962    0.046820    0.055868    2.136092 v _247_/Y (sky130_fd_sc_hd__nand2_1)
                                                         _075_ (net)
                      0.046820    0.000189    2.136281 v _248_/B (sky130_fd_sc_hd__nand2_1)
     2    0.008050    0.061511    0.073625    2.209906 ^ _248_/Y (sky130_fd_sc_hd__nand2_1)
                                                         _076_ (net)
                      0.061512    0.000215    2.210121 ^ _251_/A (sky130_fd_sc_hd__xnor2_1)
     1    0.007565    0.041684    0.060886    2.271007 v _251_/Y (sky130_fd_sc_hd__xnor2_1)
                                                         net74 (net)
                      0.041705    0.000354    2.271361 v output74/A (sky130_fd_sc_hd__buf_2)
     1    0.034406    0.063019    0.122013    2.393374 v output74/X (sky130_fd_sc_hd__buf_2)
                                                         c[18] (net)
                      0.063028    0.000747    2.394121 v c[18] (out)
                                              2.394121   data arrival time

                      0.000000    0.000000    0.000000   clock clk (rise edge)
                                  0.000000    0.000000   clock network delay (ideal)
                                  0.250000    0.250000   clock uncertainty
                                  0.000000    0.250000   clock reconvergence pessimism
                                 -2.000000   -1.750000   output external delay
                                             -1.750000   data required time
---------------------------------------------------------------------------------------------
                                             -1.750000   data required time
                                             -2.394121   data arrival time
---------------------------------------------------------------------------------------------
                                              4.144122   slack (MET)


Startpoint: b[4] (input port clocked by clk)
Endpoint: c[4] (output port clocked by clk)
Path Group: clk
Path Type: min

Fanout         Cap        Slew       Delay        Time   Description
---------------------------------------------------------------------------------------------
                      0.000000    0.000000    0.000000   clock clk (rise edge)
                                  0.000000    0.000000   clock network delay (ideal)
                                  2.000000    2.000000 ^ input external delay
     1    0.002885    0.014218    0.007461    2.007461 ^ b[4] (in)
                                                         b[4] (net)
                      0.014218    0.000000    2.007461 ^ input59/A (sky130_fd_sc_hd__buf_1)
     3    0.014516    0.131011    0.116119    2.123580 ^ input59/X (sky130_fd_sc_hd__buf_1)
                                                         net59 (net)
                      0.131014    0.000564    2.124145 ^ _170_/B (sky130_fd_sc_hd__xor2_1)
     2    0.006325    0.034949    0.060869    2.185014 v _170_/X (sky130_fd_sc_hd__xor2_1)
                                                         _003_ (net)
                      0.034950    0.000179    2.185192 v _342_/A (sky130_fd_sc_hd__nor2_1)
     1    0.003434    0.060218    0.071770    2.256962 ^ _342_/Y (sky130_fd_sc_hd__nor2_1)
                                                         _152_ (net)
                      0.060218    0.000105    2.257067 ^ _343_/B (sky130_fd_sc_hd__nor2_1)
     1    0.003751    0.024098    0.027996    2.285063 v _343_/Y (sky130_fd_sc_hd__nor2_1)
                                                         net91 (net)
                      0.024098    0.000131    2.285194 v output91/A (sky130_fd_sc_hd__buf_2)
     1    0.033946    0.062285    0.114469    2.399663 v output91/X (sky130_fd_sc_hd__buf_2)
                                                         c[4] (net)
                      0.062290    0.000614    2.400277 v c[4] (out)
                                              2.400277   data arrival time

                      0.000000    0.000000    0.000000   clock clk (rise edge)
                                  0.000000    0.000000   clock network delay (ideal)
                                  0.250000    0.250000   clock uncertainty
                                  0.000000    0.250000   clock reconvergence pessimism
                                 -2.000000   -1.750000   output external delay
                                             -1.750000   data required time
---------------------------------------------------------------------------------------------
                                             -1.750000   data required time
                                             -2.400277   data arrival time
---------------------------------------------------------------------------------------------
                                              4.150278   slack (MET)


Startpoint: a[28] (input port clocked by clk)
Endpoint: c[29] (output port clocked by clk)
Path Group: clk
Path Type: min

Fanout         Cap        Slew       Delay        Time   Description
---------------------------------------------------------------------------------------------
                      0.000000    0.000000    0.000000   clock clk (rise edge)
                                  0.000000    0.000000   clock network delay (ideal)
                                  2.000000    2.000000 ^ input external delay
     1    0.002911    0.014311    0.007530    2.007529 ^ a[28] (in)
                                                         a[28] (net)
                      0.014311    0.000000    2.007529 ^ input21/A (sky130_fd_sc_hd__clkbuf_1)
     2    0.005070    0.050972    0.061170    2.068700 ^ input21/X (sky130_fd_sc_hd__clkbuf_1)
                                                         net21 (net)
                      0.050972    0.000167    2.068867 ^ _312_/A (sky130_fd_sc_hd__nand2_1)
     2    0.007841    0.039778    0.045775    2.114642 v _312_/Y (sky130_fd_sc_hd__nand2_1)
                                                         _130_ (net)
                      0.039792    0.000218    2.114861 v _313_/A (sky130_fd_sc_hd__inv_2)
     2    0.008229    0.034181    0.044239    2.159099 ^ _313_/Y (sky130_fd_sc_hd__inv_2)
                                                         _131_ (net)
                      0.034181    0.000168    2.159268 ^ _323_/B1 (sky130_fd_sc_hd__a21o_1)
     1    0.005921    0.044572    0.060603    2.219870 ^ _323_/X (sky130_fd_sc_hd__a21o_1)
                                                         _140_ (net)
                      0.044572    0.000198    2.220068 ^ _324_/B (sky130_fd_sc_hd__xnor2_1)
     1    0.008961    0.046611    0.056533    2.276601 v _324_/Y (sky130_fd_sc_hd__xnor2_1)
                                                         net86 (net)
                      0.046619    0.000502    2.277103 v output86/A (sky130_fd_sc_hd__buf_2)
     1    0.034158    0.062636    0.123694    2.400798 v output86/X (sky130_fd_sc_hd__buf_2)
                                                         c[29] (net)
                      0.062644    0.000706    2.401504 v c[29] (out)
                                              2.401504   data arrival time

                      0.000000    0.000000    0.000000   clock clk (rise edge)
                                  0.000000    0.000000   clock network delay (ideal)
                                  0.250000    0.250000   clock uncertainty
                                  0.000000    0.250000   clock reconvergence pessimism
                                 -2.000000   -1.750000   output external delay
                                             -1.750000   data required time
---------------------------------------------------------------------------------------------
                                             -1.750000   data required time
                                             -2.401504   data arrival time
---------------------------------------------------------------------------------------------
                                              4.151503   slack (MET)


Startpoint: a[10] (input port clocked by clk)
Endpoint: c[11] (output port clocked by clk)
Path Group: clk
Path Type: min

Fanout         Cap        Slew       Delay        Time   Description
---------------------------------------------------------------------------------------------
                      0.000000    0.000000    0.000000   clock clk (rise edge)
                                  0.000000    0.000000   clock network delay (ideal)
                                  2.000000    2.000000 ^ input external delay
     1    0.003097    0.014978    0.008022    2.008022 ^ a[10] (in)
                                                         a[10] (net)
                      0.014983    0.000000    2.008022 ^ input2/A (sky130_fd_sc_hd__clkbuf_1)
     2    0.005642    0.055783    0.064698    2.072719 ^ input2/X (sky130_fd_sc_hd__clkbuf_1)
                                                         net2 (net)
                      0.055803    0.000172    2.072891 ^ _206_/A (sky130_fd_sc_hd__nand2_1)
     3    0.016927    0.076343    0.075387    2.148277 v _206_/Y (sky130_fd_sc_hd__nand2_1)
                                                         _039_ (net)
                      0.076355    0.000808    2.149085 v _357_/B1 (sky130_fd_sc_hd__o21ai_1)
     1    0.004988    0.062208    0.077937    2.227022 ^ _357_/Y (sky130_fd_sc_hd__o21ai_1)
                                                         _160_ (net)
                      0.062208    0.000101    2.227123 ^ _358_/B (sky130_fd_sc_hd__xnor2_1)
     1    0.007601    0.042242    0.056021    2.283145 v _358_/Y (sky130_fd_sc_hd__xnor2_1)
                                                         net67 (net)
                      0.042244    0.000361    2.283506 v output67/A (sky130_fd_sc_hd__buf_2)
     1    0.034321    0.062887    0.122131    2.405637 v output67/X (sky130_fd_sc_hd__buf_2)
                                                         c[11] (net)
                      0.062896    0.000733    2.406370 v c[11] (out)
                                              2.406370   data arrival time

                      0.000000    0.000000    0.000000   clock clk (rise edge)
                                  0.000000    0.000000   clock network delay (ideal)
                                  0.250000    0.250000   clock uncertainty
                                  0.000000    0.250000   clock reconvergence pessimism
                                 -2.000000   -1.750000   output external delay
                                             -1.750000   data required time
---------------------------------------------------------------------------------------------
                                             -1.750000   data required time
                                             -2.406370   data arrival time
---------------------------------------------------------------------------------------------
                                              4.156370   slack (MET)


Startpoint: a[5] (input port clocked by clk)
Endpoint: c[6] (output port clocked by clk)
Path Group: clk
Path Type: min

Fanout         Cap        Slew       Delay        Time   Description
---------------------------------------------------------------------------------------------
                      0.000000    0.000000    0.000000   clock clk (rise edge)
                                  0.000000    0.000000   clock network delay (ideal)
                                  2.000000    2.000000 ^ input external delay
     1    0.002876    0.014187    0.007437    2.007437 ^ a[5] (in)
                                                         a[5] (net)
                      0.014187    0.000000    2.007437 ^ input28/A (sky130_fd_sc_hd__buf_1)
     3    0.007933    0.075089    0.077925    2.085362 ^ input28/X (sky130_fd_sc_hd__buf_1)
                                                         net28 (net)
                      0.075090    0.000117    2.085479 ^ _186_/A (sky130_fd_sc_hd__or2_1)
     3    0.006892    0.055938    0.088871    2.174350 ^ _186_/X (sky130_fd_sc_hd__or2_1)
                                                         _019_ (net)
                      0.055938    0.000149    2.174498 ^ _346_/C1 (sky130_fd_sc_hd__o211a_1)
     2    0.007887    0.056540    0.090803    2.265302 ^ _346_/X (sky130_fd_sc_hd__o211a_1)
                                                         _154_ (net)
                      0.056540    0.000220    2.265522 ^ _348_/A (sky130_fd_sc_hd__nor2_1)
     1    0.003001    0.024061    0.029922    2.295444 v _348_/Y (sky130_fd_sc_hd__nor2_1)
                                                         net93 (net)
                      0.024061    0.000093    2.295536 v output93/A (sky130_fd_sc_hd__buf_2)
     1    0.033940    0.062277    0.114448    2.409984 v output93/X (sky130_fd_sc_hd__buf_2)
                                                         c[6] (net)
                      0.062283    0.000614    2.410598 v c[6] (out)
                                              2.410598   data arrival time

                      0.000000    0.000000    0.000000   clock clk (rise edge)
                                  0.000000    0.000000   clock network delay (ideal)
                                  0.250000    0.250000   clock uncertainty
                                  0.000000    0.250000   clock reconvergence pessimism
                                 -2.000000   -1.750000   output external delay
                                             -1.750000   data required time
---------------------------------------------------------------------------------------------
                                             -1.750000   data required time
                                             -2.410598   data arrival time
---------------------------------------------------------------------------------------------
                                              4.160598   slack (MET)


Startpoint: a[14] (input port clocked by clk)
Endpoint: c[14] (output port clocked by clk)
Path Group: clk
Path Type: min

Fanout         Cap        Slew       Delay        Time   Description
---------------------------------------------------------------------------------------------
                      0.000000    0.000000    0.000000   clock clk (rise edge)
                                  0.000000    0.000000   clock network delay (ideal)
                                  2.000000    2.000000 ^ input external delay
     1    0.002980    0.014557    0.007709    2.007709 ^ a[14] (in)
                                                         a[14] (net)
                      0.014562    0.000000    2.007709 ^ input6/A (sky130_fd_sc_hd__buf_1)
     3    0.009325    0.086806    0.086131    2.093840 ^ input6/X (sky130_fd_sc_hd__buf_1)
                                                         net6 (net)
                      0.086807    0.000274    2.094114 ^ _222_/A (sky130_fd_sc_hd__nand2_1)
     2    0.010129    0.053528    0.060870    2.154983 v _222_/Y (sky130_fd_sc_hd__nand2_1)
                                                         _054_ (net)
                      0.053534    0.000477    2.155460 v _223_/B (sky130_fd_sc_hd__nand2_1)
     3    0.011050    0.080599    0.090219    2.245679 ^ _223_/Y (sky130_fd_sc_hd__nand2_1)
                                                         _055_ (net)
                      0.080601    0.000355    2.246034 ^ _225_/A (sky130_fd_sc_hd__xor2_1)
     1    0.004363    0.029267    0.049334    2.295368 v _225_/X (sky130_fd_sc_hd__xor2_1)
                                                         net70 (net)
                      0.029268    0.000147    2.295515 v output70/A (sky130_fd_sc_hd__clkbuf_4)
     1    0.034515    0.056897    0.122430    2.417945 v output70/X (sky130_fd_sc_hd__clkbuf_4)
                                                         c[14] (net)
                      0.056908    0.000789    2.418734 v c[14] (out)
                                              2.418734   data arrival time

                      0.000000    0.000000    0.000000   clock clk (rise edge)
                                  0.000000    0.000000   clock network delay (ideal)
                                  0.250000    0.250000   clock uncertainty
                                  0.000000    0.250000   clock reconvergence pessimism
                                 -2.000000   -1.750000   output external delay
                                             -1.750000   data required time
---------------------------------------------------------------------------------------------
                                             -1.750000   data required time
                                             -2.418734   data arrival time
---------------------------------------------------------------------------------------------
                                              4.168735   slack (MET)


Startpoint: a[10] (input port clocked by clk)
Endpoint: c[10] (output port clocked by clk)
Path Group: clk
Path Type: min

Fanout         Cap        Slew       Delay        Time   Description
---------------------------------------------------------------------------------------------
                      0.000000    0.000000    0.000000   clock clk (rise edge)
                                  0.000000    0.000000   clock network delay (ideal)
                                  2.000000    2.000000 ^ input external delay
     1    0.003097    0.014978    0.008022    2.008022 ^ a[10] (in)
                                                         a[10] (net)
                      0.014983    0.000000    2.008022 ^ input2/A (sky130_fd_sc_hd__clkbuf_1)
     2    0.005642    0.055783    0.064698    2.072719 ^ input2/X (sky130_fd_sc_hd__clkbuf_1)
                                                         net2 (net)
                      0.055803    0.000172    2.072891 ^ _206_/A (sky130_fd_sc_hd__nand2_1)
     3    0.016927    0.076343    0.075387    2.148277 v _206_/Y (sky130_fd_sc_hd__nand2_1)
                                                         _039_ (net)
                      0.076348    0.000486    2.148763 v _208_/A (sky130_fd_sc_hd__nand2_2)
     4    0.020715    0.087291    0.098207    2.246971 ^ _208_/Y (sky130_fd_sc_hd__nand2_2)
                                                         _041_ (net)
                      0.087303    0.000853    2.247823 ^ _356_/A (sky130_fd_sc_hd__xor2_1)
     1    0.006273    0.034772    0.057508    2.305331 v _356_/X (sky130_fd_sc_hd__xor2_1)
                                                         net66 (net)
                      0.034774    0.000266    2.305598 v output66/A (sky130_fd_sc_hd__buf_2)
     1    0.034332    0.062901    0.119151    2.424749 v output66/X (sky130_fd_sc_hd__buf_2)
                                                         c[10] (net)
                      0.062910    0.000733    2.425482 v c[10] (out)
                                              2.425482   data arrival time

                      0.000000    0.000000    0.000000   clock clk (rise edge)
                                  0.000000    0.000000   clock network delay (ideal)
                                  0.250000    0.250000   clock uncertainty
                                  0.000000    0.250000   clock reconvergence pessimism
                                 -2.000000   -1.750000   output external delay
                                             -1.750000   data required time
---------------------------------------------------------------------------------------------
                                             -1.750000   data required time
                                             -2.425482   data arrival time
---------------------------------------------------------------------------------------------
                                              4.175481   slack (MET)


Startpoint: b[26] (input port clocked by clk)
Endpoint: c[26] (output port clocked by clk)
Path Group: clk
Path Type: min

Fanout         Cap        Slew       Delay        Time   Description
---------------------------------------------------------------------------------------------
                      0.000000    0.000000    0.000000   clock clk (rise edge)
                                  0.000000    0.000000   clock network delay (ideal)
                                  2.000000    2.000000 v input external delay
     1    0.002726    0.004611    0.002214    2.002214 v b[26] (in)
                                                         b[26] (net)
                      0.004612    0.000000    2.002214 v input51/A (sky130_fd_sc_hd__clkbuf_1)
     2    0.005225    0.026815    0.054441    2.056654 v input51/X (sky130_fd_sc_hd__clkbuf_1)
                                                         net51 (net)
                      0.026816    0.000143    2.056798 v _298_/B (sky130_fd_sc_hd__nor2_1)
     2    0.007633    0.109318    0.095744    2.152542 ^ _298_/Y (sky130_fd_sc_hd__nor2_1)
                                                         _118_ (net)
                      0.109318    0.000122    2.152664 ^ _301_/A (sky130_fd_sc_hd__or2_1)
     2    0.007442    0.059685    0.097307    2.249971 ^ _301_/X (sky130_fd_sc_hd__or2_1)
                                                         _121_ (net)
                      0.059685    0.000135    2.250106 ^ _305_/A (sky130_fd_sc_hd__xnor2_1)
     1    0.006142    0.036645    0.055372    2.305478 v _305_/Y (sky130_fd_sc_hd__xnor2_1)
                                                         net83 (net)
                      0.036646    0.000235    2.305713 v output83/A (sky130_fd_sc_hd__buf_2)
     1    0.034089    0.062514    0.119649    2.425362 v output83/X (sky130_fd_sc_hd__buf_2)
                                                         c[26] (net)
                      0.062521    0.000656    2.426018 v c[26] (out)
                                              2.426018   data arrival time

                      0.000000    0.000000    0.000000   clock clk (rise edge)
                                  0.000000    0.000000   clock network delay (ideal)
                                  0.250000    0.250000   clock uncertainty
                                  0.000000    0.250000   clock reconvergence pessimism
                                 -2.000000   -1.750000   output external delay
                                             -1.750000   data required time
---------------------------------------------------------------------------------------------
                                             -1.750000   data required time
                                             -2.426018   data arrival time
---------------------------------------------------------------------------------------------
                                              4.176017   slack (MET)


Startpoint: b[16] (input port clocked by clk)
Endpoint: c[16] (output port clocked by clk)
Path Group: clk
Path Type: min

Fanout         Cap        Slew       Delay        Time   Description
---------------------------------------------------------------------------------------------
                      0.000000    0.000000    0.000000   clock clk (rise edge)
                                  0.000000    0.000000   clock network delay (ideal)
                                  2.000000    2.000000 ^ input external delay
     1    0.002829    0.014018    0.007315    2.007315 ^ b[16] (in)
                                                         b[16] (net)
                      0.014018    0.000000    2.007315 ^ input40/A (sky130_fd_sc_hd__clkbuf_1)
     2    0.008357    0.078712    0.080289    2.087604 ^ input40/X (sky130_fd_sc_hd__clkbuf_1)
                                                         net40 (net)
                      0.078714    0.000292    2.087896 ^ _238_/B (sky130_fd_sc_hd__nand2_1)
     3    0.010445    0.053066    0.063443    2.151339 v _238_/Y (sky130_fd_sc_hd__nand2_1)
                                                         _068_ (net)
                      0.053084    0.000155    2.151495 v _239_/B (sky130_fd_sc_hd__nand2_1)
     4    0.015880    0.112489    0.112201    2.263696 ^ _239_/Y (sky130_fd_sc_hd__nand2_1)
                                                         _069_ (net)
                      0.112491    0.000387    2.264083 ^ _240_/B (sky130_fd_sc_hd__xor2_1)
     1    0.005081    0.031298    0.053381    2.317464 v _240_/X (sky130_fd_sc_hd__xor2_1)
                                                         net72 (net)
                      0.031298    0.000171    2.317635 v output72/A (sky130_fd_sc_hd__buf_2)
     1    0.034058    0.062467    0.117468    2.435103 v output72/X (sky130_fd_sc_hd__buf_2)
                                                         c[16] (net)
                      0.062474    0.000655    2.435758 v c[16] (out)
                                              2.435758   data arrival time

                      0.000000    0.000000    0.000000   clock clk (rise edge)
                                  0.000000    0.000000   clock network delay (ideal)
                                  0.250000    0.250000   clock uncertainty
                                  0.000000    0.250000   clock reconvergence pessimism
                                 -2.000000   -1.750000   output external delay
                                             -1.750000   data required time
---------------------------------------------------------------------------------------------
                                             -1.750000   data required time
                                             -2.435758   data arrival time
---------------------------------------------------------------------------------------------
                                              4.185758   slack (MET)


Startpoint: b[12] (input port clocked by clk)
Endpoint: c[12] (output port clocked by clk)
Path Group: clk
Path Type: min

Fanout         Cap        Slew       Delay        Time   Description
---------------------------------------------------------------------------------------------
                      0.000000    0.000000    0.000000   clock clk (rise edge)
                                  0.000000    0.000000   clock network delay (ideal)
                                  2.000000    2.000000 ^ input external delay
     1    0.002698    0.013554    0.006970    2.006970 ^ b[12] (in)
                                                         b[12] (net)
                      0.013554    0.000000    2.006970 ^ input36/A (sky130_fd_sc_hd__clkbuf_1)
     2    0.007624    0.072513    0.075907    2.082877 ^ input36/X (sky130_fd_sc_hd__clkbuf_1)
                                                         net36 (net)
                      0.072514    0.000183    2.083060 ^ _168_/B (sky130_fd_sc_hd__or2_1)
     1    0.003126    0.031312    0.068254    2.151314 ^ _168_/X (sky130_fd_sc_hd__or2_1)
                                                         _001_ (net)
                      0.031312    0.000093    2.151407 ^ _169_/B (sky130_fd_sc_hd__nand2_1)
     3    0.015953    0.071586    0.069655    2.221062 v _169_/Y (sky130_fd_sc_hd__nand2_1)
                                                         _002_ (net)
                      0.071594    0.000636    2.221698 v _359_/A (sky130_fd_sc_hd__xnor2_1)
     1    0.006401    0.035978    0.106917    2.328615 v _359_/Y (sky130_fd_sc_hd__xnor2_1)
                                                         net68 (net)
                      0.035994    0.000256    2.328871 v output68/A (sky130_fd_sc_hd__buf_2)
     1    0.033951    0.062294    0.119242    2.448113 v output68/X (sky130_fd_sc_hd__buf_2)
                                                         c[12] (net)
                      0.062300    0.000614    2.448727 v c[12] (out)
                                              2.448727   data arrival time

                      0.000000    0.000000    0.000000   clock clk (rise edge)
                                  0.000000    0.000000   clock network delay (ideal)
                                  0.250000    0.250000   clock uncertainty
                                  0.000000    0.250000   clock reconvergence pessimism
                                 -2.000000   -1.750000   output external delay
                                             -1.750000   data required time
---------------------------------------------------------------------------------------------
                                             -1.750000   data required time
                                             -2.448727   data arrival time
---------------------------------------------------------------------------------------------
                                              4.198727   slack (MET)


Startpoint: b[20] (input port clocked by clk)
Endpoint: c[20] (output port clocked by clk)
Path Group: clk
Path Type: min

Fanout         Cap        Slew       Delay        Time   Description
---------------------------------------------------------------------------------------------
                      0.000000    0.000000    0.000000   clock clk (rise edge)
                                  0.000000    0.000000   clock network delay (ideal)
                                  2.000000    2.000000 ^ input external delay
     1    0.002837    0.014049    0.007337    2.007337 ^ b[20] (in)
                                                         b[20] (net)
                      0.014049    0.000000    2.007337 ^ input45/A (sky130_fd_sc_hd__clkbuf_1)
     2    0.008159    0.077046    0.079148    2.086485 ^ input45/X (sky130_fd_sc_hd__clkbuf_1)
                                                         net45 (net)
                      0.077048    0.000282    2.086768 ^ _257_/B (sky130_fd_sc_hd__or2_1)
     1    0.002971    0.030445    0.068155    2.154923 ^ _257_/X (sky130_fd_sc_hd__or2_1)
                                                         _083_ (net)
                      0.030445    0.000063    2.154986 ^ _259_/A (sky130_fd_sc_hd__nand2_1)
     3    0.006850    0.034585    0.037760    2.192746 v _259_/Y (sky130_fd_sc_hd__nand2_1)
                                                         _085_ (net)
                      0.034586    0.000147    2.192893 v _265_/A (sky130_fd_sc_hd__nand2_1)
     1    0.001959    0.023717    0.034391    2.227284 ^ _265_/Y (sky130_fd_sc_hd__nand2_1)
                                                         _091_ (net)
                      0.023717    0.000038    2.227322 ^ _266_/B (sky130_fd_sc_hd__and2_1)
     1    0.005034    0.046950    0.081450    2.308771 ^ _266_/X (sky130_fd_sc_hd__and2_1)
                                                         net77 (net)
                      0.046950    0.000149    2.308921 ^ output77/A (sky130_fd_sc_hd__buf_2)
     1    0.034166    0.127810    0.141773    2.450694 ^ output77/X (sky130_fd_sc_hd__buf_2)
                                                         c[20] (net)
                      0.127816    0.000706    2.451400 ^ c[20] (out)
                                              2.451400   data arrival time

                      0.000000    0.000000    0.000000   clock clk (rise edge)
                                  0.000000    0.000000   clock network delay (ideal)
                                  0.250000    0.250000   clock uncertainty
                                  0.000000    0.250000   clock reconvergence pessimism
                                 -2.000000   -1.750000   output external delay
                                             -1.750000   data required time
---------------------------------------------------------------------------------------------
                                             -1.750000   data required time
                                             -2.451400   data arrival time
---------------------------------------------------------------------------------------------
                                              4.201400   slack (MET)


Startpoint: b[8] (input port clocked by clk)
Endpoint: c[8] (output port clocked by clk)
Path Group: clk
Path Type: min

Fanout         Cap        Slew       Delay        Time   Description
---------------------------------------------------------------------------------------------
                      0.000000    0.000000    0.000000   clock clk (rise edge)
                                  0.000000    0.000000   clock network delay (ideal)
                                  2.000000    2.000000 ^ input external delay
     1    0.002925    0.014361    0.007567    2.007567 ^ b[8] (in)
                                                         b[8] (net)
                      0.014361    0.000000    2.007567 ^ input63/A (sky130_fd_sc_hd__clkbuf_1)
     2    0.006929    0.066655    0.072041    2.079607 ^ input63/X (sky130_fd_sc_hd__clkbuf_1)
                                                         net63 (net)
                      0.066656    0.000247    2.079854 ^ _202_/B (sky130_fd_sc_hd__nand2_1)
     4    0.012966    0.061212    0.068733    2.148588 v _202_/Y (sky130_fd_sc_hd__nand2_1)
                                                         _035_ (net)
                      0.061213    0.000220    2.148808 v _204_/A (sky130_fd_sc_hd__and2_1)
     2    0.007062    0.035997    0.108465    2.257273 v _204_/X (sky130_fd_sc_hd__and2_1)
                                                         _037_ (net)
                      0.035997    0.000112    2.257386 v _205_/A (sky130_fd_sc_hd__inv_2)
     2    0.009639    0.038249    0.046041    2.303427 ^ _205_/Y (sky130_fd_sc_hd__inv_2)
                                                         _038_ (net)
                      0.038252    0.000262    2.303689 ^ _352_/B (sky130_fd_sc_hd__xnor2_1)
     1    0.004846    0.029375    0.041214    2.344903 v _352_/Y (sky130_fd_sc_hd__xnor2_1)
                                                         net95 (net)
                      0.029375    0.000141    2.345044 v output95/A (sky130_fd_sc_hd__buf_2)
     1    0.033945    0.062285    0.116583    2.461627 v output95/X (sky130_fd_sc_hd__buf_2)
                                                         c[8] (net)
                      0.062291    0.000614    2.462241 v c[8] (out)
                                              2.462241   data arrival time

                      0.000000    0.000000    0.000000   clock clk (rise edge)
                                  0.000000    0.000000   clock network delay (ideal)
                                  0.250000    0.250000   clock uncertainty
                                  0.000000    0.250000   clock reconvergence pessimism
                                 -2.000000   -1.750000   output external delay
                                             -1.750000   data required time
---------------------------------------------------------------------------------------------
                                             -1.750000   data required time
                                             -2.462241   data arrival time
---------------------------------------------------------------------------------------------
                                              4.212241   slack (MET)



