
===========================================================================
report_checks -unconstrained
===========================================================================
======================= nom_tt_025C_1v80 Corner ===================================

Startpoint: a[14] (input port clocked by clk)
Endpoint: c[31] (output port clocked by clk)
Path Group: clk
Path Type: max

Fanout         Cap        Slew       Delay        Time   Description
---------------------------------------------------------------------------------------------
                      0.000000    0.000000    0.000000   clock clk (rise edge)
                                  0.000000    0.000000   clock network delay (ideal)
                                  2.000000    2.000000 ^ input external delay
     1    0.002913    0.020216    0.010712    2.010712 ^ a[14] (in)
                                                         a[14] (net)
                      0.020216    0.000000    2.010712 ^ input6/A (sky130_fd_sc_hd__buf_1)
     3    0.009160    0.115124    0.122477    2.133189 ^ input6/X (sky130_fd_sc_hd__buf_1)
                                                         net6 (net)
                      0.115125    0.000214    2.133403 ^ _221_/A (sky130_fd_sc_hd__or2_1)
     1    0.009225    0.095344    0.155380    2.288783 ^ _221_/X (sky130_fd_sc_hd__or2_1)
                                                         _053_ (net)
                      0.095344    0.000370    2.289153 ^ _223_/A (sky130_fd_sc_hd__nand2_1)
     3    0.010303    0.082504    0.100204    2.389357 v _223_/Y (sky130_fd_sc_hd__nand2_1)
                                                         _055_ (net)
                      0.082532    0.000323    2.389680 v _229_/A (sky130_fd_sc_hd__or2_1)
     2    0.010022    0.080082    0.275382    2.665061 v _229_/X (sky130_fd_sc_hd__or2_1)
                                                         _059_ (net)
                      0.080083    0.000493    2.665555 v _230_/C (sky130_fd_sc_hd__or3_1)
     2    0.010345    0.105067    0.368408    3.033962 v _230_/X (sky130_fd_sc_hd__or3_1)
                                                         _060_ (net)
                      0.105067    0.000379    3.034341 v _231_/B (sky130_fd_sc_hd__nor2_1)
     1    0.010316    0.199607    0.196560    3.230901 ^ _231_/Y (sky130_fd_sc_hd__nor2_1)
                                                         _061_ (net)
                      0.199608    0.000316    3.231217 ^ _236_/A2 (sky130_fd_sc_hd__a21oi_4)
     5    0.027546    0.085046    0.120131    3.351349 v _236_/Y (sky130_fd_sc_hd__a21oi_4)
                                                         _066_ (net)
                      0.085167    0.002544    3.353892 v _288_/A1 (sky130_fd_sc_hd__o31a_2)
     4    0.023459    0.098527    0.418603    3.772495 v _288_/X (sky130_fd_sc_hd__o31a_2)
                                                         _110_ (net)
                      0.098531    0.000764    3.773259 v _318_/A1 (sky130_fd_sc_hd__o31ai_4)
     3    0.014807    0.258601    0.324961    4.098220 ^ _318_/Y (sky130_fd_sc_hd__o31ai_4)
                                                         _136_ (net)
                      0.258601    0.000552    4.098772 ^ _328_/A2 (sky130_fd_sc_hd__a211oi_2)
     2    0.010514    0.090423    0.138350    4.237122 v _328_/Y (sky130_fd_sc_hd__a211oi_2)
                                                         _144_ (net)
                      0.090424    0.000569    4.237691 v _331_/A3 (sky130_fd_sc_hd__o31a_1)
     1    0.005111    0.057359    0.261462    4.499153 v _331_/X (sky130_fd_sc_hd__o31a_1)
                                                         _146_ (net)
                      0.057359    0.000160    4.499313 v _333_/A (sky130_fd_sc_hd__xnor2_1)
     1    0.002410    0.108331    0.143154    4.642467 ^ _333_/Y (sky130_fd_sc_hd__xnor2_1)
                                                         net89 (net)
                      0.108331    0.000069    4.642537 ^ output89/A (sky130_fd_sc_hd__buf_2)
     1    0.034158    0.170009    0.221023    4.863560 ^ output89/X (sky130_fd_sc_hd__buf_2)
                                                         c[31] (net)
                      0.170010    0.000707    4.864266 ^ c[31] (out)
                                              4.864266   data arrival time

                      0.000000   10.000000   10.000000   clock clk (rise edge)
                                  0.000000   10.000000   clock network delay (ideal)
                                 -0.250000    9.750000   clock uncertainty
                                  0.000000    9.750000   clock reconvergence pessimism
                                 -2.000000    7.750000   output external delay
                                              7.750000   data required time
---------------------------------------------------------------------------------------------
                                              7.750000   data required time
                                             -4.864266   data arrival time
---------------------------------------------------------------------------------------------
                                              2.885734   slack (MET)




===========================================================================
report_checks --slack_max -0.01
============================================================================
======================= nom_tt_025C_1v80 Corner ===================================

No paths found.


===========================================================================
 report_check_types -max_slew -max_cap -max_fanout -violators
============================================================================
======================= nom_tt_025C_1v80 Corner ===================================



===========================================================================
report_parasitic_annotation -report_unannotated
============================================================================
Found 0 unannotated drivers.
Found 0 partially unannotated drivers.

===========================================================================
max slew violation count 0
max fanout violation count 0
max cap violation count 0
============================================================================

===========================================================================
check_setup -verbose -unconstrained_endpoints -multiple_clock -no_clock -no_input_delay -loops -generated_clocks
===========================================================================
