Reading OpenROAD database at '/home/vu/RISCV_Pipeline_Core/src/runs/RUN_2025-04-26_14-05-49/24-openroad-ioplacement/PC_Adder.odb'…
Reading library file at '/home/vu/.volare/volare/sky130/versions/bdc9412b3e468c102d01b7cf6337be06ec6e9c9a/sky130A/libs.ref/sky130_fd_sc_hd/lib/sky130_fd_sc_hd__tt_025C_1v80.lib'…
Reading design constraints file at '/nix/store/m4202q1n7la2bph83v3h11q6mfrcazx4-python3-3.11.9-env/lib/python3.11/site-packages/openlane/scripts/base.sdc'…
[WARNING STA-0366] port 'clk' not found.
[INFO] Using clock clk…
[INFO] Setting output delay to: 2.0
[INFO] Setting input delay to: 2.0
[WARNING STA-0366] port 'clk' not found.
[INFO] Setting load to: 0.033442
[INFO] Setting clock uncertainty to: 0.25
[INFO] Setting clock transition to: 0.1499999999999999944488848768742172978818416595458984375
[WARNING STA-0419] transition time can not be specified for virtual clocks.
[INFO] Setting timing derate to: 5%
[INFO] Setting RC values…
[INFO] Setting signal min routing layer to: met1 and clock min routing layer to met1. 
[INFO] Setting signal max routing layer to: met5 and clock max routing layer to met5. 
[INFO GPL-0002] DBU: 1000
[INFO GPL-0003] SiteSize: (  0.460  2.720 ) um
[INFO GPL-0004] CoreBBox: (  5.520 10.880 ) ( 144.440 187.680 ) um
[INFO GPL-0006] NumInstances:               661
[INFO GPL-0007] NumPlaceInstances:          196
[INFO GPL-0008] NumFixedInstances:          465
[INFO GPL-0009] NumDummyInstances:            0
[INFO GPL-0010] NumNets:                    260
[INFO GPL-0011] NumPins:                    758
[INFO GPL-0012] DieBBox:  (  0.000  0.000 ) ( 150.000 200.000 ) um
[INFO GPL-0013] CoreBBox: (  5.520 10.880 ) ( 144.440 187.680 ) um
[INFO GPL-0016] CoreArea:             24561.056 um^2
[INFO GPL-0017] NonPlaceInstsArea:      907.120 um^2
[INFO GPL-0018] PlaceInstsArea:        1710.390 um^2
[INFO GPL-0019] Util:                     7.231 %
[INFO GPL-0020] StdInstsArea:          1710.390 um^2
[INFO GPL-0021] MacroInstsArea:           0.000 um^2
[InitialPlace]  Iter: 1 CG residual: 0.00000008 HPWL: 8866934
[InitialPlace]  Iter: 2 CG residual: 0.00000010 HPWL: 8595522
[InitialPlace]  Iter: 3 CG residual: 0.00000009 HPWL: 6858804
[InitialPlace]  Iter: 4 CG residual: 0.00000010 HPWL: 6292760
[InitialPlace]  Iter: 5 CG residual: 0.00000012 HPWL: 6048732
[INFO GPL-0031] FillerInit:NumGCells:       514
[INFO GPL-0032] FillerInit:NumGNets:        260
[INFO GPL-0033] FillerInit:NumGPins:        758
[INFO GPL-0023] TargetDensity:            0.187
[INFO GPL-0024] AvrgPlaceInstArea:        8.726 um^2
[INFO GPL-0025] IdealBinArea:            46.740 um^2
[INFO GPL-0026] IdealBinCnt:                525
[INFO GPL-0027] TotalBinArea:         24561.056 um^2
[INFO GPL-0028] BinCnt:        16     16
[INFO GPL-0029] BinSize: (  8.683 11.050 )
[INFO GPL-0030] NumBins: 256
[NesterovSolve] Iter:    1 overflow: 0.425 HPWL: 5632973
[INFO GPL-0100] worst slack 2.79e-09
[INFO GPL-0103] Weighted 24 nets.
[NesterovSolve] Snapshot saved at iter = 0
[NesterovSolve] Iter:   10 overflow: 0.387 HPWL: 5377213
[NesterovSolve] Iter:   20 overflow: 0.400 HPWL: 5375664
[NesterovSolve] Iter:   30 overflow: 0.398 HPWL: 5374785
[NesterovSolve] Iter:   40 overflow: 0.397 HPWL: 5372020
[NesterovSolve] Iter:   50 overflow: 0.398 HPWL: 5372341
[NesterovSolve] Iter:   60 overflow: 0.398 HPWL: 5373402
[NesterovSolve] Iter:   70 overflow: 0.397 HPWL: 5373094
[NesterovSolve] Iter:   80 overflow: 0.397 HPWL: 5373604
[NesterovSolve] Iter:   90 overflow: 0.397 HPWL: 5375120
[NesterovSolve] Iter:  100 overflow: 0.397 HPWL: 5376581
[NesterovSolve] Iter:  110 overflow: 0.397 HPWL: 5379570
[NesterovSolve] Iter:  120 overflow: 0.397 HPWL: 5383936
[NesterovSolve] Iter:  130 overflow: 0.396 HPWL: 5388155
[NesterovSolve] Iter:  140 overflow: 0.395 HPWL: 5389318
[NesterovSolve] Iter:  150 overflow: 0.394 HPWL: 5384902
[NesterovSolve] Iter:  160 overflow: 0.392 HPWL: 5387159
[NesterovSolve] Iter:  170 overflow: 0.388 HPWL: 5394356
[NesterovSolve] Iter:  180 overflow: 0.381 HPWL: 5399489
[NesterovSolve] Iter:  190 overflow: 0.372 HPWL: 5406807
[NesterovSolve] Iter:  200 overflow: 0.359 HPWL: 5428705
[NesterovSolve] Iter:  210 overflow: 0.340 HPWL: 5460471
[NesterovSolve] Iter:  220 overflow: 0.322 HPWL: 5494489
[NesterovSolve] Iter:  230 overflow: 0.300 HPWL: 5525619
[INFO GPL-0100] worst slack 2.86e-09
[INFO GPL-0103] Weighted 24 nets.
[NesterovSolve] Iter:  240 overflow: 0.267 HPWL: 5546863
[NesterovSolve] Iter:  250 overflow: 0.235 HPWL: 5602476
[NesterovSolve] Iter:  260 overflow: 0.211 HPWL: 5626780
[INFO GPL-0100] worst slack 2.64e-09
[INFO GPL-0103] Weighted 25 nets.
[INFO GPL-0075] Routability numCall: 1 inflationIterCnt: 1 bloatIterCnt: 0
[INFO GPL-0036] TileBBox: (    0    0 ) ( 6900 6900 ) DBU
[INFO GPL-0038] TileCnt:      21   28
[INFO GPL-0039] numRoutingLayers: 6
[INFO GPL-0040] NumTiles: 588
[INFO GPL-0063] TotalRouteOverflowH2: 0
[INFO GPL-0064] TotalRouteOverflowV2: 0
[INFO GPL-0065] OverflowTileCnt2: 0
[INFO GPL-0066] 0.5%RC: 0.8778
[INFO GPL-0067] 1.0%RC: 0.8333
[INFO GPL-0068] 2.0%RC: 0.7722
[INFO GPL-0069] 5.0%RC: 0.6898
[INFO GPL-0070] 0.5rcK: 1
[INFO GPL-0071] 1.0rcK: 1
[INFO GPL-0072] 2.0rcK: 0
[INFO GPL-0073] 5.0rcK: 0
[INFO GPL-0074] FinalRC: 0.8556
[INFO GPL-0077] FinalRC lower than targetRC(1), routability not needed.
[NesterovSolve] Iter:  270 overflow: 0.195 HPWL: 5711696
[NesterovSolve] Iter:  280 overflow: 0.178 HPWL: 5792978
[NesterovSolve] Iter:  290 overflow: 0.151 HPWL: 5822809
[INFO GPL-0100] worst slack 2.85e-09
[INFO GPL-0103] Weighted 25 nets.
[NesterovSolve] Iter:  300 overflow: 0.121 HPWL: 5887186
[NesterovSolve] Iter:  310 overflow: 0.100 HPWL: 5891178
[NesterovSolve] Finished with Overflow: 0.098183
[INFO] Setting RC values…
Setting global connections for newly added cells…
[INFO] Setting global connections...
Writing OpenROAD database to '/home/vu/RISCV_Pipeline_Core/src/runs/RUN_2025-04-26_14-05-49/27-openroad-globalplacement/PC_Adder.odb'…
Writing netlist to '/home/vu/RISCV_Pipeline_Core/src/runs/RUN_2025-04-26_14-05-49/27-openroad-globalplacement/PC_Adder.nl.v'…
Writing powered netlist to '/home/vu/RISCV_Pipeline_Core/src/runs/RUN_2025-04-26_14-05-49/27-openroad-globalplacement/PC_Adder.pnl.v'…
Writing layout to '/home/vu/RISCV_Pipeline_Core/src/runs/RUN_2025-04-26_14-05-49/27-openroad-globalplacement/PC_Adder.def'…
Writing timing constraints to '/home/vu/RISCV_Pipeline_Core/src/runs/RUN_2025-04-26_14-05-49/27-openroad-globalplacement/PC_Adder.sdc'…
