Reading technology LEF file at '/home/vu/.volare/volare/sky130/versions/bdc9412b3e468c102d01b7cf6337be06ec6e9c9a/sky130A/libs.ref/sky130_fd_sc_hd/techlef/sky130_fd_sc_hd__nom.tlef'…
[INFO ODB-0227] LEF file: /home/vu/.volare/volare/sky130/versions/bdc9412b3e468c102d01b7cf6337be06ec6e9c9a/sky130A/libs.ref/sky130_fd_sc_hd/techlef/sky130_fd_sc_hd__nom.tlef, created 13 layers, 25 vias
Reading cell LEF file at '/home/vu/.volare/volare/sky130/versions/bdc9412b3e468c102d01b7cf6337be06ec6e9c9a/sky130A/libs.ref/sky130_fd_sc_hd/lef/sky130_ef_sc_hd.lef'…
[WARNING ODB-0220] WARNING (LEFPARS-2008): NOWIREEXTENSIONATPIN statement is obsolete in version 5.6 or later.
The NOWIREEXTENSIONATPIN statement will be ignored. See file /home/vu/.volare/volare/sky130/versions/bdc9412b3e468c102d01b7cf6337be06ec6e9c9a/sky130A/libs.ref/sky130_fd_sc_hd/lef/sky130_ef_sc_hd.lef at line 2.

[INFO ODB-0227] LEF file: /home/vu/.volare/volare/sky130/versions/bdc9412b3e468c102d01b7cf6337be06ec6e9c9a/sky130A/libs.ref/sky130_fd_sc_hd/lef/sky130_ef_sc_hd.lef, created 4 library cells
Reading cell LEF file at '/home/vu/.volare/volare/sky130/versions/bdc9412b3e468c102d01b7cf6337be06ec6e9c9a/sky130A/libs.ref/sky130_fd_sc_hd/lef/sky130_fd_sc_hd.lef'…
[WARNING ODB-0220] WARNING (LEFPARS-2008): NOWIREEXTENSIONATPIN statement is obsolete in version 5.6 or later.
The NOWIREEXTENSIONATPIN statement will be ignored. See file /home/vu/.volare/volare/sky130/versions/bdc9412b3e468c102d01b7cf6337be06ec6e9c9a/sky130A/libs.ref/sky130_fd_sc_hd/lef/sky130_fd_sc_hd.lef at line 2.

[INFO ODB-0227] LEF file: /home/vu/.volare/volare/sky130/versions/bdc9412b3e468c102d01b7cf6337be06ec6e9c9a/sky130A/libs.ref/sky130_fd_sc_hd/lef/sky130_fd_sc_hd.lef, created 437 library cells
[INFO ODB-0127] Reading DEF file: /home/vu/RISCV_Pipeline_Core/src/runs/RUN_2025-04-26_14-05-49/50-openroad-fillinsertion/PC_Adder.def
[INFO ODB-0128] Design: PC_Adder
[INFO ODB-0130]     Created 98 pins.
[INFO ODB-0131]     Created 2798 components and 11376 component-terminals.
[INFO ODB-0132]     Created 2 special nets and 10522 connections.
[INFO ODB-0133]     Created 356 nets and 854 connections.
[INFO ODB-0134] Finished DEF file: /home/vu/RISCV_Pipeline_Core/src/runs/RUN_2025-04-26_14-05-49/50-openroad-fillinsertion/PC_Adder.def
Using RCX ruleset '/home/vu/.volare/volare/sky130/versions/bdc9412b3e468c102d01b7cf6337be06ec6e9c9a/sky130A/libs.tech/openlane/rules.openrcx.sky130A.nom.calibre'…
[INFO RCX-0431] Defined process_corner CURRENT_CORNER with ext_model_index 0
[INFO RCX-0029] Defined extraction corner CURRENT_CORNER
[INFO RCX-0008] extracting parasitics of PC_Adder ...
[INFO RCX-0435] Reading extraction model file /home/vu/.volare/volare/sky130/versions/bdc9412b3e468c102d01b7cf6337be06ec6e9c9a/sky130A/libs.tech/openlane/rules.openrcx.sky130A.nom.calibre ...
[INFO RCX-0436] RC segment generation PC_Adder (max_merge_res 50.0) ...
[INFO RCX-0040] Final 872 rc segments
[INFO RCX-0439] Coupling Cap extraction PC_Adder ...
[INFO RCX-0440] Coupling threshhold is 0.1000 fF, coupling capacitance less than 0.1000 fF will be grounded.
[INFO RCX-0043] 1609 wires to be extracted
[INFO RCX-0442] 56% completion -- 905 wires have been extracted
[INFO RCX-0442] 100% completion -- 1609 wires have been extracted
[INFO RCX-0045] Extract 356 nets, 1228 rsegs, 1228 caps, 1070 ccs
[INFO RCX-0015] Finished extracting PC_Adder.
Setting global connections for newly added cells…
[INFO] Setting global connections...
Writing extracted parasitics to '/home/vu/RISCV_Pipeline_Core/src/runs/RUN_2025-04-26_14-05-49/51-openroad-rcx/nom/PC_Adder.nom.spef'…
[INFO RCX-0016] Writing SPEF ...
[INFO RCX-0443] 356 nets finished
[INFO RCX-0017] Finished writing SPEF ...
