Starting…
Running 'Verilator.Lint'…
Logging subprocess to [repr.filename][link=file:///home/vu/RISCV_Pipeline_Core/src/runs/RUN_2025-04-26_14-05-15/01-verilator-lint/verilator-lint.log]runs/RUN_2025-04-26_14-05-15/01-verilator-lint/verilator-lint.log[/link][/repr.filename]…
Running 'Checker.LintTimingConstructs'…
Check for Lint Timing Errors clear.
Running 'Checker.LintErrors'…
Check for Lint errors clear.
Running 'Checker.LintWarnings'…
Check for Lint warnings clear.
Running 'Yosys.JsonHeader'…
Logging subprocess to [repr.filename][link=file:///home/vu/RISCV_Pipeline_Core/src/runs/RUN_2025-04-26_14-05-15/05-yosys-jsonheader/yosys-jsonheader.log]runs/RUN_2025-04-26_14-05-15/05-yosys-jsonheader/yosys-jsonheader.log[/link][/repr.filename]…
Running 'Yosys.Synthesis'…
Logging subprocess to [repr.filename][link=file:///home/vu/RISCV_Pipeline_Core/src/runs/RUN_2025-04-26_14-05-15/06-yosys-synthesis/yosys-synthesis.log]runs/RUN_2025-04-26_14-05-15/06-yosys-synthesis/yosys-synthesis.log[/link][/repr.filename]…
Parsing synthesis checks…
Running 'Checker.YosysUnmappedCells'…
Check for Unmapped Yosys instances clear.
Running 'Checker.YosysSynthChecks'…
Check for Yosys check errors clear.
Running 'Checker.NetlistAssignStatements'…
Running 'OpenROAD.CheckSDCFiles'…
'PNR_SDC_FILE' is not defined. Using generic fallback SDC for OpenROAD PnR steps.
'SIGNOFF_SDC_FILE' is not defined. Using generic fallback SDC for OpenROAD PnR steps.
Running 'OpenROAD.CheckMacroInstances'…
No macros found, skipping instance check…
Running 'OpenROAD.STAPrePNR'…
Starting STA for the nom_tt_025C_1v80 timing corner…
Starting STA for the nom_ss_100C_1v60 timing corner…
Starting STA for the nom_ff_n40C_1v95 timing corner…
Skipping corner min_tt_025C_1v80 for STA (identical to nom_tt_025C_1v80 at this stage)…
Skipping corner min_ss_100C_1v60 for STA (identical to nom_ss_100C_1v60 at this stage)…
Skipping corner min_ff_n40C_1v95 for STA (identical to nom_ff_n40C_1v95 at this stage)…
Skipping corner max_tt_025C_1v80 for STA (identical to nom_tt_025C_1v80 at this stage)…
Skipping corner max_ss_100C_1v60 for STA (identical to nom_ss_100C_1v60 at this stage)…
Logging subprocess to [repr.filename][link=file:///home/vu/RISCV_Pipeline_Core/src/runs/RUN_2025-04-26_14-05-15/12-openroad-staprepnr/nom_ss_100C_1v60/sta.log]runs/RUN_2025-04-26_14-05-15/12-openroad-staprepnr/nom_ss_100C_1v60/sta.log[/link][/repr.filename]…
Logging subprocess to [repr.filename][link=file:///home/vu/RISCV_Pipeline_Core/src/runs/RUN_2025-04-26_14-05-15/12-openroad-staprepnr/nom_ff_n40C_1v95/sta.log]runs/RUN_2025-04-26_14-05-15/12-openroad-staprepnr/nom_ff_n40C_1v95/sta.log[/link][/repr.filename]…
Logging subprocess to [repr.filename][link=file:///home/vu/RISCV_Pipeline_Core/src/runs/RUN_2025-04-26_14-05-15/12-openroad-staprepnr/nom_tt_025C_1v80/sta.log]runs/RUN_2025-04-26_14-05-15/12-openroad-staprepnr/nom_tt_025C_1v80/sta.log[/link][/repr.filename]…
Skipping corner max_ff_n40C_1v95 for STA (identical to nom_ff_n40C_1v95 at this stage)…
Finished STA for the nom_tt_025C_1v80 timing corner.
Finished STA for the nom_ss_100C_1v60 timing corner.
Finished STA for the nom_ff_n40C_1v95 timing corner.
Running 'OpenROAD.Floorplan'…
Logging subprocess to [repr.filename][link=file:///home/vu/RISCV_Pipeline_Core/src/runs/RUN_2025-04-26_14-05-15/13-openroad-floorplan/openroad-floorplan.log]runs/RUN_2025-04-26_14-05-15/13-openroad-floorplan/openroad-floorplan.log[/link][/repr.filename]…
[STA-0366] port 'clk' not found.
[STA-0366] port 'clk' not found.
[STA-0419] transition time can not be specified for virtual clocks.
Running 'Odb.CheckMacroAntennaProperties'…
No cells provided, skipping…
Running 'Odb.SetPowerConnections'…
Logging subprocess to [repr.filename][link=file:///home/vu/RISCV_Pipeline_Core/src/runs/RUN_2025-04-26_14-05-15/15-odb-setpowerconnections/odb-setpowerconnections.log]runs/RUN_2025-04-26_14-05-15/15-odb-setpowerconnections/odb-setpowerconnections.log[/link][/repr.filename]…
Running 'Odb.ManualMacroPlacement'…
No instances found, skipping 'Odb.ManualMacroPlacement'…
Running 'OpenROAD.CutRows'…
Logging subprocess to [repr.filename][link=file:///home/vu/RISCV_Pipeline_Core/src/runs/RUN_2025-04-26_14-05-15/17-openroad-cutrows/openroad-cutrows.log]runs/RUN_2025-04-26_14-05-15/17-openroad-cutrows/openroad-cutrows.log[/link][/repr.filename]…
[STA-0366] port 'clk' not found.
[STA-0366] port 'clk' not found.
[STA-0419] transition time can not be specified for virtual clocks.
Running 'OpenROAD.TapEndcapInsertion'…
Logging subprocess to [repr.filename][link=file:///home/vu/RISCV_Pipeline_Core/src/runs/RUN_2025-04-26_14-05-15/18-openroad-tapendcapinsertion/openroad-tapendcapinsertion.log]runs/RUN_2025-04-26_14-05-15/18-openroad-tapendcapinsertion/openroad-tapendcapinsertion.log[/link][/repr.filename]…
[STA-0366] port 'clk' not found.
[STA-0366] port 'clk' not found.
[STA-0419] transition time can not be specified for virtual clocks.
Running 'Odb.AddPDNObstructions'…
'PDN_OBSTRUCTIONS' is not defined. Skipping 'Odb.AddPDNObstructions'…
Running 'OpenROAD.GeneratePDN'…
'FP_PDN_CFG' not explicitly set, setting it to /nix/store/m4202q1n7la2bph83v3h11q6mfrcazx4-python3-3.11.9-env/lib/python3.11/site-packages/openlane/scripts/openroad/common/pdn_cfg.tcl…
Logging subprocess to [repr.filename][link=file:///home/vu/RISCV_Pipeline_Core/src/runs/RUN_2025-04-26_14-05-15/20-openroad-generatepdn/openroad-generatepdn.log]runs/RUN_2025-04-26_14-05-15/20-openroad-generatepdn/openroad-generatepdn.log[/link][/repr.filename]…
[STA-0366] port 'clk' not found.
[STA-0366] port 'clk' not found.
[STA-0419] transition time can not be specified for virtual clocks.
Running 'Odb.RemovePDNObstructions'…
'PDN_OBSTRUCTIONS' is not defined. Skipping 'Odb.RemovePDNObstructions'…
Running 'Odb.AddRoutingObstructions'…
'ROUTING_OBSTRUCTIONS' is not defined. Skipping 'Odb.AddRoutingObstructions'…
Running 'OpenROAD.GlobalPlacementSkipIO'…
'PL_TARGET_DENSITY_PCT' not explicitly set, using dynamically calculated target density: 18.670400…
Logging subprocess to [repr.filename][link=file:///home/vu/RISCV_Pipeline_Core/src/runs/RUN_2025-04-26_14-05-15/23-openroad-globalplacementskipio/openroad-globalplacementskipio.log]runs/RUN_2025-04-26_14-05-15/23-openroad-globalplacementskipio/openroad-globalplacementskipio.log[/link][/repr.filename]…
[STA-0366] port 'clk' not found.
[STA-0366] port 'clk' not found.
[STA-0419] transition time can not be specified for virtual clocks.
Running 'OpenROAD.IOPlacement'…
Logging subprocess to [repr.filename][link=file:///home/vu/RISCV_Pipeline_Core/src/runs/RUN_2025-04-26_14-05-15/24-openroad-ioplacement/openroad-ioplacement.log]runs/RUN_2025-04-26_14-05-15/24-openroad-ioplacement/openroad-ioplacement.log[/link][/repr.filename]…
[STA-0366] port 'clk' not found.
[STA-0366] port 'clk' not found.
[STA-0419] transition time can not be specified for virtual clocks.
Running 'Odb.CustomIOPlacement'…
No custom floorplan file configured, skipping…
Running 'Odb.ApplyDEFTemplate'…
No DEF template provided, skipping…
Running 'OpenROAD.GlobalPlacement'…
'PL_TARGET_DENSITY_PCT' not explicitly set, using dynamically calculated target density: 18.670400…
Logging subprocess to [repr.filename][link=file:///home/vu/RISCV_Pipeline_Core/src/runs/RUN_2025-04-26_14-05-15/27-openroad-globalplacement/openroad-globalplacement.log]runs/RUN_2025-04-26_14-05-15/27-openroad-globalplacement/openroad-globalplacement.log[/link][/repr.filename]…
[STA-0366] port 'clk' not found.
[STA-0366] port 'clk' not found.
[STA-0419] transition time can not be specified for virtual clocks.
Running 'Odb.WriteVerilogHeader'…
Logging subprocess to [repr.filename][link=file:///home/vu/RISCV_Pipeline_Core/src/runs/RUN_2025-04-26_14-05-15/28-odb-writeverilogheader/odb-writeverilogheader.log]runs/RUN_2025-04-26_14-05-15/28-odb-writeverilogheader/odb-writeverilogheader.log[/link][/repr.filename]…
Running 'Checker.PowerGridViolations'…
Check for power grid violations (as reported by OpenROAD PSM- you may ignore these if LVS passes) clear.
Running 'OpenROAD.STAMidPNR'…
Logging subprocess to [repr.filename][link=file:///home/vu/RISCV_Pipeline_Core/src/runs/RUN_2025-04-26_14-05-15/30-openroad-stamidpnr/openroad-stamidpnr.log]runs/RUN_2025-04-26_14-05-15/30-openroad-stamidpnr/openroad-stamidpnr.log[/link][/repr.filename]…
[STA-0366] port 'clk' not found.
[STA-0366] port 'clk' not found.
[STA-0419] transition time can not be specified for virtual clocks.
[STA-0450] virtual clock clk can not be propagated.
Skipping step 'Repair Design (Post-Global Placement)'…
Skipping step 'Detailed Placement'…
Skipping step 'Clock Tree Synthesis'…
Skipping step 'STA (Mid-PnR)'…
Skipping step 'Resizer Timing Optimizations (Post-Clock Tree Synthesis)'…
Skipping step 'STA (Mid-PnR)'…
Skipping step 'Global Routing'…
Skipping step 'Check Antennas'…
Gating variable for step 'OpenROAD.RepairDesignPostGRT' set to 'False'- the step will be skipped.
Skipping step 'Repair Design (Post-Global Routing)'…
Skipping step 'Diodes on Ports'…
Gating variable for step 'Odb.HeuristicDiodeInsertion' set to 'False'- the step will be skipped.
Skipping step 'Heuristic Diode Insertion'…
Skipping step 'Antenna Repair'…
Gating variable for step 'OpenROAD.ResizerTimingPostGRT' set to 'False'- the step will be skipped.
Skipping step 'Resizer Timing Optimizations (Post-Global Routing)'…
Skipping step 'STA (Mid-PnR)'…
Skipping step 'Detailed Routing'…
Skipping step 'Remove Obstructions'…
Skipping step 'Check Antennas'…
Skipping step 'Routing DRC Checker'…
Skipping step 'Report Disconnected Pins'…
Skipping step 'Disconnected Pins Checker'…
Skipping step 'Report Wire Length'…
Skipping step 'Wire Length Threshold Checker'…
Skipping step 'Fill Insertion'…
Skipping step 'Parasitics (RC) Extraction'…
Skipping step 'STA (Post-PnR)'…
Skipping step 'IR Drop Report'…
Skipping step 'GDSII Stream Out (Magic)'…
Skipping step 'GDSII Stream Out (KLayout)'…
Skipping step 'Write LEF (Magic)'…
Skipping step 'Check Antenna Properties of Pins in The Generated Design LEF view'…
Skipping step 'KLayout vs. Magic XOR'…
Skipping step 'XOR Difference Checker'…
Skipping step 'DRC'…
Skipping step 'Design Rule Check (KLayout)'…
Skipping step 'Magic DRC Checker'…
Skipping step 'KLayout DRC Checker'…
Skipping step 'SPICE Extraction'…
Skipping step 'Illegal Overlap Checker'…
Skipping step 'Netgen LVS'…
Skipping step 'LVS Error Checker'…
Gating variable for step 'Yosys.EQY' set to 'False'- the step will be skipped.
Skipping step 'Equivalence Check'…
Skipping step 'Setup Timing Violations Checker'…
Skipping step 'Hold Timing Violations Checker'…
Skipping step 'Max Slew Violations Checker'…
Skipping step 'Max Cap Violations Checker'…
Skipping step 'Report Manufacturability'…
Saving views to '/home/vu/RISCV_Pipeline_Core/src/runs/RUN_2025-04-26_14-05-15/final'…
Flow complete.
