
===========================================================================
report_checks -path_delay min (Hold)
============================================================================
======================= max_tt_025C_1v80 Corner ===================================

Startpoint: a[0] (input port clocked by clk)
Endpoint: c[1] (output port clocked by clk)
Path Group: clk
Path Type: min

Fanout         Cap        Slew       Delay        Time   Description
---------------------------------------------------------------------------------------------
                      0.000000    0.000000    0.000000   clock clk (rise edge)
                                  0.000000    0.000000   clock network delay (ideal)
                                  2.000000    2.000000 v input external delay
     1    0.002614    0.008184    0.004157    2.004157 v a[0] (in)
                                                         a[0] (net)
                      0.008191    0.000000    2.004157 v input1/A (sky130_fd_sc_hd__clkbuf_1)
     2    0.006666    0.046953    0.089901    2.094057 v input1/X (sky130_fd_sc_hd__clkbuf_1)
                                                         net1 (net)
                      0.046957    0.000439    2.094496 v _176_/A (sky130_fd_sc_hd__nand2_1)
     3    0.010840    0.106155    0.104572    2.199069 ^ _176_/Y (sky130_fd_sc_hd__nand2_1)
                                                         _009_ (net)
                      0.106162    0.000725    2.199794 ^ _336_/A (sky130_fd_sc_hd__xnor2_1)
     1    0.003057    0.038580    0.081670    2.281463 v _336_/Y (sky130_fd_sc_hd__xnor2_1)
                                                         net76 (net)
                      0.038580    0.000186    2.281649 v output76/A (sky130_fd_sc_hd__buf_2)
     1    0.034097    0.089590    0.176251    2.457900 v output76/X (sky130_fd_sc_hd__buf_2)
                                                         c[1] (net)
                      0.089624    0.001619    2.459519 v c[1] (out)
                                              2.459519   data arrival time

                      0.000000    0.000000    0.000000   clock clk (rise edge)
                                  0.000000    0.000000   clock network delay (ideal)
                                  0.250000    0.250000   clock uncertainty
                                  0.000000    0.250000   clock reconvergence pessimism
                                 -2.000000   -1.750000   output external delay
                                             -1.750000   data required time
---------------------------------------------------------------------------------------------
                                             -1.750000   data required time
                                             -2.459519   data arrival time
---------------------------------------------------------------------------------------------
                                              4.209518   slack (MET)


Startpoint: b[31] (input port clocked by clk)
Endpoint: c[31] (output port clocked by clk)
Path Group: clk
Path Type: min

Fanout         Cap        Slew       Delay        Time   Description
---------------------------------------------------------------------------------------------
                      0.000000    0.000000    0.000000   clock clk (rise edge)
                                  0.000000    0.000000   clock network delay (ideal)
                                  2.000000    2.000000 ^ input external delay
     1    0.002788    0.019679    0.010318    2.010319 ^ b[31] (in)
                                                         b[31] (net)
                      0.019680    0.000000    2.010319 ^ input57/A (sky130_fd_sc_hd__clkbuf_1)
     1    0.005178    0.070379    0.090634    2.100953 ^ input57/X (sky130_fd_sc_hd__clkbuf_1)
                                                         net57 (net)
                      0.070380    0.000378    2.101331 ^ _332_/B (sky130_fd_sc_hd__xor2_1)
     1    0.005157    0.045656    0.074672    2.176003 v _332_/X (sky130_fd_sc_hd__xor2_1)
                                                         _147_ (net)
                      0.045659    0.000378    2.176381 v _333_/B (sky130_fd_sc_hd__xnor2_1)
     1    0.002329    0.034002    0.114751    2.291133 v _333_/Y (sky130_fd_sc_hd__xnor2_1)
                                                         net89 (net)
                      0.034009    0.000164    2.291296 v output89/A (sky130_fd_sc_hd__buf_2)
     1    0.034193    0.089858    0.174396    2.465693 v output89/X (sky130_fd_sc_hd__buf_2)
                                                         c[31] (net)
                      0.089896    0.001702    2.467394 v c[31] (out)
                                              2.467394   data arrival time

                      0.000000    0.000000    0.000000   clock clk (rise edge)
                                  0.000000    0.000000   clock network delay (ideal)
                                  0.250000    0.250000   clock uncertainty
                                  0.000000    0.250000   clock reconvergence pessimism
                                 -2.000000   -1.750000   output external delay
                                             -1.750000   data required time
---------------------------------------------------------------------------------------------
                                             -1.750000   data required time
                                             -2.467394   data arrival time
---------------------------------------------------------------------------------------------
                                              4.217394   slack (MET)


Startpoint: a[7] (input port clocked by clk)
Endpoint: c[7] (output port clocked by clk)
Path Group: clk
Path Type: min

Fanout         Cap        Slew       Delay        Time   Description
---------------------------------------------------------------------------------------------
                      0.000000    0.000000    0.000000   clock clk (rise edge)
                                  0.000000    0.000000   clock network delay (ideal)
                                  2.000000    2.000000 ^ input external delay
     1    0.002807    0.019758    0.010384    2.010384 ^ a[7] (in)
                                                         a[7] (net)
                      0.019759    0.000000    2.010384 ^ input30/A (sky130_fd_sc_hd__clkbuf_1)
     2    0.004804    0.066190    0.087734    2.098118 ^ input30/X (sky130_fd_sc_hd__clkbuf_1)
                                                         net30 (net)
                      0.066190    0.000308    2.098427 ^ _188_/A (sky130_fd_sc_hd__nand2_1)
     3    0.008163    0.066121    0.078775    2.177202 v _188_/Y (sky130_fd_sc_hd__nand2_1)
                                                         _021_ (net)
                      0.066147    0.000498    2.177699 v _190_/A (sky130_fd_sc_hd__nand2_1)
     1    0.005274    0.059545    0.078243    2.255943 ^ _190_/Y (sky130_fd_sc_hd__nand2_1)
                                                         _023_ (net)
                      0.059545    0.000254    2.256197 ^ _350_/A (sky130_fd_sc_hd__xnor2_1)
     1    0.002935    0.033788    0.068229    2.324426 v _350_/Y (sky130_fd_sc_hd__xnor2_1)
                                                         net94 (net)
                      0.033791    0.000172    2.324598 v output94/A (sky130_fd_sc_hd__buf_2)
     1    0.033950    0.089298    0.173935    2.498533 v output94/X (sky130_fd_sc_hd__buf_2)
                                                         c[7] (net)
                      0.089330    0.001590    2.500123 v c[7] (out)
                                              2.500123   data arrival time

                      0.000000    0.000000    0.000000   clock clk (rise edge)
                                  0.000000    0.000000   clock network delay (ideal)
                                  0.250000    0.250000   clock uncertainty
                                  0.000000    0.250000   clock reconvergence pessimism
                                 -2.000000   -1.750000   output external delay
                                             -1.750000   data required time
---------------------------------------------------------------------------------------------
                                             -1.750000   data required time
                                             -2.500123   data arrival time
---------------------------------------------------------------------------------------------
                                              4.250123   slack (MET)


Startpoint: b[0] (input port clocked by clk)
Endpoint: c[0] (output port clocked by clk)
Path Group: clk
Path Type: min

Fanout         Cap        Slew       Delay        Time   Description
---------------------------------------------------------------------------------------------
                      0.000000    0.000000    0.000000   clock clk (rise edge)
                                  0.000000    0.000000   clock network delay (ideal)
                                  2.000000    2.000000 ^ input external delay
     1    0.002914    0.020221    0.010763    2.010763 ^ b[0] (in)
                                                         b[0] (net)
                      0.020222    0.000000    2.010763 ^ input33/A (sky130_fd_sc_hd__clkbuf_1)
     2    0.006048    0.080141    0.097738    2.108502 ^ input33/X (sky130_fd_sc_hd__clkbuf_1)
                                                         net33 (net)
                      0.080170    0.000323    2.108824 ^ _334_/B (sky130_fd_sc_hd__or2_1)
     1    0.001794    0.031712    0.092650    2.201474 ^ _334_/X (sky130_fd_sc_hd__or2_1)
                                                         _148_ (net)
                      0.031717    0.000082    2.201556 ^ _335_/B (sky130_fd_sc_hd__and2_1)
     1    0.002593    0.044309    0.109013    2.310569 ^ _335_/X (sky130_fd_sc_hd__and2_1)
                                                         net65 (net)
                      0.044309    0.000186    2.310755 ^ output65/A (sky130_fd_sc_hd__buf_2)
     1    0.033980    0.168944    0.196087    2.506842 ^ output65/X (sky130_fd_sc_hd__buf_2)
                                                         c[0] (net)
                      0.169016    0.001593    2.508435 ^ c[0] (out)
                                              2.508435   data arrival time

                      0.000000    0.000000    0.000000   clock clk (rise edge)
                                  0.000000    0.000000   clock network delay (ideal)
                                  0.250000    0.250000   clock uncertainty
                                  0.000000    0.250000   clock reconvergence pessimism
                                 -2.000000   -1.750000   output external delay
                                             -1.750000   data required time
---------------------------------------------------------------------------------------------
                                             -1.750000   data required time
                                             -2.508435   data arrival time
---------------------------------------------------------------------------------------------
                                              4.258435   slack (MET)


Startpoint: a[30] (input port clocked by clk)
Endpoint: c[30] (output port clocked by clk)
Path Group: clk
Path Type: min

Fanout         Cap        Slew       Delay        Time   Description
---------------------------------------------------------------------------------------------
                      0.000000    0.000000    0.000000   clock clk (rise edge)
                                  0.000000    0.000000   clock network delay (ideal)
                                  2.000000    2.000000 ^ input external delay
     1    0.002826    0.019842    0.010452    2.010452 ^ a[30] (in)
                                                         a[30] (net)
                      0.019843    0.000000    2.010452 ^ input24/A (sky130_fd_sc_hd__clkbuf_1)
     2    0.005123    0.069756    0.090348    2.100799 ^ input24/X (sky130_fd_sc_hd__clkbuf_1)
                                                         net24 (net)
                      0.069756    0.000189    2.100988 ^ _325_/A (sky130_fd_sc_hd__nand2_1)
     2    0.006146    0.054319    0.069326    2.170315 v _325_/Y (sky130_fd_sc_hd__nand2_1)
                                                         _141_ (net)
                      0.054342    0.000341    2.170655 v _327_/A (sky130_fd_sc_hd__nand2_1)
     2    0.008527    0.086173    0.093411    2.264066 ^ _327_/Y (sky130_fd_sc_hd__nand2_1)
                                                         _143_ (net)
                      0.086183    0.000749    2.264816 ^ _330_/A (sky130_fd_sc_hd__xnor2_1)
     1    0.002882    0.037490    0.075154    2.339970 v _330_/Y (sky130_fd_sc_hd__xnor2_1)
                                                         net88 (net)
                      0.037491    0.000210    2.340180 v output88/A (sky130_fd_sc_hd__buf_2)
     1    0.034136    0.089689    0.175836    2.516016 v output88/X (sky130_fd_sc_hd__buf_2)
                                                         c[30] (net)
                      0.089724    0.001642    2.517658 v c[30] (out)
                                              2.517658   data arrival time

                      0.000000    0.000000    0.000000   clock clk (rise edge)
                                  0.000000    0.000000   clock network delay (ideal)
                                  0.250000    0.250000   clock uncertainty
                                  0.000000    0.250000   clock reconvergence pessimism
                                 -2.000000   -1.750000   output external delay
                                             -1.750000   data required time
---------------------------------------------------------------------------------------------
                                             -1.750000   data required time
                                             -2.517658   data arrival time
---------------------------------------------------------------------------------------------
                                              4.267658   slack (MET)


Startpoint: a[28] (input port clocked by clk)
Endpoint: c[28] (output port clocked by clk)
Path Group: clk
Path Type: min

Fanout         Cap        Slew       Delay        Time   Description
---------------------------------------------------------------------------------------------
                      0.000000    0.000000    0.000000   clock clk (rise edge)
                                  0.000000    0.000000   clock network delay (ideal)
                                  2.000000    2.000000 ^ input external delay
     1    0.002896    0.020143    0.010699    2.010699 ^ a[28] (in)
                                                         a[28] (net)
                      0.020144    0.000000    2.010699 ^ input21/A (sky130_fd_sc_hd__clkbuf_1)
     2    0.005067    0.069138    0.089910    2.100609 ^ input21/X (sky130_fd_sc_hd__clkbuf_1)
                                                         net21 (net)
                      0.069139    0.000429    2.101038 ^ _312_/A (sky130_fd_sc_hd__nand2_1)
     2    0.007933    0.064992    0.078614    2.179652 v _312_/Y (sky130_fd_sc_hd__nand2_1)
                                                         _130_ (net)
                      0.065017    0.000419    2.180071 v _314_/B (sky130_fd_sc_hd__nand2_1)
     1    0.005764    0.065157    0.088387    2.268458 ^ _314_/Y (sky130_fd_sc_hd__nand2_1)
                                                         _132_ (net)
                      0.065159    0.000455    2.268913 ^ _319_/A (sky130_fd_sc_hd__xnor2_1)
     1    0.003201    0.037403    0.071319    2.340231 v _319_/Y (sky130_fd_sc_hd__xnor2_1)
                                                         net85 (net)
                      0.037403    0.000131    2.340363 v output85/A (sky130_fd_sc_hd__buf_2)
     1    0.034120    0.089678    0.175724    2.516087 v output85/X (sky130_fd_sc_hd__buf_2)
                                                         c[28] (net)
                      0.089716    0.001700    2.517786 v c[28] (out)
                                              2.517786   data arrival time

                      0.000000    0.000000    0.000000   clock clk (rise edge)
                                  0.000000    0.000000   clock network delay (ideal)
                                  0.250000    0.250000   clock uncertainty
                                  0.000000    0.250000   clock reconvergence pessimism
                                 -2.000000   -1.750000   output external delay
                                             -1.750000   data required time
---------------------------------------------------------------------------------------------
                                             -1.750000   data required time
                                             -2.517786   data arrival time
---------------------------------------------------------------------------------------------
                                              4.267786   slack (MET)


Startpoint: a[26] (input port clocked by clk)
Endpoint: c[27] (output port clocked by clk)
Path Group: clk
Path Type: min

Fanout         Cap        Slew       Delay        Time   Description
---------------------------------------------------------------------------------------------
                      0.000000    0.000000    0.000000   clock clk (rise edge)
                                  0.000000    0.000000   clock network delay (ideal)
                                  2.000000    2.000000 ^ input external delay
     1    0.002904    0.020179    0.010728    2.010728 ^ a[26] (in)
                                                         a[26] (net)
                      0.020180    0.000000    2.010728 ^ input19/A (sky130_fd_sc_hd__clkbuf_1)
     2    0.005167    0.070265    0.090715    2.101443 ^ input19/X (sky130_fd_sc_hd__clkbuf_1)
                                                         net19 (net)
                      0.070266    0.000441    2.101883 ^ _298_/A (sky130_fd_sc_hd__nor2_1)
     2    0.007147    0.042054    0.063823    2.165706 v _298_/Y (sky130_fd_sc_hd__nor2_1)
                                                         _118_ (net)
                      0.042058    0.000448    2.166154 v _299_/A (sky130_fd_sc_hd__inv_2)
     1    0.002678    0.022172    0.038440    2.204594 ^ _299_/Y (sky130_fd_sc_hd__inv_2)
                                                         _119_ (net)
                      0.022173    0.000197    2.204791 ^ _309_/A1 (sky130_fd_sc_hd__a21o_1)
     1    0.005118    0.053947    0.105457    2.310248 ^ _309_/X (sky130_fd_sc_hd__a21o_1)
                                                         _128_ (net)
                      0.053949    0.000379    2.310628 ^ _310_/B (sky130_fd_sc_hd__xnor2_1)
     1    0.002130    0.028691    0.054020    2.364647 v _310_/Y (sky130_fd_sc_hd__xnor2_1)
                                                         net84 (net)
                      0.028691    0.000152    2.364799 v output84/A (sky130_fd_sc_hd__buf_2)
     1    0.034120    0.089740    0.171970    2.536770 v output84/X (sky130_fd_sc_hd__buf_2)
                                                         c[27] (net)
                      0.089778    0.001700    2.538469 v c[27] (out)
                                              2.538469   data arrival time

                      0.000000    0.000000    0.000000   clock clk (rise edge)
                                  0.000000    0.000000   clock network delay (ideal)
                                  0.250000    0.250000   clock uncertainty
                                  0.000000    0.250000   clock reconvergence pessimism
                                 -2.000000   -1.750000   output external delay
                                             -1.750000   data required time
---------------------------------------------------------------------------------------------
                                             -1.750000   data required time
                                             -2.538469   data arrival time
---------------------------------------------------------------------------------------------
                                              4.288469   slack (MET)


Startpoint: b[3] (input port clocked by clk)
Endpoint: c[3] (output port clocked by clk)
Path Group: clk
Path Type: min

Fanout         Cap        Slew       Delay        Time   Description
---------------------------------------------------------------------------------------------
                      0.000000    0.000000    0.000000   clock clk (rise edge)
                                  0.000000    0.000000   clock network delay (ideal)
                                  2.000000    2.000000 v input external delay
     1    0.002729    0.008450    0.004354    2.004354 v b[3] (in)
                                                         b[3] (net)
                      0.008456    0.000000    2.004354 v input58/A (sky130_fd_sc_hd__buf_1)
     3    0.009504    0.061826    0.102362    2.106716 v input58/X (sky130_fd_sc_hd__buf_1)
                                                         net58 (net)
                      0.061838    0.000834    2.107550 v _182_/B (sky130_fd_sc_hd__nand2_1)
     2    0.006768    0.072332    0.093217    2.200767 ^ _182_/Y (sky130_fd_sc_hd__nand2_1)
                                                         _015_ (net)
                      0.072360    0.000367    2.201134 ^ _340_/B1 (sky130_fd_sc_hd__o211a_1)
     1    0.003143    0.043801    0.145832    2.346966 ^ _340_/X (sky130_fd_sc_hd__o211a_1)
                                                         _151_ (net)
                      0.043802    0.000215    2.347181 ^ _341_/B (sky130_fd_sc_hd__nor2_1)
     1    0.002587    0.020300    0.034653    2.381833 v _341_/Y (sky130_fd_sc_hd__nor2_1)
                                                         net90 (net)
                      0.020300    0.000161    2.381994 v output90/A (sky130_fd_sc_hd__buf_2)
     1    0.034007    0.089475    0.168294    2.550288 v output90/X (sky130_fd_sc_hd__buf_2)
                                                         c[3] (net)
                      0.089509    0.001603    2.551892 v c[3] (out)
                                              2.551892   data arrival time

                      0.000000    0.000000    0.000000   clock clk (rise edge)
                                  0.000000    0.000000   clock network delay (ideal)
                                  0.250000    0.250000   clock uncertainty
                                  0.000000    0.250000   clock reconvergence pessimism
                                 -2.000000   -1.750000   output external delay
                                             -1.750000   data required time
---------------------------------------------------------------------------------------------
                                             -1.750000   data required time
                                             -2.551892   data arrival time
---------------------------------------------------------------------------------------------
                                              4.301892   slack (MET)


Startpoint: a[23] (input port clocked by clk)
Endpoint: c[23] (output port clocked by clk)
Path Group: clk
Path Type: min

Fanout         Cap        Slew       Delay        Time   Description
---------------------------------------------------------------------------------------------
                      0.000000    0.000000    0.000000   clock clk (rise edge)
                                  0.000000    0.000000   clock network delay (ideal)
                                  2.000000    2.000000 ^ input external delay
     1    0.002782    0.019655    0.010299    2.010299 ^ a[23] (in)
                                                         a[23] (net)
                      0.019656    0.000000    2.010299 ^ input16/A (sky130_fd_sc_hd__clkbuf_1)
     2    0.006416    0.084309    0.100452    2.110750 ^ input16/X (sky130_fd_sc_hd__clkbuf_1)
                                                         net16 (net)
                      0.084312    0.000405    2.111156 ^ _280_/A (sky130_fd_sc_hd__nand2_1)
     2    0.007386    0.064074    0.080755    2.191911 v _280_/Y (sky130_fd_sc_hd__nand2_1)
                                                         _103_ (net)
                      0.064074    0.000293    2.192203 v _281_/B (sky130_fd_sc_hd__nand2b_1)
     2    0.007274    0.088005    0.103195    2.295398 ^ _281_/Y (sky130_fd_sc_hd__nand2b_1)
                                                         _104_ (net)
                      0.088006    0.000459    2.295857 ^ _283_/A (sky130_fd_sc_hd__xnor2_1)
     1    0.003709    0.042634    0.080579    2.376436 v _283_/Y (sky130_fd_sc_hd__xnor2_1)
                                                         net80 (net)
                      0.042635    0.000253    2.376689 v output80/A (sky130_fd_sc_hd__buf_2)
     1    0.034087    0.089531    0.177997    2.554685 v output80/X (sky130_fd_sc_hd__buf_2)
                                                         c[23] (net)
                      0.089564    0.001600    2.556285 v c[23] (out)
                                              2.556285   data arrival time

                      0.000000    0.000000    0.000000   clock clk (rise edge)
                                  0.000000    0.000000   clock network delay (ideal)
                                  0.250000    0.250000   clock uncertainty
                                  0.000000    0.250000   clock reconvergence pessimism
                                 -2.000000   -1.750000   output external delay
                                             -1.750000   data required time
---------------------------------------------------------------------------------------------
                                             -1.750000   data required time
                                             -2.556285   data arrival time
---------------------------------------------------------------------------------------------
                                              4.306285   slack (MET)


Startpoint: a[25] (input port clocked by clk)
Endpoint: c[25] (output port clocked by clk)
Path Group: clk
Path Type: min

Fanout         Cap        Slew       Delay        Time   Description
---------------------------------------------------------------------------------------------
                      0.000000    0.000000    0.000000   clock clk (rise edge)
                                  0.000000    0.000000   clock network delay (ideal)
                                  2.000000    2.000000 ^ input external delay
     1    0.002847    0.019932    0.010526    2.010526 ^ a[25] (in)
                                                         a[25] (net)
                      0.019933    0.000000    2.010526 ^ input18/A (sky130_fd_sc_hd__clkbuf_1)
     2    0.005203    0.070658    0.090959    2.101485 ^ input18/X (sky130_fd_sc_hd__clkbuf_1)
                                                         net18 (net)
                      0.070658    0.000332    2.101817 ^ _294_/A (sky130_fd_sc_hd__nand2_1)
     2    0.005715    0.051766    0.067359    2.169176 v _294_/Y (sky130_fd_sc_hd__nand2_1)
                                                         _115_ (net)
                      0.051766    0.000202    2.169378 v _295_/B (sky130_fd_sc_hd__nand2_1)
     2    0.008322    0.084462    0.098359    2.267737 ^ _295_/Y (sky130_fd_sc_hd__nand2_1)
                                                         _116_ (net)
                      0.084464    0.000349    2.268087 ^ _297_/A (sky130_fd_sc_hd__xnor2_1)
     1    0.008288    0.072825    0.105727    2.373813 v _297_/Y (sky130_fd_sc_hd__xnor2_1)
                                                         net82 (net)
                      0.072830    0.000684    2.374497 v output82/A (sky130_fd_sc_hd__buf_2)
     1    0.033997    0.089279    0.191319    2.565816 v output82/X (sky130_fd_sc_hd__buf_2)
                                                         c[25] (net)
                      0.089312    0.001588    2.567405 v c[25] (out)
                                              2.567405   data arrival time

                      0.000000    0.000000    0.000000   clock clk (rise edge)
                                  0.000000    0.000000   clock network delay (ideal)
                                  0.250000    0.250000   clock uncertainty
                                  0.000000    0.250000   clock reconvergence pessimism
                                 -2.000000   -1.750000   output external delay
                                             -1.750000   data required time
---------------------------------------------------------------------------------------------
                                             -1.750000   data required time
                                             -2.567405   data arrival time
---------------------------------------------------------------------------------------------
                                              4.317404   slack (MET)


Startpoint: b[8] (input port clocked by clk)
Endpoint: c[9] (output port clocked by clk)
Path Group: clk
Path Type: min

Fanout         Cap        Slew       Delay        Time   Description
---------------------------------------------------------------------------------------------
                      0.000000    0.000000    0.000000   clock clk (rise edge)
                                  0.000000    0.000000   clock network delay (ideal)
                                  2.000000    2.000000 ^ input external delay
     1    0.002901    0.020165    0.010717    2.010717 ^ b[8] (in)
                                                         b[8] (net)
                      0.020165    0.000000    2.010717 ^ input63/A (sky130_fd_sc_hd__clkbuf_1)
     2    0.007040    0.091323    0.105514    2.116231 ^ input63/X (sky130_fd_sc_hd__clkbuf_1)
                                                         net63 (net)
                      0.091328    0.000542    2.116773 ^ _202_/B (sky130_fd_sc_hd__nand2_1)
     4    0.013223    0.101152    0.115533    2.232306 v _202_/Y (sky130_fd_sc_hd__nand2_1)
                                                         _035_ (net)
                      0.101162    0.000858    2.233165 v _353_/A (sky130_fd_sc_hd__nand2_1)
     1    0.005524    0.065603    0.095215    2.328380 ^ _353_/Y (sky130_fd_sc_hd__nand2_1)
                                                         _158_ (net)
                      0.065603    0.000260    2.328640 ^ _354_/B (sky130_fd_sc_hd__xnor2_1)
     1    0.004043    0.042328    0.067956    2.396596 v _354_/Y (sky130_fd_sc_hd__xnor2_1)
                                                         net96 (net)
                      0.042329    0.000217    2.396813 v output96/A (sky130_fd_sc_hd__buf_2)
     1    0.034038    0.089435    0.177757    2.574570 v output96/X (sky130_fd_sc_hd__buf_2)
                                                         c[9] (net)
                      0.089469    0.001616    2.576187 v c[9] (out)
                                              2.576187   data arrival time

                      0.000000    0.000000    0.000000   clock clk (rise edge)
                                  0.000000    0.000000   clock network delay (ideal)
                                  0.250000    0.250000   clock uncertainty
                                  0.000000    0.250000   clock reconvergence pessimism
                                 -2.000000   -1.750000   output external delay
                                             -1.750000   data required time
---------------------------------------------------------------------------------------------
                                             -1.750000   data required time
                                             -2.576187   data arrival time
---------------------------------------------------------------------------------------------
                                              4.326187   slack (MET)


Startpoint: a[22] (input port clocked by clk)
Endpoint: c[22] (output port clocked by clk)
Path Group: clk
Path Type: min

Fanout         Cap        Slew       Delay        Time   Description
---------------------------------------------------------------------------------------------
                      0.000000    0.000000    0.000000   clock clk (rise edge)
                                  0.000000    0.000000   clock network delay (ideal)
                                  2.000000    2.000000 ^ input external delay
     1    0.002748    0.019509    0.010178    2.010178 ^ a[22] (in)
                                                         a[22] (net)
                      0.019509    0.000000    2.010178 ^ input15/A (sky130_fd_sc_hd__clkbuf_1)
     2    0.005356    0.072380    0.091980    2.102158 ^ input15/X (sky130_fd_sc_hd__clkbuf_1)
                                                         net15 (net)
                      0.072410    0.000445    2.102603 ^ _274_/A (sky130_fd_sc_hd__nand2_1)
     3    0.010106    0.079150    0.091033    2.193635 v _274_/Y (sky130_fd_sc_hd__nand2_1)
                                                         _098_ (net)
                      0.079155    0.000510    2.194146 v _275_/B (sky130_fd_sc_hd__nand2_1)
     3    0.011076    0.108165    0.127550    2.321696 ^ _275_/Y (sky130_fd_sc_hd__nand2_1)
                                                         _099_ (net)
                      0.108168    0.000425    2.322120 ^ _278_/A (sky130_fd_sc_hd__xor2_1)
     1    0.003277    0.038078    0.078818    2.400939 v _278_/X (sky130_fd_sc_hd__xor2_1)
                                                         net79 (net)
                      0.038078    0.000132    2.401071 v output79/A (sky130_fd_sc_hd__buf_2)
     1    0.034100    0.089592    0.176055    2.577125 v output79/X (sky130_fd_sc_hd__buf_2)
                                                         c[22] (net)
                      0.089625    0.001601    2.578727 v c[22] (out)
                                              2.578727   data arrival time

                      0.000000    0.000000    0.000000   clock clk (rise edge)
                                  0.000000    0.000000   clock network delay (ideal)
                                  0.250000    0.250000   clock uncertainty
                                  0.000000    0.250000   clock reconvergence pessimism
                                 -2.000000   -1.750000   output external delay
                                             -1.750000   data required time
---------------------------------------------------------------------------------------------
                                             -1.750000   data required time
                                             -2.578727   data arrival time
---------------------------------------------------------------------------------------------
                                              4.328726   slack (MET)


Startpoint: b[20] (input port clocked by clk)
Endpoint: c[21] (output port clocked by clk)
Path Group: clk
Path Type: min

Fanout         Cap        Slew       Delay        Time   Description
---------------------------------------------------------------------------------------------
                      0.000000    0.000000    0.000000   clock clk (rise edge)
                                  0.000000    0.000000   clock network delay (ideal)
                                  2.000000    2.000000 ^ input external delay
     1    0.002817    0.019804    0.010423    2.010423 ^ b[20] (in)
                                                         b[20] (net)
                      0.019805    0.000000    2.010423 ^ input45/A (sky130_fd_sc_hd__clkbuf_1)
     2    0.008297    0.105399    0.115429    2.125853 ^ input45/X (sky130_fd_sc_hd__clkbuf_1)
                                                         net45 (net)
                      0.105403    0.000517    2.126369 ^ _258_/B (sky130_fd_sc_hd__nand2_1)
     3    0.012004    0.093275    0.113883    2.240253 v _258_/Y (sky130_fd_sc_hd__nand2_1)
                                                         _084_ (net)
                      0.093311    0.000672    2.240925 v _271_/A (sky130_fd_sc_hd__nand2_1)
     1    0.004876    0.059728    0.087627    2.328552 ^ _271_/Y (sky130_fd_sc_hd__nand2_1)
                                                         _096_ (net)
                      0.059728    0.000228    2.328780 ^ _272_/B (sky130_fd_sc_hd__xnor2_1)
     1    0.005196    0.049640    0.072739    2.401519 v _272_/Y (sky130_fd_sc_hd__xnor2_1)
                                                         net78 (net)
                      0.049640    0.000228    2.401747 v output78/A (sky130_fd_sc_hd__buf_2)
     1    0.034058    0.089420    0.180956    2.582703 v output78/X (sky130_fd_sc_hd__buf_2)
                                                         c[21] (net)
                      0.089453    0.001601    2.584305 v c[21] (out)
                                              2.584305   data arrival time

                      0.000000    0.000000    0.000000   clock clk (rise edge)
                                  0.000000    0.000000   clock network delay (ideal)
                                  0.250000    0.250000   clock uncertainty
                                  0.000000    0.250000   clock reconvergence pessimism
                                 -2.000000   -1.750000   output external delay
                                             -1.750000   data required time
---------------------------------------------------------------------------------------------
                                             -1.750000   data required time
                                             -2.584305   data arrival time
---------------------------------------------------------------------------------------------
                                              4.334305   slack (MET)


Startpoint: b[24] (input port clocked by clk)
Endpoint: c[24] (output port clocked by clk)
Path Group: clk
Path Type: min

Fanout         Cap        Slew       Delay        Time   Description
---------------------------------------------------------------------------------------------
                      0.000000    0.000000    0.000000   clock clk (rise edge)
                                  0.000000    0.000000   clock network delay (ideal)
                                  2.000000    2.000000 ^ input external delay
     1    0.002860    0.019987    0.010571    2.010571 ^ b[24] (in)
                                                         b[24] (net)
                      0.019987    0.000000    2.010571 ^ input49/A (sky130_fd_sc_hd__clkbuf_1)
     2    0.005057    0.069023    0.089796    2.100367 ^ input49/X (sky130_fd_sc_hd__clkbuf_1)
                                                         net49 (net)
                      0.069023    0.000353    2.100720 ^ _290_/B (sky130_fd_sc_hd__nand2_1)
     3    0.008868    0.070912    0.086452    2.187172 v _290_/Y (sky130_fd_sc_hd__nand2_1)
                                                         _112_ (net)
                      0.070942    0.000553    2.187725 v _291_/B (sky130_fd_sc_hd__nand2_1)
     3    0.013452    0.129035    0.138094    2.325818 ^ _291_/Y (sky130_fd_sc_hd__nand2_1)
                                                         _113_ (net)
                      0.129045    0.000971    2.326789 ^ _292_/B (sky130_fd_sc_hd__xor2_1)
     1    0.003186    0.037736    0.082270    2.409059 v _292_/X (sky130_fd_sc_hd__xor2_1)
                                                         net81 (net)
                      0.037736    0.000236    2.409295 v output81/A (sky130_fd_sc_hd__buf_2)
     1    0.034193    0.089834    0.176003    2.585299 v output81/X (sky130_fd_sc_hd__buf_2)
                                                         c[24] (net)
                      0.089871    0.001702    2.587000 v c[24] (out)
                                              2.587000   data arrival time

                      0.000000    0.000000    0.000000   clock clk (rise edge)
                                  0.000000    0.000000   clock network delay (ideal)
                                  0.250000    0.250000   clock uncertainty
                                  0.000000    0.250000   clock reconvergence pessimism
                                 -2.000000   -1.750000   output external delay
                                             -1.750000   data required time
---------------------------------------------------------------------------------------------
                                             -1.750000   data required time
                                             -2.587000   data arrival time
---------------------------------------------------------------------------------------------
                                              4.337000   slack (MET)


Startpoint: a[4] (input port clocked by clk)
Endpoint: c[5] (output port clocked by clk)
Path Group: clk
Path Type: min

Fanout         Cap        Slew       Delay        Time   Description
---------------------------------------------------------------------------------------------
                      0.000000    0.000000    0.000000   clock clk (rise edge)
                                  0.000000    0.000000   clock network delay (ideal)
                                  2.000000    2.000000 v input external delay
     1    0.002679    0.008335    0.004269    2.004269 v a[4] (in)
                                                         a[4] (net)
                      0.008341    0.000000    2.004269 v input27/A (sky130_fd_sc_hd__buf_1)
     3    0.014852    0.091581    0.124607    2.128875 v input27/X (sky130_fd_sc_hd__buf_1)
                                                         net27 (net)
                      0.091593    0.001039    2.129915 v _344_/A1 (sky130_fd_sc_hd__a21oi_1)
     1    0.005080    0.128599    0.168451    2.298366 ^ _344_/Y (sky130_fd_sc_hd__a21oi_1)
                                                         _153_ (net)
                      0.128599    0.000240    2.298605 ^ _345_/B (sky130_fd_sc_hd__xnor2_1)
     1    0.007057    0.064474    0.103068    2.401673 v _345_/Y (sky130_fd_sc_hd__xnor2_1)
                                                         net92 (net)
                      0.064476    0.000469    2.402142 v output92/A (sky130_fd_sc_hd__buf_2)
     1    0.034053    0.089402    0.187601    2.589743 v output92/X (sky130_fd_sc_hd__buf_2)
                                                         c[5] (net)
                      0.089436    0.001616    2.591359 v c[5] (out)
                                              2.591359   data arrival time

                      0.000000    0.000000    0.000000   clock clk (rise edge)
                                  0.000000    0.000000   clock network delay (ideal)
                                  0.250000    0.250000   clock uncertainty
                                  0.000000    0.250000   clock reconvergence pessimism
                                 -2.000000   -1.750000   output external delay
                                             -1.750000   data required time
---------------------------------------------------------------------------------------------
                                             -1.750000   data required time
                                             -2.591359   data arrival time
---------------------------------------------------------------------------------------------
                                              4.341360   slack (MET)


Startpoint: b[2] (input port clocked by clk)
Endpoint: c[2] (output port clocked by clk)
Path Group: clk
Path Type: min

Fanout         Cap        Slew       Delay        Time   Description
---------------------------------------------------------------------------------------------
                      0.000000    0.000000    0.000000   clock clk (rise edge)
                                  0.000000    0.000000   clock network delay (ideal)
                                  2.000000    2.000000 v input external delay
     1    0.002478    0.007871    0.003925    2.003925 v b[2] (in)
                                                         b[2] (net)
                      0.007873    0.000000    2.003925 v input55/A (sky130_fd_sc_hd__clkbuf_1)
     2    0.004294    0.034174    0.079072    2.082997 v input55/X (sky130_fd_sc_hd__clkbuf_1)
                                                         net55 (net)
                      0.034174    0.000160    2.083156 v _173_/B (sky130_fd_sc_hd__nor2_1)
     1    0.007294    0.148784    0.133248    2.216404 ^ _173_/Y (sky130_fd_sc_hd__nor2_1)
                                                         _006_ (net)
                      0.148788    0.000616    2.217020 ^ _174_/B (sky130_fd_sc_hd__nor2_1)
     2    0.004656    0.047445    0.067630    2.284650 v _174_/Y (sky130_fd_sc_hd__nor2_1)
                                                         _007_ (net)
                      0.047446    0.000250    2.284900 v _337_/A (sky130_fd_sc_hd__nor2_1)
     1    0.002772    0.075527    0.096905    2.381805 ^ _337_/Y (sky130_fd_sc_hd__nor2_1)
                                                         _149_ (net)
                      0.075527    0.000203    2.382008 ^ _338_/B (sky130_fd_sc_hd__nor2_1)
     1    0.002591    0.026137    0.042586    2.424594 v _338_/Y (sky130_fd_sc_hd__nor2_1)
                                                         net87 (net)
                      0.026138    0.000187    2.424781 v output87/A (sky130_fd_sc_hd__buf_2)
     1    0.033963    0.089380    0.170662    2.595442 v output87/X (sky130_fd_sc_hd__buf_2)
                                                         c[2] (net)
                      0.089412    0.001590    2.597032 v c[2] (out)
                                              2.597032   data arrival time

                      0.000000    0.000000    0.000000   clock clk (rise edge)
                                  0.000000    0.000000   clock network delay (ideal)
                                  0.250000    0.250000   clock uncertainty
                                  0.000000    0.250000   clock reconvergence pessimism
                                 -2.000000   -1.750000   output external delay
                                             -1.750000   data required time
---------------------------------------------------------------------------------------------
                                             -1.750000   data required time
                                             -2.597032   data arrival time
---------------------------------------------------------------------------------------------
                                              4.347032   slack (MET)


Startpoint: a[19] (input port clocked by clk)
Endpoint: c[19] (output port clocked by clk)
Path Group: clk
Path Type: min

Fanout         Cap        Slew       Delay        Time   Description
---------------------------------------------------------------------------------------------
                      0.000000    0.000000    0.000000   clock clk (rise edge)
                                  0.000000    0.000000   clock network delay (ideal)
                                  2.000000    2.000000 v input external delay
     1    0.002700    0.008385    0.004304    2.004304 v a[19] (in)
                                                         a[19] (net)
                      0.008391    0.000000    2.004304 v input11/A (sky130_fd_sc_hd__buf_1)
     2    0.010666    0.068220    0.107345    2.111650 v input11/X (sky130_fd_sc_hd__buf_1)
                                                         net11 (net)
                      0.068228    0.000791    2.112441 v _253_/A (sky130_fd_sc_hd__nand2_1)
     2    0.006251    0.067873    0.085358    2.197799 ^ _253_/Y (sky130_fd_sc_hd__nand2_1)
                                                         _080_ (net)
                      0.067873    0.000218    2.198016 ^ _254_/B (sky130_fd_sc_hd__nand2b_1)
     2    0.006729    0.061321    0.077732    2.275749 v _254_/Y (sky130_fd_sc_hd__nand2b_1)
                                                         _081_ (net)
                      0.061348    0.000471    2.276220 v _256_/A (sky130_fd_sc_hd__xnor2_1)
     1    0.005601    0.052216    0.142702    2.418921 v _256_/Y (sky130_fd_sc_hd__xnor2_1)
                                                         net75 (net)
                      0.052218    0.000379    2.419300 v output75/A (sky130_fd_sc_hd__buf_2)
     1    0.034240    0.089832    0.182323    2.601623 v output75/X (sky130_fd_sc_hd__buf_2)
                                                         c[19] (net)
                      0.089870    0.001712    2.603336 v c[19] (out)
                                              2.603336   data arrival time

                      0.000000    0.000000    0.000000   clock clk (rise edge)
                                  0.000000    0.000000   clock network delay (ideal)
                                  0.250000    0.250000   clock uncertainty
                                  0.000000    0.250000   clock reconvergence pessimism
                                 -2.000000   -1.750000   output external delay
                                             -1.750000   data required time
---------------------------------------------------------------------------------------------
                                             -1.750000   data required time
                                             -2.603336   data arrival time
---------------------------------------------------------------------------------------------
                                              4.353335   slack (MET)


Startpoint: a[12] (input port clocked by clk)
Endpoint: c[13] (output port clocked by clk)
Path Group: clk
Path Type: min

Fanout         Cap        Slew       Delay        Time   Description
---------------------------------------------------------------------------------------------
                      0.000000    0.000000    0.000000   clock clk (rise edge)
                                  0.000000    0.000000   clock network delay (ideal)
                                  2.000000    2.000000 ^ input external delay
     1    0.002878    0.020064    0.010634    2.010634 ^ a[12] (in)
                                                         a[12] (net)
                      0.020064    0.000000    2.010634 ^ input4/A (sky130_fd_sc_hd__clkbuf_1)
     2    0.007626    0.097868    0.110096    2.120730 ^ input4/X (sky130_fd_sc_hd__clkbuf_1)
                                                         net4 (net)
                      0.097874    0.000607    2.121337 ^ _167_/A (sky130_fd_sc_hd__nand2_1)
     4    0.013268    0.101645    0.115647    2.236984 v _167_/Y (sky130_fd_sc_hd__nand2_1)
                                                         _000_ (net)
                      0.101657    0.000936    2.237921 v _219_/A (sky130_fd_sc_hd__nand2_1)
     1    0.005047    0.062080    0.092316    2.330236 ^ _219_/Y (sky130_fd_sc_hd__nand2_1)
                                                         _052_ (net)
                      0.062081    0.000376    2.330612 ^ _220_/B (sky130_fd_sc_hd__xnor2_1)
     1    0.007714    0.067065    0.086768    2.417380 v _220_/Y (sky130_fd_sc_hd__xnor2_1)
                                                         net69 (net)
                      0.067100    0.000682    2.418062 v output69/A (sky130_fd_sc_hd__buf_2)
     1    0.034039    0.089375    0.188769    2.606831 v output69/X (sky130_fd_sc_hd__buf_2)
                                                         c[13] (net)
                      0.089409    0.001616    2.608446 v c[13] (out)
                                              2.608446   data arrival time

                      0.000000    0.000000    0.000000   clock clk (rise edge)
                                  0.000000    0.000000   clock network delay (ideal)
                                  0.250000    0.250000   clock uncertainty
                                  0.000000    0.250000   clock reconvergence pessimism
                                 -2.000000   -1.750000   output external delay
                                             -1.750000   data required time
---------------------------------------------------------------------------------------------
                                             -1.750000   data required time
                                             -2.608446   data arrival time
---------------------------------------------------------------------------------------------
                                              4.358446   slack (MET)


Startpoint: a[14] (input port clocked by clk)
Endpoint: c[15] (output port clocked by clk)
Path Group: clk
Path Type: min

Fanout         Cap        Slew       Delay        Time   Description
---------------------------------------------------------------------------------------------
                      0.000000    0.000000    0.000000   clock clk (rise edge)
                                  0.000000    0.000000   clock network delay (ideal)
                                  2.000000    2.000000 ^ input external delay
     1    0.002942    0.020341    0.010858    2.010858 ^ a[14] (in)
                                                         a[14] (net)
                      0.020342    0.000000    2.010858 ^ input6/A (sky130_fd_sc_hd__buf_1)
     3    0.009326    0.117040    0.123642    2.134500 ^ input6/X (sky130_fd_sc_hd__buf_1)
                                                         net6 (net)
                      0.117044    0.000604    2.135104 ^ _222_/A (sky130_fd_sc_hd__nand2_1)
     2    0.010377    0.082774    0.107820    2.242924 v _222_/Y (sky130_fd_sc_hd__nand2_1)
                                                         _054_ (net)
                      0.082816    0.000883    2.243806 v _227_/B1 (sky130_fd_sc_hd__o21ai_1)
     1    0.005290    0.105144    0.107790    2.351597 ^ _227_/Y (sky130_fd_sc_hd__o21ai_1)
                                                         _058_ (net)
                      0.105144    0.000408    2.352004 ^ _228_/B (sky130_fd_sc_hd__xnor2_1)
     1    0.003792    0.043186    0.077391    2.429395 v _228_/Y (sky130_fd_sc_hd__xnor2_1)
                                                         net71 (net)
                      0.043187    0.000254    2.429649 v output71/A (sky130_fd_sc_hd__clkbuf_4)
     1    0.034572    0.080178    0.181537    2.611186 v output71/X (sky130_fd_sc_hd__clkbuf_4)
                                                         c[15] (net)
                      0.080219    0.001662    2.612847 v c[15] (out)
                                              2.612847   data arrival time

                      0.000000    0.000000    0.000000   clock clk (rise edge)
                                  0.000000    0.000000   clock network delay (ideal)
                                  0.250000    0.250000   clock uncertainty
                                  0.000000    0.250000   clock reconvergence pessimism
                                 -2.000000   -1.750000   output external delay
                                             -1.750000   data required time
---------------------------------------------------------------------------------------------
                                             -1.750000   data required time
                                             -2.612847   data arrival time
---------------------------------------------------------------------------------------------
                                              4.362847   slack (MET)


Startpoint: b[16] (input port clocked by clk)
Endpoint: c[17] (output port clocked by clk)
Path Group: clk
Path Type: min

Fanout         Cap        Slew       Delay        Time   Description
---------------------------------------------------------------------------------------------
                      0.000000    0.000000    0.000000   clock clk (rise edge)
                                  0.000000    0.000000   clock network delay (ideal)
                                  2.000000    2.000000 ^ input external delay
     1    0.002806    0.019755    0.010383    2.010383 ^ b[16] (in)
                                                         b[16] (net)
                      0.019755    0.000000    2.010383 ^ input40/A (sky130_fd_sc_hd__clkbuf_1)
     2    0.008482    0.107490    0.116862    2.127245 ^ input40/X (sky130_fd_sc_hd__clkbuf_1)
                                                         net40 (net)
                      0.107493    0.000520    2.127764 ^ _238_/B (sky130_fd_sc_hd__nand2_1)
     3    0.010684    0.084436    0.107842    2.235606 v _238_/Y (sky130_fd_sc_hd__nand2_1)
                                                         _068_ (net)
                      0.084438    0.000529    2.236135 v _244_/B1 (sky130_fd_sc_hd__o21ai_1)
     1    0.005104    0.103106    0.106846    2.342981 ^ _244_/Y (sky130_fd_sc_hd__o21ai_1)
                                                         _073_ (net)
                      0.103106    0.000380    2.343361 ^ _245_/B (sky130_fd_sc_hd__xnor2_1)
     1    0.005446    0.053890    0.086831    2.430192 v _245_/Y (sky130_fd_sc_hd__xnor2_1)
                                                         net73 (net)
                      0.053892    0.000403    2.430594 v output73/A (sky130_fd_sc_hd__buf_2)
     1    0.034252    0.089854    0.183086    2.613680 v output73/X (sky130_fd_sc_hd__buf_2)
                                                         c[17] (net)
                      0.089893    0.001713    2.615393 v c[17] (out)
                                              2.615393   data arrival time

                      0.000000    0.000000    0.000000   clock clk (rise edge)
                                  0.000000    0.000000   clock network delay (ideal)
                                  0.250000    0.250000   clock uncertainty
                                  0.000000    0.250000   clock reconvergence pessimism
                                 -2.000000   -1.750000   output external delay
                                             -1.750000   data required time
---------------------------------------------------------------------------------------------
                                             -1.750000   data required time
                                             -2.615393   data arrival time
---------------------------------------------------------------------------------------------
                                              4.365394   slack (MET)


Startpoint: b[18] (input port clocked by clk)
Endpoint: c[18] (output port clocked by clk)
Path Group: clk
Path Type: min

Fanout         Cap        Slew       Delay        Time   Description
---------------------------------------------------------------------------------------------
                      0.000000    0.000000    0.000000   clock clk (rise edge)
                                  0.000000    0.000000   clock network delay (ideal)
                                  2.000000    2.000000 ^ input external delay
     1    0.002779    0.019640    0.010287    2.010287 ^ b[18] (in)
                                                         b[18] (net)
                      0.019641    0.000000    2.010287 ^ input42/A (sky130_fd_sc_hd__clkbuf_1)
     2    0.007157    0.092614    0.106394    2.116681 ^ input42/X (sky130_fd_sc_hd__clkbuf_1)
                                                         net42 (net)
                      0.092616    0.000331    2.117012 ^ _247_/B (sky130_fd_sc_hd__nand2_1)
     3    0.009100    0.073272    0.095099    2.212111 v _247_/Y (sky130_fd_sc_hd__nand2_1)
                                                         _075_ (net)
                      0.073274    0.000462    2.212573 v _248_/B (sky130_fd_sc_hd__nand2_1)
     2    0.008134    0.083348    0.106813    2.319386 ^ _248_/Y (sky130_fd_sc_hd__nand2_1)
                                                         _076_ (net)
                      0.083353    0.000540    2.319927 ^ _251_/A (sky130_fd_sc_hd__xnor2_1)
     1    0.007946    0.070025    0.103599    2.423526 v _251_/Y (sky130_fd_sc_hd__xnor2_1)
                                                         net74 (net)
                      0.070027    0.000537    2.424063 v output74/A (sky130_fd_sc_hd__buf_2)
     1    0.034462    0.090284    0.190899    2.614962 v output74/X (sky130_fd_sc_hd__buf_2)
                                                         c[18] (net)
                      0.090317    0.001612    2.616575 v c[18] (out)
                                              2.616575   data arrival time

                      0.000000    0.000000    0.000000   clock clk (rise edge)
                                  0.000000    0.000000   clock network delay (ideal)
                                  0.250000    0.250000   clock uncertainty
                                  0.000000    0.250000   clock reconvergence pessimism
                                 -2.000000   -1.750000   output external delay
                                             -1.750000   data required time
---------------------------------------------------------------------------------------------
                                             -1.750000   data required time
                                             -2.616575   data arrival time
---------------------------------------------------------------------------------------------
                                              4.366575   slack (MET)


Startpoint: b[4] (input port clocked by clk)
Endpoint: c[4] (output port clocked by clk)
Path Group: clk
Path Type: min

Fanout         Cap        Slew       Delay        Time   Description
---------------------------------------------------------------------------------------------
                      0.000000    0.000000    0.000000   clock clk (rise edge)
                                  0.000000    0.000000   clock network delay (ideal)
                                  2.000000    2.000000 ^ input external delay
     1    0.002860    0.019989    0.010573    2.010573 ^ b[4] (in)
                                                         b[4] (net)
                      0.019989    0.000000    2.010573 ^ input59/A (sky130_fd_sc_hd__buf_1)
     3    0.014985    0.181366    0.167619    2.178192 ^ input59/X (sky130_fd_sc_hd__buf_1)
                                                         net59 (net)
                      0.181380    0.001312    2.179504 ^ _170_/B (sky130_fd_sc_hd__xor2_1)
     2    0.006451    0.050801    0.113387    2.292891 v _170_/X (sky130_fd_sc_hd__xor2_1)
                                                         _003_ (net)
                      0.050805    0.000429    2.293320 v _342_/A (sky130_fd_sc_hd__nor2_1)
     1    0.003508    0.086916    0.107252    2.400572 ^ _342_/Y (sky130_fd_sc_hd__nor2_1)
                                                         _152_ (net)
                      0.086916    0.000236    2.400808 ^ _343_/B (sky130_fd_sc_hd__nor2_1)
     1    0.003825    0.032556    0.050635    2.451444 v _343_/Y (sky130_fd_sc_hd__nor2_1)
                                                         net91 (net)
                      0.032558    0.000292    2.451735 v output91/A (sky130_fd_sc_hd__buf_2)
     1    0.033972    0.089355    0.173445    2.625180 v output91/X (sky130_fd_sc_hd__buf_2)
                                                         c[4] (net)
                      0.089388    0.001591    2.626771 v c[4] (out)
                                              2.626771   data arrival time

                      0.000000    0.000000    0.000000   clock clk (rise edge)
                                  0.000000    0.000000   clock network delay (ideal)
                                  0.250000    0.250000   clock uncertainty
                                  0.000000    0.250000   clock reconvergence pessimism
                                 -2.000000   -1.750000   output external delay
                                             -1.750000   data required time
---------------------------------------------------------------------------------------------
                                             -1.750000   data required time
                                             -2.626771   data arrival time
---------------------------------------------------------------------------------------------
                                              4.376771   slack (MET)


Startpoint: a[28] (input port clocked by clk)
Endpoint: c[29] (output port clocked by clk)
Path Group: clk
Path Type: min

Fanout         Cap        Slew       Delay        Time   Description
---------------------------------------------------------------------------------------------
                      0.000000    0.000000    0.000000   clock clk (rise edge)
                                  0.000000    0.000000   clock network delay (ideal)
                                  2.000000    2.000000 ^ input external delay
     1    0.002896    0.020143    0.010699    2.010699 ^ a[28] (in)
                                                         a[28] (net)
                      0.020144    0.000000    2.010699 ^ input21/A (sky130_fd_sc_hd__clkbuf_1)
     2    0.005067    0.069138    0.089910    2.100609 ^ input21/X (sky130_fd_sc_hd__clkbuf_1)
                                                         net21 (net)
                      0.069139    0.000429    2.101038 ^ _312_/A (sky130_fd_sc_hd__nand2_1)
     2    0.007933    0.064992    0.078614    2.179652 v _312_/Y (sky130_fd_sc_hd__nand2_1)
                                                         _130_ (net)
                      0.065019    0.000520    2.180172 v _313_/A (sky130_fd_sc_hd__inv_2)
     2    0.008232    0.046389    0.066055    2.246227 ^ _313_/Y (sky130_fd_sc_hd__inv_2)
                                                         _131_ (net)
                      0.046393    0.000429    2.246655 ^ _323_/B1 (sky130_fd_sc_hd__a21o_1)
     1    0.006079    0.060916    0.095441    2.342096 ^ _323_/X (sky130_fd_sc_hd__a21o_1)
                                                         _140_ (net)
                      0.060918    0.000449    2.342545 ^ _324_/B (sky130_fd_sc_hd__xnor2_1)
     1    0.009720    0.081065    0.096970    2.439515 v _324_/Y (sky130_fd_sc_hd__xnor2_1)
                                                         net86 (net)
                      0.081079    0.000874    2.440390 v output86/A (sky130_fd_sc_hd__buf_2)
     1    0.034193    0.089753    0.195347    2.635736 v output86/X (sky130_fd_sc_hd__buf_2)
                                                         c[29] (net)
                      0.089791    0.001702    2.637438 v c[29] (out)
                                              2.637438   data arrival time

                      0.000000    0.000000    0.000000   clock clk (rise edge)
                                  0.000000    0.000000   clock network delay (ideal)
                                  0.250000    0.250000   clock uncertainty
                                  0.000000    0.250000   clock reconvergence pessimism
                                 -2.000000   -1.750000   output external delay
                                             -1.750000   data required time
---------------------------------------------------------------------------------------------
                                             -1.750000   data required time
                                             -2.637438   data arrival time
---------------------------------------------------------------------------------------------
                                              4.387438   slack (MET)


Startpoint: a[14] (input port clocked by clk)
Endpoint: c[14] (output port clocked by clk)
Path Group: clk
Path Type: min

Fanout         Cap        Slew       Delay        Time   Description
---------------------------------------------------------------------------------------------
                      0.000000    0.000000    0.000000   clock clk (rise edge)
                                  0.000000    0.000000   clock network delay (ideal)
                                  2.000000    2.000000 ^ input external delay
     1    0.002942    0.020341    0.010858    2.010858 ^ a[14] (in)
                                                         a[14] (net)
                      0.020342    0.000000    2.010858 ^ input6/A (sky130_fd_sc_hd__buf_1)
     3    0.009326    0.117040    0.123642    2.134500 ^ input6/X (sky130_fd_sc_hd__buf_1)
                                                         net6 (net)
                      0.117044    0.000604    2.135104 ^ _222_/A (sky130_fd_sc_hd__nand2_1)
     2    0.010377    0.082774    0.107820    2.242924 v _222_/Y (sky130_fd_sc_hd__nand2_1)
                                                         _054_ (net)
                      0.082819    0.000974    2.243897 v _223_/B (sky130_fd_sc_hd__nand2_1)
     3    0.011141    0.109418    0.129457    2.373354 ^ _223_/Y (sky130_fd_sc_hd__nand2_1)
                                                         _055_ (net)
                      0.109426    0.000793    2.374147 ^ _225_/A (sky130_fd_sc_hd__xor2_1)
     1    0.004453    0.042655    0.085551    2.459698 v _225_/X (sky130_fd_sc_hd__xor2_1)
                                                         net70 (net)
                      0.042657    0.000304    2.460002 v output70/A (sky130_fd_sc_hd__clkbuf_4)
     1    0.034577    0.080191    0.181310    2.641312 v output70/X (sky130_fd_sc_hd__clkbuf_4)
                                                         c[14] (net)
                      0.080231    0.001662    2.642974 v c[14] (out)
                                              2.642974   data arrival time

                      0.000000    0.000000    0.000000   clock clk (rise edge)
                                  0.000000    0.000000   clock network delay (ideal)
                                  0.250000    0.250000   clock uncertainty
                                  0.000000    0.250000   clock reconvergence pessimism
                                 -2.000000   -1.750000   output external delay
                                             -1.750000   data required time
---------------------------------------------------------------------------------------------
                                             -1.750000   data required time
                                             -2.642974   data arrival time
---------------------------------------------------------------------------------------------
                                              4.392974   slack (MET)


Startpoint: a[5] (input port clocked by clk)
Endpoint: c[6] (output port clocked by clk)
Path Group: clk
Path Type: min

Fanout         Cap        Slew       Delay        Time   Description
---------------------------------------------------------------------------------------------
                      0.000000    0.000000    0.000000   clock clk (rise edge)
                                  0.000000    0.000000   clock network delay (ideal)
                                  2.000000    2.000000 ^ input external delay
     1    0.002852    0.019956    0.010545    2.010545 ^ a[5] (in)
                                                         a[5] (net)
                      0.019956    0.000000    2.010545 ^ input28/A (sky130_fd_sc_hd__buf_1)
     3    0.007912    0.101015    0.112500    2.123045 ^ input28/X (sky130_fd_sc_hd__buf_1)
                                                         net28 (net)
                      0.101016    0.000246    2.123291 ^ _186_/A (sky130_fd_sc_hd__or2_1)
     3    0.006708    0.073410    0.134362    2.257654 ^ _186_/X (sky130_fd_sc_hd__or2_1)
                                                         _019_ (net)
                      0.073410    0.000347    2.258001 ^ _346_/C1 (sky130_fd_sc_hd__o211a_1)
     2    0.008172    0.080601    0.171192    2.429192 ^ _346_/X (sky130_fd_sc_hd__o211a_1)
                                                         _154_ (net)
                      0.080602    0.000499    2.429691 ^ _348_/A (sky130_fd_sc_hd__nor2_1)
     1    0.003064    0.031889    0.051872    2.481563 v _348_/Y (sky130_fd_sc_hd__nor2_1)
                                                         net93 (net)
                      0.031889    0.000212    2.481775 v output93/A (sky130_fd_sc_hd__buf_2)
     1    0.033968    0.089350    0.173149    2.654924 v output93/X (sky130_fd_sc_hd__buf_2)
                                                         c[6] (net)
                      0.089382    0.001590    2.656514 v c[6] (out)
                                              2.656514   data arrival time

                      0.000000    0.000000    0.000000   clock clk (rise edge)
                                  0.000000    0.000000   clock network delay (ideal)
                                  0.250000    0.250000   clock uncertainty
                                  0.000000    0.250000   clock reconvergence pessimism
                                 -2.000000   -1.750000   output external delay
                                             -1.750000   data required time
---------------------------------------------------------------------------------------------
                                             -1.750000   data required time
                                             -2.656514   data arrival time
---------------------------------------------------------------------------------------------
                                              4.406514   slack (MET)


Startpoint: a[10] (input port clocked by clk)
Endpoint: c[11] (output port clocked by clk)
Path Group: clk
Path Type: min

Fanout         Cap        Slew       Delay        Time   Description
---------------------------------------------------------------------------------------------
                      0.000000    0.000000    0.000000   clock clk (rise edge)
                                  0.000000    0.000000   clock network delay (ideal)
                                  2.000000    2.000000 ^ input external delay
     1    0.003091    0.020986    0.011380    2.011379 ^ a[10] (in)
                                                         a[10] (net)
                      0.020994    0.000000    2.011379 ^ input2/A (sky130_fd_sc_hd__clkbuf_1)
     2    0.005632    0.075471    0.094708    2.106088 ^ input2/X (sky130_fd_sc_hd__clkbuf_1)
                                                         net2 (net)
                      0.075500    0.000384    2.106472 ^ _206_/A (sky130_fd_sc_hd__nand2_1)
     3    0.017562    0.129631    0.129289    2.235761 v _206_/Y (sky130_fd_sc_hd__nand2_1)
                                                         _039_ (net)
                      0.129655    0.001468    2.237229 v _357_/B1 (sky130_fd_sc_hd__o21ai_1)
     1    0.005002    0.105762    0.126175    2.363404 ^ _357_/Y (sky130_fd_sc_hd__o21ai_1)
                                                         _160_ (net)
                      0.105762    0.000239    2.363642 ^ _358_/B (sky130_fd_sc_hd__xnor2_1)
     1    0.007971    0.070658    0.101433    2.465075 v _358_/Y (sky130_fd_sc_hd__xnor2_1)
                                                         net67 (net)
                      0.070663    0.000673    2.465748 v output67/A (sky130_fd_sc_hd__buf_2)
     1    0.034374    0.090087    0.191037    2.656785 v output67/X (sky130_fd_sc_hd__buf_2)
                                                         c[11] (net)
                      0.090120    0.001594    2.658378 v c[11] (out)
                                              2.658378   data arrival time

                      0.000000    0.000000    0.000000   clock clk (rise edge)
                                  0.000000    0.000000   clock network delay (ideal)
                                  0.250000    0.250000   clock uncertainty
                                  0.000000    0.250000   clock reconvergence pessimism
                                 -2.000000   -1.750000   output external delay
                                             -1.750000   data required time
---------------------------------------------------------------------------------------------
                                             -1.750000   data required time
                                             -2.658378   data arrival time
---------------------------------------------------------------------------------------------
                                              4.408379   slack (MET)


Startpoint: b[26] (input port clocked by clk)
Endpoint: c[26] (output port clocked by clk)
Path Group: clk
Path Type: min

Fanout         Cap        Slew       Delay        Time   Description
---------------------------------------------------------------------------------------------
                      0.000000    0.000000    0.000000   clock clk (rise edge)
                                  0.000000    0.000000   clock network delay (ideal)
                                  2.000000    2.000000 v input external delay
     1    0.002715    0.008419    0.004330    2.004330 v b[26] (in)
                                                         b[26] (net)
                      0.008425    0.000000    2.004330 v input51/A (sky130_fd_sc_hd__clkbuf_1)
     2    0.005261    0.039333    0.083637    2.087966 v input51/X (sky130_fd_sc_hd__clkbuf_1)
                                                         net51 (net)
                      0.039335    0.000328    2.088294 v _298_/B (sky130_fd_sc_hd__nor2_1)
     2    0.007657    0.154814    0.139512    2.227807 ^ _298_/Y (sky130_fd_sc_hd__nor2_1)
                                                         _118_ (net)
                      0.154815    0.000251    2.228058 ^ _301_/A (sky130_fd_sc_hd__or2_1)
     2    0.007468    0.080143    0.153348    2.381406 ^ _301_/X (sky130_fd_sc_hd__or2_1)
                                                         _121_ (net)
                      0.080143    0.000312    2.381717 ^ _305_/A (sky130_fd_sc_hd__xnor2_1)
     1    0.006479    0.060634    0.094487    2.476204 v _305_/Y (sky130_fd_sc_hd__xnor2_1)
                                                         net83 (net)
                      0.060637    0.000518    2.476722 v output83/A (sky130_fd_sc_hd__buf_2)
     1    0.034140    0.089593    0.186000    2.662722 v output83/X (sky130_fd_sc_hd__buf_2)
                                                         c[26] (net)
                      0.089628    0.001640    2.664362 v c[26] (out)
                                              2.664362   data arrival time

                      0.000000    0.000000    0.000000   clock clk (rise edge)
                                  0.000000    0.000000   clock network delay (ideal)
                                  0.250000    0.250000   clock uncertainty
                                  0.000000    0.250000   clock reconvergence pessimism
                                 -2.000000   -1.750000   output external delay
                                             -1.750000   data required time
---------------------------------------------------------------------------------------------
                                             -1.750000   data required time
                                             -2.664362   data arrival time
---------------------------------------------------------------------------------------------
                                              4.414362   slack (MET)


Startpoint: a[10] (input port clocked by clk)
Endpoint: c[10] (output port clocked by clk)
Path Group: clk
Path Type: min

Fanout         Cap        Slew       Delay        Time   Description
---------------------------------------------------------------------------------------------
                      0.000000    0.000000    0.000000   clock clk (rise edge)
                                  0.000000    0.000000   clock network delay (ideal)
                                  2.000000    2.000000 ^ input external delay
     1    0.003091    0.020986    0.011380    2.011379 ^ a[10] (in)
                                                         a[10] (net)
                      0.020994    0.000000    2.011379 ^ input2/A (sky130_fd_sc_hd__clkbuf_1)
     2    0.005632    0.075471    0.094708    2.106088 ^ input2/X (sky130_fd_sc_hd__clkbuf_1)
                                                         net2 (net)
                      0.075500    0.000384    2.106472 ^ _206_/A (sky130_fd_sc_hd__nand2_1)
     3    0.017562    0.129631    0.129289    2.235761 v _206_/Y (sky130_fd_sc_hd__nand2_1)
                                                         _039_ (net)
                      0.129643    0.001059    2.236820 v _208_/A (sky130_fd_sc_hd__nand2_2)
     4    0.021454    0.120619    0.149856    2.386676 ^ _208_/Y (sky130_fd_sc_hd__nand2_2)
                                                         _041_ (net)
                      0.120658    0.001762    2.388438 ^ _356_/A (sky130_fd_sc_hd__xor2_1)
     1    0.006545    0.051175    0.100121    2.488559 v _356_/X (sky130_fd_sc_hd__xor2_1)
                                                         net66 (net)
                      0.051181    0.000533    2.489092 v output66/A (sky130_fd_sc_hd__buf_2)
     1    0.034387    0.090110    0.182246    2.671339 v output66/X (sky130_fd_sc_hd__buf_2)
                                                         c[10] (net)
                      0.090143    0.001595    2.672933 v c[10] (out)
                                              2.672933   data arrival time

                      0.000000    0.000000    0.000000   clock clk (rise edge)
                                  0.000000    0.000000   clock network delay (ideal)
                                  0.250000    0.250000   clock uncertainty
                                  0.000000    0.250000   clock reconvergence pessimism
                                 -2.000000   -1.750000   output external delay
                                             -1.750000   data required time
---------------------------------------------------------------------------------------------
                                             -1.750000   data required time
                                             -2.672933   data arrival time
---------------------------------------------------------------------------------------------
                                              4.422933   slack (MET)


Startpoint: b[16] (input port clocked by clk)
Endpoint: c[16] (output port clocked by clk)
Path Group: clk
Path Type: min

Fanout         Cap        Slew       Delay        Time   Description
---------------------------------------------------------------------------------------------
                      0.000000    0.000000    0.000000   clock clk (rise edge)
                                  0.000000    0.000000   clock network delay (ideal)
                                  2.000000    2.000000 ^ input external delay
     1    0.002806    0.019755    0.010383    2.010383 ^ b[16] (in)
                                                         b[16] (net)
                      0.019755    0.000000    2.010383 ^ input40/A (sky130_fd_sc_hd__clkbuf_1)
     2    0.008482    0.107490    0.116862    2.127245 ^ input40/X (sky130_fd_sc_hd__clkbuf_1)
                                                         net40 (net)
                      0.107493    0.000520    2.127764 ^ _238_/B (sky130_fd_sc_hd__nand2_1)
     3    0.010684    0.084436    0.107842    2.235606 v _238_/Y (sky130_fd_sc_hd__nand2_1)
                                                         _068_ (net)
                      0.084436    0.000338    2.235944 v _239_/B (sky130_fd_sc_hd__nand2_1)
     4    0.016018    0.151593    0.159977    2.395921 ^ _239_/Y (sky130_fd_sc_hd__nand2_1)
                                                         _069_ (net)
                      0.151600    0.000854    2.396775 ^ _240_/B (sky130_fd_sc_hd__xor2_1)
     1    0.005256    0.046034    0.099154    2.495929 v _240_/X (sky130_fd_sc_hd__xor2_1)
                                                         net72 (net)
                      0.046037    0.000388    2.496317 v output72/A (sky130_fd_sc_hd__buf_2)
     1    0.034103    0.089555    0.179463    2.675780 v output72/X (sky130_fd_sc_hd__buf_2)
                                                         c[16] (net)
                      0.089590    0.001638    2.677418 v c[16] (out)
                                              2.677418   data arrival time

                      0.000000    0.000000    0.000000   clock clk (rise edge)
                                  0.000000    0.000000   clock network delay (ideal)
                                  0.250000    0.250000   clock uncertainty
                                  0.000000    0.250000   clock reconvergence pessimism
                                 -2.000000   -1.750000   output external delay
                                             -1.750000   data required time
---------------------------------------------------------------------------------------------
                                             -1.750000   data required time
                                             -2.677418   data arrival time
---------------------------------------------------------------------------------------------
                                              4.427419   slack (MET)


Startpoint: b[20] (input port clocked by clk)
Endpoint: c[20] (output port clocked by clk)
Path Group: clk
Path Type: min

Fanout         Cap        Slew       Delay        Time   Description
---------------------------------------------------------------------------------------------
                      0.000000    0.000000    0.000000   clock clk (rise edge)
                                  0.000000    0.000000   clock network delay (ideal)
                                  2.000000    2.000000 ^ input external delay
     1    0.002817    0.019804    0.010423    2.010423 ^ b[20] (in)
                                                         b[20] (net)
                      0.019805    0.000000    2.010423 ^ input45/A (sky130_fd_sc_hd__clkbuf_1)
     2    0.008297    0.105399    0.115429    2.125853 ^ input45/X (sky130_fd_sc_hd__clkbuf_1)
                                                         net45 (net)
                      0.105402    0.000504    2.126357 ^ _257_/B (sky130_fd_sc_hd__or2_1)
     1    0.002999    0.041612    0.109197    2.235554 ^ _257_/X (sky130_fd_sc_hd__or2_1)
                                                         _083_ (net)
                      0.041612    0.000143    2.235697 ^ _259_/A (sky130_fd_sc_hd__nand2_1)
     3    0.006842    0.056094    0.063884    2.299581 v _259_/Y (sky130_fd_sc_hd__nand2_1)
                                                         _085_ (net)
                      0.056097    0.000359    2.299940 v _265_/A (sky130_fd_sc_hd__nand2_1)
     1    0.001898    0.031899    0.052482    2.352422 ^ _265_/Y (sky130_fd_sc_hd__nand2_1)
                                                         _091_ (net)
                      0.031899    0.000084    2.352506 ^ _266_/B (sky130_fd_sc_hd__and2_1)
     1    0.005151    0.066042    0.127247    2.479753 ^ _266_/X (sky130_fd_sc_hd__and2_1)
                                                         net77 (net)
                      0.066042    0.000221    2.479974 ^ output77/A (sky130_fd_sc_hd__buf_2)
     1    0.034204    0.170060    0.204891    2.684865 ^ output77/X (sky130_fd_sc_hd__buf_2)
                                                         c[20] (net)
                      0.170135    0.001704    2.686568 ^ c[20] (out)
                                              2.686568   data arrival time

                      0.000000    0.000000    0.000000   clock clk (rise edge)
                                  0.000000    0.000000   clock network delay (ideal)
                                  0.250000    0.250000   clock uncertainty
                                  0.000000    0.250000   clock reconvergence pessimism
                                 -2.000000   -1.750000   output external delay
                                             -1.750000   data required time
---------------------------------------------------------------------------------------------
                                             -1.750000   data required time
                                             -2.686568   data arrival time
---------------------------------------------------------------------------------------------
                                              4.436569   slack (MET)


Startpoint: b[12] (input port clocked by clk)
Endpoint: c[12] (output port clocked by clk)
Path Group: clk
Path Type: min

Fanout         Cap        Slew       Delay        Time   Description
---------------------------------------------------------------------------------------------
                      0.000000    0.000000    0.000000   clock clk (rise edge)
                                  0.000000    0.000000   clock network delay (ideal)
                                  2.000000    2.000000 ^ input external delay
     1    0.002657    0.019116    0.009857    2.009857 ^ b[12] (in)
                                                         b[12] (net)
                      0.019117    0.000000    2.009857 ^ input36/A (sky130_fd_sc_hd__clkbuf_1)
     2    0.007590    0.097454    0.109648    2.119505 ^ input36/X (sky130_fd_sc_hd__clkbuf_1)
                                                         net36 (net)
                      0.097455    0.000307    2.119812 ^ _168_/B (sky130_fd_sc_hd__or2_1)
     1    0.003187    0.043038    0.107874    2.227685 ^ _168_/X (sky130_fd_sc_hd__or2_1)
                                                         _001_ (net)
                      0.043039    0.000238    2.227924 ^ _169_/B (sky130_fd_sc_hd__nand2_1)
     3    0.016321    0.121005    0.115968    2.343892 v _169_/Y (sky130_fd_sc_hd__nand2_1)
                                                         _002_ (net)
                      0.121027    0.001353    2.345245 v _359_/A (sky130_fd_sc_hd__xnor2_1)
     1    0.006646    0.059470    0.175899    2.521144 v _359_/Y (sky130_fd_sc_hd__xnor2_1)
                                                         net68 (net)
                      0.059498    0.000505    2.521649 v output68/A (sky130_fd_sc_hd__buf_2)
     1    0.033980    0.089231    0.185220    2.706869 v output68/X (sky130_fd_sc_hd__buf_2)
                                                         c[12] (net)
                      0.089264    0.001591    2.708460 v c[12] (out)
                                              2.708460   data arrival time

                      0.000000    0.000000    0.000000   clock clk (rise edge)
                                  0.000000    0.000000   clock network delay (ideal)
                                  0.250000    0.250000   clock uncertainty
                                  0.000000    0.250000   clock reconvergence pessimism
                                 -2.000000   -1.750000   output external delay
                                             -1.750000   data required time
---------------------------------------------------------------------------------------------
                                             -1.750000   data required time
                                             -2.708460   data arrival time
---------------------------------------------------------------------------------------------
                                              4.458459   slack (MET)


Startpoint: b[8] (input port clocked by clk)
Endpoint: c[8] (output port clocked by clk)
Path Group: clk
Path Type: min

Fanout         Cap        Slew       Delay        Time   Description
---------------------------------------------------------------------------------------------
                      0.000000    0.000000    0.000000   clock clk (rise edge)
                                  0.000000    0.000000   clock network delay (ideal)
                                  2.000000    2.000000 ^ input external delay
     1    0.002901    0.020165    0.010717    2.010717 ^ b[8] (in)
                                                         b[8] (net)
                      0.020165    0.000000    2.010717 ^ input63/A (sky130_fd_sc_hd__clkbuf_1)
     2    0.007040    0.091323    0.105514    2.116231 ^ input63/X (sky130_fd_sc_hd__clkbuf_1)
                                                         net63 (net)
                      0.091328    0.000530    2.116761 ^ _203_/B (sky130_fd_sc_hd__or2_1)
     1    0.002112    0.034376    0.098466    2.215227 ^ _203_/X (sky130_fd_sc_hd__or2_1)
                                                         _036_ (net)
                      0.034377    0.000138    2.215365 ^ _204_/B (sky130_fd_sc_hd__and2_1)
     2    0.007686    0.088478    0.145242    2.360607 ^ _204_/X (sky130_fd_sc_hd__and2_1)
                                                         _037_ (net)
                      0.088478    0.000293    2.360900 ^ _205_/A (sky130_fd_sc_hd__inv_2)
     2    0.009501    0.035225    0.050439    2.411339 v _205_/Y (sky130_fd_sc_hd__inv_2)
                                                         _038_ (net)
                      0.035253    0.000613    2.411952 v _352_/B (sky130_fd_sc_hd__xnor2_1)
     1    0.004971    0.047622    0.125779    2.537731 v _352_/Y (sky130_fd_sc_hd__xnor2_1)
                                                         net95 (net)
                      0.047622    0.000208    2.537939 v output95/A (sky130_fd_sc_hd__buf_2)
     1    0.033974    0.089250    0.179939    2.717878 v output95/X (sky130_fd_sc_hd__buf_2)
                                                         c[8] (net)
                      0.089283    0.001591    2.719469 v c[8] (out)
                                              2.719469   data arrival time

                      0.000000    0.000000    0.000000   clock clk (rise edge)
                                  0.000000    0.000000   clock network delay (ideal)
                                  0.250000    0.250000   clock uncertainty
                                  0.000000    0.250000   clock reconvergence pessimism
                                 -2.000000   -1.750000   output external delay
                                             -1.750000   data required time
---------------------------------------------------------------------------------------------
                                             -1.750000   data required time
                                             -2.719469   data arrival time
---------------------------------------------------------------------------------------------
                                              4.469469   slack (MET)



