
===========================================================================
report_checks -unconstrained
===========================================================================
======================= nom_ff_n40C_1v95 Corner ===================================

Startpoint: b[2] (input port clocked by clk)
Endpoint: c[31] (output port clocked by clk)
Path Group: clk
Path Type: max

Fanout         Cap        Slew       Delay        Time   Description
---------------------------------------------------------------------------------------------
                      0.000000    0.000000    0.000000   clock clk (rise edge)
                                  0.000000    0.000000   clock network delay (ideal)
                                  2.000000    2.000000 v input external delay
     2    0.005640    0.009329    0.004946    2.004946 v b[2] (in)
                                                         b[2] (net)
                      0.009329    0.000000    2.004946 v _172_/B (sky130_fd_sc_hd__and2_2)
     5    0.015029    0.047327    0.133107    2.138053 v _172_/X (sky130_fd_sc_hd__and2_2)
                                                         _005_ (net)
                      0.047327    0.000000    2.138053 v _174_/A (sky130_fd_sc_hd__nor2_2)
     2    0.006199    0.069698    0.086851    2.224904 ^ _174_/Y (sky130_fd_sc_hd__nor2_2)
                                                         _007_ (net)
                      0.069698    0.000000    2.224904 ^ _180_/A (sky130_fd_sc_hd__and2_2)
     5    0.016850    0.074760    0.125143    2.350047 ^ _180_/X (sky130_fd_sc_hd__and2_2)
                                                         _013_ (net)
                      0.074760    0.000000    2.350047 ^ _184_/A2 (sky130_fd_sc_hd__o311a_2)
     5    0.018958    0.085325    0.151031    2.501079 ^ _184_/X (sky130_fd_sc_hd__o311a_2)
                                                         _017_ (net)
                      0.085325    0.000000    2.501079 ^ _197_/A1 (sky130_fd_sc_hd__a31o_2)
     4    0.022970    0.108166    0.149673    2.650751 ^ _197_/X (sky130_fd_sc_hd__a31o_2)
                                                         _030_ (net)
                      0.108166    0.000000    2.650751 ^ _236_/A1 (sky130_fd_sc_hd__a21oi_2)
     5    0.021890    0.067409    0.072068    2.722819 v _236_/Y (sky130_fd_sc_hd__a21oi_2)
                                                         _066_ (net)
                      0.067409    0.000000    2.722819 v _288_/A1 (sky130_fd_sc_hd__o31a_2)
     4    0.022007    0.070452    0.260149    2.982968 v _288_/X (sky130_fd_sc_hd__o31a_2)
                                                         _110_ (net)
                      0.070452    0.000000    2.982968 v _318_/A1 (sky130_fd_sc_hd__o31ai_2)
     3    0.015399    0.278394    0.280218    3.263186 ^ _318_/Y (sky130_fd_sc_hd__o31ai_2)
                                                         _136_ (net)
                      0.278394    0.000000    3.263186 ^ _328_/A2 (sky130_fd_sc_hd__a211oi_2)
     2    0.006292    0.071876    0.066112    3.329298 v _328_/Y (sky130_fd_sc_hd__a211oi_2)
                                                         _144_ (net)
                      0.071876    0.000000    3.329298 v _331_/A3 (sky130_fd_sc_hd__o31a_2)
     1    0.008271    0.048200    0.194077    3.523375 v _331_/X (sky130_fd_sc_hd__o31a_2)
                                                         _146_ (net)
                      0.048200    0.000000    3.523375 v _333_/A (sky130_fd_sc_hd__xnor2_2)
     1    0.033442    0.339877    0.286588    3.809963 ^ _333_/Y (sky130_fd_sc_hd__xnor2_2)
                                                         c[31] (net)
                      0.339877    0.000000    3.809963 ^ c[31] (out)
                                              3.809963   data arrival time

                      0.000000   10.000000   10.000000   clock clk (rise edge)
                                  0.000000   10.000000   clock network delay (ideal)
                                 -0.250000    9.750000   clock uncertainty
                                  0.000000    9.750000   clock reconvergence pessimism
                                 -2.000000    7.750000   output external delay
                                              7.750000   data required time
---------------------------------------------------------------------------------------------
                                              7.750000   data required time
                                             -3.809963   data arrival time
---------------------------------------------------------------------------------------------
                                              3.940037   slack (MET)




===========================================================================
report_checks --slack_max -0.01
============================================================================
======================= nom_ff_n40C_1v95 Corner ===================================

No paths found.


===========================================================================
 report_check_types -max_slew -max_cap -max_fanout -violators
============================================================================
======================= nom_ff_n40C_1v95 Corner ===================================



===========================================================================
report_parasitic_annotation -report_unannotated
============================================================================
Found 260 unannotated drivers.
 a[0]
 a[10]
 a[11]
 a[12]
 a[13]
 a[14]
 a[15]
 a[16]
 a[17]
 a[18]
 a[19]
 a[1]
 a[20]
 a[21]
 a[22]
 a[23]
 a[24]
 a[25]
 a[26]
 a[27]
 a[28]
 a[29]
 a[2]
 a[30]
 a[31]
 a[3]
 a[4]
 a[5]
 a[6]
 a[7]
 a[8]
 a[9]
 b[0]
 b[10]
 b[11]
 b[12]
 b[13]
 b[14]
 b[15]
 b[16]
 b[17]
 b[18]
 b[19]
 b[1]
 b[20]
 b[21]
 b[22]
 b[23]
 b[24]
 b[25]
 b[26]
 b[27]
 b[28]
 b[29]
 b[2]
 b[30]
 b[31]
 b[3]
 b[4]
 b[5]
 b[6]
 b[7]
 b[8]
 b[9]
 _164_/Y
 _165_/Y
 _166_/Y
 _167_/Y
 _168_/X
 _169_/Y
 _170_/X
 _171_/X
 _172_/X
 _173_/Y
 _174_/Y
 _175_/X
 _176_/Y
 _177_/Y
 _178_/Y
 _179_/Y
 _180_/X
 _181_/X
 _182_/Y
 _183_/X
 _184_/X
 _185_/Y
 _186_/X
 _187_/X
 _188_/Y
 _189_/X
 _190_/Y
 _191_/X
 _192_/X
 _193_/X
 _194_/X
 _195_/X
 _196_/X
 _197_/X
 _198_/Y
 _199_/Y
 _200_/X
 _201_/Y
 _202_/Y
 _203_/X
 _204_/X
 _205_/Y
 _206_/Y
 _207_/X
 _208_/Y
 _209_/Y
 _210_/Y
 _211_/Y
 _212_/Y
 _213_/X
 _214_/Y
 _215_/X
 _216_/X
 _217_/Y
 _218_/X
 _219_/Y
 _220_/Y
 _221_/X
 _222_/Y
 _223_/Y
 _224_/X
 _225_/X
 _226_/Y
 _227_/Y
 _228_/Y
 _229_/X
 _230_/X
 _231_/Y
 _232_/X
 _233_/X
 _234_/Y
 _235_/Y
 _236_/Y
 _237_/X
 _238_/Y
 _239_/Y
 _240_/X
 _241_/X
 _242_/Y
 _243_/Y
 _244_/Y
 _245_/Y
 _246_/X
 _247_/Y
 _248_/Y
 _249_/X
 _250_/Y
 _251_/Y
 _252_/Y
 _253_/Y
 _254_/Y
 _255_/X
 _256_/Y
 _257_/X
 _258_/Y
 _259_/Y
 _260_/X
 _261_/X
 _262_/X
 _263_/X
 _264_/X
 _265_/Y
 _266_/X
 _267_/Y
 _268_/Y
 _269_/Y
 _270_/Y
 _271_/Y
 _272_/Y
 _273_/X
 _274_/Y
 _275_/Y
 _276_/X
 _277_/X
 _278_/X
 _279_/Y
 _280_/Y
 _281_/Y
 _282_/Y
 _283_/Y
 _284_/X
 _285_/X
 _286_/X
 _287_/X
 _288_/X
 _289_/X
 _290_/Y
 _291_/Y
 _292_/X
 _293_/X
 _294_/Y
 _295_/Y
 _296_/Y
 _297_/Y
 _298_/Y
 _299_/Y
 _300_/X
 _301_/X
 _302_/X
 _303_/X
 _304_/Y
 _305_/Y
 _306_/X
 _307_/Y
 _308_/Y
 _309_/X
 _310_/Y
 _311_/X
 _312_/Y
 _313_/Y
 _314_/Y
 _315_/Y
 _316_/X
 _317_/X
 _318_/Y
 _319_/Y
 _320_/Y
 _321_/X
 _322_/X
 _323_/X
 _324_/Y
 _325_/Y
 _326_/X
 _327_/Y
 _328_/Y
 _329_/Y
 _330_/Y
 _331_/X
 _332_/X
 _333_/Y
 _334_/X
 _335_/X
 _336_/Y
 _337_/Y
 _338_/Y
 _339_/Y
 _340_/X
 _341_/Y
 _342_/Y
 _343_/Y
 _344_/Y
 _345_/Y
 _346_/X
 _347_/Y
 _348_/Y
 _349_/X
 _350_/Y
 _351_/Y
 _352_/Y
 _353_/Y
 _354_/Y
 _355_/X
 _356_/X
 _357_/Y
 _358_/Y
 _359_/Y
Found 0 partially unannotated drivers.

===========================================================================
max slew violation count 0
max fanout violation count 0
max cap violation count 0
============================================================================

===========================================================================
check_setup -verbose -unconstrained_endpoints -multiple_clock -no_clock -no_input_delay -loops -generated_clocks
===========================================================================
