Starting…
Running 'Verilator.Lint'…
Logging subprocess to [repr.filename][link=file:///home/vu/RISCV_Pipeline_Core/src/runs/RUN_2025-04-26_11-15-26/01-verilator-lint/verilator-lint.log]runs/RUN_2025-04-26_11-15-26/01-verilator-lint/verilator-lint.log[/link][/repr.filename]…
Running 'Checker.LintTimingConstructs'…
Check for Lint Timing Errors clear.
Running 'Checker.LintErrors'…
Check for Lint errors clear.
Running 'Checker.LintWarnings'…
19 Lint warnings found.
Running 'Yosys.JsonHeader'…
Logging subprocess to [repr.filename][link=file:///home/vu/RISCV_Pipeline_Core/src/runs/RUN_2025-04-26_11-15-26/05-yosys-jsonheader/yosys-jsonheader.log]runs/RUN_2025-04-26_11-15-26/05-yosys-jsonheader/yosys-jsonheader.log[/link][/repr.filename]…
Running 'Yosys.Synthesis'…
Logging subprocess to [repr.filename][link=file:///home/vu/RISCV_Pipeline_Core/src/runs/RUN_2025-04-26_11-15-26/06-yosys-synthesis/yosys-synthesis.log]runs/RUN_2025-04-26_11-15-26/06-yosys-synthesis/yosys-synthesis.log[/link][/repr.filename]…
Parsing synthesis checks…
Running 'Checker.YosysUnmappedCells'…
Check for Unmapped Yosys instances clear.
Running 'Checker.YosysSynthChecks'…
Check for Yosys check errors clear.
Running 'Checker.NetlistAssignStatements'…
Running 'OpenROAD.CheckSDCFiles'…
'PNR_SDC_FILE' is not defined. Using generic fallback SDC for OpenROAD PnR steps.
'SIGNOFF_SDC_FILE' is not defined. Using generic fallback SDC for OpenROAD PnR steps.
Running 'OpenROAD.CheckMacroInstances'…
No macros found, skipping instance check…
Running 'OpenROAD.STAPrePNR'…
Starting STA for the nom_tt_025C_1v80 timing corner…
Starting STA for the nom_ss_100C_1v60 timing corner…
Starting STA for the nom_ff_n40C_1v95 timing corner…
Skipping corner min_tt_025C_1v80 for STA (identical to nom_tt_025C_1v80 at this stage)…
Skipping corner min_ss_100C_1v60 for STA (identical to nom_ss_100C_1v60 at this stage)…
Logging subprocess to [repr.filename][link=file:///home/vu/RISCV_Pipeline_Core/src/runs/RUN_2025-04-26_11-15-26/12-openroad-staprepnr/nom_tt_025C_1v80/sta.log]runs/RUN_2025-04-26_11-15-26/12-openroad-staprepnr/nom_tt_025C_1v80/sta.log[/link][/repr.filename]…
Logging subprocess to [repr.filename][link=file:///home/vu/RISCV_Pipeline_Core/src/runs/RUN_2025-04-26_11-15-26/12-openroad-staprepnr/nom_ss_100C_1v60/sta.log]runs/RUN_2025-04-26_11-15-26/12-openroad-staprepnr/nom_ss_100C_1v60/sta.log[/link][/repr.filename]…
Skipping corner min_ff_n40C_1v95 for STA (identical to nom_ff_n40C_1v95 at this stage)…
Logging subprocess to [repr.filename][link=file:///home/vu/RISCV_Pipeline_Core/src/runs/RUN_2025-04-26_11-15-26/12-openroad-staprepnr/nom_ff_n40C_1v95/sta.log]runs/RUN_2025-04-26_11-15-26/12-openroad-staprepnr/nom_ff_n40C_1v95/sta.log[/link][/repr.filename]…
Skipping corner max_tt_025C_1v80 for STA (identical to nom_tt_025C_1v80 at this stage)…
Skipping corner max_ss_100C_1v60 for STA (identical to nom_ss_100C_1v60 at this stage)…
Skipping corner max_ff_n40C_1v95 for STA (identical to nom_ff_n40C_1v95 at this stage)…
Finished STA for the nom_ss_100C_1v60 timing corner.
Finished STA for the nom_tt_025C_1v80 timing corner.
Finished STA for the nom_ff_n40C_1v95 timing corner.
Running 'OpenROAD.Floorplan'…
Logging subprocess to [repr.filename][link=file:///home/vu/RISCV_Pipeline_Core/src/runs/RUN_2025-04-26_11-15-26/13-openroad-floorplan/openroad-floorplan.log]runs/RUN_2025-04-26_11-15-26/13-openroad-floorplan/openroad-floorplan.log[/link][/repr.filename]…
Running 'Odb.CheckMacroAntennaProperties'…
No cells provided, skipping…
Running 'Odb.SetPowerConnections'…
Logging subprocess to [repr.filename][link=file:///home/vu/RISCV_Pipeline_Core/src/runs/RUN_2025-04-26_11-15-26/15-odb-setpowerconnections/odb-setpowerconnections.log]runs/RUN_2025-04-26_11-15-26/15-odb-setpowerconnections/odb-setpowerconnections.log[/link][/repr.filename]…
Running 'Odb.ManualMacroPlacement'…
No instances found, skipping 'Odb.ManualMacroPlacement'…
Running 'OpenROAD.CutRows'…
Logging subprocess to [repr.filename][link=file:///home/vu/RISCV_Pipeline_Core/src/runs/RUN_2025-04-26_11-15-26/17-openroad-cutrows/openroad-cutrows.log]runs/RUN_2025-04-26_11-15-26/17-openroad-cutrows/openroad-cutrows.log[/link][/repr.filename]…
Running 'OpenROAD.TapEndcapInsertion'…
Logging subprocess to [repr.filename][link=file:///home/vu/RISCV_Pipeline_Core/src/runs/RUN_2025-04-26_11-15-26/18-openroad-tapendcapinsertion/openroad-tapendcapinsertion.log]runs/RUN_2025-04-26_11-15-26/18-openroad-tapendcapinsertion/openroad-tapendcapinsertion.log[/link][/repr.filename]…
Running 'Odb.AddPDNObstructions'…
'PDN_OBSTRUCTIONS' is not defined. Skipping 'Odb.AddPDNObstructions'…
Running 'OpenROAD.GeneratePDN'…
'FP_PDN_CFG' not explicitly set, setting it to /nix/store/m4202q1n7la2bph83v3h11q6mfrcazx4-python3-3.11.9-env/lib/python3.11/site-packages/openlane/scripts/openroad/common/pdn_cfg.tcl…
Logging subprocess to [repr.filename][link=file:///home/vu/RISCV_Pipeline_Core/src/runs/RUN_2025-04-26_11-15-26/20-openroad-generatepdn/openroad-generatepdn.log]runs/RUN_2025-04-26_11-15-26/20-openroad-generatepdn/openroad-generatepdn.log[/link][/repr.filename]…
Running 'Odb.RemovePDNObstructions'…
'PDN_OBSTRUCTIONS' is not defined. Skipping 'Odb.RemovePDNObstructions'…
Running 'Odb.AddRoutingObstructions'…
'ROUTING_OBSTRUCTIONS' is not defined. Skipping 'Odb.AddRoutingObstructions'…
Running 'OpenROAD.GlobalPlacementSkipIO'…
'PL_TARGET_DENSITY_PCT' not explicitly set, using dynamically calculated target density: 11.7065700…
Logging subprocess to [repr.filename][link=file:///home/vu/RISCV_Pipeline_Core/src/runs/RUN_2025-04-26_11-15-26/23-openroad-globalplacementskipio/openroad-globalplacementskipio.log]runs/RUN_2025-04-26_11-15-26/23-openroad-globalplacementskipio/openroad-globalplacementskipio.log[/link][/repr.filename]…
All instances are FIXED/FIRM.
No need to perform global placement.
Skipping…
Running 'OpenROAD.IOPlacement'…
Logging subprocess to [repr.filename][link=file:///home/vu/RISCV_Pipeline_Core/src/runs/RUN_2025-04-26_11-15-26/24-openroad-ioplacement/openroad-ioplacement.log]runs/RUN_2025-04-26_11-15-26/24-openroad-ioplacement/openroad-ioplacement.log[/link][/repr.filename]…
Running 'Odb.CustomIOPlacement'…
No custom floorplan file configured, skipping…
Running 'Odb.ApplyDEFTemplate'…
No DEF template provided, skipping…
Running 'OpenROAD.GlobalPlacement'…
'PL_TARGET_DENSITY_PCT' not explicitly set, using dynamically calculated target density: 11.7065700…
Logging subprocess to [repr.filename][link=file:///home/vu/RISCV_Pipeline_Core/src/runs/RUN_2025-04-26_11-15-26/27-openroad-globalplacement/openroad-globalplacement.log]runs/RUN_2025-04-26_11-15-26/27-openroad-globalplacement/openroad-globalplacement.log[/link][/repr.filename]…
All instances are FIXED/FIRM.
No need to perform global placement.
Skipping…
Running 'Odb.WriteVerilogHeader'…
Logging subprocess to [repr.filename][link=file:///home/vu/RISCV_Pipeline_Core/src/runs/RUN_2025-04-26_11-15-26/28-odb-writeverilogheader/odb-writeverilogheader.log]runs/RUN_2025-04-26_11-15-26/28-odb-writeverilogheader/odb-writeverilogheader.log[/link][/repr.filename]…
Running 'Checker.PowerGridViolations'…
Check for power grid violations (as reported by OpenROAD PSM- you may ignore these if LVS passes) clear.
Running 'OpenROAD.STAMidPNR'…
Logging subprocess to [repr.filename][link=file:///home/vu/RISCV_Pipeline_Core/src/runs/RUN_2025-04-26_11-15-26/30-openroad-stamidpnr/openroad-stamidpnr.log]runs/RUN_2025-04-26_11-15-26/30-openroad-stamidpnr/openroad-stamidpnr.log[/link][/repr.filename]…
Running 'OpenROAD.RepairDesignPostGPL'…
Logging subprocess to [repr.filename][link=file:///home/vu/RISCV_Pipeline_Core/src/runs/RUN_2025-04-26_11-15-26/31-openroad-repairdesignpostgpl/openroad-repairdesignpostgpl.log]runs/RUN_2025-04-26_11-15-26/31-openroad-repairdesignpostgpl/openroad-repairdesignpostgpl.log[/link][/repr.filename]…
Running 'OpenROAD.DetailedPlacement'…
Logging subprocess to [repr.filename][link=file:///home/vu/RISCV_Pipeline_Core/src/runs/RUN_2025-04-26_11-15-26/32-openroad-detailedplacement/openroad-detailedplacement.log]runs/RUN_2025-04-26_11-15-26/32-openroad-detailedplacement/openroad-detailedplacement.log[/link][/repr.filename]…
Running 'OpenROAD.CTS'…
Logging subprocess to [repr.filename][link=file:///home/vu/RISCV_Pipeline_Core/src/runs/RUN_2025-04-26_11-15-26/33-openroad-cts/openroad-cts.log]runs/RUN_2025-04-26_11-15-26/33-openroad-cts/openroad-cts.log[/link][/repr.filename]…
[CTS-0041] Net "clk" has 0 sinks. Skipping...
[CTS-0083] No clock nets have been found.
[CTS-0082] No valid clock nets in the design.
Running 'OpenROAD.STAMidPNR-1'…
Logging subprocess to [repr.filename][link=file:///home/vu/RISCV_Pipeline_Core/src/runs/RUN_2025-04-26_11-15-26/34-openroad-stamidpnr-1/openroad-stamidpnr-1.log]runs/RUN_2025-04-26_11-15-26/34-openroad-stamidpnr-1/openroad-stamidpnr-1.log[/link][/repr.filename]…
Running 'OpenROAD.ResizerTimingPostCTS'…
Logging subprocess to [repr.filename][link=file:///home/vu/RISCV_Pipeline_Core/src/runs/RUN_2025-04-26_11-15-26/35-openroad-resizertimingpostcts/openroad-resizertimingpostcts.log]runs/RUN_2025-04-26_11-15-26/35-openroad-resizertimingpostcts/openroad-resizertimingpostcts.log[/link][/repr.filename]…
Running 'OpenROAD.STAMidPNR-2'…
Logging subprocess to [repr.filename][link=file:///home/vu/RISCV_Pipeline_Core/src/runs/RUN_2025-04-26_11-15-26/36-openroad-stamidpnr-2/openroad-stamidpnr-2.log]runs/RUN_2025-04-26_11-15-26/36-openroad-stamidpnr-2/openroad-stamidpnr-2.log[/link][/repr.filename]…
Running 'OpenROAD.GlobalRouting'…
Logging subprocess to [repr.filename][link=file:///home/vu/RISCV_Pipeline_Core/src/runs/RUN_2025-04-26_11-15-26/37-openroad-globalrouting/openroad-globalrouting.log]runs/RUN_2025-04-26_11-15-26/37-openroad-globalrouting/openroad-globalrouting.log[/link][/repr.filename]…
[ANT-0008] No detailed or global routing found. Run global_route or detailed_route first.
