
===========================================================================
report_checks -path_delay min (Hold)
============================================================================
======================= nom_ff_n40C_1v95 Corner ===================================

Startpoint: a[0] (input port clocked by clk)
Endpoint: c[1] (output port clocked by clk)
Path Group: clk
Path Type: min

Fanout         Cap        Slew       Delay        Time   Description
---------------------------------------------------------------------------------------------
                      0.000000    0.000000    0.000000   clock clk (rise edge)
                                  0.000000    0.000000   clock network delay (ideal)
                                  2.000000    2.000000 v input external delay
     2    0.005826    0.009633    0.005155    2.005155 v a[0] (in)
                                                         a[0] (net)
                      0.009633    0.000000    2.005155 v _176_/A (sky130_fd_sc_hd__nand2_2)
     3    0.015140    0.066492    0.057552    2.062706 ^ _176_/Y (sky130_fd_sc_hd__nand2_2)
                                                         _009_ (net)
                      0.066492    0.000000    2.062706 ^ _336_/A (sky130_fd_sc_hd__xnor2_2)
     1    0.033442    0.101203    0.104486    2.167192 v _336_/Y (sky130_fd_sc_hd__xnor2_2)
                                                         c[1] (net)
                      0.101203    0.000000    2.167192 v c[1] (out)
                                              2.167192   data arrival time

                      0.000000    0.000000    0.000000   clock clk (rise edge)
                                  0.000000    0.000000   clock network delay (ideal)
                                  0.250000    0.250000   clock uncertainty
                                  0.000000    0.250000   clock reconvergence pessimism
                                 -2.000000   -1.750000   output external delay
                                             -1.750000   data required time
---------------------------------------------------------------------------------------------
                                             -1.750000   data required time
                                             -2.167192   data arrival time
---------------------------------------------------------------------------------------------
                                              3.917192   slack (MET)


Startpoint: a[3] (input port clocked by clk)
Endpoint: c[3] (output port clocked by clk)
Path Group: clk
Path Type: min

Fanout         Cap        Slew       Delay        Time   Description
---------------------------------------------------------------------------------------------
                      0.000000    0.000000    0.000000   clock clk (rise edge)
                                  0.000000    0.000000   clock network delay (ideal)
                                  2.000000    2.000000 v input external delay
     3    0.007327    0.012083    0.006840    2.006840 v a[3] (in)
                                                         a[3] (net)
                      0.012083    0.000000    2.006840 v _182_/A (sky130_fd_sc_hd__nand2_2)
     2    0.007049    0.036154    0.036680    2.043519 ^ _182_/Y (sky130_fd_sc_hd__nand2_2)
                                                         _015_ (net)
                      0.036154    0.000000    2.043519 ^ _340_/B1 (sky130_fd_sc_hd__o211a_2)
     1    0.004773    0.034690    0.088161    2.131680 ^ _340_/X (sky130_fd_sc_hd__o211a_2)
                                                         _151_ (net)
                      0.034690    0.000000    2.131680 ^ _341_/B (sky130_fd_sc_hd__nor2_2)
     1    0.033442    0.056455    0.055671    2.187352 v _341_/Y (sky130_fd_sc_hd__nor2_2)
                                                         c[3] (net)
                      0.056455    0.000000    2.187352 v c[3] (out)
                                              2.187352   data arrival time

                      0.000000    0.000000    0.000000   clock clk (rise edge)
                                  0.000000    0.000000   clock network delay (ideal)
                                  0.250000    0.250000   clock uncertainty
                                  0.000000    0.250000   clock reconvergence pessimism
                                 -2.000000   -1.750000   output external delay
                                             -1.750000   data required time
---------------------------------------------------------------------------------------------
                                             -1.750000   data required time
                                             -2.187352   data arrival time
---------------------------------------------------------------------------------------------
                                              3.937352   slack (MET)


Startpoint: a[7] (input port clocked by clk)
Endpoint: c[7] (output port clocked by clk)
Path Group: clk
Path Type: min

Fanout         Cap        Slew       Delay        Time   Description
---------------------------------------------------------------------------------------------
                      0.000000    0.000000    0.000000   clock clk (rise edge)
                                  0.000000    0.000000   clock network delay (ideal)
                                  2.000000    2.000000 ^ input external delay
     2    0.006250    0.026715    0.015950    2.015950 ^ a[7] (in)
                                                         a[7] (net)
                      0.026715    0.000000    2.015950 ^ _188_/A (sky130_fd_sc_hd__nand2_2)
     3    0.007168    0.025041    0.028778    2.044728 v _188_/Y (sky130_fd_sc_hd__nand2_2)
                                                         _021_ (net)
                      0.025041    0.000000    2.044728 v _190_/A (sky130_fd_sc_hd__nand2_2)
     1    0.008977    0.043561    0.046532    2.091260 ^ _190_/Y (sky130_fd_sc_hd__nand2_2)
                                                         _023_ (net)
                      0.043561    0.000000    2.091260 ^ _350_/A (sky130_fd_sc_hd__xnor2_2)
     1    0.033442    0.099924    0.100204    2.191464 v _350_/Y (sky130_fd_sc_hd__xnor2_2)
                                                         c[7] (net)
                      0.099924    0.000000    2.191464 v c[7] (out)
                                              2.191464   data arrival time

                      0.000000    0.000000    0.000000   clock clk (rise edge)
                                  0.000000    0.000000   clock network delay (ideal)
                                  0.250000    0.250000   clock uncertainty
                                  0.000000    0.250000   clock reconvergence pessimism
                                 -2.000000   -1.750000   output external delay
                                             -1.750000   data required time
---------------------------------------------------------------------------------------------
                                             -1.750000   data required time
                                             -2.191464   data arrival time
---------------------------------------------------------------------------------------------
                                              3.941464   slack (MET)


Startpoint: a[8] (input port clocked by clk)
Endpoint: c[9] (output port clocked by clk)
Path Group: clk
Path Type: min

Fanout         Cap        Slew       Delay        Time   Description
---------------------------------------------------------------------------------------------
                      0.000000    0.000000    0.000000   clock clk (rise edge)
                                  0.000000    0.000000   clock network delay (ideal)
                                  2.000000    2.000000 ^ input external delay
     2    0.006250    0.026715    0.015950    2.015950 ^ a[8] (in)
                                                         a[8] (net)
                      0.026715    0.000000    2.015950 ^ _202_/A (sky130_fd_sc_hd__nand2_2)
     4    0.010383    0.032517    0.034664    2.050614 v _202_/Y (sky130_fd_sc_hd__nand2_2)
                                                         _035_ (net)
                      0.032517    0.000000    2.050614 v _353_/A (sky130_fd_sc_hd__nand2_2)
     1    0.008395    0.041858    0.048062    2.098676 ^ _353_/Y (sky130_fd_sc_hd__nand2_2)
                                                         _158_ (net)
                      0.041858    0.000000    2.098676 ^ _354_/B (sky130_fd_sc_hd__xnor2_2)
     1    0.033442    0.099943    0.094128    2.192804 v _354_/Y (sky130_fd_sc_hd__xnor2_2)
                                                         c[9] (net)
                      0.099943    0.000000    2.192804 v c[9] (out)
                                              2.192804   data arrival time

                      0.000000    0.000000    0.000000   clock clk (rise edge)
                                  0.000000    0.000000   clock network delay (ideal)
                                  0.250000    0.250000   clock uncertainty
                                  0.000000    0.250000   clock reconvergence pessimism
                                 -2.000000   -1.750000   output external delay
                                             -1.750000   data required time
---------------------------------------------------------------------------------------------
                                             -1.750000   data required time
                                             -2.192804   data arrival time
---------------------------------------------------------------------------------------------
                                              3.942804   slack (MET)


Startpoint: a[20] (input port clocked by clk)
Endpoint: c[21] (output port clocked by clk)
Path Group: clk
Path Type: min

Fanout         Cap        Slew       Delay        Time   Description
---------------------------------------------------------------------------------------------
                      0.000000    0.000000    0.000000   clock clk (rise edge)
                                  0.000000    0.000000   clock network delay (ideal)
                                  2.000000    2.000000 ^ input external delay
     2    0.006250    0.026715    0.015950    2.015950 ^ a[20] (in)
                                                         a[20] (net)
                      0.026715    0.000000    2.015950 ^ _258_/A (sky130_fd_sc_hd__nand2_2)
     3    0.010827    0.033549    0.035476    2.051427 v _258_/Y (sky130_fd_sc_hd__nand2_2)
                                                         _084_ (net)
                      0.033549    0.000000    2.051427 v _271_/A (sky130_fd_sc_hd__nand2_2)
     1    0.008395    0.041924    0.048489    2.099916 ^ _271_/Y (sky130_fd_sc_hd__nand2_2)
                                                         _096_ (net)
                      0.041924    0.000000    2.099916 ^ _272_/B (sky130_fd_sc_hd__xnor2_2)
     1    0.033442    0.099943    0.094141    2.194057 v _272_/Y (sky130_fd_sc_hd__xnor2_2)
                                                         c[21] (net)
                      0.099943    0.000000    2.194057 v c[21] (out)
                                              2.194057   data arrival time

                      0.000000    0.000000    0.000000   clock clk (rise edge)
                                  0.000000    0.000000   clock network delay (ideal)
                                  0.250000    0.250000   clock uncertainty
                                  0.000000    0.250000   clock reconvergence pessimism
                                 -2.000000   -1.750000   output external delay
                                             -1.750000   data required time
---------------------------------------------------------------------------------------------
                                             -1.750000   data required time
                                             -2.194057   data arrival time
---------------------------------------------------------------------------------------------
                                              3.944058   slack (MET)


Startpoint: a[22] (input port clocked by clk)
Endpoint: c[23] (output port clocked by clk)
Path Group: clk
Path Type: min

Fanout         Cap        Slew       Delay        Time   Description
---------------------------------------------------------------------------------------------
                      0.000000    0.000000    0.000000   clock clk (rise edge)
                                  0.000000    0.000000   clock network delay (ideal)
                                  2.000000    2.000000 ^ input external delay
     2    0.006250    0.026715    0.015950    2.015950 ^ a[22] (in)
                                                         a[22] (net)
                      0.026715    0.000000    2.015950 ^ _274_/A (sky130_fd_sc_hd__nand2_2)
     3    0.010754    0.033380    0.035343    2.051293 v _274_/Y (sky130_fd_sc_hd__nand2_2)
                                                         _098_ (net)
                      0.033380    0.000000    2.051293 v _282_/B1 (sky130_fd_sc_hd__o21ai_2)
     1    0.008395    0.043865    0.049620    2.100913 ^ _282_/Y (sky130_fd_sc_hd__o21ai_2)
                                                         _105_ (net)
                      0.043865    0.000000    2.100913 ^ _283_/B (sky130_fd_sc_hd__xnor2_2)
     1    0.033442    0.099954    0.094541    2.195454 v _283_/Y (sky130_fd_sc_hd__xnor2_2)
                                                         c[23] (net)
                      0.099954    0.000000    2.195454 v c[23] (out)
                                              2.195454   data arrival time

                      0.000000    0.000000    0.000000   clock clk (rise edge)
                                  0.000000    0.000000   clock network delay (ideal)
                                  0.250000    0.250000   clock uncertainty
                                  0.000000    0.250000   clock reconvergence pessimism
                                 -2.000000   -1.750000   output external delay
                                             -1.750000   data required time
---------------------------------------------------------------------------------------------
                                             -1.750000   data required time
                                             -2.195454   data arrival time
---------------------------------------------------------------------------------------------
                                              3.945454   slack (MET)


Startpoint: a[16] (input port clocked by clk)
Endpoint: c[17] (output port clocked by clk)
Path Group: clk
Path Type: min

Fanout         Cap        Slew       Delay        Time   Description
---------------------------------------------------------------------------------------------
                      0.000000    0.000000    0.000000   clock clk (rise edge)
                                  0.000000    0.000000   clock network delay (ideal)
                                  2.000000    2.000000 ^ input external delay
     2    0.006250    0.026715    0.015950    2.015950 ^ a[16] (in)
                                                         a[16] (net)
                      0.026715    0.000000    2.015950 ^ _238_/A (sky130_fd_sc_hd__nand2_2)
     3    0.010808    0.033505    0.035442    2.051392 v _238_/Y (sky130_fd_sc_hd__nand2_2)
                                                         _068_ (net)
                      0.033505    0.000000    2.051392 v _244_/B1 (sky130_fd_sc_hd__o21ai_2)
     1    0.008395    0.043871    0.049671    2.101063 ^ _244_/Y (sky130_fd_sc_hd__o21ai_2)
                                                         _073_ (net)
                      0.043871    0.000000    2.101063 ^ _245_/B (sky130_fd_sc_hd__xnor2_2)
     1    0.033442    0.099954    0.094542    2.195605 v _245_/Y (sky130_fd_sc_hd__xnor2_2)
                                                         c[17] (net)
                      0.099954    0.000000    2.195605 v c[17] (out)
                                              2.195605   data arrival time

                      0.000000    0.000000    0.000000   clock clk (rise edge)
                                  0.000000    0.000000   clock network delay (ideal)
                                  0.250000    0.250000   clock uncertainty
                                  0.000000    0.250000   clock reconvergence pessimism
                                 -2.000000   -1.750000   output external delay
                                             -1.750000   data required time
---------------------------------------------------------------------------------------------
                                             -1.750000   data required time
                                             -2.195605   data arrival time
---------------------------------------------------------------------------------------------
                                              3.945605   slack (MET)


Startpoint: a[24] (input port clocked by clk)
Endpoint: c[25] (output port clocked by clk)
Path Group: clk
Path Type: min

Fanout         Cap        Slew       Delay        Time   Description
---------------------------------------------------------------------------------------------
                      0.000000    0.000000    0.000000   clock clk (rise edge)
                                  0.000000    0.000000   clock network delay (ideal)
                                  2.000000    2.000000 ^ input external delay
     2    0.006250    0.026715    0.015950    2.015950 ^ a[24] (in)
                                                         a[24] (net)
                      0.026715    0.000000    2.015950 ^ _290_/A (sky130_fd_sc_hd__nand2_2)
     3    0.010808    0.033505    0.035442    2.051392 v _290_/Y (sky130_fd_sc_hd__nand2_2)
                                                         _112_ (net)
                      0.033505    0.000000    2.051392 v _296_/B1 (sky130_fd_sc_hd__o21ai_2)
     1    0.008395    0.043871    0.049671    2.101063 ^ _296_/Y (sky130_fd_sc_hd__o21ai_2)
                                                         _117_ (net)
                      0.043871    0.000000    2.101063 ^ _297_/B (sky130_fd_sc_hd__xnor2_2)
     1    0.033442    0.099954    0.094542    2.195605 v _297_/Y (sky130_fd_sc_hd__xnor2_2)
                                                         c[25] (net)
                      0.099954    0.000000    2.195605 v c[25] (out)
                                              2.195605   data arrival time

                      0.000000    0.000000    0.000000   clock clk (rise edge)
                                  0.000000    0.000000   clock network delay (ideal)
                                  0.250000    0.250000   clock uncertainty
                                  0.000000    0.250000   clock reconvergence pessimism
                                 -2.000000   -1.750000   output external delay
                                             -1.750000   data required time
---------------------------------------------------------------------------------------------
                                             -1.750000   data required time
                                             -2.195605   data arrival time
---------------------------------------------------------------------------------------------
                                              3.945605   slack (MET)


Startpoint: a[10] (input port clocked by clk)
Endpoint: c[11] (output port clocked by clk)
Path Group: clk
Path Type: min

Fanout         Cap        Slew       Delay        Time   Description
---------------------------------------------------------------------------------------------
                      0.000000    0.000000    0.000000   clock clk (rise edge)
                                  0.000000    0.000000   clock network delay (ideal)
                                  2.000000    2.000000 ^ input external delay
     2    0.006250    0.026715    0.015950    2.015950 ^ a[10] (in)
                                                         a[10] (net)
                      0.026715    0.000000    2.015950 ^ _206_/A (sky130_fd_sc_hd__nand2_2)
     3    0.010849    0.033601    0.035517    2.051467 v _206_/Y (sky130_fd_sc_hd__nand2_2)
                                                         _039_ (net)
                      0.033601    0.000000    2.051467 v _357_/B1 (sky130_fd_sc_hd__o21ai_2)
     1    0.008395    0.043876    0.049710    2.101177 ^ _357_/Y (sky130_fd_sc_hd__o21ai_2)
                                                         _160_ (net)
                      0.043876    0.000000    2.101177 ^ _358_/B (sky130_fd_sc_hd__xnor2_2)
     1    0.033442    0.099954    0.094543    2.195720 v _358_/Y (sky130_fd_sc_hd__xnor2_2)
                                                         c[11] (net)
                      0.099954    0.000000    2.195720 v c[11] (out)
                                              2.195720   data arrival time

                      0.000000    0.000000    0.000000   clock clk (rise edge)
                                  0.000000    0.000000   clock network delay (ideal)
                                  0.250000    0.250000   clock uncertainty
                                  0.000000    0.250000   clock reconvergence pessimism
                                 -2.000000   -1.750000   output external delay
                                             -1.750000   data required time
---------------------------------------------------------------------------------------------
                                             -1.750000   data required time
                                             -2.195720   data arrival time
---------------------------------------------------------------------------------------------
                                              3.945719   slack (MET)


Startpoint: a[14] (input port clocked by clk)
Endpoint: c[15] (output port clocked by clk)
Path Group: clk
Path Type: min

Fanout         Cap        Slew       Delay        Time   Description
---------------------------------------------------------------------------------------------
                      0.000000    0.000000    0.000000   clock clk (rise edge)
                                  0.000000    0.000000   clock network delay (ideal)
                                  2.000000    2.000000 ^ input external delay
     3    0.008720    0.035109    0.021931    2.021931 ^ a[14] (in)
                                                         a[14] (net)
                      0.035109    0.000000    2.021931 ^ _222_/A (sky130_fd_sc_hd__nand2_2)
     2    0.008490    0.029102    0.032909    2.054840 v _222_/Y (sky130_fd_sc_hd__nand2_2)
                                                         _054_ (net)
                      0.029102    0.000000    2.054840 v _227_/B1 (sky130_fd_sc_hd__o21ai_2)
     1    0.008395    0.043645    0.047883    2.102723 ^ _227_/Y (sky130_fd_sc_hd__o21ai_2)
                                                         _058_ (net)
                      0.043645    0.000000    2.102723 ^ _228_/B (sky130_fd_sc_hd__xnor2_2)
     1    0.033442    0.099953    0.094495    2.197218 v _228_/Y (sky130_fd_sc_hd__xnor2_2)
                                                         c[15] (net)
                      0.099953    0.000000    2.197218 v c[15] (out)
                                              2.197218   data arrival time

                      0.000000    0.000000    0.000000   clock clk (rise edge)
                                  0.000000    0.000000   clock network delay (ideal)
                                  0.250000    0.250000   clock uncertainty
                                  0.000000    0.250000   clock reconvergence pessimism
                                 -2.000000   -1.750000   output external delay
                                             -1.750000   data required time
---------------------------------------------------------------------------------------------
                                             -1.750000   data required time
                                             -2.197218   data arrival time
---------------------------------------------------------------------------------------------
                                              3.947218   slack (MET)


Startpoint: a[30] (input port clocked by clk)
Endpoint: c[30] (output port clocked by clk)
Path Group: clk
Path Type: min

Fanout         Cap        Slew       Delay        Time   Description
---------------------------------------------------------------------------------------------
                      0.000000    0.000000    0.000000   clock clk (rise edge)
                                  0.000000    0.000000   clock network delay (ideal)
                                  2.000000    2.000000 ^ input external delay
     2    0.006250    0.026715    0.015950    2.015950 ^ a[30] (in)
                                                         a[30] (net)
                      0.026715    0.000000    2.015950 ^ _325_/A (sky130_fd_sc_hd__nand2_2)
     2    0.006623    0.023774    0.027780    2.043730 v _325_/Y (sky130_fd_sc_hd__nand2_2)
                                                         _141_ (net)
                      0.023774    0.000000    2.043730 v _327_/A (sky130_fd_sc_hd__nand2_2)
     2    0.011497    0.052968    0.052805    2.096535 ^ _327_/Y (sky130_fd_sc_hd__nand2_2)
                                                         _143_ (net)
                      0.052968    0.000000    2.096535 ^ _330_/A (sky130_fd_sc_hd__xnor2_2)
     1    0.033442    0.101169    0.102055    2.198591 v _330_/Y (sky130_fd_sc_hd__xnor2_2)
                                                         c[30] (net)
                      0.101169    0.000000    2.198591 v c[30] (out)
                                              2.198591   data arrival time

                      0.000000    0.000000    0.000000   clock clk (rise edge)
                                  0.000000    0.000000   clock network delay (ideal)
                                  0.250000    0.250000   clock uncertainty
                                  0.000000    0.250000   clock reconvergence pessimism
                                 -2.000000   -1.750000   output external delay
                                             -1.750000   data required time
---------------------------------------------------------------------------------------------
                                             -1.750000   data required time
                                             -2.198591   data arrival time
---------------------------------------------------------------------------------------------
                                              3.948591   slack (MET)


Startpoint: b[31] (input port clocked by clk)
Endpoint: c[31] (output port clocked by clk)
Path Group: clk
Path Type: min

Fanout         Cap        Slew       Delay        Time   Description
---------------------------------------------------------------------------------------------
                      0.000000    0.000000    0.000000   clock clk (rise edge)
                                  0.000000    0.000000   clock network delay (ideal)
                                  2.000000    2.000000 ^ input external delay
     1    0.008409    0.034052    0.021178    2.021178 ^ b[31] (in)
                                                         b[31] (net)
                      0.034052    0.000000    2.021178 ^ _332_/B (sky130_fd_sc_hd__xor2_2)
     1    0.008002    0.031424    0.040222    2.061400 v _332_/X (sky130_fd_sc_hd__xor2_2)
                                                         _147_ (net)
                      0.031424    0.000000    2.061400 v _333_/B (sky130_fd_sc_hd__xnor2_2)
     1    0.033442    0.101132    0.138941    2.200341 v _333_/Y (sky130_fd_sc_hd__xnor2_2)
                                                         c[31] (net)
                      0.101132    0.000000    2.200341 v c[31] (out)
                                              2.200341   data arrival time

                      0.000000    0.000000    0.000000   clock clk (rise edge)
                                  0.000000    0.000000   clock network delay (ideal)
                                  0.250000    0.250000   clock uncertainty
                                  0.000000    0.250000   clock reconvergence pessimism
                                 -2.000000   -1.750000   output external delay
                                             -1.750000   data required time
---------------------------------------------------------------------------------------------
                                             -1.750000   data required time
                                             -2.200341   data arrival time
---------------------------------------------------------------------------------------------
                                              3.950341   slack (MET)


Startpoint: a[12] (input port clocked by clk)
Endpoint: c[13] (output port clocked by clk)
Path Group: clk
Path Type: min

Fanout         Cap        Slew       Delay        Time   Description
---------------------------------------------------------------------------------------------
                      0.000000    0.000000    0.000000   clock clk (rise edge)
                                  0.000000    0.000000   clock network delay (ideal)
                                  2.000000    2.000000 ^ input external delay
     2    0.006250    0.026715    0.015950    2.015950 ^ a[12] (in)
                                                         a[12] (net)
                      0.026715    0.000000    2.015950 ^ _167_/A (sky130_fd_sc_hd__nand2_2)
     4    0.013150    0.038951    0.039729    2.055680 v _167_/Y (sky130_fd_sc_hd__nand2_2)
                                                         _000_ (net)
                      0.038951    0.000000    2.055680 v _219_/A (sky130_fd_sc_hd__nand2_2)
     1    0.008395    0.042268    0.050728    2.106408 ^ _219_/Y (sky130_fd_sc_hd__nand2_2)
                                                         _052_ (net)
                      0.042268    0.000000    2.106408 ^ _220_/B (sky130_fd_sc_hd__xnor2_2)
     1    0.033442    0.099945    0.094212    2.200620 v _220_/Y (sky130_fd_sc_hd__xnor2_2)
                                                         c[13] (net)
                      0.099945    0.000000    2.200620 v c[13] (out)
                                              2.200620   data arrival time

                      0.000000    0.000000    0.000000   clock clk (rise edge)
                                  0.000000    0.000000   clock network delay (ideal)
                                  0.250000    0.250000   clock uncertainty
                                  0.000000    0.250000   clock reconvergence pessimism
                                 -2.000000   -1.750000   output external delay
                                             -1.750000   data required time
---------------------------------------------------------------------------------------------
                                             -1.750000   data required time
                                             -2.200620   data arrival time
---------------------------------------------------------------------------------------------
                                              3.950619   slack (MET)


Startpoint: a[27] (input port clocked by clk)
Endpoint: c[27] (output port clocked by clk)
Path Group: clk
Path Type: min

Fanout         Cap        Slew       Delay        Time   Description
---------------------------------------------------------------------------------------------
                      0.000000    0.000000    0.000000   clock clk (rise edge)
                                  0.000000    0.000000   clock network delay (ideal)
                                  2.000000    2.000000 ^ input external delay
     2    0.006250    0.026715    0.015950    2.015950 ^ a[27] (in)
                                                         a[27] (net)
                      0.026715    0.000000    2.015950 ^ _307_/A (sky130_fd_sc_hd__nand2_2)
     2    0.006574    0.023660    0.027690    2.043640 v _307_/Y (sky130_fd_sc_hd__nand2_2)
                                                         _126_ (net)
                      0.023660    0.000000    2.043640 v _308_/B (sky130_fd_sc_hd__nand2_2)
     2    0.010564    0.050381    0.056931    2.100571 ^ _308_/Y (sky130_fd_sc_hd__nand2_2)
                                                         _127_ (net)
                      0.050381    0.000000    2.100571 ^ _310_/A (sky130_fd_sc_hd__xnor2_2)
     1    0.033442    0.099924    0.101546    2.202117 v _310_/Y (sky130_fd_sc_hd__xnor2_2)
                                                         c[27] (net)
                      0.099924    0.000000    2.202117 v c[27] (out)
                                              2.202117   data arrival time

                      0.000000    0.000000    0.000000   clock clk (rise edge)
                                  0.000000    0.000000   clock network delay (ideal)
                                  0.250000    0.250000   clock uncertainty
                                  0.000000    0.250000   clock reconvergence pessimism
                                 -2.000000   -1.750000   output external delay
                                             -1.750000   data required time
---------------------------------------------------------------------------------------------
                                             -1.750000   data required time
                                             -2.202117   data arrival time
---------------------------------------------------------------------------------------------
                                              3.952117   slack (MET)


Startpoint: a[28] (input port clocked by clk)
Endpoint: c[28] (output port clocked by clk)
Path Group: clk
Path Type: min

Fanout         Cap        Slew       Delay        Time   Description
---------------------------------------------------------------------------------------------
                      0.000000    0.000000    0.000000   clock clk (rise edge)
                                  0.000000    0.000000   clock network delay (ideal)
                                  2.000000    2.000000 ^ input external delay
     2    0.006250    0.026715    0.015950    2.015950 ^ a[28] (in)
                                                         a[28] (net)
                      0.026715    0.000000    2.015950 ^ _312_/A (sky130_fd_sc_hd__nand2_2)
     2    0.008508    0.028157    0.031231    2.047181 v _312_/Y (sky130_fd_sc_hd__nand2_2)
                                                         _130_ (net)
                      0.028157    0.000000    2.047181 v _314_/B (sky130_fd_sc_hd__nand2_2)
     1    0.008977    0.045322    0.054635    2.101816 ^ _314_/Y (sky130_fd_sc_hd__nand2_2)
                                                         _132_ (net)
                      0.045322    0.000000    2.101816 ^ _319_/A (sky130_fd_sc_hd__xnor2_2)
     1    0.033442    0.101155    0.100550    2.202367 v _319_/Y (sky130_fd_sc_hd__xnor2_2)
                                                         c[28] (net)
                      0.101155    0.000000    2.202367 v c[28] (out)
                                              2.202367   data arrival time

                      0.000000    0.000000    0.000000   clock clk (rise edge)
                                  0.000000    0.000000   clock network delay (ideal)
                                  0.250000    0.250000   clock uncertainty
                                  0.000000    0.250000   clock reconvergence pessimism
                                 -2.000000   -1.750000   output external delay
                                             -1.750000   data required time
---------------------------------------------------------------------------------------------
                                             -1.750000   data required time
                                             -2.202367   data arrival time
---------------------------------------------------------------------------------------------
                                              3.952367   slack (MET)


Startpoint: a[18] (input port clocked by clk)
Endpoint: c[18] (output port clocked by clk)
Path Group: clk
Path Type: min

Fanout         Cap        Slew       Delay        Time   Description
---------------------------------------------------------------------------------------------
                      0.000000    0.000000    0.000000   clock clk (rise edge)
                                  0.000000    0.000000   clock network delay (ideal)
                                  2.000000    2.000000 ^ input external delay
     2    0.006250    0.026715    0.015950    2.015950 ^ a[18] (in)
                                                         a[18] (net)
                      0.026715    0.000000    2.015950 ^ _247_/A (sky130_fd_sc_hd__nand2_2)
     3    0.007840    0.026604    0.030008    2.045958 v _247_/Y (sky130_fd_sc_hd__nand2_2)
                                                         _075_ (net)
                      0.026604    0.000000    2.045958 v _248_/B (sky130_fd_sc_hd__nand2_2)
     2    0.010646    0.050528    0.058363    2.104321 ^ _248_/Y (sky130_fd_sc_hd__nand2_2)
                                                         _076_ (net)
                      0.050528    0.000000    2.104321 ^ _251_/A (sky130_fd_sc_hd__xnor2_2)
     1    0.033442    0.100234    0.101575    2.205896 v _251_/Y (sky130_fd_sc_hd__xnor2_2)
                                                         c[18] (net)
                      0.100234    0.000000    2.205896 v c[18] (out)
                                              2.205896   data arrival time

                      0.000000    0.000000    0.000000   clock clk (rise edge)
                                  0.000000    0.000000   clock network delay (ideal)
                                  0.250000    0.250000   clock uncertainty
                                  0.000000    0.250000   clock reconvergence pessimism
                                 -2.000000   -1.750000   output external delay
                                             -1.750000   data required time
---------------------------------------------------------------------------------------------
                                             -1.750000   data required time
                                             -2.205896   data arrival time
---------------------------------------------------------------------------------------------
                                              3.955896   slack (MET)


Startpoint: b[2] (input port clocked by clk)
Endpoint: c[2] (output port clocked by clk)
Path Group: clk
Path Type: min

Fanout         Cap        Slew       Delay        Time   Description
---------------------------------------------------------------------------------------------
                      0.000000    0.000000    0.000000   clock clk (rise edge)
                                  0.000000    0.000000   clock network delay (ideal)
                                  2.000000    2.000000 v input external delay
     2    0.005640    0.009329    0.004946    2.004946 v b[2] (in)
                                                         b[2] (net)
                      0.009329    0.000000    2.004946 v _173_/B (sky130_fd_sc_hd__nor2_2)
     1    0.004773    0.058932    0.050940    2.055886 ^ _173_/Y (sky130_fd_sc_hd__nor2_2)
                                                         _006_ (net)
                      0.058932    0.000000    2.055886 ^ _174_/B (sky130_fd_sc_hd__nor2_2)
     2    0.005694    0.022121    0.024267    2.080153 v _174_/Y (sky130_fd_sc_hd__nor2_2)
                                                         _007_ (net)
                      0.022121    0.000000    2.080153 v _337_/A (sky130_fd_sc_hd__nor2_2)
     1    0.004773    0.058919    0.069477    2.149630 ^ _337_/Y (sky130_fd_sc_hd__nor2_2)
                                                         _149_ (net)
                      0.058919    0.000000    2.149630 ^ _338_/B (sky130_fd_sc_hd__nor2_2)
     1    0.033442    0.059001    0.062077    2.211707 v _338_/Y (sky130_fd_sc_hd__nor2_2)
                                                         c[2] (net)
                      0.059001    0.000000    2.211707 v c[2] (out)
                                              2.211707   data arrival time

                      0.000000    0.000000    0.000000   clock clk (rise edge)
                                  0.000000    0.000000   clock network delay (ideal)
                                  0.250000    0.250000   clock uncertainty
                                  0.000000    0.250000   clock reconvergence pessimism
                                 -2.000000   -1.750000   output external delay
                                             -1.750000   data required time
---------------------------------------------------------------------------------------------
                                             -1.750000   data required time
                                             -2.211707   data arrival time
---------------------------------------------------------------------------------------------
                                              3.961707   slack (MET)


Startpoint: a[19] (input port clocked by clk)
Endpoint: c[19] (output port clocked by clk)
Path Group: clk
Path Type: min

Fanout         Cap        Slew       Delay        Time   Description
---------------------------------------------------------------------------------------------
                      0.000000    0.000000    0.000000   clock clk (rise edge)
                                  0.000000    0.000000   clock network delay (ideal)
                                  2.000000    2.000000 ^ input external delay
     2    0.009203    0.036750    0.023100    2.023100 ^ a[19] (in)
                                                         a[19] (net)
                      0.036750    0.000000    2.023100 ^ _253_/A (sky130_fd_sc_hd__nand2_2)
     2    0.006650    0.025302    0.029730    2.052830 v _253_/Y (sky130_fd_sc_hd__nand2_2)
                                                         _080_ (net)
                      0.025302    0.000000    2.052830 v _254_/B (sky130_fd_sc_hd__nand2b_2)
     2    0.010564    0.053585    0.057529    2.110359 ^ _254_/Y (sky130_fd_sc_hd__nand2b_2)
                                                         _081_ (net)
                      0.053585    0.000000    2.110359 ^ _256_/A (sky130_fd_sc_hd__xnor2_2)
     1    0.033442    0.099949    0.102169    2.212528 v _256_/Y (sky130_fd_sc_hd__xnor2_2)
                                                         c[19] (net)
                      0.099949    0.000000    2.212528 v c[19] (out)
                                              2.212528   data arrival time

                      0.000000    0.000000    0.000000   clock clk (rise edge)
                                  0.000000    0.000000   clock network delay (ideal)
                                  0.250000    0.250000   clock uncertainty
                                  0.000000    0.250000   clock reconvergence pessimism
                                 -2.000000   -1.750000   output external delay
                                             -1.750000   data required time
---------------------------------------------------------------------------------------------
                                             -1.750000   data required time
                                             -2.212528   data arrival time
---------------------------------------------------------------------------------------------
                                              3.962528   slack (MET)


Startpoint: a[0] (input port clocked by clk)
Endpoint: c[0] (output port clocked by clk)
Path Group: clk
Path Type: min

Fanout         Cap        Slew       Delay        Time   Description
---------------------------------------------------------------------------------------------
                      0.000000    0.000000    0.000000   clock clk (rise edge)
                                  0.000000    0.000000   clock network delay (ideal)
                                  2.000000    2.000000 ^ input external delay
     2    0.006250    0.026715    0.015950    2.015950 ^ a[0] (in)
                                                         a[0] (net)
                      0.026715    0.000000    2.015950 ^ _176_/A (sky130_fd_sc_hd__nand2_2)
     3    0.013934    0.040774    0.041165    2.057115 v _176_/Y (sky130_fd_sc_hd__nand2_2)
                                                         _009_ (net)
                      0.040774    0.000000    2.057115 v _335_/A (sky130_fd_sc_hd__and2_2)
     1    0.033442    0.070831    0.157621    2.214736 v _335_/X (sky130_fd_sc_hd__and2_2)
                                                         c[0] (net)
                      0.070831    0.000000    2.214736 v c[0] (out)
                                              2.214736   data arrival time

                      0.000000    0.000000    0.000000   clock clk (rise edge)
                                  0.000000    0.000000   clock network delay (ideal)
                                  0.250000    0.250000   clock uncertainty
                                  0.000000    0.250000   clock reconvergence pessimism
                                 -2.000000   -1.750000   output external delay
                                             -1.750000   data required time
---------------------------------------------------------------------------------------------
                                             -1.750000   data required time
                                             -2.214736   data arrival time
---------------------------------------------------------------------------------------------
                                              3.964736   slack (MET)


Startpoint: b[4] (input port clocked by clk)
Endpoint: c[4] (output port clocked by clk)
Path Group: clk
Path Type: min

Fanout         Cap        Slew       Delay        Time   Description
---------------------------------------------------------------------------------------------
                      0.000000    0.000000    0.000000   clock clk (rise edge)
                                  0.000000    0.000000   clock network delay (ideal)
                                  2.000000    2.000000 ^ input external delay
     3    0.015989    0.059727    0.039407    2.039407 ^ b[4] (in)
                                                         b[4] (net)
                      0.059727    0.000000    2.039407 ^ _170_/B (sky130_fd_sc_hd__xor2_2)
     2    0.006518    0.028726    0.043028    2.082436 v _170_/X (sky130_fd_sc_hd__xor2_2)
                                                         _003_ (net)
                      0.028726    0.000000    2.082436 v _342_/A (sky130_fd_sc_hd__nor2_2)
     1    0.004773    0.058863    0.071999    2.154434 ^ _342_/Y (sky130_fd_sc_hd__nor2_2)
                                                         _152_ (net)
                      0.058863    0.000000    2.154434 ^ _343_/B (sky130_fd_sc_hd__nor2_2)
     1    0.033442    0.058989    0.062064    2.216499 v _343_/Y (sky130_fd_sc_hd__nor2_2)
                                                         c[4] (net)
                      0.058989    0.000000    2.216499 v c[4] (out)
                                              2.216499   data arrival time

                      0.000000    0.000000    0.000000   clock clk (rise edge)
                                  0.000000    0.000000   clock network delay (ideal)
                                  0.250000    0.250000   clock uncertainty
                                  0.000000    0.250000   clock reconvergence pessimism
                                 -2.000000   -1.750000   output external delay
                                             -1.750000   data required time
---------------------------------------------------------------------------------------------
                                             -1.750000   data required time
                                             -2.216499   data arrival time
---------------------------------------------------------------------------------------------
                                              3.966499   slack (MET)


Startpoint: a[4] (input port clocked by clk)
Endpoint: c[5] (output port clocked by clk)
Path Group: clk
Path Type: min

Fanout         Cap        Slew       Delay        Time   Description
---------------------------------------------------------------------------------------------
                      0.000000    0.000000    0.000000   clock clk (rise edge)
                                  0.000000    0.000000   clock network delay (ideal)
                                  2.000000    2.000000 ^ input external delay
     3    0.016533    0.061540    0.040671    2.040671 ^ a[4] (in)
                                                         a[4] (net)
                      0.061540    0.000000    2.040671 ^ _344_/A1 (sky130_fd_sc_hd__a21oi_2)
     1    0.008002    0.029450    0.039039    2.079710 v _344_/Y (sky130_fd_sc_hd__a21oi_2)
                                                         _153_ (net)
                      0.029450    0.000000    2.079710 v _345_/B (sky130_fd_sc_hd__xnor2_2)
     1    0.033442    0.101055    0.138145    2.217855 v _345_/Y (sky130_fd_sc_hd__xnor2_2)
                                                         c[5] (net)
                      0.101055    0.000000    2.217855 v c[5] (out)
                                              2.217855   data arrival time

                      0.000000    0.000000    0.000000   clock clk (rise edge)
                                  0.000000    0.000000   clock network delay (ideal)
                                  0.250000    0.250000   clock uncertainty
                                  0.000000    0.250000   clock reconvergence pessimism
                                 -2.000000   -1.750000   output external delay
                                             -1.750000   data required time
---------------------------------------------------------------------------------------------
                                             -1.750000   data required time
                                             -2.217855   data arrival time
---------------------------------------------------------------------------------------------
                                              3.967854   slack (MET)


Startpoint: a[24] (input port clocked by clk)
Endpoint: c[24] (output port clocked by clk)
Path Group: clk
Path Type: min

Fanout         Cap        Slew       Delay        Time   Description
---------------------------------------------------------------------------------------------
                      0.000000    0.000000    0.000000   clock clk (rise edge)
                                  0.000000    0.000000   clock network delay (ideal)
                                  2.000000    2.000000 ^ input external delay
     2    0.006250    0.026715    0.015950    2.015950 ^ a[24] (in)
                                                         a[24] (net)
                      0.026715    0.000000    2.015950 ^ _290_/A (sky130_fd_sc_hd__nand2_2)
     3    0.010808    0.033505    0.035442    2.051392 v _290_/Y (sky130_fd_sc_hd__nand2_2)
                                                         _112_ (net)
                      0.033505    0.000000    2.051392 v _291_/B (sky130_fd_sc_hd__nand2_2)
     3    0.014799    0.065240    0.072029    2.123421 ^ _291_/Y (sky130_fd_sc_hd__nand2_2)
                                                         _113_ (net)
                      0.065240    0.000000    2.123421 ^ _292_/B (sky130_fd_sc_hd__xor2_2)
     1    0.033442    0.071953    0.096371    2.219792 v _292_/X (sky130_fd_sc_hd__xor2_2)
                                                         c[24] (net)
                      0.071953    0.000000    2.219792 v c[24] (out)
                                              2.219792   data arrival time

                      0.000000    0.000000    0.000000   clock clk (rise edge)
                                  0.000000    0.000000   clock network delay (ideal)
                                  0.250000    0.250000   clock uncertainty
                                  0.000000    0.250000   clock reconvergence pessimism
                                 -2.000000   -1.750000   output external delay
                                             -1.750000   data required time
---------------------------------------------------------------------------------------------
                                             -1.750000   data required time
                                             -2.219792   data arrival time
---------------------------------------------------------------------------------------------
                                              3.969792   slack (MET)


Startpoint: a[12] (input port clocked by clk)
Endpoint: c[12] (output port clocked by clk)
Path Group: clk
Path Type: min

Fanout         Cap        Slew       Delay        Time   Description
---------------------------------------------------------------------------------------------
                      0.000000    0.000000    0.000000   clock clk (rise edge)
                                  0.000000    0.000000   clock network delay (ideal)
                                  2.000000    2.000000 ^ input external delay
     2    0.006250    0.026715    0.015950    2.015950 ^ a[12] (in)
                                                         a[12] (net)
                      0.026715    0.000000    2.015950 ^ _167_/A (sky130_fd_sc_hd__nand2_2)
     4    0.013150    0.038951    0.039729    2.055680 v _167_/Y (sky130_fd_sc_hd__nand2_2)
                                                         _000_ (net)
                      0.038951    0.000000    2.055680 v _169_/A (sky130_fd_sc_hd__nand2_2)
     3    0.013387    0.060070    0.064004    2.119684 ^ _169_/Y (sky130_fd_sc_hd__nand2_2)
                                                         _002_ (net)
                      0.060070    0.000000    2.119684 ^ _359_/A (sky130_fd_sc_hd__xnor2_2)
     1    0.033442    0.099944    0.103333    2.223017 v _359_/Y (sky130_fd_sc_hd__xnor2_2)
                                                         c[12] (net)
                      0.099944    0.000000    2.223017 v c[12] (out)
                                              2.223017   data arrival time

                      0.000000    0.000000    0.000000   clock clk (rise edge)
                                  0.000000    0.000000   clock network delay (ideal)
                                  0.250000    0.250000   clock uncertainty
                                  0.000000    0.250000   clock reconvergence pessimism
                                 -2.000000   -1.750000   output external delay
                                             -1.750000   data required time
---------------------------------------------------------------------------------------------
                                             -1.750000   data required time
                                             -2.223017   data arrival time
---------------------------------------------------------------------------------------------
                                              3.973017   slack (MET)


Startpoint: a[22] (input port clocked by clk)
Endpoint: c[22] (output port clocked by clk)
Path Group: clk
Path Type: min

Fanout         Cap        Slew       Delay        Time   Description
---------------------------------------------------------------------------------------------
                      0.000000    0.000000    0.000000   clock clk (rise edge)
                                  0.000000    0.000000   clock network delay (ideal)
                                  2.000000    2.000000 ^ input external delay
     2    0.006250    0.026715    0.015950    2.015950 ^ a[22] (in)
                                                         a[22] (net)
                      0.026715    0.000000    2.015950 ^ _274_/A (sky130_fd_sc_hd__nand2_2)
     3    0.010754    0.033380    0.035343    2.051293 v _274_/Y (sky130_fd_sc_hd__nand2_2)
                                                         _098_ (net)
                      0.033380    0.000000    2.051293 v _275_/B (sky130_fd_sc_hd__nand2_2)
     3    0.016093    0.070087    0.075297    2.126590 ^ _275_/Y (sky130_fd_sc_hd__nand2_2)
                                                         _099_ (net)
                      0.070087    0.000000    2.126590 ^ _278_/A (sky130_fd_sc_hd__xor2_2)
     1    0.033442    0.071953    0.102489    2.229079 v _278_/X (sky130_fd_sc_hd__xor2_2)
                                                         c[22] (net)
                      0.071953    0.000000    2.229079 v c[22] (out)
                                              2.229079   data arrival time

                      0.000000    0.000000    0.000000   clock clk (rise edge)
                                  0.000000    0.000000   clock network delay (ideal)
                                  0.250000    0.250000   clock uncertainty
                                  0.000000    0.250000   clock reconvergence pessimism
                                 -2.000000   -1.750000   output external delay
                                             -1.750000   data required time
---------------------------------------------------------------------------------------------
                                             -1.750000   data required time
                                             -2.229079   data arrival time
---------------------------------------------------------------------------------------------
                                              3.979079   slack (MET)


Startpoint: a[14] (input port clocked by clk)
Endpoint: c[14] (output port clocked by clk)
Path Group: clk
Path Type: min

Fanout         Cap        Slew       Delay        Time   Description
---------------------------------------------------------------------------------------------
                      0.000000    0.000000    0.000000   clock clk (rise edge)
                                  0.000000    0.000000   clock network delay (ideal)
                                  2.000000    2.000000 ^ input external delay
     3    0.008720    0.035109    0.021931    2.021931 ^ a[14] (in)
                                                         a[14] (net)
                      0.035109    0.000000    2.021931 ^ _222_/A (sky130_fd_sc_hd__nand2_2)
     2    0.008490    0.029102    0.032909    2.054840 v _222_/Y (sky130_fd_sc_hd__nand2_2)
                                                         _054_ (net)
                      0.029102    0.000000    2.054840 v _223_/B (sky130_fd_sc_hd__nand2_2)
     3    0.016093    0.070086    0.073541    2.128381 ^ _223_/Y (sky130_fd_sc_hd__nand2_2)
                                                         _055_ (net)
                      0.070086    0.000000    2.128381 ^ _225_/A (sky130_fd_sc_hd__xor2_2)
     1    0.033442    0.071953    0.102489    2.230871 v _225_/X (sky130_fd_sc_hd__xor2_2)
                                                         c[14] (net)
                      0.071953    0.000000    2.230871 v c[14] (out)
                                              2.230871   data arrival time

                      0.000000    0.000000    0.000000   clock clk (rise edge)
                                  0.000000    0.000000   clock network delay (ideal)
                                  0.250000    0.250000   clock uncertainty
                                  0.000000    0.250000   clock reconvergence pessimism
                                 -2.000000   -1.750000   output external delay
                                             -1.750000   data required time
---------------------------------------------------------------------------------------------
                                             -1.750000   data required time
                                             -2.230871   data arrival time
---------------------------------------------------------------------------------------------
                                              3.980871   slack (MET)


Startpoint: a[10] (input port clocked by clk)
Endpoint: c[10] (output port clocked by clk)
Path Group: clk
Path Type: min

Fanout         Cap        Slew       Delay        Time   Description
---------------------------------------------------------------------------------------------
                      0.000000    0.000000    0.000000   clock clk (rise edge)
                                  0.000000    0.000000   clock network delay (ideal)
                                  2.000000    2.000000 ^ input external delay
     2    0.006250    0.026715    0.015950    2.015950 ^ a[10] (in)
                                                         a[10] (net)
                      0.026715    0.000000    2.015950 ^ _206_/A (sky130_fd_sc_hd__nand2_2)
     3    0.010849    0.033601    0.035517    2.051467 v _206_/Y (sky130_fd_sc_hd__nand2_2)
                                                         _039_ (net)
                      0.033601    0.000000    2.051467 v _208_/A (sky130_fd_sc_hd__nand2_2)
     4    0.018685    0.079842    0.075782    2.127249 ^ _208_/Y (sky130_fd_sc_hd__nand2_2)
                                                         _041_ (net)
                      0.079842    0.000000    2.127249 ^ _356_/A (sky130_fd_sc_hd__xor2_2)
     1    0.033442    0.071950    0.104793    2.232042 v _356_/X (sky130_fd_sc_hd__xor2_2)
                                                         c[10] (net)
                      0.071950    0.000000    2.232042 v c[10] (out)
                                              2.232042   data arrival time

                      0.000000    0.000000    0.000000   clock clk (rise edge)
                                  0.000000    0.000000   clock network delay (ideal)
                                  0.250000    0.250000   clock uncertainty
                                  0.000000    0.250000   clock reconvergence pessimism
                                 -2.000000   -1.750000   output external delay
                                             -1.750000   data required time
---------------------------------------------------------------------------------------------
                                             -1.750000   data required time
                                             -2.232042   data arrival time
---------------------------------------------------------------------------------------------
                                              3.982042   slack (MET)


Startpoint: a[16] (input port clocked by clk)
Endpoint: c[16] (output port clocked by clk)
Path Group: clk
Path Type: min

Fanout         Cap        Slew       Delay        Time   Description
---------------------------------------------------------------------------------------------
                      0.000000    0.000000    0.000000   clock clk (rise edge)
                                  0.000000    0.000000   clock network delay (ideal)
                                  2.000000    2.000000 ^ input external delay
     2    0.006250    0.026715    0.015950    2.015950 ^ a[16] (in)
                                                         a[16] (net)
                      0.026715    0.000000    2.015950 ^ _238_/A (sky130_fd_sc_hd__nand2_2)
     3    0.010808    0.033505    0.035442    2.051392 v _238_/Y (sky130_fd_sc_hd__nand2_2)
                                                         _068_ (net)
                      0.033505    0.000000    2.051392 v _239_/B (sky130_fd_sc_hd__nand2_2)
     4    0.019551    0.083037    0.084221    2.135613 ^ _239_/Y (sky130_fd_sc_hd__nand2_2)
                                                         _069_ (net)
                      0.083037    0.000000    2.135613 ^ _240_/B (sky130_fd_sc_hd__xor2_2)
     1    0.033442    0.071956    0.101027    2.236639 v _240_/X (sky130_fd_sc_hd__xor2_2)
                                                         c[16] (net)
                      0.071956    0.000000    2.236639 v c[16] (out)
                                              2.236639   data arrival time

                      0.000000    0.000000    0.000000   clock clk (rise edge)
                                  0.000000    0.000000   clock network delay (ideal)
                                  0.250000    0.250000   clock uncertainty
                                  0.000000    0.250000   clock reconvergence pessimism
                                 -2.000000   -1.750000   output external delay
                                             -1.750000   data required time
---------------------------------------------------------------------------------------------
                                             -1.750000   data required time
                                             -2.236639   data arrival time
---------------------------------------------------------------------------------------------
                                              3.986639   slack (MET)


Startpoint: b[6] (input port clocked by clk)
Endpoint: c[6] (output port clocked by clk)
Path Group: clk
Path Type: min

Fanout         Cap        Slew       Delay        Time   Description
---------------------------------------------------------------------------------------------
                      0.000000    0.000000    0.000000   clock clk (rise edge)
                                  0.000000    0.000000   clock network delay (ideal)
                                  2.000000    2.000000 ^ input external delay
     3    0.013297    0.050663    0.033013    2.033013 ^ b[6] (in)
                                                         b[6] (net)
                      0.050663    0.000000    2.033013 ^ _191_/B (sky130_fd_sc_hd__xor2_2)
     3    0.007956    0.031361    0.044432    2.077445 v _191_/X (sky130_fd_sc_hd__xor2_2)
                                                         _024_ (net)
                      0.031361    0.000000    2.077445 v _347_/B1 (sky130_fd_sc_hd__a211oi_2)
     1    0.004773    0.083689    0.095649    2.173094 ^ _347_/Y (sky130_fd_sc_hd__a211oi_2)
                                                         _155_ (net)
                      0.083689    0.000000    2.173094 ^ _348_/B (sky130_fd_sc_hd__nor2_2)
     1    0.033442    0.059680    0.067703    2.240797 v _348_/Y (sky130_fd_sc_hd__nor2_2)
                                                         c[6] (net)
                      0.059680    0.000000    2.240797 v c[6] (out)
                                              2.240797   data arrival time

                      0.000000    0.000000    0.000000   clock clk (rise edge)
                                  0.000000    0.000000   clock network delay (ideal)
                                  0.250000    0.250000   clock uncertainty
                                  0.000000    0.250000   clock reconvergence pessimism
                                 -2.000000   -1.750000   output external delay
                                             -1.750000   data required time
---------------------------------------------------------------------------------------------
                                             -1.750000   data required time
                                             -2.240797   data arrival time
---------------------------------------------------------------------------------------------
                                              3.990796   slack (MET)


Startpoint: a[28] (input port clocked by clk)
Endpoint: c[29] (output port clocked by clk)
Path Group: clk
Path Type: min

Fanout         Cap        Slew       Delay        Time   Description
---------------------------------------------------------------------------------------------
                      0.000000    0.000000    0.000000   clock clk (rise edge)
                                  0.000000    0.000000   clock network delay (ideal)
                                  2.000000    2.000000 ^ input external delay
     2    0.006250    0.026715    0.015950    2.015950 ^ a[28] (in)
                                                         a[28] (net)
                      0.026715    0.000000    2.015950 ^ _312_/A (sky130_fd_sc_hd__nand2_2)
     2    0.008508    0.028157    0.031231    2.047181 v _312_/Y (sky130_fd_sc_hd__nand2_2)
                                                         _130_ (net)
                      0.028157    0.000000    2.047181 v _313_/A (sky130_fd_sc_hd__inv_2)
     2    0.007332    0.031061    0.037438    2.084620 ^ _313_/Y (sky130_fd_sc_hd__inv_2)
                                                         _131_ (net)
                      0.031061    0.000000    2.084620 ^ _323_/B1 (sky130_fd_sc_hd__a21o_2)
     1    0.008395    0.038564    0.063235    2.147855 ^ _323_/X (sky130_fd_sc_hd__a21o_2)
                                                         _140_ (net)
                      0.038564    0.000000    2.147855 ^ _324_/B (sky130_fd_sc_hd__xnor2_2)
     1    0.033442    0.099924    0.093451    2.241305 v _324_/Y (sky130_fd_sc_hd__xnor2_2)
                                                         c[29] (net)
                      0.099924    0.000000    2.241305 v c[29] (out)
                                              2.241305   data arrival time

                      0.000000    0.000000    0.000000   clock clk (rise edge)
                                  0.000000    0.000000   clock network delay (ideal)
                                  0.250000    0.250000   clock uncertainty
                                  0.000000    0.250000   clock reconvergence pessimism
                                 -2.000000   -1.750000   output external delay
                                             -1.750000   data required time
---------------------------------------------------------------------------------------------
                                             -1.750000   data required time
                                             -2.241305   data arrival time
---------------------------------------------------------------------------------------------
                                              3.991305   slack (MET)


Startpoint: b[26] (input port clocked by clk)
Endpoint: c[26] (output port clocked by clk)
Path Group: clk
Path Type: min

Fanout         Cap        Slew       Delay        Time   Description
---------------------------------------------------------------------------------------------
                      0.000000    0.000000    0.000000   clock clk (rise edge)
                                  0.000000    0.000000   clock network delay (ideal)
                                  2.000000    2.000000 v input external delay
     2    0.005640    0.009329    0.004946    2.004946 v b[26] (in)
                                                         b[26] (net)
                      0.009329    0.000000    2.004946 v _298_/B (sky130_fd_sc_hd__nor2_2)
     2    0.006321    0.070418    0.059446    2.064392 ^ _298_/Y (sky130_fd_sc_hd__nor2_2)
                                                         _118_ (net)
                      0.070418    0.000000    2.064392 ^ _301_/A (sky130_fd_sc_hd__or2_2)
     2    0.010646    0.049691    0.095441    2.159832 ^ _301_/X (sky130_fd_sc_hd__or2_2)
                                                         _121_ (net)
                      0.049691    0.000000    2.159832 ^ _305_/A (sky130_fd_sc_hd__xnor2_2)
     1    0.033442    0.100008    0.101410    2.261243 v _305_/Y (sky130_fd_sc_hd__xnor2_2)
                                                         c[26] (net)
                      0.100008    0.000000    2.261243 v c[26] (out)
                                              2.261243   data arrival time

                      0.000000    0.000000    0.000000   clock clk (rise edge)
                                  0.000000    0.000000   clock network delay (ideal)
                                  0.250000    0.250000   clock uncertainty
                                  0.000000    0.250000   clock reconvergence pessimism
                                 -2.000000   -1.750000   output external delay
                                             -1.750000   data required time
---------------------------------------------------------------------------------------------
                                             -1.750000   data required time
                                             -2.261243   data arrival time
---------------------------------------------------------------------------------------------
                                              4.011243   slack (MET)


Startpoint: a[20] (input port clocked by clk)
Endpoint: c[20] (output port clocked by clk)
Path Group: clk
Path Type: min

Fanout         Cap        Slew       Delay        Time   Description
---------------------------------------------------------------------------------------------
                      0.000000    0.000000    0.000000   clock clk (rise edge)
                                  0.000000    0.000000   clock network delay (ideal)
                                  2.000000    2.000000 v input external delay
     2    0.005826    0.009633    0.005155    2.005155 v a[20] (in)
                                                         a[20] (net)
                      0.009633    0.000000    2.005155 v _258_/A (sky130_fd_sc_hd__nand2_2)
     3    0.011662    0.053444    0.048267    2.053422 ^ _258_/Y (sky130_fd_sc_hd__nand2_2)
                                                         _084_ (net)
                      0.053444    0.000000    2.053422 ^ _259_/B (sky130_fd_sc_hd__nand2_2)
     3    0.007373    0.026115    0.038621    2.092043 v _259_/Y (sky130_fd_sc_hd__nand2_2)
                                                         _085_ (net)
                      0.026115    0.000000    2.092043 v _265_/A (sky130_fd_sc_hd__nand2_2)
     1    0.001632    0.016809    0.026908    2.118951 ^ _265_/Y (sky130_fd_sc_hd__nand2_2)
                                                         _091_ (net)
                      0.016809    0.000000    2.118951 ^ _266_/B (sky130_fd_sc_hd__and2_2)
     1    0.033442    0.134723    0.157132    2.276083 ^ _266_/X (sky130_fd_sc_hd__and2_2)
                                                         c[20] (net)
                      0.134723    0.000000    2.276083 ^ c[20] (out)
                                              2.276083   data arrival time

                      0.000000    0.000000    0.000000   clock clk (rise edge)
                                  0.000000    0.000000   clock network delay (ideal)
                                  0.250000    0.250000   clock uncertainty
                                  0.000000    0.250000   clock reconvergence pessimism
                                 -2.000000   -1.750000   output external delay
                                             -1.750000   data required time
---------------------------------------------------------------------------------------------
                                             -1.750000   data required time
                                             -2.276083   data arrival time
---------------------------------------------------------------------------------------------
                                              4.026083   slack (MET)


Startpoint: a[8] (input port clocked by clk)
Endpoint: c[8] (output port clocked by clk)
Path Group: clk
Path Type: min

Fanout         Cap        Slew       Delay        Time   Description
---------------------------------------------------------------------------------------------
                      0.000000    0.000000    0.000000   clock clk (rise edge)
                                  0.000000    0.000000   clock network delay (ideal)
                                  2.000000    2.000000 ^ input external delay
     2    0.006250    0.026715    0.015950    2.015950 ^ a[8] (in)
                                                         a[8] (net)
                      0.026715    0.000000    2.015950 ^ _202_/A (sky130_fd_sc_hd__nand2_2)
     4    0.010383    0.032517    0.034664    2.050614 v _202_/Y (sky130_fd_sc_hd__nand2_2)
                                                         _035_ (net)
                      0.032517    0.000000    2.050614 v _204_/A (sky130_fd_sc_hd__and2_2)
     2    0.008508    0.034978    0.114680    2.165294 v _204_/X (sky130_fd_sc_hd__and2_2)
                                                         _037_ (net)
                      0.034978    0.000000    2.165294 v _205_/A (sky130_fd_sc_hd__inv_2)
     2    0.010297    0.041344    0.047352    2.212646 ^ _205_/Y (sky130_fd_sc_hd__inv_2)
                                                         _038_ (net)
                      0.041344    0.000000    2.212646 ^ _352_/B (sky130_fd_sc_hd__xnor2_2)
     1    0.033442    0.099940    0.094022    2.306668 v _352_/Y (sky130_fd_sc_hd__xnor2_2)
                                                         c[8] (net)
                      0.099940    0.000000    2.306668 v c[8] (out)
                                              2.306668   data arrival time

                      0.000000    0.000000    0.000000   clock clk (rise edge)
                                  0.000000    0.000000   clock network delay (ideal)
                                  0.250000    0.250000   clock uncertainty
                                  0.000000    0.250000   clock reconvergence pessimism
                                 -2.000000   -1.750000   output external delay
                                             -1.750000   data required time
---------------------------------------------------------------------------------------------
                                             -1.750000   data required time
                                             -2.306668   data arrival time
---------------------------------------------------------------------------------------------
                                              4.056668   slack (MET)



