
===========================================================================
report_checks -path_delay min (Hold)
============================================================================
======================= max_ss_100C_1v60 Corner ===================================

Startpoint: b[0] (input port clocked by clk)
Endpoint: c[1] (output port clocked by clk)
Path Group: clk
Path Type: min

Fanout         Cap        Slew       Delay        Time   Description
---------------------------------------------------------------------------------------------
                      0.000000    0.000000    0.000000   clock clk (rise edge)
                                  0.000000    0.000000   clock network delay (ideal)
                                  2.000000    2.000000 v input external delay
     1    0.002719    0.018145    0.009025    2.009025 v b[0] (in)
                                                         b[0] (net)
                      0.018145    0.000000    2.009025 v input33/A (sky130_fd_sc_hd__clkbuf_1)
     2    0.005638    0.079140    0.161989    2.171014 v input33/X (sky130_fd_sc_hd__clkbuf_1)
                                                         net33 (net)
                      0.079140    0.000373    2.171386 v _176_/B (sky130_fd_sc_hd__nand2_1)
     3    0.010649    0.168547    0.182333    2.353719 ^ _176_/Y (sky130_fd_sc_hd__nand2_1)
                                                         _009_ (net)
                      0.168552    0.000711    2.354431 ^ _336_/A (sky130_fd_sc_hd__xnor2_1)
     1    0.003035    0.078405    0.175189    2.529619 v _336_/Y (sky130_fd_sc_hd__xnor2_1)
                                                         net76 (net)
                      0.078406    0.000184    2.529804 v output76/A (sky130_fd_sc_hd__buf_2)
     1    0.034097    0.165463    0.347213    2.877017 v output76/X (sky130_fd_sc_hd__buf_2)
                                                         c[1] (net)
                      0.165477    0.001621    2.878637 v c[1] (out)
                                              2.878637   data arrival time

                      0.000000    0.000000    0.000000   clock clk (rise edge)
                                  0.000000    0.000000   clock network delay (ideal)
                                  0.250000    0.250000   clock uncertainty
                                  0.000000    0.250000   clock reconvergence pessimism
                                 -2.000000   -1.750000   output external delay
                                             -1.750000   data required time
---------------------------------------------------------------------------------------------
                                             -1.750000   data required time
                                             -2.878637   data arrival time
---------------------------------------------------------------------------------------------
                                              4.628637   slack (MET)


Startpoint: b[31] (input port clocked by clk)
Endpoint: c[31] (output port clocked by clk)
Path Group: clk
Path Type: min

Fanout         Cap        Slew       Delay        Time   Description
---------------------------------------------------------------------------------------------
                      0.000000    0.000000    0.000000   clock clk (rise edge)
                                  0.000000    0.000000   clock network delay (ideal)
                                  2.000000    2.000000 ^ input external delay
     1    0.002722    0.031733    0.015425    2.015424 ^ b[31] (in)
                                                         b[31] (net)
                      0.031733    0.000000    2.015424 ^ input57/A (sky130_fd_sc_hd__clkbuf_1)
     1    0.005190    0.114330    0.164561    2.179986 ^ input57/X (sky130_fd_sc_hd__clkbuf_1)
                                                         net57 (net)
                      0.114330    0.000379    2.180365 ^ _332_/B (sky130_fd_sc_hd__xor2_1)
     1    0.005085    0.084244    0.161774    2.342139 v _332_/X (sky130_fd_sc_hd__xor2_1)
                                                         _147_ (net)
                      0.084245    0.000373    2.342512 v _333_/B (sky130_fd_sc_hd__xnor2_1)
     1    0.002307    0.068422    0.202327    2.544839 v _333_/Y (sky130_fd_sc_hd__xnor2_1)
                                                         net89 (net)
                      0.068422    0.000162    2.545001 v output89/A (sky130_fd_sc_hd__buf_2)
     1    0.034193    0.165909    0.342888    2.887889 v output89/X (sky130_fd_sc_hd__buf_2)
                                                         c[31] (net)
                      0.165925    0.001704    2.889593 v c[31] (out)
                                              2.889593   data arrival time

                      0.000000    0.000000    0.000000   clock clk (rise edge)
                                  0.000000    0.000000   clock network delay (ideal)
                                  0.250000    0.250000   clock uncertainty
                                  0.000000    0.250000   clock reconvergence pessimism
                                 -2.000000   -1.750000   output external delay
                                             -1.750000   data required time
---------------------------------------------------------------------------------------------
                                             -1.750000   data required time
                                             -2.889593   data arrival time
---------------------------------------------------------------------------------------------
                                              4.639593   slack (MET)


Startpoint: b[0] (input port clocked by clk)
Endpoint: c[0] (output port clocked by clk)
Path Group: clk
Path Type: min

Fanout         Cap        Slew       Delay        Time   Description
---------------------------------------------------------------------------------------------
                      0.000000    0.000000    0.000000   clock clk (rise edge)
                                  0.000000    0.000000   clock network delay (ideal)
                                  2.000000    2.000000 ^ input external delay
     1    0.002848    0.032564    0.016093    2.016093 ^ b[0] (in)
                                                         b[0] (net)
                      0.032564    0.000000    2.016093 ^ input33/A (sky130_fd_sc_hd__clkbuf_1)
     2    0.005955    0.128044    0.174844    2.190937 ^ input33/X (sky130_fd_sc_hd__clkbuf_1)
                                                         net33 (net)
                      0.128044    0.000315    2.191252 ^ _334_/B (sky130_fd_sc_hd__or2_1)
     1    0.001706    0.051736    0.172745    2.363997 ^ _334_/X (sky130_fd_sc_hd__or2_1)
                                                         _148_ (net)
                      0.051736    0.000078    2.364075 ^ _335_/B (sky130_fd_sc_hd__and2_1)
     1    0.002539    0.076071    0.215372    2.579448 ^ _335_/X (sky130_fd_sc_hd__and2_1)
                                                         net65 (net)
                      0.076071    0.000182    2.579629 ^ output65/A (sky130_fd_sc_hd__buf_2)
     1    0.033980    0.270206    0.344102    2.923731 ^ output65/X (sky130_fd_sc_hd__buf_2)
                                                         c[0] (net)
                      0.270211    0.001593    2.925324 ^ c[0] (out)
                                              2.925324   data arrival time

                      0.000000    0.000000    0.000000   clock clk (rise edge)
                                  0.000000    0.000000   clock network delay (ideal)
                                  0.250000    0.250000   clock uncertainty
                                  0.000000    0.250000   clock reconvergence pessimism
                                 -2.000000   -1.750000   output external delay
                                             -1.750000   data required time
---------------------------------------------------------------------------------------------
                                             -1.750000   data required time
                                             -2.925324   data arrival time
---------------------------------------------------------------------------------------------
                                              4.675324   slack (MET)


Startpoint: a[7] (input port clocked by clk)
Endpoint: c[7] (output port clocked by clk)
Path Group: clk
Path Type: min

Fanout         Cap        Slew       Delay        Time   Description
---------------------------------------------------------------------------------------------
                      0.000000    0.000000    0.000000   clock clk (rise edge)
                                  0.000000    0.000000   clock network delay (ideal)
                                  2.000000    2.000000 ^ input external delay
     1    0.002741    0.031854    0.015523    2.015523 ^ a[7] (in)
                                                         a[7] (net)
                      0.031854    0.000000    2.015523 ^ input30/A (sky130_fd_sc_hd__clkbuf_1)
     2    0.004709    0.105727    0.158439    2.173962 ^ input30/X (sky130_fd_sc_hd__clkbuf_1)
                                                         net30 (net)
                      0.105727    0.000303    2.174265 ^ _188_/A (sky130_fd_sc_hd__nand2_1)
     3    0.008057    0.149113    0.172929    2.347194 v _188_/Y (sky130_fd_sc_hd__nand2_1)
                                                         _021_ (net)
                      0.149162    0.000492    2.347687 v _190_/A (sky130_fd_sc_hd__nand2_1)
     1    0.005167    0.099324    0.149880    2.497567 ^ _190_/Y (sky130_fd_sc_hd__nand2_1)
                                                         _023_ (net)
                      0.099324    0.000249    2.497816 ^ _350_/A (sky130_fd_sc_hd__xnor2_1)
     1    0.002913    0.073197    0.146973    2.644789 v _350_/Y (sky130_fd_sc_hd__xnor2_1)
                                                         net94 (net)
                      0.073197    0.000171    2.644959 v output94/A (sky130_fd_sc_hd__buf_2)
     1    0.033950    0.164897    0.344377    2.989336 v output94/X (sky130_fd_sc_hd__buf_2)
                                                         c[7] (net)
                      0.164911    0.001592    2.990928 v c[7] (out)
                                              2.990928   data arrival time

                      0.000000    0.000000    0.000000   clock clk (rise edge)
                                  0.000000    0.000000   clock network delay (ideal)
                                  0.250000    0.250000   clock uncertainty
                                  0.000000    0.250000   clock reconvergence pessimism
                                 -2.000000   -1.750000   output external delay
                                             -1.750000   data required time
---------------------------------------------------------------------------------------------
                                             -1.750000   data required time
                                             -2.990928   data arrival time
---------------------------------------------------------------------------------------------
                                              4.740928   slack (MET)


Startpoint: a[30] (input port clocked by clk)
Endpoint: c[30] (output port clocked by clk)
Path Group: clk
Path Type: min

Fanout         Cap        Slew       Delay        Time   Description
---------------------------------------------------------------------------------------------
                      0.000000    0.000000    0.000000   clock clk (rise edge)
                                  0.000000    0.000000   clock network delay (ideal)
                                  2.000000    2.000000 ^ input external delay
     1    0.002760    0.031983    0.015625    2.015625 ^ a[30] (in)
                                                         a[30] (net)
                      0.031983    0.000000    2.015625 ^ input24/A (sky130_fd_sc_hd__clkbuf_1)
     2    0.005028    0.111421    0.162676    2.178301 ^ input24/X (sky130_fd_sc_hd__clkbuf_1)
                                                         net24 (net)
                      0.111421    0.000186    2.178487 ^ _325_/A (sky130_fd_sc_hd__nand2_1)
     2    0.006186    0.121563    0.153009    2.331497 v _325_/Y (sky130_fd_sc_hd__nand2_1)
                                                         _141_ (net)
                      0.121563    0.000343    2.331840 v _327_/A (sky130_fd_sc_hd__nand2_1)
     2    0.008409    0.139383    0.169481    2.501321 ^ _327_/Y (sky130_fd_sc_hd__nand2_1)
                                                         _143_ (net)
                      0.139436    0.000737    2.502058 ^ _330_/A (sky130_fd_sc_hd__xnor2_1)
     1    0.002860    0.075971    0.161727    2.663785 v _330_/Y (sky130_fd_sc_hd__xnor2_1)
                                                         net88 (net)
                      0.075971    0.000208    2.663993 v output88/A (sky130_fd_sc_hd__buf_2)
     1    0.034136    0.165632    0.346206    3.010199 v output88/X (sky130_fd_sc_hd__buf_2)
                                                         c[30] (net)
                      0.165646    0.001644    3.011843 v c[30] (out)
                                              3.011843   data arrival time

                      0.000000    0.000000    0.000000   clock clk (rise edge)
                                  0.000000    0.000000   clock network delay (ideal)
                                  0.250000    0.250000   clock uncertainty
                                  0.000000    0.250000   clock reconvergence pessimism
                                 -2.000000   -1.750000   output external delay
                                             -1.750000   data required time
---------------------------------------------------------------------------------------------
                                             -1.750000   data required time
                                             -3.011843   data arrival time
---------------------------------------------------------------------------------------------
                                              4.761844   slack (MET)


Startpoint: a[28] (input port clocked by clk)
Endpoint: c[28] (output port clocked by clk)
Path Group: clk
Path Type: min

Fanout         Cap        Slew       Delay        Time   Description
---------------------------------------------------------------------------------------------
                      0.000000    0.000000    0.000000   clock clk (rise edge)
                                  0.000000    0.000000   clock network delay (ideal)
                                  2.000000    2.000000 ^ input external delay
     1    0.002830    0.032445    0.015996    2.015996 ^ a[28] (in)
                                                         a[28] (net)
                      0.032445    0.000000    2.015996 ^ input21/A (sky130_fd_sc_hd__clkbuf_1)
     2    0.004972    0.110432    0.162062    2.178058 ^ input21/X (sky130_fd_sc_hd__clkbuf_1)
                                                         net21 (net)
                      0.110432    0.000423    2.178482 ^ _312_/A (sky130_fd_sc_hd__nand2_1)
     2    0.007969    0.147931    0.173912    2.352394 v _312_/Y (sky130_fd_sc_hd__nand2_1)
                                                         _130_ (net)
                      0.147931    0.000421    2.352816 v _314_/B (sky130_fd_sc_hd__nand2_1)
     1    0.005657    0.106970    0.165419    2.518234 ^ _314_/Y (sky130_fd_sc_hd__nand2_1)
                                                         _132_ (net)
                      0.106971    0.000446    2.518680 ^ _319_/A (sky130_fd_sc_hd__xnor2_1)
     1    0.003179    0.078170    0.153276    2.671956 v _319_/Y (sky130_fd_sc_hd__xnor2_1)
                                                         net85 (net)
                      0.078170    0.000130    2.672086 v output85/A (sky130_fd_sc_hd__buf_2)
     1    0.034120    0.165575    0.347123    3.019209 v output85/X (sky130_fd_sc_hd__buf_2)
                                                         c[28] (net)
                      0.165591    0.001702    3.020911 v c[28] (out)
                                              3.020911   data arrival time

                      0.000000    0.000000    0.000000   clock clk (rise edge)
                                  0.000000    0.000000   clock network delay (ideal)
                                  0.250000    0.250000   clock uncertainty
                                  0.000000    0.250000   clock reconvergence pessimism
                                 -2.000000   -1.750000   output external delay
                                             -1.750000   data required time
---------------------------------------------------------------------------------------------
                                             -1.750000   data required time
                                             -3.020911   data arrival time
---------------------------------------------------------------------------------------------
                                              4.770911   slack (MET)


Startpoint: a[26] (input port clocked by clk)
Endpoint: c[27] (output port clocked by clk)
Path Group: clk
Path Type: min

Fanout         Cap        Slew       Delay        Time   Description
---------------------------------------------------------------------------------------------
                      0.000000    0.000000    0.000000   clock clk (rise edge)
                                  0.000000    0.000000   clock network delay (ideal)
                                  2.000000    2.000000 ^ input external delay
     1    0.002838    0.032500    0.016040    2.016040 ^ a[26] (in)
                                                         a[26] (net)
                      0.032500    0.000000    2.016040 ^ input19/A (sky130_fd_sc_hd__clkbuf_1)
     2    0.005086    0.112482    0.163562    2.179603 ^ input19/X (sky130_fd_sc_hd__clkbuf_1)
                                                         net19 (net)
                      0.112482    0.000435    2.180038 ^ _298_/A (sky130_fd_sc_hd__nor2_1)
     2    0.007122    0.076018    0.124761    2.304799 v _298_/Y (sky130_fd_sc_hd__nor2_1)
                                                         _118_ (net)
                      0.076019    0.000449    2.305247 v _299_/A (sky130_fd_sc_hd__inv_2)
     1    0.002670    0.035563    0.068492    2.373739 ^ _299_/Y (sky130_fd_sc_hd__inv_2)
                                                         _119_ (net)
                      0.035563    0.000197    2.373936 ^ _309_/A1 (sky130_fd_sc_hd__a21o_1)
     1    0.004964    0.084560    0.209470    2.583405 ^ _309_/X (sky130_fd_sc_hd__a21o_1)
                                                         _128_ (net)
                      0.084560    0.000367    2.583773 ^ _310_/B (sky130_fd_sc_hd__xnor2_1)
     1    0.002108    0.061861    0.113640    2.697412 v _310_/Y (sky130_fd_sc_hd__xnor2_1)
                                                         net84 (net)
                      0.061862    0.000150    2.697563 v output84/A (sky130_fd_sc_hd__buf_2)
     1    0.034120    0.165653    0.339651    3.037214 v output84/X (sky130_fd_sc_hd__buf_2)
                                                         c[27] (net)
                      0.165668    0.001702    3.038916 v c[27] (out)
                                              3.038916   data arrival time

                      0.000000    0.000000    0.000000   clock clk (rise edge)
                                  0.000000    0.000000   clock network delay (ideal)
                                  0.250000    0.250000   clock uncertainty
                                  0.000000    0.250000   clock reconvergence pessimism
                                 -2.000000   -1.750000   output external delay
                                             -1.750000   data required time
---------------------------------------------------------------------------------------------
                                             -1.750000   data required time
                                             -3.038916   data arrival time
---------------------------------------------------------------------------------------------
                                              4.788916   slack (MET)


Startpoint: b[3] (input port clocked by clk)
Endpoint: c[3] (output port clocked by clk)
Path Group: clk
Path Type: min

Fanout         Cap        Slew       Delay        Time   Description
---------------------------------------------------------------------------------------------
                      0.000000    0.000000    0.000000   clock clk (rise edge)
                                  0.000000    0.000000   clock network delay (ideal)
                                  2.000000    2.000000 v input external delay
     1    0.002710    0.018110    0.008995    2.008995 v b[3] (in)
                                                         b[3] (net)
                      0.018110    0.000000    2.008995 v input58/A (sky130_fd_sc_hd__buf_1)
     3    0.009421    0.118890    0.193101    2.202096 v input58/X (sky130_fd_sc_hd__buf_1)
                                                         net58 (net)
                      0.118894    0.000829    2.202925 v _182_/B (sky130_fd_sc_hd__nand2_1)
     2    0.006772    0.118538    0.162736    2.365661 ^ _182_/Y (sky130_fd_sc_hd__nand2_1)
                                                         _015_ (net)
                      0.118538    0.000418    2.366079 ^ _339_/A2 (sky130_fd_sc_hd__a211oi_1)
     1    0.003725    0.093870    0.169557    2.535635 v _339_/Y (sky130_fd_sc_hd__a211oi_1)
                                                         _150_ (net)
                      0.093870    0.000283    2.535918 v _341_/A (sky130_fd_sc_hd__nor2_1)
     1    0.002693    0.125241    0.172847    2.708765 ^ _341_/Y (sky130_fd_sc_hd__nor2_1)
                                                         net90 (net)
                      0.125241    0.000170    2.708935 ^ output90/A (sky130_fd_sc_hd__buf_2)
     1    0.034007    0.270498    0.367263    3.076198 ^ output90/X (sky130_fd_sc_hd__buf_2)
                                                         c[3] (net)
                      0.270504    0.001606    3.077804 ^ c[3] (out)
                                              3.077804   data arrival time

                      0.000000    0.000000    0.000000   clock clk (rise edge)
                                  0.000000    0.000000   clock network delay (ideal)
                                  0.250000    0.250000   clock uncertainty
                                  0.000000    0.250000   clock reconvergence pessimism
                                 -2.000000   -1.750000   output external delay
                                             -1.750000   data required time
---------------------------------------------------------------------------------------------
                                             -1.750000   data required time
                                             -3.077804   data arrival time
---------------------------------------------------------------------------------------------
                                              4.827804   slack (MET)


Startpoint: a[23] (input port clocked by clk)
Endpoint: c[23] (output port clocked by clk)
Path Group: clk
Path Type: min

Fanout         Cap        Slew       Delay        Time   Description
---------------------------------------------------------------------------------------------
                      0.000000    0.000000    0.000000   clock clk (rise edge)
                                  0.000000    0.000000   clock network delay (ideal)
                                  2.000000    2.000000 ^ input external delay
     1    0.002716    0.031696    0.015395    2.015395 ^ a[23] (in)
                                                         a[23] (net)
                      0.031696    0.000000    2.015395 ^ input16/A (sky130_fd_sc_hd__clkbuf_1)
     2    0.006400    0.136048    0.180196    2.195590 ^ input16/X (sky130_fd_sc_hd__clkbuf_1)
                                                         net16 (net)
                      0.136048    0.000404    2.195994 ^ _280_/A (sky130_fd_sc_hd__nand2_1)
     2    0.007431    0.142060    0.178335    2.374330 v _280_/Y (sky130_fd_sc_hd__nand2_1)
                                                         _103_ (net)
                      0.142060    0.000294    2.374624 v _281_/B (sky130_fd_sc_hd__nand2b_1)
     2    0.007081    0.136257    0.185471    2.560095 ^ _281_/Y (sky130_fd_sc_hd__nand2b_1)
                                                         _104_ (net)
                      0.136257    0.000448    2.560543 ^ _283_/A (sky130_fd_sc_hd__xnor2_1)
     1    0.003687    0.087306    0.170753    2.731296 v _283_/Y (sky130_fd_sc_hd__xnor2_1)
                                                         net80 (net)
                      0.087306    0.000251    2.731547 v output80/A (sky130_fd_sc_hd__buf_2)
     1    0.034087    0.165422    0.351465    3.083012 v output80/X (sky130_fd_sc_hd__buf_2)
                                                         c[23] (net)
                      0.165436    0.001602    3.084613 v c[23] (out)
                                              3.084613   data arrival time

                      0.000000    0.000000    0.000000   clock clk (rise edge)
                                  0.000000    0.000000   clock network delay (ideal)
                                  0.250000    0.250000   clock uncertainty
                                  0.000000    0.250000   clock reconvergence pessimism
                                 -2.000000   -1.750000   output external delay
                                             -1.750000   data required time
---------------------------------------------------------------------------------------------
                                             -1.750000   data required time
                                             -3.084613   data arrival time
---------------------------------------------------------------------------------------------
                                              4.834613   slack (MET)


Startpoint: b[2] (input port clocked by clk)
Endpoint: c[2] (output port clocked by clk)
Path Group: clk
Path Type: min

Fanout         Cap        Slew       Delay        Time   Description
---------------------------------------------------------------------------------------------
                      0.000000    0.000000    0.000000   clock clk (rise edge)
                                  0.000000    0.000000   clock network delay (ideal)
                                  2.000000    2.000000 ^ input external delay
     1    0.002588    0.030846    0.014714    2.014714 ^ b[2] (in)
                                                         b[2] (net)
                      0.030846    0.000000    2.014714 ^ input55/A (sky130_fd_sc_hd__clkbuf_1)
     2    0.004605    0.103875    0.156709    2.171422 ^ input55/X (sky130_fd_sc_hd__clkbuf_1)
                                                         net55 (net)
                      0.103875    0.000174    2.171596 ^ _173_/B (sky130_fd_sc_hd__nor2_1)
     1    0.007020    0.073133    0.110953    2.282549 v _173_/Y (sky130_fd_sc_hd__nor2_1)
                                                         _006_ (net)
                      0.073136    0.000586    2.283135 v _174_/B (sky130_fd_sc_hd__nor2_1)
     2    0.004824    0.182073    0.184424    2.467559 ^ _174_/Y (sky130_fd_sc_hd__nor2_1)
                                                         _007_ (net)
                      0.182074    0.000264    2.467824 ^ _337_/A (sky130_fd_sc_hd__nor2_1)
     1    0.002498    0.046595    0.123800    2.591624 v _337_/Y (sky130_fd_sc_hd__nor2_1)
                                                         _149_ (net)
                      0.046596    0.000181    2.591805 v _338_/B (sky130_fd_sc_hd__nor2_1)
     1    0.002697    0.125354    0.130342    2.722147 ^ _338_/Y (sky130_fd_sc_hd__nor2_1)
                                                         net87 (net)
                      0.125354    0.000196    2.722343 ^ output87/A (sky130_fd_sc_hd__buf_2)
     1    0.033963    0.270167    0.367090    3.089432 ^ output87/X (sky130_fd_sc_hd__buf_2)
                                                         c[2] (net)
                      0.270172    0.001593    3.091025 ^ c[2] (out)
                                              3.091025   data arrival time

                      0.000000    0.000000    0.000000   clock clk (rise edge)
                                  0.000000    0.000000   clock network delay (ideal)
                                  0.250000    0.250000   clock uncertainty
                                  0.000000    0.250000   clock reconvergence pessimism
                                 -2.000000   -1.750000   output external delay
                                             -1.750000   data required time
---------------------------------------------------------------------------------------------
                                             -1.750000   data required time
                                             -3.091025   data arrival time
---------------------------------------------------------------------------------------------
                                              4.841025   slack (MET)


Startpoint: a[25] (input port clocked by clk)
Endpoint: c[25] (output port clocked by clk)
Path Group: clk
Path Type: min

Fanout         Cap        Slew       Delay        Time   Description
---------------------------------------------------------------------------------------------
                      0.000000    0.000000    0.000000   clock clk (rise edge)
                                  0.000000    0.000000   clock network delay (ideal)
                                  2.000000    2.000000 ^ input external delay
     1    0.002781    0.032123    0.015736    2.015736 ^ a[25] (in)
                                                         a[25] (net)
                      0.032123    0.000000    2.015736 ^ input18/A (sky130_fd_sc_hd__clkbuf_1)
     2    0.005108    0.112860    0.163720    2.179455 ^ input18/X (sky130_fd_sc_hd__clkbuf_1)
                                                         net18 (net)
                      0.112860    0.000326    2.179781 ^ _294_/A (sky130_fd_sc_hd__nand2_1)
     2    0.005764    0.115576    0.148618    2.328399 v _294_/Y (sky130_fd_sc_hd__nand2_1)
                                                         _115_ (net)
                      0.115576    0.000204    2.328603 v _295_/B (sky130_fd_sc_hd__nand2_1)
     2    0.008129    0.134944    0.174736    2.503339 ^ _295_/Y (sky130_fd_sc_hd__nand2_1)
                                                         _116_ (net)
                      0.134944    0.000341    2.503680 ^ _297_/A (sky130_fd_sc_hd__xnor2_1)
     1    0.008266    0.153225    0.225116    2.728796 v _297_/Y (sky130_fd_sc_hd__xnor2_1)
                                                         net82 (net)
                      0.153225    0.000681    2.729478 v output82/A (sky130_fd_sc_hd__buf_2)
     1    0.033997    0.165150    0.382971    3.112449 v output82/X (sky130_fd_sc_hd__buf_2)
                                                         c[25] (net)
                      0.165163    0.001590    3.114039 v c[25] (out)
                                              3.114039   data arrival time

                      0.000000    0.000000    0.000000   clock clk (rise edge)
                                  0.000000    0.000000   clock network delay (ideal)
                                  0.250000    0.250000   clock uncertainty
                                  0.000000    0.250000   clock reconvergence pessimism
                                 -2.000000   -1.750000   output external delay
                                             -1.750000   data required time
---------------------------------------------------------------------------------------------
                                             -1.750000   data required time
                                             -3.114039   data arrival time
---------------------------------------------------------------------------------------------
                                              4.864039   slack (MET)


Startpoint: a[22] (input port clocked by clk)
Endpoint: c[22] (output port clocked by clk)
Path Group: clk
Path Type: min

Fanout         Cap        Slew       Delay        Time   Description
---------------------------------------------------------------------------------------------
                      0.000000    0.000000    0.000000   clock clk (rise edge)
                                  0.000000    0.000000   clock network delay (ideal)
                                  2.000000    2.000000 ^ input external delay
     1    0.002682    0.031471    0.015214    2.015213 ^ a[22] (in)
                                                         a[22] (net)
                      0.031471    0.000000    2.015213 ^ input15/A (sky130_fd_sc_hd__clkbuf_1)
     2    0.005261    0.115610    0.165359    2.180573 ^ input15/X (sky130_fd_sc_hd__clkbuf_1)
                                                         net15 (net)
                      0.115610    0.000439    2.181011 ^ _274_/A (sky130_fd_sc_hd__nand2_1)
     3    0.010139    0.181601    0.202037    2.383049 v _274_/Y (sky130_fd_sc_hd__nand2_1)
                                                         _098_ (net)
                      0.181655    0.000512    2.383561 v _275_/B (sky130_fd_sc_hd__nand2_1)
     3    0.011001    0.173620    0.234743    2.618304 ^ _275_/Y (sky130_fd_sc_hd__nand2_1)
                                                         _099_ (net)
                      0.173622    0.000423    2.618727 ^ _278_/A (sky130_fd_sc_hd__xor2_1)
     1    0.003255    0.071602    0.171756    2.790483 v _278_/X (sky130_fd_sc_hd__xor2_1)
                                                         net79 (net)
                      0.071602    0.000131    2.790614 v output79/A (sky130_fd_sc_hd__buf_2)
     1    0.034100    0.165499    0.344117    3.134732 v output79/X (sky130_fd_sc_hd__buf_2)
                                                         c[22] (net)
                      0.165513    0.001603    3.136335 v c[22] (out)
                                              3.136335   data arrival time

                      0.000000    0.000000    0.000000   clock clk (rise edge)
                                  0.000000    0.000000   clock network delay (ideal)
                                  0.250000    0.250000   clock uncertainty
                                  0.000000    0.250000   clock reconvergence pessimism
                                 -2.000000   -1.750000   output external delay
                                             -1.750000   data required time
---------------------------------------------------------------------------------------------
                                             -1.750000   data required time
                                             -3.136335   data arrival time
---------------------------------------------------------------------------------------------
                                              4.886335   slack (MET)


Startpoint: a[4] (input port clocked by clk)
Endpoint: c[5] (output port clocked by clk)
Path Group: clk
Path Type: min

Fanout         Cap        Slew       Delay        Time   Description
---------------------------------------------------------------------------------------------
                      0.000000    0.000000    0.000000   clock clk (rise edge)
                                  0.000000    0.000000   clock network delay (ideal)
                                  2.000000    2.000000 v input external delay
     1    0.002660    0.017922    0.008837    2.008837 v a[4] (in)
                                                         a[4] (net)
                      0.017922    0.000000    2.008837 v input27/A (sky130_fd_sc_hd__buf_1)
     3    0.014983    0.177620    0.237613    2.246450 v input27/X (sky130_fd_sc_hd__buf_1)
                                                         net27 (net)
                      0.177623    0.001049    2.247499 v _344_/A1 (sky130_fd_sc_hd__a21oi_1)
     1    0.004926    0.208747    0.296926    2.544425 ^ _344_/Y (sky130_fd_sc_hd__a21oi_1)
                                                         _153_ (net)
                      0.208747    0.000232    2.544657 ^ _345_/B (sky130_fd_sc_hd__xnor2_1)
     1    0.007035    0.135510    0.219662    2.764319 v _345_/Y (sky130_fd_sc_hd__xnor2_1)
                                                         net92 (net)
                      0.135510    0.000467    2.764786 v output92/A (sky130_fd_sc_hd__buf_2)
     1    0.034053    0.165357    0.374588    3.139374 v output92/X (sky130_fd_sc_hd__buf_2)
                                                         c[5] (net)
                      0.165371    0.001618    3.140992 v c[5] (out)
                                              3.140992   data arrival time

                      0.000000    0.000000    0.000000   clock clk (rise edge)
                                  0.000000    0.000000   clock network delay (ideal)
                                  0.250000    0.250000   clock uncertainty
                                  0.000000    0.250000   clock reconvergence pessimism
                                 -2.000000   -1.750000   output external delay
                                             -1.750000   data required time
---------------------------------------------------------------------------------------------
                                             -1.750000   data required time
                                             -3.140992   data arrival time
---------------------------------------------------------------------------------------------
                                              4.890992   slack (MET)


Startpoint: a[14] (input port clocked by clk)
Endpoint: c[15] (output port clocked by clk)
Path Group: clk
Path Type: min

Fanout         Cap        Slew       Delay        Time   Description
---------------------------------------------------------------------------------------------
                      0.000000    0.000000    0.000000   clock clk (rise edge)
                                  0.000000    0.000000   clock network delay (ideal)
                                  2.000000    2.000000 v input external delay
     1    0.002747    0.018250    0.009109    2.009109 v a[14] (in)
                                                         a[14] (net)
                      0.018252    0.000000    2.009109 v input6/A (sky130_fd_sc_hd__buf_1)
     3    0.008879    0.113112    0.188830    2.197939 v input6/X (sky130_fd_sc_hd__buf_1)
                                                         net6 (net)
                      0.113113    0.000575    2.198514 v _222_/A (sky130_fd_sc_hd__nand2_1)
     2    0.010590    0.168452    0.187413    2.385927 ^ _222_/Y (sky130_fd_sc_hd__nand2_1)
                                                         _054_ (net)
                      0.168459    0.000903    2.386830 ^ _227_/B1 (sky130_fd_sc_hd__o21ai_1)
     1    0.005036    0.104947    0.188199    2.575029 v _227_/Y (sky130_fd_sc_hd__o21ai_1)
                                                         _058_ (net)
                      0.104947    0.000387    2.575417 v _228_/B (sky130_fd_sc_hd__xnor2_1)
     1    0.003817    0.089191    0.230238    2.805654 v _228_/Y (sky130_fd_sc_hd__xnor2_1)
                                                         net71 (net)
                      0.089191    0.000256    2.805911 v output71/A (sky130_fd_sc_hd__clkbuf_4)
     1    0.034572    0.140169    0.334458    3.140369 v output71/X (sky130_fd_sc_hd__clkbuf_4)
                                                         c[15] (net)
                      0.140188    0.001664    3.142033 v c[15] (out)
                                              3.142033   data arrival time

                      0.000000    0.000000    0.000000   clock clk (rise edge)
                                  0.000000    0.000000   clock network delay (ideal)
                                  0.250000    0.250000   clock uncertainty
                                  0.000000    0.250000   clock reconvergence pessimism
                                 -2.000000   -1.750000   output external delay
                                             -1.750000   data required time
---------------------------------------------------------------------------------------------
                                             -1.750000   data required time
                                             -3.142033   data arrival time
---------------------------------------------------------------------------------------------
                                              4.892033   slack (MET)


Startpoint: b[24] (input port clocked by clk)
Endpoint: c[24] (output port clocked by clk)
Path Group: clk
Path Type: min

Fanout         Cap        Slew       Delay        Time   Description
---------------------------------------------------------------------------------------------
                      0.000000    0.000000    0.000000   clock clk (rise edge)
                                  0.000000    0.000000   clock network delay (ideal)
                                  2.000000    2.000000 ^ input external delay
     1    0.002794    0.032206    0.015803    2.015803 ^ b[24] (in)
                                                         b[24] (net)
                      0.032207    0.000000    2.015803 ^ input49/A (sky130_fd_sc_hd__clkbuf_1)
     2    0.004964    0.110284    0.161870    2.177673 ^ input49/X (sky130_fd_sc_hd__clkbuf_1)
                                                         net49 (net)
                      0.110284    0.000347    2.178020 ^ _290_/B (sky130_fd_sc_hd__nand2_1)
     3    0.008900    0.162400    0.192760    2.370780 v _290_/Y (sky130_fd_sc_hd__nand2_1)
                                                         _112_ (net)
                      0.162452    0.000555    2.371336 v _291_/B (sky130_fd_sc_hd__nand2_1)
     3    0.013358    0.205758    0.248835    2.620171 ^ _291_/Y (sky130_fd_sc_hd__nand2_1)
                                                         _113_ (net)
                      0.205764    0.000967    2.621138 ^ _292_/B (sky130_fd_sc_hd__xor2_1)
     1    0.003164    0.070801    0.179027    2.800165 v _292_/X (sky130_fd_sc_hd__xor2_1)
                                                         net81 (net)
                      0.070801    0.000234    2.800399 v output81/A (sky130_fd_sc_hd__buf_2)
     1    0.034193    0.165901    0.343981    3.144381 v output81/X (sky130_fd_sc_hd__buf_2)
                                                         c[24] (net)
                      0.165917    0.001704    3.146084 v c[24] (out)
                                              3.146084   data arrival time

                      0.000000    0.000000    0.000000   clock clk (rise edge)
                                  0.000000    0.000000   clock network delay (ideal)
                                  0.250000    0.250000   clock uncertainty
                                  0.000000    0.250000   clock reconvergence pessimism
                                 -2.000000   -1.750000   output external delay
                                             -1.750000   data required time
---------------------------------------------------------------------------------------------
                                             -1.750000   data required time
                                             -3.146084   data arrival time
---------------------------------------------------------------------------------------------
                                              4.896085   slack (MET)


Startpoint: b[8] (input port clocked by clk)
Endpoint: c[9] (output port clocked by clk)
Path Group: clk
Path Type: min

Fanout         Cap        Slew       Delay        Time   Description
---------------------------------------------------------------------------------------------
                      0.000000    0.000000    0.000000   clock clk (rise edge)
                                  0.000000    0.000000   clock network delay (ideal)
                                  2.000000    2.000000 ^ input external delay
     1    0.002835    0.032477    0.016024    2.016024 ^ b[8] (in)
                                                         b[8] (net)
                      0.032477    0.000000    2.016024 ^ input63/A (sky130_fd_sc_hd__clkbuf_1)
     2    0.006947    0.145904    0.187558    2.203582 ^ input63/X (sky130_fd_sc_hd__clkbuf_1)
                                                         net63 (net)
                      0.145904    0.000535    2.204117 ^ _202_/B (sky130_fd_sc_hd__nand2_1)
     4    0.013261    0.229400    0.257807    2.461924 v _202_/Y (sky130_fd_sc_hd__nand2_1)
                                                         _035_ (net)
                      0.229468    0.000864    2.462787 v _353_/A (sky130_fd_sc_hd__nand2_1)
     1    0.005370    0.107845    0.188653    2.651440 ^ _353_/Y (sky130_fd_sc_hd__nand2_1)
                                                         _158_ (net)
                      0.107845    0.000252    2.651692 ^ _354_/B (sky130_fd_sc_hd__xnor2_1)
     1    0.004021    0.090016    0.145576    2.797268 v _354_/Y (sky130_fd_sc_hd__xnor2_1)
                                                         net96 (net)
                      0.090016    0.000215    2.797483 v output96/A (sky130_fd_sc_hd__buf_2)
     1    0.034038    0.165237    0.352601    3.150084 v output96/X (sky130_fd_sc_hd__buf_2)
                                                         c[9] (net)
                      0.165251    0.001618    3.151703 v c[9] (out)
                                              3.151703   data arrival time

                      0.000000    0.000000    0.000000   clock clk (rise edge)
                                  0.000000    0.000000   clock network delay (ideal)
                                  0.250000    0.250000   clock uncertainty
                                  0.000000    0.250000   clock reconvergence pessimism
                                 -2.000000   -1.750000   output external delay
                                             -1.750000   data required time
---------------------------------------------------------------------------------------------
                                             -1.750000   data required time
                                             -3.151703   data arrival time
---------------------------------------------------------------------------------------------
                                              4.901703   slack (MET)


Startpoint: b[20] (input port clocked by clk)
Endpoint: c[21] (output port clocked by clk)
Path Group: clk
Path Type: min

Fanout         Cap        Slew       Delay        Time   Description
---------------------------------------------------------------------------------------------
                      0.000000    0.000000    0.000000   clock clk (rise edge)
                                  0.000000    0.000000   clock network delay (ideal)
                                  2.000000    2.000000 ^ input external delay
     1    0.002751    0.031925    0.015581    2.015581 ^ b[20] (in)
                                                         b[20] (net)
                      0.031925    0.000000    2.015581 ^ input45/A (sky130_fd_sc_hd__clkbuf_1)
     2    0.008204    0.168571    0.203652    2.219233 ^ input45/X (sky130_fd_sc_hd__clkbuf_1)
                                                         net45 (net)
                      0.168628    0.000509    2.219742 ^ _258_/B (sky130_fd_sc_hd__nand2_1)
     3    0.012060    0.211235    0.252779    2.472521 v _258_/Y (sky130_fd_sc_hd__nand2_1)
                                                         _084_ (net)
                      0.211235    0.000676    2.473197 v _271_/A (sky130_fd_sc_hd__nand2_1)
     1    0.004722    0.101013    0.174327    2.647525 ^ _271_/Y (sky130_fd_sc_hd__nand2_1)
                                                         _096_ (net)
                      0.101013    0.000221    2.647746 ^ _272_/B (sky130_fd_sc_hd__xnor2_1)
     1    0.005174    0.106637    0.156401    2.804146 v _272_/Y (sky130_fd_sc_hd__xnor2_1)
                                                         net78 (net)
                      0.106637    0.000227    2.804373 v output78/A (sky130_fd_sc_hd__buf_2)
     1    0.034058    0.165333    0.360689    3.165063 v output78/X (sky130_fd_sc_hd__buf_2)
                                                         c[21] (net)
                      0.165347    0.001603    3.166666 v c[21] (out)
                                              3.166666   data arrival time

                      0.000000    0.000000    0.000000   clock clk (rise edge)
                                  0.000000    0.000000   clock network delay (ideal)
                                  0.250000    0.250000   clock uncertainty
                                  0.000000    0.250000   clock reconvergence pessimism
                                 -2.000000   -1.750000   output external delay
                                             -1.750000   data required time
---------------------------------------------------------------------------------------------
                                             -1.750000   data required time
                                             -3.166666   data arrival time
---------------------------------------------------------------------------------------------
                                              4.916667   slack (MET)


Startpoint: b[19] (input port clocked by clk)
Endpoint: c[19] (output port clocked by clk)
Path Group: clk
Path Type: min

Fanout         Cap        Slew       Delay        Time   Description
---------------------------------------------------------------------------------------------
                      0.000000    0.000000    0.000000   clock clk (rise edge)
                                  0.000000    0.000000   clock network delay (ideal)
                                  2.000000    2.000000 ^ input external delay
     1    0.002699    0.031578    0.015300    2.015300 ^ b[19] (in)
                                                         b[19] (net)
                      0.031578    0.000000    2.015300 ^ input43/A (sky130_fd_sc_hd__buf_1)
     2    0.010113    0.203122    0.228229    2.243529 ^ input43/X (sky130_fd_sc_hd__buf_1)
                                                         net43 (net)
                      0.203125    0.000678    2.244207 ^ _253_/B (sky130_fd_sc_hd__nand2_1)
     2    0.005962    0.120040    0.193866    2.438073 v _253_/Y (sky130_fd_sc_hd__nand2_1)
                                                         _080_ (net)
                      0.120040    0.000205    2.438278 v _254_/B (sky130_fd_sc_hd__nand2b_1)
     2    0.007049    0.135552    0.174319    2.612597 ^ _254_/Y (sky130_fd_sc_hd__nand2b_1)
                                                         _081_ (net)
                      0.135552    0.000495    2.613092 ^ _256_/A (sky130_fd_sc_hd__xnor2_1)
     1    0.005579    0.112425    0.193198    2.806290 v _256_/Y (sky130_fd_sc_hd__xnor2_1)
                                                         net75 (net)
                      0.112425    0.000377    2.806667 v output75/A (sky130_fd_sc_hd__buf_2)
     1    0.034240    0.166090    0.363989    3.170655 v output75/X (sky130_fd_sc_hd__buf_2)
                                                         c[19] (net)
                      0.166106    0.001715    3.172370 v c[19] (out)
                                              3.172370   data arrival time

                      0.000000    0.000000    0.000000   clock clk (rise edge)
                                  0.000000    0.000000   clock network delay (ideal)
                                  0.250000    0.250000   clock uncertainty
                                  0.000000    0.250000   clock reconvergence pessimism
                                 -2.000000   -1.750000   output external delay
                                             -1.750000   data required time
---------------------------------------------------------------------------------------------
                                             -1.750000   data required time
                                             -3.172370   data arrival time
---------------------------------------------------------------------------------------------
                                              4.922370   slack (MET)


Startpoint: b[4] (input port clocked by clk)
Endpoint: c[4] (output port clocked by clk)
Path Group: clk
Path Type: min

Fanout         Cap        Slew       Delay        Time   Description
---------------------------------------------------------------------------------------------
                      0.000000    0.000000    0.000000   clock clk (rise edge)
                                  0.000000    0.000000   clock network delay (ideal)
                                  2.000000    2.000000 ^ input external delay
     1    0.002794    0.032207    0.015807    2.015807 ^ b[4] (in)
                                                         b[4] (net)
                      0.032208    0.000000    2.015807 ^ input59/A (sky130_fd_sc_hd__buf_1)
     3    0.014992    0.291781    0.291081    2.306888 ^ input59/X (sky130_fd_sc_hd__buf_1)
                                                         net59 (net)
                      0.291789    0.001313    2.308201 ^ _170_/B (sky130_fd_sc_hd__xor2_1)
     2    0.006505    0.094604    0.247855    2.556056 v _170_/X (sky130_fd_sc_hd__xor2_1)
                                                         _003_ (net)
                      0.094605    0.000433    2.556489 v _342_/A (sky130_fd_sc_hd__nor2_1)
     1    0.003483    0.146071    0.189703    2.746192 ^ _342_/Y (sky130_fd_sc_hd__nor2_1)
                                                         _152_ (net)
                      0.146071    0.000234    2.746426 ^ _343_/B (sky130_fd_sc_hd__nor2_1)
     1    0.003803    0.055899    0.107621    2.854046 v _343_/Y (sky130_fd_sc_hd__nor2_1)
                                                         net91 (net)
                      0.055904    0.000290    2.854336 v output91/A (sky130_fd_sc_hd__buf_2)
     1    0.033972    0.165068    0.336523    3.190860 v output91/X (sky130_fd_sc_hd__buf_2)
                                                         c[4] (net)
                      0.165082    0.001593    3.192452 v c[4] (out)
                                              3.192452   data arrival time

                      0.000000    0.000000    0.000000   clock clk (rise edge)
                                  0.000000    0.000000   clock network delay (ideal)
                                  0.250000    0.250000   clock uncertainty
                                  0.000000    0.250000   clock reconvergence pessimism
                                 -2.000000   -1.750000   output external delay
                                             -1.750000   data required time
---------------------------------------------------------------------------------------------
                                             -1.750000   data required time
                                             -3.192452   data arrival time
---------------------------------------------------------------------------------------------
                                              4.942452   slack (MET)


Startpoint: b[16] (input port clocked by clk)
Endpoint: c[17] (output port clocked by clk)
Path Group: clk
Path Type: min

Fanout         Cap        Slew       Delay        Time   Description
---------------------------------------------------------------------------------------------
                      0.000000    0.000000    0.000000   clock clk (rise edge)
                                  0.000000    0.000000   clock network delay (ideal)
                                  2.000000    2.000000 v input external delay
     1    0.002611    0.017737    0.008682    2.008682 v b[16] (in)
                                                         b[16] (net)
                      0.017737    0.000000    2.008682 v input40/A (sky130_fd_sc_hd__clkbuf_1)
     2    0.008072    0.104589    0.181899    2.190581 v input40/X (sky130_fd_sc_hd__clkbuf_1)
                                                         net40 (net)
                      0.104589    0.000483    2.191063 v _238_/B (sky130_fd_sc_hd__nand2_1)
     3    0.011080    0.176252    0.198868    2.389932 ^ _238_/Y (sky130_fd_sc_hd__nand2_1)
                                                         _068_ (net)
                      0.176252    0.000544    2.390476 ^ _244_/B1 (sky130_fd_sc_hd__o21ai_1)
     1    0.004850    0.103841    0.189245    2.579721 v _244_/Y (sky130_fd_sc_hd__o21ai_1)
                                                         _073_ (net)
                      0.103841    0.000360    2.580081 v _245_/B (sky130_fd_sc_hd__xnor2_1)
     1    0.005424    0.112097    0.248390    2.828471 v _245_/Y (sky130_fd_sc_hd__xnor2_1)
                                                         net73 (net)
                      0.112097    0.000400    2.828871 v output73/A (sky130_fd_sc_hd__buf_2)
     1    0.034252    0.166141    0.363871    3.192743 v output73/X (sky130_fd_sc_hd__buf_2)
                                                         c[17] (net)
                      0.166157    0.001715    3.194458 v c[17] (out)
                                              3.194458   data arrival time

                      0.000000    0.000000    0.000000   clock clk (rise edge)
                                  0.000000    0.000000   clock network delay (ideal)
                                  0.250000    0.250000   clock uncertainty
                                  0.000000    0.250000   clock reconvergence pessimism
                                 -2.000000   -1.750000   output external delay
                                             -1.750000   data required time
---------------------------------------------------------------------------------------------
                                             -1.750000   data required time
                                             -3.194458   data arrival time
---------------------------------------------------------------------------------------------
                                              4.944458   slack (MET)


Startpoint: b[18] (input port clocked by clk)
Endpoint: c[18] (output port clocked by clk)
Path Group: clk
Path Type: min

Fanout         Cap        Slew       Delay        Time   Description
---------------------------------------------------------------------------------------------
                      0.000000    0.000000    0.000000   clock clk (rise edge)
                                  0.000000    0.000000   clock network delay (ideal)
                                  2.000000    2.000000 ^ input external delay
     1    0.002713    0.031673    0.015377    2.015377 ^ b[18] (in)
                                                         b[18] (net)
                      0.031673    0.000000    2.015377 ^ input42/A (sky130_fd_sc_hd__clkbuf_1)
     2    0.007064    0.147981    0.188839    2.204216 ^ input42/X (sky130_fd_sc_hd__clkbuf_1)
                                                         net42 (net)
                      0.147981    0.000327    2.204543 ^ _247_/B (sky130_fd_sc_hd__nand2_1)
     3    0.009091    0.165916    0.209678    2.414221 v _247_/Y (sky130_fd_sc_hd__nand2_1)
                                                         _075_ (net)
                      0.165916    0.000462    2.414683 v _248_/B (sky130_fd_sc_hd__nand2_1)
     2    0.007940    0.133351    0.196720    2.611403 ^ _248_/Y (sky130_fd_sc_hd__nand2_1)
                                                         _076_ (net)
                      0.133351    0.000528    2.611932 ^ _251_/A (sky130_fd_sc_hd__xnor2_1)
     1    0.007924    0.148186    0.220496    2.832427 v _251_/Y (sky130_fd_sc_hd__xnor2_1)
                                                         net74 (net)
                      0.148186    0.000534    2.832962 v output74/A (sky130_fd_sc_hd__buf_2)
     1    0.034462    0.166993    0.382018    3.214980 v output74/X (sky130_fd_sc_hd__buf_2)
                                                         c[18] (net)
                      0.167007    0.001614    3.216594 v c[18] (out)
                                              3.216594   data arrival time

                      0.000000    0.000000    0.000000   clock clk (rise edge)
                                  0.000000    0.000000   clock network delay (ideal)
                                  0.250000    0.250000   clock uncertainty
                                  0.000000    0.250000   clock reconvergence pessimism
                                 -2.000000   -1.750000   output external delay
                                             -1.750000   data required time
---------------------------------------------------------------------------------------------
                                             -1.750000   data required time
                                             -3.216594   data arrival time
---------------------------------------------------------------------------------------------
                                              4.966594   slack (MET)


Startpoint: a[12] (input port clocked by clk)
Endpoint: c[13] (output port clocked by clk)
Path Group: clk
Path Type: min

Fanout         Cap        Slew       Delay        Time   Description
---------------------------------------------------------------------------------------------
                      0.000000    0.000000    0.000000   clock clk (rise edge)
                                  0.000000    0.000000   clock network delay (ideal)
                                  2.000000    2.000000 ^ input external delay
     1    0.002812    0.032323    0.015899    2.015899 ^ a[12] (in)
                                                         a[12] (net)
                      0.032323    0.000000    2.015899 ^ input4/A (sky130_fd_sc_hd__clkbuf_1)
     2    0.007531    0.156443    0.195008    2.210907 ^ input4/X (sky130_fd_sc_hd__clkbuf_1)
                                                         net4 (net)
                      0.156443    0.000599    2.211506 ^ _167_/A (sky130_fd_sc_hd__nand2_1)
     4    0.013371    0.231063    0.257198    2.468705 v _167_/Y (sky130_fd_sc_hd__nand2_1)
                                                         _000_ (net)
                      0.231133    0.000944    2.469649 v _219_/A (sky130_fd_sc_hd__nand2_1)
     1    0.004893    0.098931    0.184285    2.653934 ^ _219_/Y (sky130_fd_sc_hd__nand2_1)
                                                         _052_ (net)
                      0.098931    0.000364    2.654298 ^ _220_/B (sky130_fd_sc_hd__xnor2_1)
     1    0.007692    0.144211    0.184709    2.839007 v _220_/Y (sky130_fd_sc_hd__xnor2_1)
                                                         net69 (net)
                      0.144212    0.000680    2.839687 v output69/A (sky130_fd_sc_hd__buf_2)
     1    0.034039    0.165313    0.378739    3.218426 v output69/X (sky130_fd_sc_hd__buf_2)
                                                         c[13] (net)
                      0.165327    0.001618    3.220043 v c[13] (out)
                                              3.220043   data arrival time

                      0.000000    0.000000    0.000000   clock clk (rise edge)
                                  0.000000    0.000000   clock network delay (ideal)
                                  0.250000    0.250000   clock uncertainty
                                  0.000000    0.250000   clock reconvergence pessimism
                                 -2.000000   -1.750000   output external delay
                                             -1.750000   data required time
---------------------------------------------------------------------------------------------
                                             -1.750000   data required time
                                             -3.220043   data arrival time
---------------------------------------------------------------------------------------------
                                              4.970043   slack (MET)


Startpoint: a[14] (input port clocked by clk)
Endpoint: c[14] (output port clocked by clk)
Path Group: clk
Path Type: min

Fanout         Cap        Slew       Delay        Time   Description
---------------------------------------------------------------------------------------------
                      0.000000    0.000000    0.000000   clock clk (rise edge)
                                  0.000000    0.000000   clock network delay (ideal)
                                  2.000000    2.000000 ^ input external delay
     1    0.002876    0.032748    0.016237    2.016237 ^ a[14] (in)
                                                         a[14] (net)
                      0.032748    0.000000    2.016237 ^ input6/A (sky130_fd_sc_hd__buf_1)
     3    0.009231    0.187157    0.217327    2.233563 ^ input6/X (sky130_fd_sc_hd__buf_1)
                                                         net6 (net)
                      0.187218    0.000599    2.234162 ^ _222_/A (sky130_fd_sc_hd__nand2_1)
     2    0.010370    0.185981    0.234468    2.468631 v _222_/Y (sky130_fd_sc_hd__nand2_1)
                                                         _054_ (net)
                      0.185983    0.000974    2.469605 v _223_/B (sky130_fd_sc_hd__nand2_1)
     3    0.011066    0.175948    0.237296    2.706901 ^ _223_/Y (sky130_fd_sc_hd__nand2_1)
                                                         _055_ (net)
                      0.176009    0.000789    2.707689 ^ _225_/A (sky130_fd_sc_hd__xor2_1)
     1    0.004478    0.080095    0.186077    2.893767 v _225_/X (sky130_fd_sc_hd__xor2_1)
                                                         net70 (net)
                      0.080095    0.000306    2.894073 v output70/A (sky130_fd_sc_hd__clkbuf_4)
     1    0.034577    0.140176    0.330186    3.224259 v output70/X (sky130_fd_sc_hd__clkbuf_4)
                                                         c[14] (net)
                      0.140195    0.001664    3.225923 v c[14] (out)
                                              3.225923   data arrival time

                      0.000000    0.000000    0.000000   clock clk (rise edge)
                                  0.000000    0.000000   clock network delay (ideal)
                                  0.250000    0.250000   clock uncertainty
                                  0.000000    0.250000   clock reconvergence pessimism
                                 -2.000000   -1.750000   output external delay
                                             -1.750000   data required time
---------------------------------------------------------------------------------------------
                                             -1.750000   data required time
                                             -3.225923   data arrival time
---------------------------------------------------------------------------------------------
                                              4.975923   slack (MET)


Startpoint: a[5] (input port clocked by clk)
Endpoint: c[6] (output port clocked by clk)
Path Group: clk
Path Type: min

Fanout         Cap        Slew       Delay        Time   Description
---------------------------------------------------------------------------------------------
                      0.000000    0.000000    0.000000   clock clk (rise edge)
                                  0.000000    0.000000   clock network delay (ideal)
                                  2.000000    2.000000 ^ input external delay
     1    0.002786    0.032157    0.015765    2.015765 ^ a[5] (in)
                                                         a[5] (net)
                      0.032157    0.000000    2.015765 ^ input28/A (sky130_fd_sc_hd__buf_1)
     3    0.007824    0.161723    0.198968    2.214733 ^ input28/X (sky130_fd_sc_hd__buf_1)
                                                         net28 (net)
                      0.161723    0.000242    2.214975 ^ _186_/A (sky130_fd_sc_hd__or2_1)
     3    0.006552    0.115730    0.243136    2.458111 ^ _186_/X (sky130_fd_sc_hd__or2_1)
                                                         _019_ (net)
                      0.115730    0.000342    2.458452 ^ _346_/C1 (sky130_fd_sc_hd__o211a_1)
     2    0.008135    0.135617    0.351724    2.810176 ^ _346_/X (sky130_fd_sc_hd__o211a_1)
                                                         _154_ (net)
                      0.135617    0.000497    2.810673 ^ _348_/A (sky130_fd_sc_hd__nor2_1)
     1    0.003042    0.054814    0.108387    2.919060 v _348_/Y (sky130_fd_sc_hd__nor2_1)
                                                         net93 (net)
                      0.054814    0.000211    2.919271 v output93/A (sky130_fd_sc_hd__buf_2)
     1    0.033968    0.165056    0.336010    3.255281 v output93/X (sky130_fd_sc_hd__buf_2)
                                                         c[6] (net)
                      0.165069    0.001592    3.256873 v c[6] (out)
                                              3.256873   data arrival time

                      0.000000    0.000000    0.000000   clock clk (rise edge)
                                  0.000000    0.000000   clock network delay (ideal)
                                  0.250000    0.250000   clock uncertainty
                                  0.000000    0.250000   clock reconvergence pessimism
                                 -2.000000   -1.750000   output external delay
                                             -1.750000   data required time
---------------------------------------------------------------------------------------------
                                             -1.750000   data required time
                                             -3.256873   data arrival time
---------------------------------------------------------------------------------------------
                                              5.006873   slack (MET)


Startpoint: a[28] (input port clocked by clk)
Endpoint: c[29] (output port clocked by clk)
Path Group: clk
Path Type: min

Fanout         Cap        Slew       Delay        Time   Description
---------------------------------------------------------------------------------------------
                      0.000000    0.000000    0.000000   clock clk (rise edge)
                                  0.000000    0.000000   clock network delay (ideal)
                                  2.000000    2.000000 ^ input external delay
     1    0.002830    0.032445    0.015996    2.015996 ^ a[28] (in)
                                                         a[28] (net)
                      0.032445    0.000000    2.015996 ^ input21/A (sky130_fd_sc_hd__clkbuf_1)
     2    0.004972    0.110432    0.162062    2.178058 ^ input21/X (sky130_fd_sc_hd__clkbuf_1)
                                                         net21 (net)
                      0.110432    0.000423    2.178482 ^ _312_/A (sky130_fd_sc_hd__nand2_1)
     2    0.007969    0.147931    0.173912    2.352394 v _312_/Y (sky130_fd_sc_hd__nand2_1)
                                                         _130_ (net)
                      0.147931    0.000523    2.352917 v _313_/A (sky130_fd_sc_hd__inv_2)
     2    0.008169    0.081273    0.127832    2.480749 ^ _313_/Y (sky130_fd_sc_hd__inv_2)
                                                         _131_ (net)
                      0.081274    0.000425    2.481174 ^ _323_/B1 (sky130_fd_sc_hd__a21o_1)
     1    0.005925    0.095598    0.173573    2.654748 ^ _323_/X (sky130_fd_sc_hd__a21o_1)
                                                         _140_ (net)
                      0.095599    0.000436    2.655184 ^ _324_/B (sky130_fd_sc_hd__xnor2_1)
     1    0.009698    0.173971    0.206302    2.861485 v _324_/Y (sky130_fd_sc_hd__xnor2_1)
                                                         net86 (net)
                      0.174034    0.000872    2.862357 v output86/A (sky130_fd_sc_hd__buf_2)
     1    0.034193    0.165984    0.393553    3.255910 v output86/X (sky130_fd_sc_hd__buf_2)
                                                         c[29] (net)
                      0.166000    0.001704    3.257614 v c[29] (out)
                                              3.257614   data arrival time

                      0.000000    0.000000    0.000000   clock clk (rise edge)
                                  0.000000    0.000000   clock network delay (ideal)
                                  0.250000    0.250000   clock uncertainty
                                  0.000000    0.250000   clock reconvergence pessimism
                                 -2.000000   -1.750000   output external delay
                                             -1.750000   data required time
---------------------------------------------------------------------------------------------
                                             -1.750000   data required time
                                             -3.257614   data arrival time
---------------------------------------------------------------------------------------------
                                              5.007614   slack (MET)


Startpoint: b[26] (input port clocked by clk)
Endpoint: c[26] (output port clocked by clk)
Path Group: clk
Path Type: min

Fanout         Cap        Slew       Delay        Time   Description
---------------------------------------------------------------------------------------------
                      0.000000    0.000000    0.000000   clock clk (rise edge)
                                  0.000000    0.000000   clock network delay (ideal)
                                  2.000000    2.000000 v input external delay
     1    0.002696    0.018057    0.008948    2.008948 v b[26] (in)
                                                         b[26] (net)
                      0.018058    0.000000    2.008948 v input51/A (sky130_fd_sc_hd__clkbuf_1)
     2    0.005226    0.074882    0.158580    2.167528 v input51/X (sky130_fd_sc_hd__clkbuf_1)
                                                         net51 (net)
                      0.074882    0.000327    2.167855 v _298_/B (sky130_fd_sc_hd__nor2_1)
     2    0.007537    0.256488    0.241434    2.409289 ^ _298_/Y (sky130_fd_sc_hd__nor2_1)
                                                         _118_ (net)
                      0.256488    0.000246    2.409534 ^ _301_/A (sky130_fd_sc_hd__or2_1)
     2    0.007279    0.125871    0.289618    2.699152 ^ _301_/X (sky130_fd_sc_hd__or2_1)
                                                         _121_ (net)
                      0.125871    0.000305    2.699457 ^ _305_/A (sky130_fd_sc_hd__xnor2_1)
     1    0.006457    0.127067    0.199915    2.899371 v _305_/Y (sky130_fd_sc_hd__xnor2_1)
                                                         net83 (net)
                      0.127067    0.000516    2.899887 v output83/A (sky130_fd_sc_hd__buf_2)
     1    0.034140    0.165695    0.370779    3.270666 v output83/X (sky130_fd_sc_hd__buf_2)
                                                         c[26] (net)
                      0.165710    0.001642    3.272309 v c[26] (out)
                                              3.272309   data arrival time

                      0.000000    0.000000    0.000000   clock clk (rise edge)
                                  0.000000    0.000000   clock network delay (ideal)
                                  0.250000    0.250000   clock uncertainty
                                  0.000000    0.250000   clock reconvergence pessimism
                                 -2.000000   -1.750000   output external delay
                                             -1.750000   data required time
---------------------------------------------------------------------------------------------
                                             -1.750000   data required time
                                             -3.272309   data arrival time
---------------------------------------------------------------------------------------------
                                              5.022308   slack (MET)


Startpoint: b[20] (input port clocked by clk)
Endpoint: c[20] (output port clocked by clk)
Path Group: clk
Path Type: min

Fanout         Cap        Slew       Delay        Time   Description
---------------------------------------------------------------------------------------------
                      0.000000    0.000000    0.000000   clock clk (rise edge)
                                  0.000000    0.000000   clock network delay (ideal)
                                  2.000000    2.000000 ^ input external delay
     1    0.002751    0.031925    0.015581    2.015581 ^ b[20] (in)
                                                         b[20] (net)
                      0.031925    0.000000    2.015581 ^ input45/A (sky130_fd_sc_hd__clkbuf_1)
     2    0.008204    0.168571    0.203652    2.219233 ^ input45/X (sky130_fd_sc_hd__clkbuf_1)
                                                         net45 (net)
                      0.168628    0.000495    2.219728 ^ _257_/B (sky130_fd_sc_hd__or2_1)
     1    0.002991    0.068082    0.205086    2.424814 ^ _257_/X (sky130_fd_sc_hd__or2_1)
                                                         _083_ (net)
                      0.068082    0.000143    2.424957 ^ _259_/A (sky130_fd_sc_hd__nand2_1)
     3    0.006761    0.128710    0.141831    2.566787 v _259_/Y (sky130_fd_sc_hd__nand2_1)
                                                         _085_ (net)
                      0.128711    0.000357    2.567144 v _265_/A (sky130_fd_sc_hd__nand2_1)
     1    0.001810    0.055937    0.102674    2.669818 ^ _265_/Y (sky130_fd_sc_hd__nand2_1)
                                                         _091_ (net)
                      0.055937    0.000080    2.669898 ^ _266_/B (sky130_fd_sc_hd__and2_1)
     1    0.005097    0.109779    0.248308    2.918206 ^ _266_/X (sky130_fd_sc_hd__and2_1)
                                                         net77 (net)
                      0.109779    0.000217    2.918423 ^ output77/A (sky130_fd_sc_hd__buf_2)
     1    0.034204    0.271948    0.360988    3.279410 ^ output77/X (sky130_fd_sc_hd__buf_2)
                                                         c[20] (net)
                      0.271954    0.001705    3.281115 ^ c[20] (out)
                                              3.281115   data arrival time

                      0.000000    0.000000    0.000000   clock clk (rise edge)
                                  0.000000    0.000000   clock network delay (ideal)
                                  0.250000    0.250000   clock uncertainty
                                  0.000000    0.250000   clock reconvergence pessimism
                                 -2.000000   -1.750000   output external delay
                                             -1.750000   data required time
---------------------------------------------------------------------------------------------
                                             -1.750000   data required time
                                             -3.281115   data arrival time
---------------------------------------------------------------------------------------------
                                              5.031115   slack (MET)


Startpoint: a[10] (input port clocked by clk)
Endpoint: c[11] (output port clocked by clk)
Path Group: clk
Path Type: min

Fanout         Cap        Slew       Delay        Time   Description
---------------------------------------------------------------------------------------------
                      0.000000    0.000000    0.000000   clock clk (rise edge)
                                  0.000000    0.000000   clock network delay (ideal)
                                  2.000000    2.000000 v input external delay
     1    0.002896    0.018822    0.009578    2.009578 v a[10] (in)
                                                         a[10] (net)
                      0.018823    0.000000    2.009578 v input2/A (sky130_fd_sc_hd__clkbuf_1)
     2    0.005330    0.075951    0.159736    2.169313 v input2/X (sky130_fd_sc_hd__clkbuf_1)
                                                         net2 (net)
                      0.075951    0.000363    2.169676 v _206_/A (sky130_fd_sc_hd__nand2_1)
     3    0.018008    0.270834    0.243549    2.413225 ^ _206_/Y (sky130_fd_sc_hd__nand2_1)
                                                         _039_ (net)
                      0.270846    0.001503    2.414728 ^ _357_/B1 (sky130_fd_sc_hd__o21ai_1)
     1    0.004748    0.099517    0.225037    2.639765 v _357_/Y (sky130_fd_sc_hd__o21ai_1)
                                                         _160_ (net)
                      0.099517    0.000226    2.639992 v _358_/B (sky130_fd_sc_hd__xnor2_1)
     1    0.007949    0.148775    0.275619    2.915611 v _358_/Y (sky130_fd_sc_hd__xnor2_1)
                                                         net67 (net)
                      0.148776    0.000670    2.916281 v output67/A (sky130_fd_sc_hd__buf_2)
     1    0.034374    0.166638    0.382031    3.298312 v output67/X (sky130_fd_sc_hd__buf_2)
                                                         c[11] (net)
                      0.166651    0.001596    3.299908 v c[11] (out)
                                              3.299908   data arrival time

                      0.000000    0.000000    0.000000   clock clk (rise edge)
                                  0.000000    0.000000   clock network delay (ideal)
                                  0.250000    0.250000   clock uncertainty
                                  0.000000    0.250000   clock reconvergence pessimism
                                 -2.000000   -1.750000   output external delay
                                             -1.750000   data required time
---------------------------------------------------------------------------------------------
                                             -1.750000   data required time
                                             -3.299908   data arrival time
---------------------------------------------------------------------------------------------
                                              5.049908   slack (MET)


Startpoint: b[16] (input port clocked by clk)
Endpoint: c[16] (output port clocked by clk)
Path Group: clk
Path Type: min

Fanout         Cap        Slew       Delay        Time   Description
---------------------------------------------------------------------------------------------
                      0.000000    0.000000    0.000000   clock clk (rise edge)
                                  0.000000    0.000000   clock network delay (ideal)
                                  2.000000    2.000000 ^ input external delay
     1    0.002740    0.031849    0.015520    2.015520 ^ b[16] (in)
                                                         b[16] (net)
                      0.031849    0.000000    2.015520 ^ input40/A (sky130_fd_sc_hd__clkbuf_1)
     2    0.008389    0.171902    0.206005    2.221524 ^ input40/X (sky130_fd_sc_hd__clkbuf_1)
                                                         net40 (net)
                      0.171960    0.000512    2.222037 ^ _238_/B (sky130_fd_sc_hd__nand2_1)
     3    0.010716    0.191035    0.238197    2.460233 v _238_/Y (sky130_fd_sc_hd__nand2_1)
                                                         _068_ (net)
                      0.191035    0.000339    2.460572 v _239_/B (sky130_fd_sc_hd__nand2_1)
     4    0.015903    0.241294    0.287518    2.748091 ^ _239_/Y (sky130_fd_sc_hd__nand2_1)
                                                         _069_ (net)
                      0.241298    0.000852    2.748942 ^ _240_/B (sky130_fd_sc_hd__xor2_1)
     1    0.005234    0.085278    0.215321    2.964263 v _240_/X (sky130_fd_sc_hd__xor2_1)
                                                         net72 (net)
                      0.085279    0.000386    2.964649 v output72/A (sky130_fd_sc_hd__buf_2)
     1    0.034103    0.165493    0.350513    3.315162 v output72/X (sky130_fd_sc_hd__buf_2)
                                                         c[16] (net)
                      0.165507    0.001640    3.316803 v c[16] (out)
                                              3.316803   data arrival time

                      0.000000    0.000000    0.000000   clock clk (rise edge)
                                  0.000000    0.000000   clock network delay (ideal)
                                  0.250000    0.250000   clock uncertainty
                                  0.000000    0.250000   clock reconvergence pessimism
                                 -2.000000   -1.750000   output external delay
                                             -1.750000   data required time
---------------------------------------------------------------------------------------------
                                             -1.750000   data required time
                                             -3.316803   data arrival time
---------------------------------------------------------------------------------------------
                                              5.066802   slack (MET)


Startpoint: a[10] (input port clocked by clk)
Endpoint: c[10] (output port clocked by clk)
Path Group: clk
Path Type: min

Fanout         Cap        Slew       Delay        Time   Description
---------------------------------------------------------------------------------------------
                      0.000000    0.000000    0.000000   clock clk (rise edge)
                                  0.000000    0.000000   clock network delay (ideal)
                                  2.000000    2.000000 ^ input external delay
     1    0.003025    0.033732    0.017022    2.017022 ^ a[10] (in)
                                                         a[10] (net)
                      0.033732    0.000000    2.017022 ^ input2/A (sky130_fd_sc_hd__clkbuf_1)
     2    0.005537    0.120545    0.169970    2.186992 ^ input2/X (sky130_fd_sc_hd__clkbuf_1)
                                                         net2 (net)
                      0.120545    0.000378    2.187371 ^ _206_/A (sky130_fd_sc_hd__nand2_1)
     3    0.017600    0.297322    0.291249    2.478620 v _206_/Y (sky130_fd_sc_hd__nand2_1)
                                                         _039_ (net)
                      0.297327    0.001062    2.479682 v _208_/A (sky130_fd_sc_hd__nand2_2)
     4    0.021366    0.195615    0.288032    2.767714 ^ _208_/Y (sky130_fd_sc_hd__nand2_2)
                                                         _041_ (net)
                      0.195639    0.001756    2.769470 ^ _356_/A (sky130_fd_sc_hd__xor2_1)
     1    0.006523    0.094731    0.215713    2.985183 v _356_/X (sky130_fd_sc_hd__xor2_1)
                                                         net66 (net)
                      0.094732    0.000531    2.985713 v output66/A (sky130_fd_sc_hd__buf_2)
     1    0.034387    0.166618    0.356013    3.341726 v output66/X (sky130_fd_sc_hd__buf_2)
                                                         c[10] (net)
                      0.166631    0.001597    3.343323 v c[10] (out)
                                              3.343323   data arrival time

                      0.000000    0.000000    0.000000   clock clk (rise edge)
                                  0.000000    0.000000   clock network delay (ideal)
                                  0.250000    0.250000   clock uncertainty
                                  0.000000    0.250000   clock reconvergence pessimism
                                 -2.000000   -1.750000   output external delay
                                             -1.750000   data required time
---------------------------------------------------------------------------------------------
                                             -1.750000   data required time
                                             -3.343323   data arrival time
---------------------------------------------------------------------------------------------
                                              5.093322   slack (MET)


Startpoint: b[8] (input port clocked by clk)
Endpoint: c[8] (output port clocked by clk)
Path Group: clk
Path Type: min

Fanout         Cap        Slew       Delay        Time   Description
---------------------------------------------------------------------------------------------
                      0.000000    0.000000    0.000000   clock clk (rise edge)
                                  0.000000    0.000000   clock network delay (ideal)
                                  2.000000    2.000000 ^ input external delay
     1    0.002835    0.032477    0.016024    2.016024 ^ b[8] (in)
                                                         b[8] (net)
                      0.032477    0.000000    2.016024 ^ input63/A (sky130_fd_sc_hd__clkbuf_1)
     2    0.006947    0.145904    0.187558    2.203582 ^ input63/X (sky130_fd_sc_hd__clkbuf_1)
                                                         net63 (net)
                      0.145904    0.000520    2.204102 ^ _203_/B (sky130_fd_sc_hd__or2_1)
     1    0.002024    0.055829    0.184267    2.388369 ^ _203_/X (sky130_fd_sc_hd__or2_1)
                                                         _036_ (net)
                      0.055829    0.000131    2.388500 ^ _204_/B (sky130_fd_sc_hd__and2_1)
     2    0.007646    0.145158    0.276187    2.664686 ^ _204_/X (sky130_fd_sc_hd__and2_1)
                                                         _037_ (net)
                      0.145158    0.000292    2.664978 ^ _205_/A (sky130_fd_sc_hd__inv_2)
     2    0.009388    0.057827    0.105409    2.770387 v _205_/Y (sky130_fd_sc_hd__inv_2)
                                                         _038_ (net)
                      0.057833    0.000605    2.770993 v _352_/B (sky130_fd_sc_hd__xnor2_1)
     1    0.004949    0.102821    0.221306    2.992299 v _352_/Y (sky130_fd_sc_hd__xnor2_1)
                                                         net95 (net)
                      0.102821    0.000206    2.992505 v output95/A (sky130_fd_sc_hd__buf_2)
     1    0.033974    0.164994    0.358589    3.351093 v output95/X (sky130_fd_sc_hd__buf_2)
                                                         c[8] (net)
                      0.165007    0.001593    3.352686 v c[8] (out)
                                              3.352686   data arrival time

                      0.000000    0.000000    0.000000   clock clk (rise edge)
                                  0.000000    0.000000   clock network delay (ideal)
                                  0.250000    0.250000   clock uncertainty
                                  0.000000    0.250000   clock reconvergence pessimism
                                 -2.000000   -1.750000   output external delay
                                             -1.750000   data required time
---------------------------------------------------------------------------------------------
                                             -1.750000   data required time
                                             -3.352686   data arrival time
---------------------------------------------------------------------------------------------
                                              5.102685   slack (MET)


Startpoint: a[12] (input port clocked by clk)
Endpoint: c[12] (output port clocked by clk)
Path Group: clk
Path Type: min

Fanout         Cap        Slew       Delay        Time   Description
---------------------------------------------------------------------------------------------
                      0.000000    0.000000    0.000000   clock clk (rise edge)
                                  0.000000    0.000000   clock network delay (ideal)
                                  2.000000    2.000000 ^ input external delay
     1    0.002812    0.032323    0.015899    2.015899 ^ a[12] (in)
                                                         a[12] (net)
                      0.032323    0.000000    2.015899 ^ input4/A (sky130_fd_sc_hd__clkbuf_1)
     2    0.007531    0.156443    0.195008    2.210907 ^ input4/X (sky130_fd_sc_hd__clkbuf_1)
                                                         net4 (net)
                      0.156443    0.000599    2.211506 ^ _167_/A (sky130_fd_sc_hd__nand2_1)
     4    0.013371    0.231063    0.257198    2.468705 v _167_/Y (sky130_fd_sc_hd__nand2_1)
                                                         _000_ (net)
                      0.231131    0.000808    2.469513 v _169_/A (sky130_fd_sc_hd__nand2_1)
     3    0.016966    0.257410    0.306180    2.775693 ^ _169_/Y (sky130_fd_sc_hd__nand2_1)
                                                         _002_ (net)
                      0.257498    0.001416    2.777109 ^ _359_/A (sky130_fd_sc_hd__xnor2_1)
     1    0.006624    0.128150    0.251512    3.028621 v _359_/Y (sky130_fd_sc_hd__xnor2_1)
                                                         net68 (net)
                      0.128150    0.000503    3.029124 v output68/A (sky130_fd_sc_hd__buf_2)
     1    0.033980    0.165052    0.370821    3.399946 v output68/X (sky130_fd_sc_hd__buf_2)
                                                         c[12] (net)
                      0.165065    0.001593    3.401538 v c[12] (out)
                                              3.401538   data arrival time

                      0.000000    0.000000    0.000000   clock clk (rise edge)
                                  0.000000    0.000000   clock network delay (ideal)
                                  0.250000    0.250000   clock uncertainty
                                  0.000000    0.250000   clock reconvergence pessimism
                                 -2.000000   -1.750000   output external delay
                                             -1.750000   data required time
---------------------------------------------------------------------------------------------
                                             -1.750000   data required time
                                             -3.401538   data arrival time
---------------------------------------------------------------------------------------------
                                              5.151538   slack (MET)



