
===========================================================================
report_checks -unconstrained
===========================================================================
======================= nom_tt_025C_1v80 Corner ===================================

Startpoint: b[8] (input port clocked by clk)
Endpoint: c[31] (output port clocked by clk)
Path Group: clk
Path Type: max

Fanout         Cap        Slew       Delay        Time   Description
---------------------------------------------------------------------------------------------
                      0.000000    0.000000    0.000000   clock clk (rise edge)
                                  0.000000    0.000000   clock network delay (ideal)
                                  2.000000    2.000000 v input external delay
     1    0.002656    0.008299    0.004170    2.004170 v b[8] (in)
                                                         b[8] (net)
                      0.008299    0.000000    2.004170 v input63/A (sky130_fd_sc_hd__clkbuf_1)
     2    0.005821    0.042279    0.086299    2.090469 v input63/X (sky130_fd_sc_hd__clkbuf_1)
                                                         net63 (net)
                      0.042279    0.000044    2.090514 v _202_/B (sky130_fd_sc_hd__nand2_1)
     4    0.011014    0.112333    0.110774    2.201288 ^ _202_/Y (sky130_fd_sc_hd__nand2_1)
                                                         _035_ (net)
                      0.112333    0.000013    2.201301 ^ _204_/A (sky130_fd_sc_hd__and2_1)
     2    0.007424    0.088950    0.165127    2.366428 ^ _204_/X (sky130_fd_sc_hd__and2_1)
                                                         _037_ (net)
                      0.088950    0.000001    2.366429 ^ _205_/A (sky130_fd_sc_hd__inv_2)
     2    0.007836    0.031650    0.046850    2.413279 v _205_/Y (sky130_fd_sc_hd__inv_2)
                                                         _038_ (net)
                      0.031650    0.000022    2.413301 v _213_/B (sky130_fd_sc_hd__or4_1)
     2    0.007662    0.115064    0.538670    2.951971 v _213_/X (sky130_fd_sc_hd__or4_1)
                                                         _046_ (net)
                      0.115064    0.000147    2.952118 v _231_/A (sky130_fd_sc_hd__nor2_1)
     1    0.010208    0.202281    0.213361    3.165480 ^ _231_/Y (sky130_fd_sc_hd__nor2_1)
                                                         _061_ (net)
                      0.202281    0.000026    3.165506 ^ _236_/A2 (sky130_fd_sc_hd__a21oi_4)
     5    0.024886    0.080234    0.116830    3.282336 v _236_/Y (sky130_fd_sc_hd__a21oi_4)
                                                         _066_ (net)
                      0.080281    0.000802    3.283138 v _288_/A1 (sky130_fd_sc_hd__o31a_2)
     4    0.020418    0.091347    0.408883    3.692021 v _288_/X (sky130_fd_sc_hd__o31a_2)
                                                         _110_ (net)
                      0.091347    0.000149    3.692170 v _318_/A1 (sky130_fd_sc_hd__o31ai_4)
     3    0.013664    0.248564    0.314218    4.006388 ^ _318_/Y (sky130_fd_sc_hd__o31ai_4)
                                                         _136_ (net)
                      0.248564    0.000120    4.006508 ^ _328_/A2 (sky130_fd_sc_hd__a211oi_2)
     2    0.007877    0.081202    0.126323    4.132831 v _328_/Y (sky130_fd_sc_hd__a211oi_2)
                                                         _144_ (net)
                      0.081202    0.000143    4.132974 v _331_/A3 (sky130_fd_sc_hd__o31a_1)
     1    0.004839    0.058187    0.256548    4.389522 v _331_/X (sky130_fd_sc_hd__o31a_1)
                                                         _146_ (net)
                      0.058187    0.000015    4.389536 v _333_/A (sky130_fd_sc_hd__xnor2_1)
     1    0.002193    0.105977    0.140127    4.529664 ^ _333_/Y (sky130_fd_sc_hd__xnor2_1)
                                                         net89 (net)
                      0.105977    0.000004    4.529668 ^ output89/A (sky130_fd_sc_hd__buf_2)
     1    0.034058    0.169405    0.220254    4.749922 ^ output89/X (sky130_fd_sc_hd__buf_2)
                                                         c[31] (net)
                      0.169405    0.000099    4.750021 ^ c[31] (out)
                                              4.750021   data arrival time

                      0.000000   10.000000   10.000000   clock clk (rise edge)
                                  0.000000   10.000000   clock network delay (ideal)
                                 -0.250000    9.750000   clock uncertainty
                                  0.000000    9.750000   clock reconvergence pessimism
                                 -2.000000    7.750000   output external delay
                                              7.750000   data required time
---------------------------------------------------------------------------------------------
                                              7.750000   data required time
                                             -4.750021   data arrival time
---------------------------------------------------------------------------------------------
                                              2.999979   slack (MET)




===========================================================================
report_checks --slack_max -0.01
============================================================================
======================= nom_tt_025C_1v80 Corner ===================================

No paths found.


===========================================================================
 report_check_types -max_slew -max_cap -max_fanout -violators
============================================================================
======================= nom_tt_025C_1v80 Corner ===================================



===========================================================================
report_parasitic_annotation -report_unannotated
============================================================================
Found 0 unannotated drivers.
Found 0 partially unannotated drivers.

===========================================================================
max slew violation count 0
Writing metric design__max_slew_violation__count__corner:nom_tt_025C_1v80: 0
max fanout violation count 0
Writing metric design__max_fanout_violation__count__corner:nom_tt_025C_1v80: 0
max cap violation count 0
Writing metric design__max_cap_violation__count__corner:nom_tt_025C_1v80: 0
============================================================================

===========================================================================
check_setup -verbose -unconstrained_endpoints -multiple_clock -no_clock -no_input_delay -loops -generated_clocks
===========================================================================
