'PNR_SDC_FILE' is not defined. Using generic fallback SDC for OpenROAD PnR steps.
'SIGNOFF_SDC_FILE' is not defined. Using generic fallback SDC for OpenROAD PnR steps.
[STA-0366] port 'clk' not found.
[STA-0366] port 'clk' not found.
[STA-0419] transition time can not be specified for virtual clocks.
[STA-0366] port 'clk' not found.
[STA-0366] port 'clk' not found.
[STA-0419] transition time can not be specified for virtual clocks.
[STA-0366] port 'clk' not found.
[STA-0366] port 'clk' not found.
[STA-0419] transition time can not be specified for virtual clocks.
[STA-0366] port 'clk' not found.
[STA-0366] port 'clk' not found.
[STA-0419] transition time can not be specified for virtual clocks.
[STA-0366] port 'clk' not found.
[STA-0366] port 'clk' not found.
[STA-0419] transition time can not be specified for virtual clocks.
[STA-0366] port 'clk' not found.
[STA-0366] port 'clk' not found.
[STA-0419] transition time can not be specified for virtual clocks.
[STA-0366] port 'clk' not found.
[STA-0366] port 'clk' not found.
[STA-0419] transition time can not be specified for virtual clocks.
[STA-0366] port 'clk' not found.
[STA-0366] port 'clk' not found.
[STA-0419] transition time can not be specified for virtual clocks.
[STA-0450] virtual clock clk can not be propagated.
[STA-0366] port 'clk' not found.
[STA-0366] port 'clk' not found.
[STA-0419] transition time can not be specified for virtual clocks.
[STA-0366] port 'clk' not found.
[STA-0366] port 'clk' not found.
[STA-0419] transition time can not be specified for virtual clocks.
[STA-0366] port 'clk' not found.
[STA-0366] port 'clk' not found.
[STA-0419] transition time can not be specified for virtual clocks.
[CTS-0083] No clock nets have been found.
[CTS-0082] No valid clock nets in the design.
[STA-0450] virtual clock clk can not be propagated.
[STA-0366] port 'clk' not found.
[STA-0366] port 'clk' not found.
[STA-0419] transition time can not be specified for virtual clocks.
[STA-0450] virtual clock clk can not be propagated.
[STA-0366] port 'clk' not found.
[STA-0366] port 'clk' not found.
[STA-0419] transition time can not be specified for virtual clocks.
[STA-0450] virtual clock clk can not be propagated.
[STA-0366] port 'clk' not found.
[STA-0366] port 'clk' not found.
[STA-0419] transition time can not be specified for virtual clocks.
[STA-0450] virtual clock clk can not be propagated.
[STA-0366] port 'clk' not found.
[STA-0366] port 'clk' not found.
[STA-0419] transition time can not be specified for virtual clocks.
[STA-0450] virtual clock clk can not be propagated.
[STA-0366] port 'clk' not found.
[STA-0366] port 'clk' not found.
[STA-0419] transition time can not be specified for virtual clocks.
[STA-0366] port 'clk' not found.
[STA-0366] port 'clk' not found.
[STA-0419] transition time can not be specified for virtual clocks.
[STA-0450] virtual clock clk can not be propagated.
[STA-0366] port 'clk' not found.
[STA-0366] port 'clk' not found.
[STA-0419] transition time can not be specified for virtual clocks.
[STA-0366] port 'clk' not found.
[STA-0366] port 'clk' not found.
[STA-0419] transition time can not be specified for virtual clocks.
[STA-0450] virtual clock clk can not be propagated.
[STA-0366] port 'clk' not found.
[STA-0366] port 'clk' not found.
[STA-0419] transition time can not be specified for virtual clocks.
[DRT-0349] LEF58_ENCLOSURE with no CUTCLASS is not supported. Skipping for layer mcon
[DRT-0349] LEF58_ENCLOSURE with no CUTCLASS is not supported. Skipping for layer mcon
[DRT-0349] LEF58_ENCLOSURE with no CUTCLASS is not supported. Skipping for layer via
[DRT-0349] LEF58_ENCLOSURE with no CUTCLASS is not supported. Skipping for layer via
[DRT-0349] LEF58_ENCLOSURE with no CUTCLASS is not supported. Skipping for layer via2
[DRT-0349] LEF58_ENCLOSURE with no CUTCLASS is not supported. Skipping for layer via2
[DRT-0349] LEF58_ENCLOSURE with no CUTCLASS is not supported. Skipping for layer via3
[DRT-0349] LEF58_ENCLOSURE with no CUTCLASS is not supported. Skipping for layer via3
[DRT-0349] LEF58_ENCLOSURE with no CUTCLASS is not supported. Skipping for layer via4
[DRT-0349] LEF58_ENCLOSURE with no CUTCLASS is not supported. Skipping for layer via4
[STA-0366] port 'clk' not found.
[STA-0366] port 'clk' not found.
[STA-0419] transition time can not be specified for virtual clocks.
Threshold for Threshold-surpassing long wires is not set. The checker will be skipped.
[STA-0366] port 'clk' not found.
[STA-0366] port 'clk' not found.
[STA-0419] transition time can not be specified for virtual clocks.
