
===========================================================================
report_checks -path_delay min (Hold)
============================================================================
======================= min_ss_100C_1v60 Corner ===================================

Startpoint: b[0] (input port clocked by clk)
Endpoint: c[1] (output port clocked by clk)
Path Group: clk
Path Type: min

Fanout         Cap        Slew       Delay        Time   Description
---------------------------------------------------------------------------------------------
                      0.000000    0.000000    0.000000   clock clk (rise edge)
                                  0.000000    0.000000   clock network delay (ideal)
                                  2.000000    2.000000 v input external delay
     1    0.002630    0.017816    0.008678    2.008678 v b[0] (in)
                                                         b[0] (net)
                      0.017816    0.000000    2.008678 v input33/A (sky130_fd_sc_hd__clkbuf_1)
     2    0.005242    0.075017    0.158722    2.167401 v input33/X (sky130_fd_sc_hd__clkbuf_1)
                                                         net33 (net)
                      0.075017    0.000070    2.167470 v _176_/B (sky130_fd_sc_hd__nand2_1)
     3    0.010224    0.162343    0.176516    2.343987 ^ _176_/Y (sky130_fd_sc_hd__nand2_1)
                                                         _009_ (net)
                      0.162343    0.000097    2.344084 ^ _336_/A (sky130_fd_sc_hd__xnor2_1)
     1    0.002784    0.074984    0.169623    2.513706 v _336_/Y (sky130_fd_sc_hd__xnor2_1)
                                                         net76 (net)
                      0.074984    0.000034    2.513740 v output76/A (sky130_fd_sc_hd__buf_2)
     1    0.034010    0.164722    0.346364    2.860104 v output76/X (sky130_fd_sc_hd__buf_2)
                                                         c[1] (net)
                      0.164722    0.000183    2.860287 v c[1] (out)
                                              2.860287   data arrival time

                      0.000000    0.000000    0.000000   clock clk (rise edge)
                                  0.000000    0.000000   clock network delay (ideal)
                                  0.250000    0.250000   clock uncertainty
                                  0.000000    0.250000   clock reconvergence pessimism
                                 -2.000000   -1.750000   output external delay
                                             -1.750000   data required time
---------------------------------------------------------------------------------------------
                                             -1.750000   data required time
                                             -2.860287   data arrival time
---------------------------------------------------------------------------------------------
                                              4.610287   slack (MET)


Startpoint: b[31] (input port clocked by clk)
Endpoint: c[31] (output port clocked by clk)
Path Group: clk
Path Type: min

Fanout         Cap        Slew       Delay        Time   Description
---------------------------------------------------------------------------------------------
                      0.000000    0.000000    0.000000   clock clk (rise edge)
                                  0.000000    0.000000   clock network delay (ideal)
                                  2.000000    2.000000 ^ input external delay
     1    0.002659    0.031327    0.015025    2.015025 ^ b[31] (in)
                                                         b[31] (net)
                      0.031327    0.000000    2.015025 ^ input57/A (sky130_fd_sc_hd__clkbuf_1)
     1    0.005049    0.111796    0.162737    2.177762 ^ input57/X (sky130_fd_sc_hd__clkbuf_1)
                                                         net57 (net)
                      0.111796    0.000048    2.177810 ^ _332_/B (sky130_fd_sc_hd__xor2_1)
     1    0.004930    0.083162    0.159148    2.336958 v _332_/X (sky130_fd_sc_hd__xor2_1)
                                                         _147_ (net)
                      0.083162    0.000047    2.337004 v _333_/B (sky130_fd_sc_hd__xnor2_1)
     1    0.002173    0.066667    0.200223    2.537227 v _333_/Y (sky130_fd_sc_hd__xnor2_1)
                                                         net89 (net)
                      0.066667    0.000021    2.537248 v output89/A (sky130_fd_sc_hd__buf_2)
     1    0.034095    0.165115    0.342782    2.880030 v output89/X (sky130_fd_sc_hd__buf_2)
                                                         c[31] (net)
                      0.165115    0.000243    2.880273 v c[31] (out)
                                              2.880273   data arrival time

                      0.000000    0.000000    0.000000   clock clk (rise edge)
                                  0.000000    0.000000   clock network delay (ideal)
                                  0.250000    0.250000   clock uncertainty
                                  0.000000    0.250000   clock reconvergence pessimism
                                 -2.000000   -1.750000   output external delay
                                             -1.750000   data required time
---------------------------------------------------------------------------------------------
                                             -1.750000   data required time
                                             -2.880273   data arrival time
---------------------------------------------------------------------------------------------
                                              4.630273   slack (MET)


Startpoint: b[0] (input port clocked by clk)
Endpoint: c[0] (output port clocked by clk)
Path Group: clk
Path Type: min

Fanout         Cap        Slew       Delay        Time   Description
---------------------------------------------------------------------------------------------
                      0.000000    0.000000    0.000000   clock clk (rise edge)
                                  0.000000    0.000000   clock network delay (ideal)
                                  2.000000    2.000000 ^ input external delay
     1    0.002759    0.031984    0.015552    2.015552 ^ b[0] (in)
                                                         b[0] (net)
                      0.031984    0.000000    2.015552 ^ input33/A (sky130_fd_sc_hd__clkbuf_1)
     2    0.005559    0.120912    0.169616    2.185168 ^ input33/X (sky130_fd_sc_hd__clkbuf_1)
                                                         net33 (net)
                      0.120912    0.000055    2.185223 ^ _334_/B (sky130_fd_sc_hd__or2_1)
     1    0.001666    0.052262    0.169112    2.354336 ^ _334_/X (sky130_fd_sc_hd__or2_1)
                                                         _148_ (net)
                      0.052262    0.000007    2.354342 ^ _335_/B (sky130_fd_sc_hd__and2_1)
     1    0.002388    0.074187    0.213719    2.568061 ^ _335_/X (sky130_fd_sc_hd__and2_1)
                                                         net65 (net)
                      0.074187    0.000024    2.568085 ^ output65/A (sky130_fd_sc_hd__buf_2)
     1    0.033922    0.269475    0.343940    2.912025 ^ output65/X (sky130_fd_sc_hd__buf_2)
                                                         c[0] (net)
                      0.269475    0.000166    2.912190 ^ c[0] (out)
                                              2.912190   data arrival time

                      0.000000    0.000000    0.000000   clock clk (rise edge)
                                  0.000000    0.000000   clock network delay (ideal)
                                  0.250000    0.250000   clock uncertainty
                                  0.000000    0.250000   clock reconvergence pessimism
                                 -2.000000   -1.750000   output external delay
                                             -1.750000   data required time
---------------------------------------------------------------------------------------------
                                             -1.750000   data required time
                                             -2.912190   data arrival time
---------------------------------------------------------------------------------------------
                                              4.662190   slack (MET)


Startpoint: a[7] (input port clocked by clk)
Endpoint: c[7] (output port clocked by clk)
Path Group: clk
Path Type: min

Fanout         Cap        Slew       Delay        Time   Description
---------------------------------------------------------------------------------------------
                      0.000000    0.000000    0.000000   clock clk (rise edge)
                                  0.000000    0.000000   clock network delay (ideal)
                                  2.000000    2.000000 ^ input external delay
     1    0.002662    0.031342    0.015039    2.015039 ^ a[7] (in)
                                                         a[7] (net)
                      0.031342    0.000000    2.015039 ^ input30/A (sky130_fd_sc_hd__clkbuf_1)
     2    0.004555    0.102980    0.156353    2.171392 ^ input30/X (sky130_fd_sc_hd__clkbuf_1)
                                                         net30 (net)
                      0.102980    0.000042    2.171433 ^ _188_/A (sky130_fd_sc_hd__nand2_1)
     3    0.007575    0.141589    0.166297    2.337730 v _188_/Y (sky130_fd_sc_hd__nand2_1)
                                                         _021_ (net)
                      0.141589    0.000059    2.337789 v _190_/A (sky130_fd_sc_hd__nand2_1)
     1    0.005076    0.100918    0.145544    2.483333 ^ _190_/Y (sky130_fd_sc_hd__nand2_1)
                                                         _023_ (net)
                      0.100918    0.000028    2.483361 ^ _350_/A (sky130_fd_sc_hd__xnor2_1)
     1    0.002666    0.069653    0.144516    2.627878 v _350_/Y (sky130_fd_sc_hd__xnor2_1)
                                                         net94 (net)
                      0.069653    0.000030    2.627908 v output94/A (sky130_fd_sc_hd__buf_2)
     1    0.033901    0.164311    0.343584    2.971492 v output94/X (sky130_fd_sc_hd__buf_2)
                                                         c[7] (net)
                      0.164311    0.000166    2.971658 v c[7] (out)
                                              2.971658   data arrival time

                      0.000000    0.000000    0.000000   clock clk (rise edge)
                                  0.000000    0.000000   clock network delay (ideal)
                                  0.250000    0.250000   clock uncertainty
                                  0.000000    0.250000   clock reconvergence pessimism
                                 -2.000000   -1.750000   output external delay
                                             -1.750000   data required time
---------------------------------------------------------------------------------------------
                                             -1.750000   data required time
                                             -2.971658   data arrival time
---------------------------------------------------------------------------------------------
                                              4.721657   slack (MET)


Startpoint: a[30] (input port clocked by clk)
Endpoint: c[30] (output port clocked by clk)
Path Group: clk
Path Type: min

Fanout         Cap        Slew       Delay        Time   Description
---------------------------------------------------------------------------------------------
                      0.000000    0.000000    0.000000   clock clk (rise edge)
                                  0.000000    0.000000   clock network delay (ideal)
                                  2.000000    2.000000 ^ input external delay
     1    0.002691    0.031537    0.015194    2.015194 ^ a[30] (in)
                                                         a[30] (net)
                      0.031537    0.000000    2.015194 ^ input24/A (sky130_fd_sc_hd__clkbuf_1)
     2    0.004804    0.111029    0.159680    2.174874 ^ input24/X (sky130_fd_sc_hd__clkbuf_1)
                                                         net24 (net)
                      0.111029    0.000027    2.174901 ^ _325_/A (sky130_fd_sc_hd__nand2_1)
     2    0.005880    0.116580    0.149338    2.324239 v _325_/Y (sky130_fd_sc_hd__nand2_1)
                                                         _141_ (net)
                      0.116580    0.000055    2.324294 v _327_/A (sky130_fd_sc_hd__nand2_1)
     2    0.008147    0.135498    0.164844    2.489138 ^ _327_/Y (sky130_fd_sc_hd__nand2_1)
                                                         _143_ (net)
                      0.135498    0.000107    2.489245 ^ _330_/A (sky130_fd_sc_hd__xnor2_1)
     1    0.002626    0.072802    0.157291    2.646536 v _330_/Y (sky130_fd_sc_hd__xnor2_1)
                                                         net88 (net)
                      0.072802    0.000030    2.646566 v output88/A (sky130_fd_sc_hd__buf_2)
     1    0.034043    0.164868    0.345457    2.992023 v output88/X (sky130_fd_sc_hd__buf_2)
                                                         c[30] (net)
                      0.164868    0.000201    2.992224 v c[30] (out)
                                              2.992224   data arrival time

                      0.000000    0.000000    0.000000   clock clk (rise edge)
                                  0.000000    0.000000   clock network delay (ideal)
                                  0.250000    0.250000   clock uncertainty
                                  0.000000    0.250000   clock reconvergence pessimism
                                 -2.000000   -1.750000   output external delay
                                             -1.750000   data required time
---------------------------------------------------------------------------------------------
                                             -1.750000   data required time
                                             -2.992224   data arrival time
---------------------------------------------------------------------------------------------
                                              4.742224   slack (MET)


Startpoint: a[28] (input port clocked by clk)
Endpoint: c[28] (output port clocked by clk)
Path Group: clk
Path Type: min

Fanout         Cap        Slew       Delay        Time   Description
---------------------------------------------------------------------------------------------
                      0.000000    0.000000    0.000000   clock clk (rise edge)
                                  0.000000    0.000000   clock network delay (ideal)
                                  2.000000    2.000000 ^ input external delay
     1    0.002736    0.031831    0.015430    2.015430 ^ a[28] (in)
                                                         a[28] (net)
                      0.031831    0.000000    2.015430 ^ input21/A (sky130_fd_sc_hd__clkbuf_1)
     2    0.004780    0.106985    0.159473    2.174903 ^ input21/X (sky130_fd_sc_hd__clkbuf_1)
                                                         net21 (net)
                      0.106985    0.000065    2.174968 ^ _312_/A (sky130_fd_sc_hd__nand2_1)
     2    0.007733    0.144132    0.169881    2.344849 v _312_/Y (sky130_fd_sc_hd__nand2_1)
                                                         _130_ (net)
                      0.144132    0.000068    2.344917 v _314_/B (sky130_fd_sc_hd__nand2_1)
     1    0.005486    0.104615    0.162068    2.506985 ^ _314_/Y (sky130_fd_sc_hd__nand2_1)
                                                         _132_ (net)
                      0.104615    0.000068    2.507053 ^ _319_/A (sky130_fd_sc_hd__xnor2_1)
     1    0.002990    0.075407    0.150009    2.657063 v _319_/Y (sky130_fd_sc_hd__xnor2_1)
                                                         net85 (net)
                      0.075407    0.000030    2.657093 v output85/A (sky130_fd_sc_hd__buf_2)
     1    0.034035    0.164835    0.346596    3.003689 v output85/X (sky130_fd_sc_hd__buf_2)
                                                         c[28] (net)
                      0.164835    0.000242    3.003931 v c[28] (out)
                                              3.003931   data arrival time

                      0.000000    0.000000    0.000000   clock clk (rise edge)
                                  0.000000    0.000000   clock network delay (ideal)
                                  0.250000    0.250000   clock uncertainty
                                  0.000000    0.250000   clock reconvergence pessimism
                                 -2.000000   -1.750000   output external delay
                                             -1.750000   data required time
---------------------------------------------------------------------------------------------
                                             -1.750000   data required time
                                             -3.003931   data arrival time
---------------------------------------------------------------------------------------------
                                              4.753931   slack (MET)


Startpoint: b[26] (input port clocked by clk)
Endpoint: c[27] (output port clocked by clk)
Path Group: clk
Path Type: min

Fanout         Cap        Slew       Delay        Time   Description
---------------------------------------------------------------------------------------------
                      0.000000    0.000000    0.000000   clock clk (rise edge)
                                  0.000000    0.000000   clock network delay (ideal)
                                  2.000000    2.000000 ^ input external delay
     1    0.002735    0.031829    0.015431    2.015430 ^ b[26] (in)
                                                         b[26] (net)
                      0.031829    0.000000    2.015430 ^ input51/A (sky130_fd_sc_hd__clkbuf_1)
     2    0.005297    0.116233    0.166170    2.181601 ^ input51/X (sky130_fd_sc_hd__clkbuf_1)
                                                         net51 (net)
                      0.116233    0.000064    2.181665 ^ _298_/B (sky130_fd_sc_hd__nor2_1)
     2    0.006863    0.073350    0.115716    2.297381 v _298_/Y (sky130_fd_sc_hd__nor2_1)
                                                         _118_ (net)
                      0.073350    0.000074    2.297455 v _299_/A (sky130_fd_sc_hd__inv_2)
     1    0.002626    0.035091    0.067103    2.364558 ^ _299_/Y (sky130_fd_sc_hd__inv_2)
                                                         _119_ (net)
                      0.035091    0.000021    2.364578 ^ _309_/A1 (sky130_fd_sc_hd__a21o_1)
     1    0.004874    0.083313    0.208545    2.573124 ^ _309_/X (sky130_fd_sc_hd__a21o_1)
                                                         _128_ (net)
                      0.083313    0.000045    2.573169 ^ _310_/B (sky130_fd_sc_hd__xnor2_1)
     1    0.002018    0.060548    0.112117    2.685286 v _310_/Y (sky130_fd_sc_hd__xnor2_1)
                                                         net84 (net)
                      0.060548    0.000018    2.685304 v output84/A (sky130_fd_sc_hd__buf_2)
     1    0.034035    0.164908    0.339786    3.025090 v output84/X (sky130_fd_sc_hd__buf_2)
                                                         c[27] (net)
                      0.164908    0.000242    3.025332 v c[27] (out)
                                              3.025332   data arrival time

                      0.000000    0.000000    0.000000   clock clk (rise edge)
                                  0.000000    0.000000   clock network delay (ideal)
                                  0.250000    0.250000   clock uncertainty
                                  0.000000    0.250000   clock reconvergence pessimism
                                 -2.000000   -1.750000   output external delay
                                             -1.750000   data required time
---------------------------------------------------------------------------------------------
                                             -1.750000   data required time
                                             -3.025332   data arrival time
---------------------------------------------------------------------------------------------
                                              4.775332   slack (MET)


Startpoint: b[3] (input port clocked by clk)
Endpoint: c[3] (output port clocked by clk)
Path Group: clk
Path Type: min

Fanout         Cap        Slew       Delay        Time   Description
---------------------------------------------------------------------------------------------
                      0.000000    0.000000    0.000000   clock clk (rise edge)
                                  0.000000    0.000000   clock network delay (ideal)
                                  2.000000    2.000000 v input external delay
     1    0.002622    0.017787    0.008654    2.008654 v b[3] (in)
                                                         b[3] (net)
                      0.017787    0.000000    2.008654 v input58/A (sky130_fd_sc_hd__buf_1)
     3    0.008598    0.110075    0.186530    2.195184 v input58/X (sky130_fd_sc_hd__buf_1)
                                                         net58 (net)
                      0.110075    0.000205    2.195389 v _182_/B (sky130_fd_sc_hd__nand2_1)
     2    0.006451    0.113356    0.155494    2.350883 ^ _182_/Y (sky130_fd_sc_hd__nand2_1)
                                                         _015_ (net)
                      0.113356    0.000068    2.350951 ^ _339_/A2 (sky130_fd_sc_hd__a211oi_1)
     1    0.003487    0.090544    0.164691    2.515643 v _339_/Y (sky130_fd_sc_hd__a211oi_1)
                                                         _150_ (net)
                      0.090544    0.000043    2.515686 v _341_/A (sky130_fd_sc_hd__nor2_1)
     1    0.002488    0.123607    0.167280    2.682966 ^ _341_/Y (sky130_fd_sc_hd__nor2_1)
                                                         net90 (net)
                      0.123607    0.000026    2.682992 ^ output90/A (sky130_fd_sc_hd__buf_2)
     1    0.033947    0.269754    0.367192    3.050184 ^ output90/X (sky130_fd_sc_hd__buf_2)
                                                         c[3] (net)
                      0.269754    0.000174    3.050358 ^ c[3] (out)
                                              3.050358   data arrival time

                      0.000000    0.000000    0.000000   clock clk (rise edge)
                                  0.000000    0.000000   clock network delay (ideal)
                                  0.250000    0.250000   clock uncertainty
                                  0.000000    0.250000   clock reconvergence pessimism
                                 -2.000000   -1.750000   output external delay
                                             -1.750000   data required time
---------------------------------------------------------------------------------------------
                                             -1.750000   data required time
                                             -3.050358   data arrival time
---------------------------------------------------------------------------------------------
                                              4.800358   slack (MET)


Startpoint: a[23] (input port clocked by clk)
Endpoint: c[23] (output port clocked by clk)
Path Group: clk
Path Type: min

Fanout         Cap        Slew       Delay        Time   Description
---------------------------------------------------------------------------------------------
                      0.000000    0.000000    0.000000   clock clk (rise edge)
                                  0.000000    0.000000   clock network delay (ideal)
                                  2.000000    2.000000 ^ input external delay
     1    0.002658    0.031319    0.015020    2.015020 ^ a[23] (in)
                                                         a[23] (net)
                      0.031319    0.000000    2.015020 ^ input16/A (sky130_fd_sc_hd__clkbuf_1)
     2    0.006101    0.130650    0.176337    2.191356 ^ input16/X (sky130_fd_sc_hd__clkbuf_1)
                                                         net16 (net)
                      0.130650    0.000073    2.191429 ^ _280_/A (sky130_fd_sc_hd__nand2_1)
     2    0.006988    0.135076    0.170890    2.362319 v _280_/Y (sky130_fd_sc_hd__nand2_1)
                                                         _103_ (net)
                      0.135076    0.000069    2.362388 v _281_/B (sky130_fd_sc_hd__nand2b_1)
     2    0.006875    0.133093    0.180009    2.542397 ^ _281_/Y (sky130_fd_sc_hd__nand2b_1)
                                                         _104_ (net)
                      0.133093    0.000060    2.542457 ^ _283_/A (sky130_fd_sc_hd__xnor2_1)
     1    0.003393    0.083266    0.166050    2.708507 v _283_/Y (sky130_fd_sc_hd__xnor2_1)
                                                         net80 (net)
                      0.083266    0.000052    2.708559 v output80/A (sky130_fd_sc_hd__buf_2)
     1    0.034010    0.164703    0.350262    3.058821 v output80/X (sky130_fd_sc_hd__buf_2)
                                                         c[23] (net)
                      0.164703    0.000171    3.058992 v c[23] (out)
                                              3.058992   data arrival time

                      0.000000    0.000000    0.000000   clock clk (rise edge)
                                  0.000000    0.000000   clock network delay (ideal)
                                  0.250000    0.250000   clock uncertainty
                                  0.000000    0.250000   clock reconvergence pessimism
                                 -2.000000   -1.750000   output external delay
                                             -1.750000   data required time
---------------------------------------------------------------------------------------------
                                             -1.750000   data required time
                                             -3.058992   data arrival time
---------------------------------------------------------------------------------------------
                                              4.808992   slack (MET)


Startpoint: b[2] (input port clocked by clk)
Endpoint: c[2] (output port clocked by clk)
Path Group: clk
Path Type: min

Fanout         Cap        Slew       Delay        Time   Description
---------------------------------------------------------------------------------------------
                      0.000000    0.000000    0.000000   clock clk (rise edge)
                                  0.000000    0.000000   clock network delay (ideal)
                                  2.000000    2.000000 ^ input external delay
     1    0.002540    0.030541    0.014398    2.014398 ^ b[2] (in)
                                                         b[2] (net)
                      0.030541    0.000000    2.014398 ^ input55/A (sky130_fd_sc_hd__clkbuf_1)
     2    0.004509    0.105683    0.155419    2.169817 ^ input55/X (sky130_fd_sc_hd__clkbuf_1)
                                                         net55 (net)
                      0.105683    0.000022    2.169838 ^ _173_/B (sky130_fd_sc_hd__nor2_1)
     1    0.006138    0.066440    0.106264    2.276103 v _173_/Y (sky130_fd_sc_hd__nor2_1)
                                                         _006_ (net)
                      0.066440    0.000161    2.276264 v _174_/B (sky130_fd_sc_hd__nor2_1)
     2    0.004670    0.184261    0.178904    2.455168 ^ _174_/Y (sky130_fd_sc_hd__nor2_1)
                                                         _007_ (net)
                      0.184261    0.000031    2.455199 ^ _337_/A (sky130_fd_sc_hd__nor2_1)
     1    0.002451    0.045237    0.124341    2.579540 v _337_/Y (sky130_fd_sc_hd__nor2_1)
                                                         _149_ (net)
                      0.045237    0.000021    2.579561 v _338_/B (sky130_fd_sc_hd__nor2_1)
     1    0.002560    0.125617    0.127028    2.706589 ^ _338_/Y (sky130_fd_sc_hd__nor2_1)
                                                         net87 (net)
                      0.125617    0.000028    2.706618 ^ output87/A (sky130_fd_sc_hd__buf_2)
     1    0.033908    0.269466    0.367934    3.074551 ^ output87/X (sky130_fd_sc_hd__buf_2)
                                                         c[2] (net)
                      0.269466    0.000166    3.074717 ^ c[2] (out)
                                              3.074717   data arrival time

                      0.000000    0.000000    0.000000   clock clk (rise edge)
                                  0.000000    0.000000   clock network delay (ideal)
                                  0.250000    0.250000   clock uncertainty
                                  0.000000    0.250000   clock reconvergence pessimism
                                 -2.000000   -1.750000   output external delay
                                             -1.750000   data required time
---------------------------------------------------------------------------------------------
                                             -1.750000   data required time
                                             -3.074717   data arrival time
---------------------------------------------------------------------------------------------
                                              4.824717   slack (MET)


Startpoint: a[25] (input port clocked by clk)
Endpoint: c[25] (output port clocked by clk)
Path Group: clk
Path Type: min

Fanout         Cap        Slew       Delay        Time   Description
---------------------------------------------------------------------------------------------
                      0.000000    0.000000    0.000000   clock clk (rise edge)
                                  0.000000    0.000000   clock network delay (ideal)
                                  2.000000    2.000000 ^ input external delay
     1    0.002690    0.031531    0.015191    2.015191 ^ a[25] (in)
                                                         a[25] (net)
                      0.031531    0.000000    2.015191 ^ input18/A (sky130_fd_sc_hd__clkbuf_1)
     2    0.004891    0.108972    0.160781    2.175972 ^ input18/X (sky130_fd_sc_hd__clkbuf_1)
                                                         net18 (net)
                      0.108972    0.000054    2.176026 ^ _294_/A (sky130_fd_sc_hd__nand2_1)
     2    0.005574    0.115956    0.144817    2.320843 v _294_/Y (sky130_fd_sc_hd__nand2_1)
                                                         _115_ (net)
                      0.115956    0.000029    2.320872 v _295_/B (sky130_fd_sc_hd__nand2_1)
     2    0.007730    0.129701    0.171072    2.491944 ^ _295_/Y (sky130_fd_sc_hd__nand2_1)
                                                         _116_ (net)
                      0.129701    0.000059    2.492002 ^ _297_/A (sky130_fd_sc_hd__xnor2_1)
     1    0.007126    0.136825    0.209573    2.701575 v _297_/Y (sky130_fd_sc_hd__xnor2_1)
                                                         net82 (net)
                      0.136825    0.000235    2.701810 v output82/A (sky130_fd_sc_hd__buf_2)
     1    0.033933    0.164467    0.375845    3.077655 v output82/X (sky130_fd_sc_hd__buf_2)
                                                         c[25] (net)
                      0.164467    0.000165    3.077821 v c[25] (out)
                                              3.077821   data arrival time

                      0.000000    0.000000    0.000000   clock clk (rise edge)
                                  0.000000    0.000000   clock network delay (ideal)
                                  0.250000    0.250000   clock uncertainty
                                  0.000000    0.250000   clock reconvergence pessimism
                                 -2.000000   -1.750000   output external delay
                                             -1.750000   data required time
---------------------------------------------------------------------------------------------
                                             -1.750000   data required time
                                             -3.077821   data arrival time
---------------------------------------------------------------------------------------------
                                              4.827821   slack (MET)


Startpoint: a[22] (input port clocked by clk)
Endpoint: c[22] (output port clocked by clk)
Path Group: clk
Path Type: min

Fanout         Cap        Slew       Delay        Time   Description
---------------------------------------------------------------------------------------------
                      0.000000    0.000000    0.000000   clock clk (rise edge)
                                  0.000000    0.000000   clock network delay (ideal)
                                  2.000000    2.000000 ^ input external delay
     1    0.002622    0.031083    0.014830    2.014830 ^ a[22] (in)
                                                         a[22] (net)
                      0.031083    0.000000    2.014830 ^ input15/A (sky130_fd_sc_hd__clkbuf_1)
     2    0.004975    0.110474    0.161662    2.176492 ^ input15/X (sky130_fd_sc_hd__clkbuf_1)
                                                         net15 (net)
                      0.110474    0.000068    2.176560 ^ _274_/A (sky130_fd_sc_hd__nand2_1)
     3    0.009562    0.172552    0.193295    2.369855 v _274_/Y (sky130_fd_sc_hd__nand2_1)
                                                         _098_ (net)
                      0.172552    0.000077    2.369932 v _275_/B (sky130_fd_sc_hd__nand2_1)
     3    0.010549    0.167296    0.226120    2.596052 ^ _275_/Y (sky130_fd_sc_hd__nand2_1)
                                                         _099_ (net)
                      0.167296    0.000074    2.596127 ^ _278_/A (sky130_fd_sc_hd__xor2_1)
     1    0.002989    0.069386    0.166250    2.762377 v _278_/X (sky130_fd_sc_hd__xor2_1)
                                                         net79 (net)
                      0.069386    0.000030    2.762407 v output79/A (sky130_fd_sc_hd__buf_2)
     1    0.034028    0.164816    0.343864    3.106271 v output79/X (sky130_fd_sc_hd__buf_2)
                                                         c[22] (net)
                      0.164816    0.000171    3.106442 v c[22] (out)
                                              3.106442   data arrival time

                      0.000000    0.000000    0.000000   clock clk (rise edge)
                                  0.000000    0.000000   clock network delay (ideal)
                                  0.250000    0.250000   clock uncertainty
                                  0.000000    0.250000   clock reconvergence pessimism
                                 -2.000000   -1.750000   output external delay
                                             -1.750000   data required time
---------------------------------------------------------------------------------------------
                                             -1.750000   data required time
                                             -3.106442   data arrival time
---------------------------------------------------------------------------------------------
                                              4.856442   slack (MET)


Startpoint: a[4] (input port clocked by clk)
Endpoint: c[5] (output port clocked by clk)
Path Group: clk
Path Type: min

Fanout         Cap        Slew       Delay        Time   Description
---------------------------------------------------------------------------------------------
                      0.000000    0.000000    0.000000   clock clk (rise edge)
                                  0.000000    0.000000   clock network delay (ideal)
                                  2.000000    2.000000 v input external delay
     1    0.002584    0.017642    0.008533    2.008533 v a[4] (in)
                                                         a[4] (net)
                      0.017642    0.000000    2.008533 v input27/A (sky130_fd_sc_hd__buf_1)
     3    0.013957    0.166332    0.229920    2.238453 v input27/X (sky130_fd_sc_hd__buf_1)
                                                         net27 (net)
                      0.166332    0.000268    2.238721 v _344_/A1 (sky130_fd_sc_hd__a21oi_1)
     1    0.004875    0.214595    0.291008    2.529729 ^ _344_/Y (sky130_fd_sc_hd__a21oi_1)
                                                         _153_ (net)
                      0.214595    0.000025    2.529754 ^ _345_/B (sky130_fd_sc_hd__xnor2_1)
     1    0.006173    0.122864    0.211803    2.741557 v _345_/Y (sky130_fd_sc_hd__xnor2_1)
                                                         net92 (net)
                      0.122864    0.000160    2.741717 v output92/A (sky130_fd_sc_hd__buf_2)
     1    0.033974    0.164615    0.369230    3.110948 v output92/X (sky130_fd_sc_hd__buf_2)
                                                         c[5] (net)
                      0.164615    0.000183    3.111130 v c[5] (out)
                                              3.111130   data arrival time

                      0.000000    0.000000    0.000000   clock clk (rise edge)
                                  0.000000    0.000000   clock network delay (ideal)
                                  0.250000    0.250000   clock uncertainty
                                  0.000000    0.250000   clock reconvergence pessimism
                                 -2.000000   -1.750000   output external delay
                                             -1.750000   data required time
---------------------------------------------------------------------------------------------
                                             -1.750000   data required time
                                             -3.111130   data arrival time
---------------------------------------------------------------------------------------------
                                              4.861130   slack (MET)


Startpoint: b[24] (input port clocked by clk)
Endpoint: c[24] (output port clocked by clk)
Path Group: clk
Path Type: min

Fanout         Cap        Slew       Delay        Time   Description
---------------------------------------------------------------------------------------------
                      0.000000    0.000000    0.000000   clock clk (rise edge)
                                  0.000000    0.000000   clock network delay (ideal)
                                  2.000000    2.000000 ^ input external delay
     1    0.002707    0.031644    0.015282    2.015282 ^ b[24] (in)
                                                         b[24] (net)
                      0.031644    0.000000    2.015282 ^ input49/A (sky130_fd_sc_hd__clkbuf_1)
     2    0.004793    0.107216    0.159561    2.174843 ^ input49/X (sky130_fd_sc_hd__clkbuf_1)
                                                         net49 (net)
                      0.107216    0.000051    2.174894 ^ _290_/B (sky130_fd_sc_hd__nand2_1)
     3    0.008424    0.154850    0.186317    2.361211 v _290_/Y (sky130_fd_sc_hd__nand2_1)
                                                         _112_ (net)
                      0.154850    0.000082    2.361293 v _291_/B (sky130_fd_sc_hd__nand2_1)
     3    0.012405    0.192544    0.236169    2.597461 ^ _291_/Y (sky130_fd_sc_hd__nand2_1)
                                                         _113_ (net)
                      0.192545    0.000256    2.597718 ^ _292_/B (sky130_fd_sc_hd__xor2_1)
     1    0.002973    0.069195    0.171297    2.769015 v _292_/X (sky130_fd_sc_hd__xor2_1)
                                                         net81 (net)
                      0.069195    0.000041    2.769056 v output81/A (sky130_fd_sc_hd__buf_2)
     1    0.034095    0.165105    0.343942    3.112998 v output81/X (sky130_fd_sc_hd__buf_2)
                                                         c[24] (net)
                      0.165105    0.000243    3.113240 v c[24] (out)
                                              3.113240   data arrival time

                      0.000000    0.000000    0.000000   clock clk (rise edge)
                                  0.000000    0.000000   clock network delay (ideal)
                                  0.250000    0.250000   clock uncertainty
                                  0.000000    0.250000   clock reconvergence pessimism
                                 -2.000000   -1.750000   output external delay
                                             -1.750000   data required time
---------------------------------------------------------------------------------------------
                                             -1.750000   data required time
                                             -3.113240   data arrival time
---------------------------------------------------------------------------------------------
                                              4.863240   slack (MET)


Startpoint: a[14] (input port clocked by clk)
Endpoint: c[15] (output port clocked by clk)
Path Group: clk
Path Type: min

Fanout         Cap        Slew       Delay        Time   Description
---------------------------------------------------------------------------------------------
                      0.000000    0.000000    0.000000   clock clk (rise edge)
                                  0.000000    0.000000   clock network delay (ideal)
                                  2.000000    2.000000 v input external delay
     1    0.002675    0.017987    0.008819    2.008819 v a[14] (in)
                                                         a[14] (net)
                      0.017987    0.000000    2.008819 v input6/A (sky130_fd_sc_hd__buf_1)
     3    0.008426    0.108246    0.185243    2.194062 v input6/X (sky130_fd_sc_hd__buf_1)
                                                         net6 (net)
                      0.108246    0.000120    2.194182 v _222_/A (sky130_fd_sc_hd__nand2_1)
     2    0.009787    0.157289    0.177422    2.371604 ^ _222_/Y (sky130_fd_sc_hd__nand2_1)
                                                         _054_ (net)
                      0.157289    0.000268    2.371872 ^ _227_/B1 (sky130_fd_sc_hd__o21ai_1)
     1    0.004931    0.102664    0.182253    2.554125 v _227_/Y (sky130_fd_sc_hd__o21ai_1)
                                                         _058_ (net)
                      0.102664    0.000050    2.554174 v _228_/B (sky130_fd_sc_hd__xnor2_1)
     1    0.003554    0.085556    0.226146    2.780320 v _228_/Y (sky130_fd_sc_hd__xnor2_1)
                                                         net71 (net)
                      0.085556    0.000048    2.780368 v output71/A (sky130_fd_sc_hd__clkbuf_4)
     1    0.034431    0.139460    0.333183    3.113551 v output71/X (sky130_fd_sc_hd__clkbuf_4)
                                                         c[15] (net)
                      0.139460    0.000392    3.113943 v c[15] (out)
                                              3.113943   data arrival time

                      0.000000    0.000000    0.000000   clock clk (rise edge)
                                  0.000000    0.000000   clock network delay (ideal)
                                  0.250000    0.250000   clock uncertainty
                                  0.000000    0.250000   clock reconvergence pessimism
                                 -2.000000   -1.750000   output external delay
                                             -1.750000   data required time
---------------------------------------------------------------------------------------------
                                             -1.750000   data required time
                                             -3.113943   data arrival time
---------------------------------------------------------------------------------------------
                                              4.863943   slack (MET)


Startpoint: b[8] (input port clocked by clk)
Endpoint: c[9] (output port clocked by clk)
Path Group: clk
Path Type: min

Fanout         Cap        Slew       Delay        Time   Description
---------------------------------------------------------------------------------------------
                      0.000000    0.000000    0.000000   clock clk (rise edge)
                                  0.000000    0.000000   clock network delay (ideal)
                                  2.000000    2.000000 ^ input external delay
     1    0.002753    0.031945    0.015521    2.015521 ^ b[8] (in)
                                                         b[8] (net)
                      0.031945    0.000000    2.015521 ^ input63/A (sky130_fd_sc_hd__clkbuf_1)
     2    0.006541    0.138557    0.182287    2.197808 ^ input63/X (sky130_fd_sc_hd__clkbuf_1)
                                                         net63 (net)
                      0.138557    0.000130    2.197938 ^ _202_/B (sky130_fd_sc_hd__nand2_1)
     4    0.012441    0.216741    0.245878    2.443816 v _202_/Y (sky130_fd_sc_hd__nand2_1)
                                                         _035_ (net)
                      0.216741    0.000173    2.443989 v _353_/A (sky130_fd_sc_hd__nand2_1)
     1    0.005249    0.105604    0.182313    2.626302 ^ _353_/Y (sky130_fd_sc_hd__nand2_1)
                                                         _158_ (net)
                      0.105604    0.000038    2.626340 ^ _354_/B (sky130_fd_sc_hd__xnor2_1)
     1    0.003711    0.085490    0.141145    2.767485 v _354_/Y (sky130_fd_sc_hd__xnor2_1)
                                                         net96 (net)
                      0.085490    0.000058    2.767543 v output96/A (sky130_fd_sc_hd__buf_2)
     1    0.033967    0.164539    0.351188    3.118731 v output96/X (sky130_fd_sc_hd__buf_2)
                                                         c[9] (net)
                      0.164539    0.000183    3.118914 v c[9] (out)
                                              3.118914   data arrival time

                      0.000000    0.000000    0.000000   clock clk (rise edge)
                                  0.000000    0.000000   clock network delay (ideal)
                                  0.250000    0.250000   clock uncertainty
                                  0.000000    0.250000   clock reconvergence pessimism
                                 -2.000000   -1.750000   output external delay
                                             -1.750000   data required time
---------------------------------------------------------------------------------------------
                                             -1.750000   data required time
                                             -3.118914   data arrival time
---------------------------------------------------------------------------------------------
                                              4.868914   slack (MET)


Startpoint: b[20] (input port clocked by clk)
Endpoint: c[21] (output port clocked by clk)
Path Group: clk
Path Type: min

Fanout         Cap        Slew       Delay        Time   Description
---------------------------------------------------------------------------------------------
                      0.000000    0.000000    0.000000   clock clk (rise edge)
                                  0.000000    0.000000   clock network delay (ideal)
                                  2.000000    2.000000 ^ input external delay
     1    0.002663    0.031354    0.015050    2.015050 ^ b[20] (in)
                                                         b[20] (net)
                      0.031354    0.000000    2.015050 ^ input45/A (sky130_fd_sc_hd__clkbuf_1)
     2    0.007546    0.156649    0.195013    2.210063 ^ input45/X (sky130_fd_sc_hd__clkbuf_1)
                                                         net45 (net)
                      0.156649    0.000152    2.210215 ^ _258_/B (sky130_fd_sc_hd__nand2_1)
     3    0.011238    0.198844    0.238671    2.448886 v _258_/Y (sky130_fd_sc_hd__nand2_1)
                                                         _084_ (net)
                      0.198844    0.000181    2.449067 v _271_/A (sky130_fd_sc_hd__nand2_1)
     1    0.004685    0.102608    0.168275    2.617342 ^ _271_/Y (sky130_fd_sc_hd__nand2_1)
                                                         _096_ (net)
                      0.102608    0.000020    2.617362 ^ _272_/B (sky130_fd_sc_hd__xnor2_1)
     1    0.004634    0.098743    0.150764    2.768126 v _272_/Y (sky130_fd_sc_hd__xnor2_1)
                                                         net78 (net)
                      0.098743    0.000074    2.768200 v output78/A (sky130_fd_sc_hd__buf_2)
     1    0.033993    0.164656    0.357671    3.125871 v output78/X (sky130_fd_sc_hd__buf_2)
                                                         c[21] (net)
                      0.164656    0.000171    3.126042 v c[21] (out)
                                              3.126042   data arrival time

                      0.000000    0.000000    0.000000   clock clk (rise edge)
                                  0.000000    0.000000   clock network delay (ideal)
                                  0.250000    0.250000   clock uncertainty
                                  0.000000    0.250000   clock reconvergence pessimism
                                 -2.000000   -1.750000   output external delay
                                             -1.750000   data required time
---------------------------------------------------------------------------------------------
                                             -1.750000   data required time
                                             -3.126042   data arrival time
---------------------------------------------------------------------------------------------
                                              4.876042   slack (MET)


Startpoint: b[19] (input port clocked by clk)
Endpoint: c[19] (output port clocked by clk)
Path Group: clk
Path Type: min

Fanout         Cap        Slew       Delay        Time   Description
---------------------------------------------------------------------------------------------
                      0.000000    0.000000    0.000000   clock clk (rise edge)
                                  0.000000    0.000000   clock network delay (ideal)
                                  2.000000    2.000000 ^ input external delay
     1    0.002636    0.031173    0.014903    2.014903 ^ b[19] (in)
                                                         b[19] (net)
                      0.031173    0.000000    2.014903 ^ input43/A (sky130_fd_sc_hd__buf_1)
     2    0.009291    0.188180    0.217606    2.232509 ^ input43/X (sky130_fd_sc_hd__buf_1)
                                                         net43 (net)
                      0.188180    0.000228    2.232737 ^ _253_/B (sky130_fd_sc_hd__nand2_1)
     2    0.005735    0.116152    0.185572    2.418309 v _253_/Y (sky130_fd_sc_hd__nand2_1)
                                                         _080_ (net)
                      0.116152    0.000026    2.418334 v _254_/B (sky130_fd_sc_hd__nand2b_1)
     2    0.006861    0.132698    0.170597    2.588932 ^ _254_/Y (sky130_fd_sc_hd__nand2b_1)
                                                         _081_ (net)
                      0.132698    0.000069    2.589001 ^ _256_/A (sky130_fd_sc_hd__xnor2_1)
     1    0.004925    0.102647    0.184315    2.773316 v _256_/Y (sky130_fd_sc_hd__xnor2_1)
                                                         net75 (net)
                      0.102647    0.000099    2.773414 v output75/A (sky130_fd_sc_hd__buf_2)
     1    0.034133    0.165236    0.359943    3.133357 v output75/X (sky130_fd_sc_hd__buf_2)
                                                         c[19] (net)
                      0.165236    0.000251    3.133609 v c[19] (out)
                                              3.133609   data arrival time

                      0.000000    0.000000    0.000000   clock clk (rise edge)
                                  0.000000    0.000000   clock network delay (ideal)
                                  0.250000    0.250000   clock uncertainty
                                  0.000000    0.250000   clock reconvergence pessimism
                                 -2.000000   -1.750000   output external delay
                                             -1.750000   data required time
---------------------------------------------------------------------------------------------
                                             -1.750000   data required time
                                             -3.133609   data arrival time
---------------------------------------------------------------------------------------------
                                              4.883608   slack (MET)


Startpoint: b[4] (input port clocked by clk)
Endpoint: c[4] (output port clocked by clk)
Path Group: clk
Path Type: min

Fanout         Cap        Slew       Delay        Time   Description
---------------------------------------------------------------------------------------------
                      0.000000    0.000000    0.000000   clock clk (rise edge)
                                  0.000000    0.000000   clock network delay (ideal)
                                  2.000000    2.000000 ^ input external delay
     1    0.002712    0.031678    0.015307    2.015307 ^ b[4] (in)
                                                         b[4] (net)
                      0.031678    0.000000    2.015307 ^ input59/A (sky130_fd_sc_hd__buf_1)
     3    0.013997    0.273497    0.278607    2.293915 ^ input59/X (sky130_fd_sc_hd__buf_1)
                                                         net59 (net)
                      0.273498    0.000276    2.294190 ^ _170_/B (sky130_fd_sc_hd__xor2_1)
     2    0.006201    0.092255    0.237796    2.531986 v _170_/X (sky130_fd_sc_hd__xor2_1)
                                                         _003_ (net)
                      0.092255    0.000078    2.532064 v _342_/A (sky130_fd_sc_hd__nor2_1)
     1    0.003318    0.146756    0.185404    2.717468 ^ _342_/Y (sky130_fd_sc_hd__nor2_1)
                                                         _152_ (net)
                      0.146756    0.000040    2.717508 ^ _343_/B (sky130_fd_sc_hd__nor2_1)
     1    0.003435    0.053656    0.105235    2.822743 v _343_/Y (sky130_fd_sc_hd__nor2_1)
                                                         net91 (net)
                      0.053656    0.000053    2.822796 v output91/A (sky130_fd_sc_hd__buf_2)
     1    0.033917    0.164454    0.336305    3.159101 v output91/X (sky130_fd_sc_hd__buf_2)
                                                         c[4] (net)
                      0.164454    0.000166    3.159266 v c[4] (out)
                                              3.159266   data arrival time

                      0.000000    0.000000    0.000000   clock clk (rise edge)
                                  0.000000    0.000000   clock network delay (ideal)
                                  0.250000    0.250000   clock uncertainty
                                  0.000000    0.250000   clock reconvergence pessimism
                                 -2.000000   -1.750000   output external delay
                                             -1.750000   data required time
---------------------------------------------------------------------------------------------
                                             -1.750000   data required time
                                             -3.159266   data arrival time
---------------------------------------------------------------------------------------------
                                              4.909266   slack (MET)


Startpoint: b[16] (input port clocked by clk)
Endpoint: c[17] (output port clocked by clk)
Path Group: clk
Path Type: min

Fanout         Cap        Slew       Delay        Time   Description
---------------------------------------------------------------------------------------------
                      0.000000    0.000000    0.000000   clock clk (rise edge)
                                  0.000000    0.000000   clock network delay (ideal)
                                  2.000000    2.000000 v input external delay
     1    0.002527    0.017427    0.008357    2.008357 v b[16] (in)
                                                         b[16] (net)
                      0.017427    0.000000    2.008357 v input40/A (sky130_fd_sc_hd__clkbuf_1)
     2    0.007390    0.097383    0.176274    2.184631 v input40/X (sky130_fd_sc_hd__clkbuf_1)
                                                         net40 (net)
                      0.097383    0.000147    2.184778 v _238_/B (sky130_fd_sc_hd__nand2_1)
     3    0.010415    0.166986    0.189042    2.373820 ^ _238_/Y (sky130_fd_sc_hd__nand2_1)
                                                         _068_ (net)
                      0.166986    0.000102    2.373922 ^ _244_/B1 (sky130_fd_sc_hd__o21ai_1)
     1    0.004764    0.101956    0.184334    2.558256 v _244_/Y (sky130_fd_sc_hd__o21ai_1)
                                                         _073_ (net)
                      0.101956    0.000043    2.558300 v _245_/B (sky130_fd_sc_hd__xnor2_1)
     1    0.004849    0.103783    0.240888    2.799188 v _245_/Y (sky130_fd_sc_hd__xnor2_1)
                                                         net73 (net)
                      0.103783    0.000099    2.799287 v output73/A (sky130_fd_sc_hd__buf_2)
     1    0.034141    0.165270    0.360517    3.159803 v output73/X (sky130_fd_sc_hd__buf_2)
                                                         c[17] (net)
                      0.165270    0.000251    3.160055 v c[17] (out)
                                              3.160055   data arrival time

                      0.000000    0.000000    0.000000   clock clk (rise edge)
                                  0.000000    0.000000   clock network delay (ideal)
                                  0.250000    0.250000   clock uncertainty
                                  0.000000    0.250000   clock reconvergence pessimism
                                 -2.000000   -1.750000   output external delay
                                             -1.750000   data required time
---------------------------------------------------------------------------------------------
                                             -1.750000   data required time
                                             -3.160055   data arrival time
---------------------------------------------------------------------------------------------
                                              4.910055   slack (MET)


Startpoint: b[18] (input port clocked by clk)
Endpoint: c[18] (output port clocked by clk)
Path Group: clk
Path Type: min

Fanout         Cap        Slew       Delay        Time   Description
---------------------------------------------------------------------------------------------
                      0.000000    0.000000    0.000000   clock clk (rise edge)
                                  0.000000    0.000000   clock network delay (ideal)
                                  2.000000    2.000000 ^ input external delay
     1    0.002646    0.031237    0.014955    2.014955 ^ b[18] (in)
                                                         b[18] (net)
                      0.031237    0.000000    2.014955 ^ input42/A (sky130_fd_sc_hd__clkbuf_1)
     2    0.006646    0.140436    0.183335    2.198289 ^ input42/X (sky130_fd_sc_hd__clkbuf_1)
                                                         net42 (net)
                      0.140436    0.000104    2.198394 ^ _247_/B (sky130_fd_sc_hd__nand2_1)
     3    0.008573    0.157760    0.200886    2.399280 v _247_/Y (sky130_fd_sc_hd__nand2_1)
                                                         _075_ (net)
                      0.157760    0.000070    2.399350 v _248_/B (sky130_fd_sc_hd__nand2_1)
     2    0.007632    0.129059    0.189981    2.589331 ^ _248_/Y (sky130_fd_sc_hd__nand2_1)
                                                         _076_ (net)
                      0.129059    0.000074    2.589404 ^ _251_/A (sky130_fd_sc_hd__xnor2_1)
     1    0.006963    0.133969    0.207377    2.796781 v _251_/Y (sky130_fd_sc_hd__xnor2_1)
                                                         net74 (net)
                      0.133969    0.000210    2.796992 v output74/A (sky130_fd_sc_hd__buf_2)
     1    0.034332    0.166099    0.375611    3.172603 v output74/X (sky130_fd_sc_hd__buf_2)
                                                         c[18] (net)
                      0.166099    0.000357    3.172960 v c[18] (out)
                                              3.172960   data arrival time

                      0.000000    0.000000    0.000000   clock clk (rise edge)
                                  0.000000    0.000000   clock network delay (ideal)
                                  0.250000    0.250000   clock uncertainty
                                  0.000000    0.250000   clock reconvergence pessimism
                                 -2.000000   -1.750000   output external delay
                                             -1.750000   data required time
---------------------------------------------------------------------------------------------
                                             -1.750000   data required time
                                             -3.172960   data arrival time
---------------------------------------------------------------------------------------------
                                              4.922960   slack (MET)


Startpoint: a[12] (input port clocked by clk)
Endpoint: c[13] (output port clocked by clk)
Path Group: clk
Path Type: min

Fanout         Cap        Slew       Delay        Time   Description
---------------------------------------------------------------------------------------------
                      0.000000    0.000000    0.000000   clock clk (rise edge)
                                  0.000000    0.000000   clock network delay (ideal)
                                  2.000000    2.000000 ^ input external delay
     1    0.002725    0.031762    0.015375    2.015375 ^ a[12] (in)
                                                         a[12] (net)
                      0.031762    0.000000    2.015375 ^ input4/A (sky130_fd_sc_hd__clkbuf_1)
     2    0.007049    0.147702    0.188757    2.204131 ^ input4/X (sky130_fd_sc_hd__clkbuf_1)
                                                         net4 (net)
                      0.147702    0.000161    2.204292 ^ _167_/A (sky130_fd_sc_hd__nand2_1)
     4    0.012718    0.220814    0.246501    2.450793 v _167_/Y (sky130_fd_sc_hd__nand2_1)
                                                         _000_ (net)
                      0.220814    0.000220    2.451013 v _219_/A (sky130_fd_sc_hd__nand2_1)
     1    0.004802    0.097193    0.179682    2.630695 ^ _219_/Y (sky130_fd_sc_hd__nand2_1)
                                                         _052_ (net)
                      0.097193    0.000041    2.630736 ^ _220_/B (sky130_fd_sc_hd__xnor2_1)
     1    0.006878    0.131923    0.174821    2.805557 v _220_/Y (sky130_fd_sc_hd__xnor2_1)
                                                         net69 (net)
                      0.131923    0.000189    2.805746 v output69/A (sky130_fd_sc_hd__buf_2)
     1    0.033965    0.164594    0.373572    3.179318 v output69/X (sky130_fd_sc_hd__buf_2)
                                                         c[13] (net)
                      0.164594    0.000183    3.179502 v c[13] (out)
                                              3.179502   data arrival time

                      0.000000    0.000000    0.000000   clock clk (rise edge)
                                  0.000000    0.000000   clock network delay (ideal)
                                  0.250000    0.250000   clock uncertainty
                                  0.000000    0.250000   clock reconvergence pessimism
                                 -2.000000   -1.750000   output external delay
                                             -1.750000   data required time
---------------------------------------------------------------------------------------------
                                             -1.750000   data required time
                                             -3.179502   data arrival time
---------------------------------------------------------------------------------------------
                                              4.929502   slack (MET)


Startpoint: a[14] (input port clocked by clk)
Endpoint: c[14] (output port clocked by clk)
Path Group: clk
Path Type: min

Fanout         Cap        Slew       Delay        Time   Description
---------------------------------------------------------------------------------------------
                      0.000000    0.000000    0.000000   clock clk (rise edge)
                                  0.000000    0.000000   clock network delay (ideal)
                                  2.000000    2.000000 ^ input external delay
     1    0.002804    0.032283    0.015789    2.015789 ^ a[14] (in)
                                                         a[14] (net)
                      0.032283    0.000000    2.015789 ^ input6/A (sky130_fd_sc_hd__buf_1)
     3    0.008778    0.178909    0.211525    2.227314 ^ input6/X (sky130_fd_sc_hd__buf_1)
                                                         net6 (net)
                      0.178909    0.000125    2.227439 ^ _222_/A (sky130_fd_sc_hd__nand2_1)
     2    0.009567    0.173532    0.221844    2.449283 v _222_/Y (sky130_fd_sc_hd__nand2_1)
                                                         _054_ (net)
                      0.173532    0.000278    2.449561 v _223_/B (sky130_fd_sc_hd__nand2_1)
     3    0.010656    0.170198    0.227620    2.677181 ^ _223_/Y (sky130_fd_sc_hd__nand2_1)
                                                         _055_ (net)
                      0.170198    0.000162    2.677344 ^ _225_/A (sky130_fd_sc_hd__xor2_1)
     1    0.004139    0.077824    0.180245    2.857588 v _225_/X (sky130_fd_sc_hd__xor2_1)
                                                         net70 (net)
                      0.077824    0.000067    2.857655 v output70/A (sky130_fd_sc_hd__clkbuf_4)
     1    0.034433    0.139454    0.329537    3.187192 v output70/X (sky130_fd_sc_hd__clkbuf_4)
                                                         c[14] (net)
                      0.139454    0.000392    3.187584 v c[14] (out)
                                              3.187584   data arrival time

                      0.000000    0.000000    0.000000   clock clk (rise edge)
                                  0.000000    0.000000   clock network delay (ideal)
                                  0.250000    0.250000   clock uncertainty
                                  0.000000    0.250000   clock reconvergence pessimism
                                 -2.000000   -1.750000   output external delay
                                             -1.750000   data required time
---------------------------------------------------------------------------------------------
                                             -1.750000   data required time
                                             -3.187584   data arrival time
---------------------------------------------------------------------------------------------
                                              4.937584   slack (MET)


Startpoint: a[28] (input port clocked by clk)
Endpoint: c[29] (output port clocked by clk)
Path Group: clk
Path Type: min

Fanout         Cap        Slew       Delay        Time   Description
---------------------------------------------------------------------------------------------
                      0.000000    0.000000    0.000000   clock clk (rise edge)
                                  0.000000    0.000000   clock network delay (ideal)
                                  2.000000    2.000000 ^ input external delay
     1    0.002736    0.031831    0.015430    2.015430 ^ a[28] (in)
                                                         a[28] (net)
                      0.031831    0.000000    2.015430 ^ input21/A (sky130_fd_sc_hd__clkbuf_1)
     2    0.004780    0.106985    0.159473    2.174903 ^ input21/X (sky130_fd_sc_hd__clkbuf_1)
                                                         net21 (net)
                      0.106985    0.000065    2.174968 ^ _312_/A (sky130_fd_sc_hd__nand2_1)
     2    0.007733    0.144132    0.169881    2.344849 v _312_/Y (sky130_fd_sc_hd__nand2_1)
                                                         _130_ (net)
                      0.144132    0.000087    2.344936 v _313_/A (sky130_fd_sc_hd__inv_2)
     2    0.007979    0.079490    0.125378    2.470314 ^ _313_/Y (sky130_fd_sc_hd__inv_2)
                                                         _131_ (net)
                      0.079490    0.000054    2.470368 ^ _323_/B1 (sky130_fd_sc_hd__a21o_1)
     1    0.005647    0.092077    0.170430    2.640798 ^ _323_/X (sky130_fd_sc_hd__a21o_1)
                                                         _140_ (net)
                      0.092077    0.000074    2.640872 ^ _324_/B (sky130_fd_sc_hd__xnor2_1)
     1    0.008259    0.152296    0.188872    2.829744 v _324_/Y (sky130_fd_sc_hd__xnor2_1)
                                                         net86 (net)
                      0.152296    0.000304    2.830048 v output86/A (sky130_fd_sc_hd__buf_2)
     1    0.034095    0.165151    0.383769    3.213817 v output86/X (sky130_fd_sc_hd__buf_2)
                                                         c[29] (net)
                      0.165151    0.000243    3.214060 v c[29] (out)
                                              3.214060   data arrival time

                      0.000000    0.000000    0.000000   clock clk (rise edge)
                                  0.000000    0.000000   clock network delay (ideal)
                                  0.250000    0.250000   clock uncertainty
                                  0.000000    0.250000   clock reconvergence pessimism
                                 -2.000000   -1.750000   output external delay
                                             -1.750000   data required time
---------------------------------------------------------------------------------------------
                                             -1.750000   data required time
                                             -3.214060   data arrival time
---------------------------------------------------------------------------------------------
                                              4.964059   slack (MET)


Startpoint: a[5] (input port clocked by clk)
Endpoint: c[6] (output port clocked by clk)
Path Group: clk
Path Type: min

Fanout         Cap        Slew       Delay        Time   Description
---------------------------------------------------------------------------------------------
                      0.000000    0.000000    0.000000   clock clk (rise edge)
                                  0.000000    0.000000   clock network delay (ideal)
                                  2.000000    2.000000 ^ input external delay
     1    0.002698    0.031585    0.015233    2.015233 ^ a[5] (in)
                                                         a[5] (net)
                      0.031585    0.000000    2.015233 ^ input28/A (sky130_fd_sc_hd__buf_1)
     3    0.007562    0.161113    0.195536    2.210769 ^ input28/X (sky130_fd_sc_hd__buf_1)
                                                         net28 (net)
                      0.161113    0.000038    2.210807 ^ _186_/A (sky130_fd_sc_hd__or2_1)
     3    0.006352    0.112936    0.240952    2.451760 ^ _186_/X (sky130_fd_sc_hd__or2_1)
                                                         _019_ (net)
                      0.112936    0.000051    2.451811 ^ _346_/C1 (sky130_fd_sc_hd__o211a_1)
     2    0.007553    0.128612    0.344894    2.796704 ^ _346_/X (sky130_fd_sc_hd__o211a_1)
                                                         _154_ (net)
                      0.128612    0.000101    2.796805 ^ _348_/A (sky130_fd_sc_hd__nor2_1)
     1    0.002792    0.051995    0.103448    2.900253 v _348_/Y (sky130_fd_sc_hd__nor2_1)
                                                         net93 (net)
                      0.051995    0.000034    2.900287 v output93/A (sky130_fd_sc_hd__buf_2)
     1    0.033912    0.164441    0.335527    3.235814 v output93/X (sky130_fd_sc_hd__buf_2)
                                                         c[6] (net)
                      0.164441    0.000166    3.235980 v c[6] (out)
                                              3.235980   data arrival time

                      0.000000    0.000000    0.000000   clock clk (rise edge)
                                  0.000000    0.000000   clock network delay (ideal)
                                  0.250000    0.250000   clock uncertainty
                                  0.000000    0.250000   clock reconvergence pessimism
                                 -2.000000   -1.750000   output external delay
                                             -1.750000   data required time
---------------------------------------------------------------------------------------------
                                             -1.750000   data required time
                                             -3.235980   data arrival time
---------------------------------------------------------------------------------------------
                                              4.985980   slack (MET)


Startpoint: b[26] (input port clocked by clk)
Endpoint: c[26] (output port clocked by clk)
Path Group: clk
Path Type: min

Fanout         Cap        Slew       Delay        Time   Description
---------------------------------------------------------------------------------------------
                      0.000000    0.000000    0.000000   clock clk (rise edge)
                                  0.000000    0.000000   clock network delay (ideal)
                                  2.000000    2.000000 v input external delay
     1    0.002606    0.017727    0.008606    2.008606 v b[26] (in)
                                                         b[26] (net)
                      0.017727    0.000000    2.008606 v input51/A (sky130_fd_sc_hd__clkbuf_1)
     2    0.004951    0.072035    0.156292    2.164898 v input51/X (sky130_fd_sc_hd__clkbuf_1)
                                                         net51 (net)
                      0.072035    0.000060    2.164958 v _298_/B (sky130_fd_sc_hd__nor2_1)
     2    0.007278    0.256546    0.235224    2.400182 ^ _298_/Y (sky130_fd_sc_hd__nor2_1)
                                                         _118_ (net)
                      0.256546    0.000043    2.400224 ^ _301_/A (sky130_fd_sc_hd__or2_1)
     2    0.007072    0.126898    0.287679    2.687903 ^ _301_/X (sky130_fd_sc_hd__or2_1)
                                                         _121_ (net)
                      0.126898    0.000034    2.687938 ^ _305_/A (sky130_fd_sc_hd__xnor2_1)
     1    0.005639    0.115093    0.190635    2.878573 v _305_/Y (sky130_fd_sc_hd__xnor2_1)
                                                         net83 (net)
                      0.115093    0.000134    2.878707 v output83/A (sky130_fd_sc_hd__buf_2)
     1    0.034046    0.164894    0.365701    3.244409 v output83/X (sky130_fd_sc_hd__buf_2)
                                                         c[26] (net)
                      0.164894    0.000200    3.244609 v c[26] (out)
                                              3.244609   data arrival time

                      0.000000    0.000000    0.000000   clock clk (rise edge)
                                  0.000000    0.000000   clock network delay (ideal)
                                  0.250000    0.250000   clock uncertainty
                                  0.000000    0.250000   clock reconvergence pessimism
                                 -2.000000   -1.750000   output external delay
                                             -1.750000   data required time
---------------------------------------------------------------------------------------------
                                             -1.750000   data required time
                                             -3.244609   data arrival time
---------------------------------------------------------------------------------------------
                                              4.994609   slack (MET)


Startpoint: a[11] (input port clocked by clk)
Endpoint: c[11] (output port clocked by clk)
Path Group: clk
Path Type: min

Fanout         Cap        Slew       Delay        Time   Description
---------------------------------------------------------------------------------------------
                      0.000000    0.000000    0.000000   clock clk (rise edge)
                                  0.000000    0.000000   clock network delay (ideal)
                                  2.000000    2.000000 ^ input external delay
     1    0.002727    0.031774    0.015384    2.015384 ^ a[11] (in)
                                                         a[11] (net)
                      0.031774    0.000000    2.015384 ^ input3/A (sky130_fd_sc_hd__buf_1)
     3    0.011055    0.220130    0.240655    2.256039 ^ input3/X (sky130_fd_sc_hd__buf_1)
                                                         net3 (net)
                      0.220131    0.000287    2.256326 ^ _198_/A (sky130_fd_sc_hd__nand2_1)
     2    0.006123    0.123355    0.198268    2.454594 v _198_/Y (sky130_fd_sc_hd__nand2_1)
                                                         _031_ (net)
                      0.123355    0.000045    2.454639 v _201_/A (sky130_fd_sc_hd__nand2_1)
     2    0.010442    0.166647    0.191162    2.645801 ^ _201_/Y (sky130_fd_sc_hd__nand2_1)
                                                         _034_ (net)
                      0.166647    0.000147    2.645948 ^ _358_/A (sky130_fd_sc_hd__xnor2_1)
     1    0.007012    0.135156    0.222564    2.868513 v _358_/Y (sky130_fd_sc_hd__xnor2_1)
                                                         net67 (net)
                      0.135156    0.000223    2.868736 v output67/A (sky130_fd_sc_hd__buf_2)
     1    0.034257    0.165800    0.375952    3.244688 v output67/X (sky130_fd_sc_hd__buf_2)
                                                         c[11] (net)
                      0.165800    0.000345    3.245033 v c[11] (out)
                                              3.245033   data arrival time

                      0.000000    0.000000    0.000000   clock clk (rise edge)
                                  0.000000    0.000000   clock network delay (ideal)
                                  0.250000    0.250000   clock uncertainty
                                  0.000000    0.250000   clock reconvergence pessimism
                                 -2.000000   -1.750000   output external delay
                                             -1.750000   data required time
---------------------------------------------------------------------------------------------
                                             -1.750000   data required time
                                             -3.245033   data arrival time
---------------------------------------------------------------------------------------------
                                              4.995032   slack (MET)


Startpoint: b[20] (input port clocked by clk)
Endpoint: c[20] (output port clocked by clk)
Path Group: clk
Path Type: min

Fanout         Cap        Slew       Delay        Time   Description
---------------------------------------------------------------------------------------------
                      0.000000    0.000000    0.000000   clock clk (rise edge)
                                  0.000000    0.000000   clock network delay (ideal)
                                  2.000000    2.000000 ^ input external delay
     1    0.002663    0.031354    0.015050    2.015050 ^ b[20] (in)
                                                         b[20] (net)
                      0.031354    0.000000    2.015050 ^ input45/A (sky130_fd_sc_hd__clkbuf_1)
     2    0.007546    0.156649    0.195013    2.210063 ^ input45/X (sky130_fd_sc_hd__clkbuf_1)
                                                         net45 (net)
                      0.156649    0.000153    2.210216 ^ _257_/B (sky130_fd_sc_hd__or2_1)
     1    0.002894    0.069115    0.198684    2.408900 ^ _257_/X (sky130_fd_sc_hd__or2_1)
                                                         _083_ (net)
                      0.069115    0.000017    2.408917 ^ _259_/A (sky130_fd_sc_hd__nand2_1)
     3    0.006432    0.126809    0.138498    2.547415 v _259_/Y (sky130_fd_sc_hd__nand2_1)
                                                         _085_ (net)
                      0.126809    0.000050    2.547465 v _265_/A (sky130_fd_sc_hd__nand2_1)
     1    0.001748    0.056099    0.101222    2.648687 ^ _265_/Y (sky130_fd_sc_hd__nand2_1)
                                                         _091_ (net)
                      0.056099    0.000008    2.648695 ^ _266_/B (sky130_fd_sc_hd__and2_1)
     1    0.004648    0.103689    0.243483    2.892178 ^ _266_/X (sky130_fd_sc_hd__and2_1)
                                                         net77 (net)
                      0.103689    0.000073    2.892251 ^ output77/A (sky130_fd_sc_hd__buf_2)
     1    0.034102    0.270880    0.358622    3.250873 ^ output77/X (sky130_fd_sc_hd__buf_2)
                                                         c[20] (net)
                      0.270880    0.000243    3.251116 ^ c[20] (out)
                                              3.251116   data arrival time

                      0.000000    0.000000    0.000000   clock clk (rise edge)
                                  0.000000    0.000000   clock network delay (ideal)
                                  0.250000    0.250000   clock uncertainty
                                  0.000000    0.250000   clock reconvergence pessimism
                                 -2.000000   -1.750000   output external delay
                                             -1.750000   data required time
---------------------------------------------------------------------------------------------
                                             -1.750000   data required time
                                             -3.251116   data arrival time
---------------------------------------------------------------------------------------------
                                              5.001116   slack (MET)


Startpoint: b[16] (input port clocked by clk)
Endpoint: c[16] (output port clocked by clk)
Path Group: clk
Path Type: min

Fanout         Cap        Slew       Delay        Time   Description
---------------------------------------------------------------------------------------------
                      0.000000    0.000000    0.000000   clock clk (rise edge)
                                  0.000000    0.000000   clock network delay (ideal)
                                  2.000000    2.000000 ^ input external delay
     1    0.002656    0.031307    0.015013    2.015013 ^ b[16] (in)
                                                         b[16] (net)
                      0.031307    0.000000    2.015013 ^ input40/A (sky130_fd_sc_hd__clkbuf_1)
     2    0.007707    0.159565    0.197082    2.212094 ^ input40/X (sky130_fd_sc_hd__clkbuf_1)
                                                         net40 (net)
                      0.159565    0.000155    2.212250 ^ _238_/B (sky130_fd_sc_hd__nand2_1)
     3    0.010051    0.180671    0.225778    2.438028 v _238_/Y (sky130_fd_sc_hd__nand2_1)
                                                         _068_ (net)
                      0.180671    0.000052    2.438080 v _239_/B (sky130_fd_sc_hd__nand2_1)
     4    0.015485    0.235348    0.278847    2.716927 ^ _239_/Y (sky130_fd_sc_hd__nand2_1)
                                                         _069_ (net)
                      0.235348    0.000167    2.717094 ^ _240_/B (sky130_fd_sc_hd__xor2_1)
     1    0.004726    0.081775    0.207755    2.924849 v _240_/X (sky130_fd_sc_hd__xor2_1)
                                                         net72 (net)
                      0.081775    0.000093    2.924943 v output72/A (sky130_fd_sc_hd__buf_2)
     1    0.034016    0.164733    0.349542    3.274485 v output72/X (sky130_fd_sc_hd__buf_2)
                                                         c[16] (net)
                      0.164733    0.000200    3.274685 v c[16] (out)
                                              3.274685   data arrival time

                      0.000000    0.000000    0.000000   clock clk (rise edge)
                                  0.000000    0.000000   clock network delay (ideal)
                                  0.250000    0.250000   clock uncertainty
                                  0.000000    0.250000   clock reconvergence pessimism
                                 -2.000000   -1.750000   output external delay
                                             -1.750000   data required time
---------------------------------------------------------------------------------------------
                                             -1.750000   data required time
                                             -3.274685   data arrival time
---------------------------------------------------------------------------------------------
                                              5.024685   slack (MET)


Startpoint: a[10] (input port clocked by clk)
Endpoint: c[10] (output port clocked by clk)
Path Group: clk
Path Type: min

Fanout         Cap        Slew       Delay        Time   Description
---------------------------------------------------------------------------------------------
                      0.000000    0.000000    0.000000   clock clk (rise edge)
                                  0.000000    0.000000   clock network delay (ideal)
                                  2.000000    2.000000 ^ input external delay
     1    0.002908    0.032972    0.016347    2.016347 ^ a[10] (in)
                                                         a[10] (net)
                      0.032972    0.000000    2.016347 ^ input2/A (sky130_fd_sc_hd__clkbuf_1)
     2    0.005286    0.116024    0.166528    2.182875 ^ input2/X (sky130_fd_sc_hd__clkbuf_1)
                                                         net2 (net)
                      0.116024    0.000071    2.182946 ^ _206_/A (sky130_fd_sc_hd__nand2_1)
     3    0.016202    0.275293    0.273780    2.456726 v _206_/Y (sky130_fd_sc_hd__nand2_1)
                                                         _039_ (net)
                      0.275293    0.000233    2.456959 v _208_/A (sky130_fd_sc_hd__nand2_2)
     4    0.019634    0.182302    0.269307    2.726266 ^ _208_/Y (sky130_fd_sc_hd__nand2_2)
                                                         _041_ (net)
                      0.182304    0.000471    2.726737 ^ _356_/A (sky130_fd_sc_hd__xor2_1)
     1    0.005785    0.089215    0.202734    2.929471 v _356_/X (sky130_fd_sc_hd__xor2_1)
                                                         net66 (net)
                      0.089215    0.000154    2.929625 v output66/A (sky130_fd_sc_hd__buf_2)
     1    0.034264    0.165767    0.353822    3.283447 v output66/X (sky130_fd_sc_hd__buf_2)
                                                         c[10] (net)
                      0.165767    0.000345    3.283792 v c[10] (out)
                                              3.283792   data arrival time

                      0.000000    0.000000    0.000000   clock clk (rise edge)
                                  0.000000    0.000000   clock network delay (ideal)
                                  0.250000    0.250000   clock uncertainty
                                  0.000000    0.250000   clock reconvergence pessimism
                                 -2.000000   -1.750000   output external delay
                                             -1.750000   data required time
---------------------------------------------------------------------------------------------
                                             -1.750000   data required time
                                             -3.283792   data arrival time
---------------------------------------------------------------------------------------------
                                              5.033792   slack (MET)


Startpoint: b[8] (input port clocked by clk)
Endpoint: c[8] (output port clocked by clk)
Path Group: clk
Path Type: min

Fanout         Cap        Slew       Delay        Time   Description
---------------------------------------------------------------------------------------------
                      0.000000    0.000000    0.000000   clock clk (rise edge)
                                  0.000000    0.000000   clock network delay (ideal)
                                  2.000000    2.000000 ^ input external delay
     1    0.002753    0.031945    0.015521    2.015521 ^ b[8] (in)
                                                         b[8] (net)
                      0.031945    0.000000    2.015521 ^ input63/A (sky130_fd_sc_hd__clkbuf_1)
     2    0.006541    0.138557    0.182287    2.197808 ^ input63/X (sky130_fd_sc_hd__clkbuf_1)
                                                         net63 (net)
                      0.138557    0.000131    2.197939 ^ _203_/B (sky130_fd_sc_hd__or2_1)
     1    0.001922    0.054515    0.179872    2.377812 ^ _203_/X (sky130_fd_sc_hd__or2_1)
                                                         _036_ (net)
                      0.054515    0.000017    2.377829 ^ _204_/B (sky130_fd_sc_hd__and2_1)
     2    0.007537    0.148458    0.274631    2.652460 ^ _204_/X (sky130_fd_sc_hd__and2_1)
                                                         _037_ (net)
                      0.148458    0.000025    2.652484 ^ _205_/A (sky130_fd_sc_hd__inv_2)
     2    0.008789    0.056122    0.104744    2.757228 v _205_/Y (sky130_fd_sc_hd__inv_2)
                                                         _038_ (net)
                      0.056122    0.000095    2.757323 v _352_/B (sky130_fd_sc_hd__xnor2_1)
     1    0.004508    0.096212    0.215420    2.972744 v _352_/Y (sky130_fd_sc_hd__xnor2_1)
                                                         net95 (net)
                      0.096212    0.000071    2.972815 v output95/A (sky130_fd_sc_hd__buf_2)
     1    0.033916    0.164346    0.356207    3.329021 v output95/X (sky130_fd_sc_hd__buf_2)
                                                         c[8] (net)
                      0.164346    0.000166    3.329187 v c[8] (out)
                                              3.329187   data arrival time

                      0.000000    0.000000    0.000000   clock clk (rise edge)
                                  0.000000    0.000000   clock network delay (ideal)
                                  0.250000    0.250000   clock uncertainty
                                  0.000000    0.250000   clock reconvergence pessimism
                                 -2.000000   -1.750000   output external delay
                                             -1.750000   data required time
---------------------------------------------------------------------------------------------
                                             -1.750000   data required time
                                             -3.329187   data arrival time
---------------------------------------------------------------------------------------------
                                              5.079187   slack (MET)


Startpoint: a[12] (input port clocked by clk)
Endpoint: c[12] (output port clocked by clk)
Path Group: clk
Path Type: min

Fanout         Cap        Slew       Delay        Time   Description
---------------------------------------------------------------------------------------------
                      0.000000    0.000000    0.000000   clock clk (rise edge)
                                  0.000000    0.000000   clock network delay (ideal)
                                  2.000000    2.000000 ^ input external delay
     1    0.002725    0.031762    0.015375    2.015375 ^ a[12] (in)
                                                         a[12] (net)
                      0.031762    0.000000    2.015375 ^ input4/A (sky130_fd_sc_hd__clkbuf_1)
     2    0.007049    0.147702    0.188757    2.204131 ^ input4/X (sky130_fd_sc_hd__clkbuf_1)
                                                         net4 (net)
                      0.147702    0.000161    2.204292 ^ _167_/A (sky130_fd_sc_hd__nand2_1)
     4    0.012718    0.220814    0.246501    2.450793 v _167_/Y (sky130_fd_sc_hd__nand2_1)
                                                         _000_ (net)
                      0.220814    0.000125    2.450918 v _169_/A (sky130_fd_sc_hd__nand2_1)
     3    0.015709    0.238879    0.289491    2.740410 ^ _169_/Y (sky130_fd_sc_hd__nand2_1)
                                                         _002_ (net)
                      0.238879    0.000347    2.740757 ^ _359_/A (sky130_fd_sc_hd__xnor2_1)
     1    0.005870    0.116815    0.236068    2.976825 v _359_/Y (sky130_fd_sc_hd__xnor2_1)
                                                         net68 (net)
                      0.116815    0.000148    2.976974 v output68/A (sky130_fd_sc_hd__buf_2)
     1    0.033922    0.164395    0.366159    3.343132 v output68/X (sky130_fd_sc_hd__buf_2)
                                                         c[12] (net)
                      0.164395    0.000166    3.343298 v c[12] (out)
                                              3.343298   data arrival time

                      0.000000    0.000000    0.000000   clock clk (rise edge)
                                  0.000000    0.000000   clock network delay (ideal)
                                  0.250000    0.250000   clock uncertainty
                                  0.000000    0.250000   clock reconvergence pessimism
                                 -2.000000   -1.750000   output external delay
                                             -1.750000   data required time
---------------------------------------------------------------------------------------------
                                             -1.750000   data required time
                                             -3.343298   data arrival time
---------------------------------------------------------------------------------------------
                                              5.093298   slack (MET)



