53. Printing statistics.

=== PC_Adder ===

   Number of wires:                191
   Number of wire bits:            284
   Number of public wires:           3
   Number of public wire bits:      96
   Number of memories:               0
   Number of memory bits:            0
   Number of processes:              0
   Number of cells:                220
     $_ANDNOT_                      54
     $_AND_                          8
     $_NAND_                        23
     $_NOR_                         31
     $_ORNOT_                       12
     $_OR_                          29
     $_XNOR_                        27
     $_XOR_                         36

   Area for cell type $_AND_ is unknown!
   Area for cell type $_NAND_ is unknown!
   Area for cell type $_OR_ is unknown!
   Area for cell type $_NOR_ is unknown!
   Area for cell type $_XOR_ is unknown!
   Area for cell type $_XNOR_ is unknown!
   Area for cell type $_ANDNOT_ is unknown!
   Area for cell type $_ORNOT_ is unknown!

