61. Printing statistics.

=== PC_Adder ===

   Number of wires:                167
   Number of wire bits:            260
   Number of public wires:           3
   Number of public wire bits:      96
   Number of memories:               0
   Number of memory bits:            0
   Number of processes:              0
   Number of cells:                196
     sky130_fd_sc_hd__a211o_2        2
     sky130_fd_sc_hd__a211oi_2       3
     sky130_fd_sc_hd__a21bo_2        4
     sky130_fd_sc_hd__a21o_2         5
     sky130_fd_sc_hd__a21oi_2        3
     sky130_fd_sc_hd__a22o_2         1
     sky130_fd_sc_hd__a31o_2         5
     sky130_fd_sc_hd__and2_2        11
     sky130_fd_sc_hd__and3_2         1
     sky130_fd_sc_hd__inv_2          5
     sky130_fd_sc_hd__nand2_2       48
     sky130_fd_sc_hd__nand2b_2       4
     sky130_fd_sc_hd__nor2_2        20
     sky130_fd_sc_hd__o211a_2        4
     sky130_fd_sc_hd__o211ai_2       1
     sky130_fd_sc_hd__o21a_2         3
     sky130_fd_sc_hd__o21ai_2        6
     sky130_fd_sc_hd__o21bai_2       1
     sky130_fd_sc_hd__o221a_2        2
     sky130_fd_sc_hd__o311a_2        1
     sky130_fd_sc_hd__o31a_2         3
     sky130_fd_sc_hd__o31ai_2        2
     sky130_fd_sc_hd__or2_2         27
     sky130_fd_sc_hd__or3_2          3
     sky130_fd_sc_hd__or4_2          1
     sky130_fd_sc_hd__xnor2_2       22
     sky130_fd_sc_hd__xor2_2         8

   Chip area for module '\PC_Adder': 1710.390400

