
===========================================================================
report_checks -unconstrained
===========================================================================
======================= min_tt_025C_1v80 Corner ===================================

Startpoint: a[14] (input port clocked by clk)
Endpoint: c[31] (output port clocked by clk)
Path Group: clk
Path Type: max

Fanout         Cap        Slew       Delay        Time   Description
---------------------------------------------------------------------------------------------
                      0.000000    0.000000    0.000000   clock clk (rise edge)
                                  0.000000    0.000000   clock network delay (ideal)
                                  2.000000    2.000000 ^ input external delay
     1    0.002870    0.020033    0.010542    2.010542 ^ a[14] (in)
                                                         a[14] (net)
                      0.020033    0.000000    2.010542 ^ input6/A (sky130_fd_sc_hd__buf_1)
     3    0.008873    0.111861    0.120241    2.130783 ^ input6/X (sky130_fd_sc_hd__buf_1)
                                                         net6 (net)
                      0.111861    0.000096    2.130879 ^ _221_/A (sky130_fd_sc_hd__or2_1)
     1    0.008519    0.089212    0.149787    2.280666 ^ _221_/X (sky130_fd_sc_hd__or2_1)
                                                         _053_ (net)
                      0.089212    0.000239    2.280905 ^ _223_/A (sky130_fd_sc_hd__nand2_1)
     3    0.010049    0.080257    0.096886    2.377791 v _223_/Y (sky130_fd_sc_hd__nand2_1)
                                                         _055_ (net)
                      0.080257    0.000158    2.377949 v _229_/A (sky130_fd_sc_hd__or2_1)
     2    0.009562    0.078249    0.272621    2.650570 v _229_/X (sky130_fd_sc_hd__or2_1)
                                                         _059_ (net)
                      0.078249    0.000330    2.650900 v _230_/C (sky130_fd_sc_hd__or3_1)
     2    0.009965    0.103386    0.365862    3.016762 v _230_/X (sky130_fd_sc_hd__or3_1)
                                                         _060_ (net)
                      0.103386    0.000219    3.016981 v _231_/B (sky130_fd_sc_hd__nor2_1)
     1    0.010253    0.198506    0.195288    3.212269 ^ _231_/Y (sky130_fd_sc_hd__nor2_1)
                                                         _061_ (net)
                      0.198506    0.000102    3.212371 ^ _236_/A2 (sky130_fd_sc_hd__a21oi_4)
     5    0.026672    0.082998    0.118743    3.331115 v _236_/Y (sky130_fd_sc_hd__a21oi_4)
                                                         _066_ (net)
                      0.083058    0.001767    3.332882 v _288_/A1 (sky130_fd_sc_hd__o31a_2)
     4    0.022849    0.096949    0.416372    3.749254 v _288_/X (sky130_fd_sc_hd__o31a_2)
                                                         _110_ (net)
                      0.096949    0.000389    3.749643 v _318_/A1 (sky130_fd_sc_hd__o31ai_4)
     3    0.014538    0.256248    0.322523    4.072167 ^ _318_/Y (sky130_fd_sc_hd__o31ai_4)
                                                         _136_ (net)
                      0.256248    0.000284    4.072451 ^ _328_/A2 (sky130_fd_sc_hd__a211oi_2)
     2    0.009983    0.088528    0.135878    4.208328 v _328_/Y (sky130_fd_sc_hd__a211oi_2)
                                                         _144_ (net)
                      0.088529    0.000346    4.208674 v _331_/A3 (sky130_fd_sc_hd__o31a_1)
     1    0.005044    0.057035    0.260419    4.469093 v _331_/X (sky130_fd_sc_hd__o31a_1)
                                                         _146_ (net)
                      0.057035    0.000056    4.469149 v _333_/A (sky130_fd_sc_hd__xnor2_1)
     1    0.002355    0.109095    0.142181    4.611330 ^ _333_/Y (sky130_fd_sc_hd__xnor2_1)
                                                         net89 (net)
                      0.109095    0.000023    4.611353 ^ output89/A (sky130_fd_sc_hd__buf_2)
     1    0.034095    0.169627    0.221423    4.832776 ^ output89/X (sky130_fd_sc_hd__buf_2)
                                                         c[31] (net)
                      0.169627    0.000242    4.833018 ^ c[31] (out)
                                              4.833018   data arrival time

                      0.000000   10.000000   10.000000   clock clk (rise edge)
                                  0.000000   10.000000   clock network delay (ideal)
                                 -0.250000    9.750000   clock uncertainty
                                  0.000000    9.750000   clock reconvergence pessimism
                                 -2.000000    7.750000   output external delay
                                              7.750000   data required time
---------------------------------------------------------------------------------------------
                                              7.750000   data required time
                                             -4.833018   data arrival time
---------------------------------------------------------------------------------------------
                                              2.916982   slack (MET)




===========================================================================
report_checks --slack_max -0.01
============================================================================
======================= min_tt_025C_1v80 Corner ===================================

No paths found.


===========================================================================
 report_check_types -max_slew -max_cap -max_fanout -violators
============================================================================
======================= min_tt_025C_1v80 Corner ===================================



===========================================================================
report_parasitic_annotation -report_unannotated
============================================================================
Found 0 unannotated drivers.
Found 0 partially unannotated drivers.

===========================================================================
max slew violation count 0
max fanout violation count 0
max cap violation count 0
============================================================================

===========================================================================
check_setup -verbose -unconstrained_endpoints -multiple_clock -no_clock -no_input_delay -loops -generated_clocks
===========================================================================
