
===========================================================================
report_checks -path_delay min (Hold)
============================================================================
======================= min_tt_025C_1v80 Corner ===================================

Startpoint: a[0] (input port clocked by clk)
Endpoint: c[1] (output port clocked by clk)
Path Group: clk
Path Type: min

Fanout         Cap        Slew       Delay        Time   Description
---------------------------------------------------------------------------------------------
                      0.000000    0.000000    0.000000   clock clk (rise edge)
                                  0.000000    0.000000   clock network delay (ideal)
                                  2.000000    2.000000 v input external delay
     1    0.002538    0.008027    0.003975    2.003975 v a[0] (in)
                                                         a[0] (net)
                      0.008027    0.000000    2.003975 v input1/A (sky130_fd_sc_hd__clkbuf_1)
     2    0.006125    0.043933    0.087560    2.091535 v input1/X (sky130_fd_sc_hd__clkbuf_1)
                                                         net1 (net)
                      0.043933    0.000096    2.091631 v _176_/A (sky130_fd_sc_hd__nand2_1)
     3    0.010415    0.102387    0.101092    2.192723 ^ _176_/Y (sky130_fd_sc_hd__nand2_1)
                                                         _009_ (net)
                      0.102387    0.000099    2.192822 ^ _336_/A (sky130_fd_sc_hd__xnor2_1)
     1    0.002806    0.037063    0.079152    2.271974 v _336_/Y (sky130_fd_sc_hd__xnor2_1)
                                                         net76 (net)
                      0.037063    0.000034    2.272008 v output76/A (sky130_fd_sc_hd__buf_2)
     1    0.034010    0.088801    0.176579    2.448588 v output76/X (sky130_fd_sc_hd__buf_2)
                                                         c[1] (net)
                      0.088801    0.000183    2.448771 v c[1] (out)
                                              2.448771   data arrival time

                      0.000000    0.000000    0.000000   clock clk (rise edge)
                                  0.000000    0.000000   clock network delay (ideal)
                                  0.250000    0.250000   clock uncertainty
                                  0.000000    0.250000   clock reconvergence pessimism
                                 -2.000000   -1.750000   output external delay
                                             -1.750000   data required time
---------------------------------------------------------------------------------------------
                                             -1.750000   data required time
                                             -2.448771   data arrival time
---------------------------------------------------------------------------------------------
                                              4.198771   slack (MET)


Startpoint: b[31] (input port clocked by clk)
Endpoint: c[31] (output port clocked by clk)
Path Group: clk
Path Type: min

Fanout         Cap        Slew       Delay        Time   Description
---------------------------------------------------------------------------------------------
                      0.000000    0.000000    0.000000   clock clk (rise edge)
                                  0.000000    0.000000   clock network delay (ideal)
                                  2.000000    2.000000 ^ input external delay
     1    0.002725    0.019413    0.010035    2.010035 ^ b[31] (in)
                                                         b[31] (net)
                      0.019413    0.000000    2.010035 ^ input57/A (sky130_fd_sc_hd__clkbuf_1)
     1    0.005037    0.068792    0.089600    2.099635 ^ input57/X (sky130_fd_sc_hd__clkbuf_1)
                                                         net57 (net)
                      0.068792    0.000048    2.099682 ^ _332_/B (sky130_fd_sc_hd__xor2_1)
     1    0.005002    0.044966    0.073465    2.173147 v _332_/X (sky130_fd_sc_hd__xor2_1)
                                                         _147_ (net)
                      0.044966    0.000047    2.173195 v _333_/B (sky130_fd_sc_hd__xnor2_1)
     1    0.002195    0.033155    0.113672    2.286866 v _333_/Y (sky130_fd_sc_hd__xnor2_1)
                                                         net89 (net)
                      0.033155    0.000021    2.286888 v output89/A (sky130_fd_sc_hd__buf_2)
     1    0.034095    0.089038    0.175006    2.461894 v output89/X (sky130_fd_sc_hd__buf_2)
                                                         c[31] (net)
                      0.089038    0.000242    2.462137 v c[31] (out)
                                              2.462137   data arrival time

                      0.000000    0.000000    0.000000   clock clk (rise edge)
                                  0.000000    0.000000   clock network delay (ideal)
                                  0.250000    0.250000   clock uncertainty
                                  0.000000    0.250000   clock reconvergence pessimism
                                 -2.000000   -1.750000   output external delay
                                             -1.750000   data required time
---------------------------------------------------------------------------------------------
                                             -1.750000   data required time
                                             -2.462137   data arrival time
---------------------------------------------------------------------------------------------
                                              4.212137   slack (MET)


Startpoint: a[7] (input port clocked by clk)
Endpoint: c[7] (output port clocked by clk)
Path Group: clk
Path Type: min

Fanout         Cap        Slew       Delay        Time   Description
---------------------------------------------------------------------------------------------
                      0.000000    0.000000    0.000000   clock clk (rise edge)
                                  0.000000    0.000000   clock network delay (ideal)
                                  2.000000    2.000000 ^ input external delay
     1    0.002728    0.019423    0.010044    2.010044 ^ a[7] (in)
                                                         a[7] (net)
                      0.019423    0.000000    2.010044 ^ input30/A (sky130_fd_sc_hd__clkbuf_1)
     2    0.004650    0.064467    0.086531    2.096575 ^ input30/X (sky130_fd_sc_hd__clkbuf_1)
                                                         net30 (net)
                      0.064467    0.000043    2.096618 ^ _188_/A (sky130_fd_sc_hd__nand2_1)
     3    0.007681    0.062887    0.075967    2.172585 v _188_/Y (sky130_fd_sc_hd__nand2_1)
                                                         _021_ (net)
                      0.062887    0.000060    2.172644 v _190_/A (sky130_fd_sc_hd__nand2_1)
     1    0.005183    0.058378    0.076350    2.248995 ^ _190_/Y (sky130_fd_sc_hd__nand2_1)
                                                         _023_ (net)
                      0.058378    0.000029    2.249024 ^ _350_/A (sky130_fd_sc_hd__xnor2_1)
     1    0.002688    0.032191    0.066514    2.315538 v _350_/Y (sky130_fd_sc_hd__xnor2_1)
                                                         net94 (net)
                      0.032191    0.000030    2.315567 v output94/A (sky130_fd_sc_hd__buf_2)
     1    0.033901    0.088593    0.174290    2.489858 v output94/X (sky130_fd_sc_hd__buf_2)
                                                         c[7] (net)
                      0.088593    0.000166    2.490024 v c[7] (out)
                                              2.490024   data arrival time

                      0.000000    0.000000    0.000000   clock clk (rise edge)
                                  0.000000    0.000000   clock network delay (ideal)
                                  0.250000    0.250000   clock uncertainty
                                  0.000000    0.250000   clock reconvergence pessimism
                                 -2.000000   -1.750000   output external delay
                                             -1.750000   data required time
---------------------------------------------------------------------------------------------
                                             -1.750000   data required time
                                             -2.490024   data arrival time
---------------------------------------------------------------------------------------------
                                              4.240024   slack (MET)


Startpoint: b[0] (input port clocked by clk)
Endpoint: c[0] (output port clocked by clk)
Path Group: clk
Path Type: min

Fanout         Cap        Slew       Delay        Time   Description
---------------------------------------------------------------------------------------------
                      0.000000    0.000000    0.000000   clock clk (rise edge)
                                  0.000000    0.000000   clock network delay (ideal)
                                  2.000000    2.000000 ^ input external delay
     1    0.002825    0.019839    0.010385    2.010385 ^ b[0] (in)
                                                         b[0] (net)
                      0.019839    0.000000    2.010385 ^ input33/A (sky130_fd_sc_hd__clkbuf_1)
     2    0.005652    0.075673    0.094619    2.105004 ^ input33/X (sky130_fd_sc_hd__clkbuf_1)
                                                         net33 (net)
                      0.075673    0.000056    2.105061 ^ _334_/B (sky130_fd_sc_hd__or2_1)
     1    0.001754    0.032111    0.090937    2.195998 ^ _334_/X (sky130_fd_sc_hd__or2_1)
                                                         _148_ (net)
                      0.032111    0.000007    2.196005 ^ _335_/B (sky130_fd_sc_hd__and2_1)
     1    0.002442    0.043075    0.108029    2.304034 ^ _335_/X (sky130_fd_sc_hd__and2_1)
                                                         net65 (net)
                      0.043075    0.000024    2.304059 ^ output65/A (sky130_fd_sc_hd__buf_2)
     1    0.033922    0.168502    0.196428    2.500487 ^ output65/X (sky130_fd_sc_hd__buf_2)
                                                         c[0] (net)
                      0.168502    0.000166    2.500652 ^ c[0] (out)
                                              2.500652   data arrival time

                      0.000000    0.000000    0.000000   clock clk (rise edge)
                                  0.000000    0.000000   clock network delay (ideal)
                                  0.250000    0.250000   clock uncertainty
                                  0.000000    0.250000   clock reconvergence pessimism
                                 -2.000000   -1.750000   output external delay
                                             -1.750000   data required time
---------------------------------------------------------------------------------------------
                                             -1.750000   data required time
                                             -2.500652   data arrival time
---------------------------------------------------------------------------------------------
                                              4.250652   slack (MET)


Startpoint: a[30] (input port clocked by clk)
Endpoint: c[30] (output port clocked by clk)
Path Group: clk
Path Type: min

Fanout         Cap        Slew       Delay        Time   Description
---------------------------------------------------------------------------------------------
                      0.000000    0.000000    0.000000   clock clk (rise edge)
                                  0.000000    0.000000   clock network delay (ideal)
                                  2.000000    2.000000 ^ input external delay
     1    0.002757    0.019549    0.010146    2.010146 ^ a[30] (in)
                                                         a[30] (net)
                      0.019549    0.000000    2.010146 ^ input24/A (sky130_fd_sc_hd__clkbuf_1)
     2    0.004899    0.067242    0.088556    2.098702 ^ input24/X (sky130_fd_sc_hd__clkbuf_1)
                                                         net24 (net)
                      0.067242    0.000028    2.098730 ^ _325_/A (sky130_fd_sc_hd__nand2_1)
     2    0.005840    0.051971    0.067073    2.165803 v _325_/Y (sky130_fd_sc_hd__nand2_1)
                                                         _141_ (net)
                      0.051971    0.000054    2.165857 v _327_/A (sky130_fd_sc_hd__nand2_1)
     2    0.008265    0.083853    0.091079    2.256936 ^ _327_/Y (sky130_fd_sc_hd__nand2_1)
                                                         _143_ (net)
                      0.083853    0.000109    2.257045 ^ _330_/A (sky130_fd_sc_hd__xnor2_1)
     1    0.002648    0.036077    0.073177    2.330222 v _330_/Y (sky130_fd_sc_hd__xnor2_1)
                                                         net88 (net)
                      0.036077    0.000030    2.330252 v output88/A (sky130_fd_sc_hd__buf_2)
     1    0.034043    0.088886    0.176203    2.506455 v output88/X (sky130_fd_sc_hd__buf_2)
                                                         c[30] (net)
                      0.088886    0.000201    2.506656 v c[30] (out)
                                              2.506656   data arrival time

                      0.000000    0.000000    0.000000   clock clk (rise edge)
                                  0.000000    0.000000   clock network delay (ideal)
                                  0.250000    0.250000   clock uncertainty
                                  0.000000    0.250000   clock reconvergence pessimism
                                 -2.000000   -1.750000   output external delay
                                             -1.750000   data required time
---------------------------------------------------------------------------------------------
                                             -1.750000   data required time
                                             -2.506656   data arrival time
---------------------------------------------------------------------------------------------
                                              4.256656   slack (MET)


Startpoint: a[28] (input port clocked by clk)
Endpoint: c[28] (output port clocked by clk)
Path Group: clk
Path Type: min

Fanout         Cap        Slew       Delay        Time   Description
---------------------------------------------------------------------------------------------
                      0.000000    0.000000    0.000000   clock clk (rise edge)
                                  0.000000    0.000000   clock network delay (ideal)
                                  2.000000    2.000000 ^ input external delay
     1    0.002802    0.019739    0.010304    2.010303 ^ a[28] (in)
                                                         a[28] (net)
                      0.019739    0.000000    2.010303 ^ input21/A (sky130_fd_sc_hd__clkbuf_1)
     2    0.004875    0.066977    0.088419    2.098722 ^ input21/X (sky130_fd_sc_hd__clkbuf_1)
                                                         net21 (net)
                      0.066977    0.000066    2.098788 ^ _312_/A (sky130_fd_sc_hd__nand2_1)
     2    0.007697    0.063193    0.076888    2.175676 v _312_/Y (sky130_fd_sc_hd__nand2_1)
                                                         _130_ (net)
                      0.063193    0.000068    2.175744 v _314_/B (sky130_fd_sc_hd__nand2_1)
     1    0.005593    0.063701    0.086677    2.262421 ^ _314_/Y (sky130_fd_sc_hd__nand2_1)
                                                         _132_ (net)
                      0.063701    0.000069    2.262490 ^ _319_/A (sky130_fd_sc_hd__xnor2_1)
     1    0.003012    0.036055    0.069841    2.332332 v _319_/Y (sky130_fd_sc_hd__xnor2_1)
                                                         net85 (net)
                      0.036055    0.000031    2.332362 v output85/A (sky130_fd_sc_hd__buf_2)
     1    0.034035    0.088889    0.176143    2.508506 v output85/X (sky130_fd_sc_hd__buf_2)
                                                         c[28] (net)
                      0.088889    0.000242    2.508748 v c[28] (out)
                                              2.508748   data arrival time

                      0.000000    0.000000    0.000000   clock clk (rise edge)
                                  0.000000    0.000000   clock network delay (ideal)
                                  0.250000    0.250000   clock uncertainty
                                  0.000000    0.250000   clock reconvergence pessimism
                                 -2.000000   -1.750000   output external delay
                                             -1.750000   data required time
---------------------------------------------------------------------------------------------
                                             -1.750000   data required time
                                             -2.508748   data arrival time
---------------------------------------------------------------------------------------------
                                              4.258748   slack (MET)


Startpoint: a[27] (input port clocked by clk)
Endpoint: c[27] (output port clocked by clk)
Path Group: clk
Path Type: min

Fanout         Cap        Slew       Delay        Time   Description
---------------------------------------------------------------------------------------------
                      0.000000    0.000000    0.000000   clock clk (rise edge)
                                  0.000000    0.000000   clock network delay (ideal)
                                  2.000000    2.000000 ^ input external delay
     1    0.002794    0.019707    0.010277    2.010277 ^ a[27] (in)
                                                         a[27] (net)
                      0.019707    0.000000    2.010277 ^ input20/A (sky130_fd_sc_hd__clkbuf_1)
     2    0.004725    0.065303    0.087224    2.097501 ^ input20/X (sky130_fd_sc_hd__clkbuf_1)
                                                         net20 (net)
                      0.065303    0.000044    2.097545 ^ _307_/A (sky130_fd_sc_hd__nand2_1)
     2    0.006108    0.052422    0.067903    2.165448 v _307_/Y (sky130_fd_sc_hd__nand2_1)
                                                         _126_ (net)
                      0.052422    0.000042    2.165490 v _308_/B (sky130_fd_sc_hd__nand2_1)
     2    0.010700    0.105005    0.113249    2.278739 ^ _308_/Y (sky130_fd_sc_hd__nand2_1)
                                                         _127_ (net)
                      0.105007    0.000323    2.279062 ^ _310_/A (sky130_fd_sc_hd__xnor2_1)
     1    0.002040    0.028037    0.074787    2.353849 v _310_/Y (sky130_fd_sc_hd__xnor2_1)
                                                         net84 (net)
                      0.028037    0.000019    2.353868 v output84/A (sky130_fd_sc_hd__buf_2)
     1    0.034035    0.088945    0.172689    2.526557 v output84/X (sky130_fd_sc_hd__buf_2)
                                                         c[27] (net)
                      0.088945    0.000242    2.526799 v c[27] (out)
                                              2.526799   data arrival time

                      0.000000    0.000000    0.000000   clock clk (rise edge)
                                  0.000000    0.000000   clock network delay (ideal)
                                  0.250000    0.250000   clock uncertainty
                                  0.000000    0.250000   clock reconvergence pessimism
                                 -2.000000   -1.750000   output external delay
                                             -1.750000   data required time
---------------------------------------------------------------------------------------------
                                             -1.750000   data required time
                                             -2.526799   data arrival time
---------------------------------------------------------------------------------------------
                                              4.276799   slack (MET)


Startpoint: b[3] (input port clocked by clk)
Endpoint: c[3] (output port clocked by clk)
Path Group: clk
Path Type: min

Fanout         Cap        Slew       Delay        Time   Description
---------------------------------------------------------------------------------------------
                      0.000000    0.000000    0.000000   clock clk (rise edge)
                                  0.000000    0.000000   clock network delay (ideal)
                                  2.000000    2.000000 v input external delay
     1    0.002641    0.008265    0.004149    2.004149 v b[3] (in)
                                                         b[3] (net)
                      0.008265    0.000000    2.004149 v input58/A (sky130_fd_sc_hd__buf_1)
     3    0.008681    0.057178    0.099174    2.103323 v input58/X (sky130_fd_sc_hd__buf_1)
                                                         net58 (net)
                      0.057178    0.000207    2.103530 v _182_/B (sky130_fd_sc_hd__nand2_1)
     2    0.006447    0.069090    0.089277    2.192806 ^ _182_/Y (sky130_fd_sc_hd__nand2_1)
                                                         _015_ (net)
                      0.069090    0.000051    2.192858 ^ _340_/B1 (sky130_fd_sc_hd__o211a_1)
     1    0.003039    0.042929    0.144174    2.337032 ^ _340_/X (sky130_fd_sc_hd__o211a_1)
                                                         _151_ (net)
                      0.042929    0.000029    2.337060 ^ _341_/B (sky130_fd_sc_hd__nor2_1)
     1    0.002382    0.019501    0.033543    2.370603 v _341_/Y (sky130_fd_sc_hd__nor2_1)
                                                         net90 (net)
                      0.019501    0.000024    2.370628 v output90/A (sky130_fd_sc_hd__buf_2)
     1    0.033947    0.088727    0.168999    2.539626 v output90/X (sky130_fd_sc_hd__buf_2)
                                                         c[3] (net)
                      0.088727    0.000174    2.539801 v c[3] (out)
                                              2.539801   data arrival time

                      0.000000    0.000000    0.000000   clock clk (rise edge)
                                  0.000000    0.000000   clock network delay (ideal)
                                  0.250000    0.250000   clock uncertainty
                                  0.000000    0.250000   clock reconvergence pessimism
                                 -2.000000   -1.750000   output external delay
                                             -1.750000   data required time
---------------------------------------------------------------------------------------------
                                             -1.750000   data required time
                                             -2.539801   data arrival time
---------------------------------------------------------------------------------------------
                                              4.289801   slack (MET)


Startpoint: a[23] (input port clocked by clk)
Endpoint: c[23] (output port clocked by clk)
Path Group: clk
Path Type: min

Fanout         Cap        Slew       Delay        Time   Description
---------------------------------------------------------------------------------------------
                      0.000000    0.000000    0.000000   clock clk (rise edge)
                                  0.000000    0.000000   clock network delay (ideal)
                                  2.000000    2.000000 ^ input external delay
     1    0.002724    0.019408    0.010031    2.010031 ^ a[23] (in)
                                                         a[23] (net)
                      0.019408    0.000000    2.010031 ^ input16/A (sky130_fd_sc_hd__clkbuf_1)
     2    0.006117    0.080899    0.098167    2.108198 ^ input16/X (sky130_fd_sc_hd__clkbuf_1)
                                                         net16 (net)
                      0.080899    0.000073    2.108271 ^ _280_/A (sky130_fd_sc_hd__nand2_1)
     2    0.006943    0.060814    0.077338    2.185608 v _280_/Y (sky130_fd_sc_hd__nand2_1)
                                                         _103_ (net)
                      0.060814    0.000069    2.185677 v _281_/B (sky130_fd_sc_hd__nand2b_1)
     2    0.007068    0.085937    0.100497    2.286174 ^ _281_/Y (sky130_fd_sc_hd__nand2b_1)
                                                         _104_ (net)
                      0.085937    0.000062    2.286236 ^ _283_/A (sky130_fd_sc_hd__xnor2_1)
     1    0.003415    0.040777    0.078312    2.364547 v _283_/Y (sky130_fd_sc_hd__xnor2_1)
                                                         net80 (net)
                      0.040777    0.000052    2.364599 v output80/A (sky130_fd_sc_hd__buf_2)
     1    0.034010    0.088769    0.178190    2.542790 v output80/X (sky130_fd_sc_hd__buf_2)
                                                         c[23] (net)
                      0.088769    0.000171    2.542961 v c[23] (out)
                                              2.542961   data arrival time

                      0.000000    0.000000    0.000000   clock clk (rise edge)
                                  0.000000    0.000000   clock network delay (ideal)
                                  0.250000    0.250000   clock uncertainty
                                  0.000000    0.250000   clock reconvergence pessimism
                                 -2.000000   -1.750000   output external delay
                                             -1.750000   data required time
---------------------------------------------------------------------------------------------
                                             -1.750000   data required time
                                             -2.542961   data arrival time
---------------------------------------------------------------------------------------------
                                              4.292961   slack (MET)


Startpoint: a[25] (input port clocked by clk)
Endpoint: c[25] (output port clocked by clk)
Path Group: clk
Path Type: min

Fanout         Cap        Slew       Delay        Time   Description
---------------------------------------------------------------------------------------------
                      0.000000    0.000000    0.000000   clock clk (rise edge)
                                  0.000000    0.000000   clock network delay (ideal)
                                  2.000000    2.000000 ^ input external delay
     1    0.002756    0.019545    0.010145    2.010145 ^ a[25] (in)
                                                         a[25] (net)
                      0.019545    0.000000    2.010145 ^ input18/A (sky130_fd_sc_hd__clkbuf_1)
     2    0.004986    0.068221    0.089238    2.099383 ^ input18/X (sky130_fd_sc_hd__clkbuf_1)
                                                         net18 (net)
                      0.068221    0.000055    2.099438 ^ _294_/A (sky130_fd_sc_hd__nand2_1)
     2    0.005525    0.050170    0.065697    2.165135 v _294_/Y (sky130_fd_sc_hd__nand2_1)
                                                         _115_ (net)
                      0.050170    0.000028    2.165163 v _295_/B (sky130_fd_sc_hd__nand2_1)
     2    0.007923    0.081013    0.095308    2.260471 ^ _295_/Y (sky130_fd_sc_hd__nand2_1)
                                                         _116_ (net)
                      0.081013    0.000060    2.260531 ^ _297_/A (sky130_fd_sc_hd__xnor2_1)
     1    0.007148    0.065077    0.098576    2.359107 v _297_/Y (sky130_fd_sc_hd__xnor2_1)
                                                         net82 (net)
                      0.065077    0.000236    2.359343 v output82/A (sky130_fd_sc_hd__buf_2)
     1    0.033933    0.088525    0.188808    2.548151 v output82/X (sky130_fd_sc_hd__buf_2)
                                                         c[25] (net)
                      0.088525    0.000165    2.548316 v c[25] (out)
                                              2.548316   data arrival time

                      0.000000    0.000000    0.000000   clock clk (rise edge)
                                  0.000000    0.000000   clock network delay (ideal)
                                  0.250000    0.250000   clock uncertainty
                                  0.000000    0.250000   clock reconvergence pessimism
                                 -2.000000   -1.750000   output external delay
                                             -1.750000   data required time
---------------------------------------------------------------------------------------------
                                             -1.750000   data required time
                                             -2.548316   data arrival time
---------------------------------------------------------------------------------------------
                                              4.298316   slack (MET)


Startpoint: b[8] (input port clocked by clk)
Endpoint: c[9] (output port clocked by clk)
Path Group: clk
Path Type: min

Fanout         Cap        Slew       Delay        Time   Description
---------------------------------------------------------------------------------------------
                      0.000000    0.000000    0.000000   clock clk (rise edge)
                                  0.000000    0.000000   clock network delay (ideal)
                                  2.000000    2.000000 ^ input external delay
     1    0.002819    0.019813    0.010364    2.010364 ^ b[8] (in)
                                                         b[8] (net)
                      0.019813    0.000000    2.010364 ^ input63/A (sky130_fd_sc_hd__clkbuf_1)
     2    0.006634    0.086712    0.102389    2.112753 ^ input63/X (sky130_fd_sc_hd__clkbuf_1)
                                                         net63 (net)
                      0.086712    0.000133    2.112886 ^ _202_/B (sky130_fd_sc_hd__nand2_1)
     4    0.012403    0.095300    0.110401    2.223286 v _202_/Y (sky130_fd_sc_hd__nand2_1)
                                                         _035_ (net)
                      0.095300    0.000172    2.223458 v _353_/A (sky130_fd_sc_hd__nand2_1)
     1    0.005403    0.063991    0.091968    2.315427 ^ _353_/Y (sky130_fd_sc_hd__nand2_1)
                                                         _158_ (net)
                      0.063991    0.000039    2.315466 ^ _354_/B (sky130_fd_sc_hd__xnor2_1)
     1    0.003733    0.040123    0.065806    2.381272 v _354_/Y (sky130_fd_sc_hd__xnor2_1)
                                                         net96 (net)
                      0.040123    0.000059    2.381330 v output96/A (sky130_fd_sc_hd__buf_2)
     1    0.033967    0.088687    0.177818    2.559149 v output96/X (sky130_fd_sc_hd__buf_2)
                                                         c[9] (net)
                      0.088687    0.000183    2.559332 v c[9] (out)
                                              2.559332   data arrival time

                      0.000000    0.000000    0.000000   clock clk (rise edge)
                                  0.000000    0.000000   clock network delay (ideal)
                                  0.250000    0.250000   clock uncertainty
                                  0.000000    0.250000   clock reconvergence pessimism
                                 -2.000000   -1.750000   output external delay
                                             -1.750000   data required time
---------------------------------------------------------------------------------------------
                                             -1.750000   data required time
                                             -2.559332   data arrival time
---------------------------------------------------------------------------------------------
                                              4.309332   slack (MET)


Startpoint: a[22] (input port clocked by clk)
Endpoint: c[22] (output port clocked by clk)
Path Group: clk
Path Type: min

Fanout         Cap        Slew       Delay        Time   Description
---------------------------------------------------------------------------------------------
                      0.000000    0.000000    0.000000   clock clk (rise edge)
                                  0.000000    0.000000   clock network delay (ideal)
                                  2.000000    2.000000 ^ input external delay
     1    0.002688    0.019255    0.009905    2.009905 ^ a[22] (in)
                                                         a[22] (net)
                      0.019255    0.000000    2.009905 ^ input15/A (sky130_fd_sc_hd__clkbuf_1)
     2    0.005070    0.069161    0.089801    2.099706 ^ input15/X (sky130_fd_sc_hd__clkbuf_1)
                                                         net15 (net)
                      0.069161    0.000069    2.099774 ^ _274_/A (sky130_fd_sc_hd__nand2_1)
     3    0.009529    0.074985    0.087297    2.187071 v _274_/Y (sky130_fd_sc_hd__nand2_1)
                                                         _098_ (net)
                      0.074985    0.000077    2.187147 v _275_/B (sky130_fd_sc_hd__nand2_1)
     3    0.010624    0.104176    0.123112    2.310259 ^ _275_/Y (sky130_fd_sc_hd__nand2_1)
                                                         _099_ (net)
                      0.104176    0.000075    2.310334 ^ _278_/A (sky130_fd_sc_hd__xor2_1)
     1    0.003011    0.037062    0.076269    2.386603 v _278_/X (sky130_fd_sc_hd__xor2_1)
                                                         net79 (net)
                      0.037062    0.000030    2.386633 v output79/A (sky130_fd_sc_hd__buf_2)
     1    0.034028    0.088833    0.176622    2.563255 v output79/X (sky130_fd_sc_hd__buf_2)
                                                         c[22] (net)
                      0.088833    0.000171    2.563427 v c[22] (out)
                                              2.563427   data arrival time

                      0.000000    0.000000    0.000000   clock clk (rise edge)
                                  0.000000    0.000000   clock network delay (ideal)
                                  0.250000    0.250000   clock uncertainty
                                  0.000000    0.250000   clock reconvergence pessimism
                                 -2.000000   -1.750000   output external delay
                                             -1.750000   data required time
---------------------------------------------------------------------------------------------
                                             -1.750000   data required time
                                             -2.563427   data arrival time
---------------------------------------------------------------------------------------------
                                              4.313426   slack (MET)


Startpoint: b[20] (input port clocked by clk)
Endpoint: c[21] (output port clocked by clk)
Path Group: clk
Path Type: min

Fanout         Cap        Slew       Delay        Time   Description
---------------------------------------------------------------------------------------------
                      0.000000    0.000000    0.000000   clock clk (rise edge)
                                  0.000000    0.000000   clock network delay (ideal)
                                  2.000000    2.000000 ^ input external delay
     1    0.002729    0.019430    0.010052    2.010051 ^ b[20] (in)
                                                         b[20] (net)
                      0.019430    0.000000    2.010051 ^ input45/A (sky130_fd_sc_hd__clkbuf_1)
     2    0.007639    0.097982    0.110231    2.120283 ^ input45/X (sky130_fd_sc_hd__clkbuf_1)
                                                         net45 (net)
                      0.097982    0.000155    2.120437 ^ _258_/B (sky130_fd_sc_hd__nand2_1)
     3    0.011182    0.087391    0.107653    2.228090 v _258_/Y (sky130_fd_sc_hd__nand2_1)
                                                         _084_ (net)
                      0.087391    0.000180    2.228270 v _271_/A (sky130_fd_sc_hd__nand2_1)
     1    0.004839    0.060853    0.084907    2.313178 ^ _271_/Y (sky130_fd_sc_hd__nand2_1)
                                                         _096_ (net)
                      0.060853    0.000021    2.313198 ^ _272_/B (sky130_fd_sc_hd__xnor2_1)
     1    0.004656    0.046060    0.070101    2.383299 v _272_/Y (sky130_fd_sc_hd__xnor2_1)
                                                         net78 (net)
                      0.046060    0.000075    2.383374 v output78/A (sky130_fd_sc_hd__buf_2)
     1    0.033993    0.088695    0.180434    2.563808 v output78/X (sky130_fd_sc_hd__buf_2)
                                                         c[21] (net)
                      0.088695    0.000171    2.563980 v c[21] (out)
                                              2.563980   data arrival time

                      0.000000    0.000000    0.000000   clock clk (rise edge)
                                  0.000000    0.000000   clock network delay (ideal)
                                  0.250000    0.250000   clock uncertainty
                                  0.000000    0.250000   clock reconvergence pessimism
                                 -2.000000   -1.750000   output external delay
                                             -1.750000   data required time
---------------------------------------------------------------------------------------------
                                             -1.750000   data required time
                                             -2.563980   data arrival time
---------------------------------------------------------------------------------------------
                                              4.313980   slack (MET)


Startpoint: b[24] (input port clocked by clk)
Endpoint: c[24] (output port clocked by clk)
Path Group: clk
Path Type: min

Fanout         Cap        Slew       Delay        Time   Description
---------------------------------------------------------------------------------------------
                      0.000000    0.000000    0.000000   clock clk (rise edge)
                                  0.000000    0.000000   clock network delay (ideal)
                                  2.000000    2.000000 ^ input external delay
     1    0.002773    0.019618    0.010206    2.010206 ^ b[24] (in)
                                                         b[24] (net)
                      0.019618    0.000000    2.010206 ^ input49/A (sky130_fd_sc_hd__clkbuf_1)
     2    0.004886    0.067099    0.088468    2.098674 ^ input49/X (sky130_fd_sc_hd__clkbuf_1)
                                                         net49 (net)
                      0.067099    0.000052    2.098726 ^ _290_/B (sky130_fd_sc_hd__nand2_1)
     3    0.008392    0.067728    0.083696    2.182422 v _290_/Y (sky130_fd_sc_hd__nand2_1)
                                                         _112_ (net)
                      0.067728    0.000081    2.182503 v _291_/B (sky130_fd_sc_hd__nand2_1)
     3    0.012499    0.120613    0.131187    2.313690 ^ _291_/Y (sky130_fd_sc_hd__nand2_1)
                                                         _113_ (net)
                      0.120614    0.000257    2.313947 ^ _292_/B (sky130_fd_sc_hd__xor2_1)
     1    0.002995    0.036998    0.079444    2.393391 v _292_/X (sky130_fd_sc_hd__xor2_1)
                                                         net81 (net)
                      0.036998    0.000041    2.393432 v output81/A (sky130_fd_sc_hd__buf_2)
     1    0.034095    0.089012    0.176663    2.570095 v output81/X (sky130_fd_sc_hd__buf_2)
                                                         c[24] (net)
                      0.089012    0.000242    2.570338 v c[24] (out)
                                              2.570338   data arrival time

                      0.000000    0.000000    0.000000   clock clk (rise edge)
                                  0.000000    0.000000   clock network delay (ideal)
                                  0.250000    0.250000   clock uncertainty
                                  0.000000    0.250000   clock reconvergence pessimism
                                 -2.000000   -1.750000   output external delay
                                             -1.750000   data required time
---------------------------------------------------------------------------------------------
                                             -1.750000   data required time
                                             -2.570338   data arrival time
---------------------------------------------------------------------------------------------
                                              4.320338   slack (MET)


Startpoint: a[4] (input port clocked by clk)
Endpoint: c[5] (output port clocked by clk)
Path Group: clk
Path Type: min

Fanout         Cap        Slew       Delay        Time   Description
---------------------------------------------------------------------------------------------
                      0.000000    0.000000    0.000000   clock clk (rise edge)
                                  0.000000    0.000000   clock network delay (ideal)
                                  2.000000    2.000000 v input external delay
     1    0.002603    0.008176    0.004084    2.004084 v a[4] (in)
                                                         a[4] (net)
                      0.008176    0.000000    2.004084 v input27/A (sky130_fd_sc_hd__buf_1)
     3    0.013826    0.085685    0.120781    2.124865 v input27/X (sky130_fd_sc_hd__buf_1)
                                                         net27 (net)
                      0.085685    0.000265    2.125130 v _344_/A1 (sky130_fd_sc_hd__a21oi_1)
     1    0.005029    0.132163    0.165474    2.290604 ^ _344_/Y (sky130_fd_sc_hd__a21oi_1)
                                                         _153_ (net)
                      0.132163    0.000026    2.290630 ^ _345_/B (sky130_fd_sc_hd__xnor2_1)
     1    0.006195    0.058699    0.099232    2.389862 v _345_/Y (sky130_fd_sc_hd__xnor2_1)
                                                         net92 (net)
                      0.058699    0.000161    2.390023 v output92/A (sky130_fd_sc_hd__buf_2)
     1    0.033974    0.088614    0.185968    2.575991 v output92/X (sky130_fd_sc_hd__buf_2)
                                                         c[5] (net)
                      0.088614    0.000183    2.576174 v c[5] (out)
                                              2.576174   data arrival time

                      0.000000    0.000000    0.000000   clock clk (rise edge)
                                  0.000000    0.000000   clock network delay (ideal)
                                  0.250000    0.250000   clock uncertainty
                                  0.000000    0.250000   clock reconvergence pessimism
                                 -2.000000   -1.750000   output external delay
                                             -1.750000   data required time
---------------------------------------------------------------------------------------------
                                             -1.750000   data required time
                                             -2.576174   data arrival time
---------------------------------------------------------------------------------------------
                                              4.326174   slack (MET)


Startpoint: b[2] (input port clocked by clk)
Endpoint: c[2] (output port clocked by clk)
Path Group: clk
Path Type: min

Fanout         Cap        Slew       Delay        Time   Description
---------------------------------------------------------------------------------------------
                      0.000000    0.000000    0.000000   clock clk (rise edge)
                                  0.000000    0.000000   clock network delay (ideal)
                                  2.000000    2.000000 v input external delay
     1    0.002430    0.007779    0.003792    2.003792 v b[2] (in)
                                                         b[2] (net)
                      0.007779    0.000000    2.003792 v input55/A (sky130_fd_sc_hd__clkbuf_1)
     2    0.004198    0.033648    0.078667    2.082459 v input55/X (sky130_fd_sc_hd__clkbuf_1)
                                                         net55 (net)
                      0.033648    0.000020    2.082479 v _173_/B (sky130_fd_sc_hd__nor2_1)
     1    0.006412    0.134172    0.122455    2.204934 ^ _173_/Y (sky130_fd_sc_hd__nor2_1)
                                                         _006_ (net)
                      0.134173    0.000170    2.205104 ^ _174_/B (sky130_fd_sc_hd__nor2_1)
     2    0.004502    0.044262    0.064768    2.269872 v _174_/Y (sky130_fd_sc_hd__nor2_1)
                                                         _007_ (net)
                      0.044262    0.000029    2.269901 v _337_/A (sky130_fd_sc_hd__nor2_1)
     1    0.002725    0.074783    0.095144    2.365045 ^ _337_/Y (sky130_fd_sc_hd__nor2_1)
                                                         _149_ (net)
                      0.074783    0.000024    2.365069 ^ _338_/B (sky130_fd_sc_hd__nor2_1)
     1    0.002454    0.025504    0.041755    2.406823 v _338_/Y (sky130_fd_sc_hd__nor2_1)
                                                         net87 (net)
                      0.025504    0.000027    2.406851 v output87/A (sky130_fd_sc_hd__buf_2)
     1    0.033908    0.088655    0.171422    2.578273 v output87/X (sky130_fd_sc_hd__buf_2)
                                                         c[2] (net)
                      0.088655    0.000166    2.578439 v c[2] (out)
                                              2.578439   data arrival time

                      0.000000    0.000000    0.000000   clock clk (rise edge)
                                  0.000000    0.000000   clock network delay (ideal)
                                  0.250000    0.250000   clock uncertainty
                                  0.000000    0.250000   clock reconvergence pessimism
                                 -2.000000   -1.750000   output external delay
                                             -1.750000   data required time
---------------------------------------------------------------------------------------------
                                             -1.750000   data required time
                                             -2.578439   data arrival time
---------------------------------------------------------------------------------------------
                                              4.328438   slack (MET)


Startpoint: b[19] (input port clocked by clk)
Endpoint: c[19] (output port clocked by clk)
Path Group: clk
Path Type: min

Fanout         Cap        Slew       Delay        Time   Description
---------------------------------------------------------------------------------------------
                      0.000000    0.000000    0.000000   clock clk (rise edge)
                                  0.000000    0.000000   clock network delay (ideal)
                                  2.000000    2.000000 ^ input external delay
     1    0.002702    0.019314    0.009954    2.009954 ^ b[19] (in)
                                                         b[19] (net)
                      0.019314    0.000000    2.009954 ^ input43/A (sky130_fd_sc_hd__buf_1)
     2    0.009323    0.116962    0.123481    2.133435 ^ input43/X (sky130_fd_sc_hd__buf_1)
                                                         net43 (net)
                      0.116963    0.000230    2.133665 ^ _253_/B (sky130_fd_sc_hd__nand2_1)
     2    0.005690    0.054569    0.083355    2.217020 v _253_/Y (sky130_fd_sc_hd__nand2_1)
                                                         _080_ (net)
                      0.054569    0.000026    2.217045 v _254_/B (sky130_fd_sc_hd__nand2b_1)
     2    0.007054    0.085648    0.097564    2.314609 ^ _254_/Y (sky130_fd_sc_hd__nand2b_1)
                                                         _081_ (net)
                      0.085648    0.000071    2.314680 ^ _256_/A (sky130_fd_sc_hd__xnor2_1)
     1    0.004947    0.047670    0.087354    2.402035 v _256_/Y (sky130_fd_sc_hd__xnor2_1)
                                                         net75 (net)
                      0.047670    0.000099    2.402133 v output75/A (sky130_fd_sc_hd__buf_2)
     1    0.034133    0.089020    0.181324    2.583457 v output75/X (sky130_fd_sc_hd__buf_2)
                                                         c[19] (net)
                      0.089020    0.000251    2.583709 v c[19] (out)
                                              2.583709   data arrival time

                      0.000000    0.000000    0.000000   clock clk (rise edge)
                                  0.000000    0.000000   clock network delay (ideal)
                                  0.250000    0.250000   clock uncertainty
                                  0.000000    0.250000   clock reconvergence pessimism
                                 -2.000000   -1.750000   output external delay
                                             -1.750000   data required time
---------------------------------------------------------------------------------------------
                                             -1.750000   data required time
                                             -2.583709   data arrival time
---------------------------------------------------------------------------------------------
                                              4.333709   slack (MET)


Startpoint: a[12] (input port clocked by clk)
Endpoint: c[13] (output port clocked by clk)
Path Group: clk
Path Type: min

Fanout         Cap        Slew       Delay        Time   Description
---------------------------------------------------------------------------------------------
                      0.000000    0.000000    0.000000   clock clk (rise edge)
                                  0.000000    0.000000   clock network delay (ideal)
                                  2.000000    2.000000 ^ input external delay
     1    0.002791    0.019695    0.010267    2.010267 ^ a[12] (in)
                                                         a[12] (net)
                      0.019695    0.000000    2.010267 ^ input4/A (sky130_fd_sc_hd__clkbuf_1)
     2    0.007144    0.092475    0.106378    2.116645 ^ input4/X (sky130_fd_sc_hd__clkbuf_1)
                                                         net4 (net)
                      0.092475    0.000163    2.116808 ^ _167_/A (sky130_fd_sc_hd__nand2_1)
     4    0.012615    0.096929    0.110961    2.227770 v _167_/Y (sky130_fd_sc_hd__nand2_1)
                                                         _000_ (net)
                      0.096929    0.000218    2.227988 v _219_/A (sky130_fd_sc_hd__nand2_1)
     1    0.004956    0.060828    0.089814    2.317801 ^ _219_/Y (sky130_fd_sc_hd__nand2_1)
                                                         _052_ (net)
                      0.060828    0.000042    2.317844 ^ _220_/B (sky130_fd_sc_hd__xnor2_1)
     1    0.006900    0.061295    0.082333    2.400177 v _220_/Y (sky130_fd_sc_hd__xnor2_1)
                                                         net69 (net)
                      0.061295    0.000190    2.400367 v output69/A (sky130_fd_sc_hd__buf_2)
     1    0.033965    0.088599    0.187133    2.587500 v output69/X (sky130_fd_sc_hd__buf_2)
                                                         c[13] (net)
                      0.088599    0.000183    2.587683 v c[13] (out)
                                              2.587683   data arrival time

                      0.000000    0.000000    0.000000   clock clk (rise edge)
                                  0.000000    0.000000   clock network delay (ideal)
                                  0.250000    0.250000   clock uncertainty
                                  0.000000    0.250000   clock reconvergence pessimism
                                 -2.000000   -1.750000   output external delay
                                             -1.750000   data required time
---------------------------------------------------------------------------------------------
                                             -1.750000   data required time
                                             -2.587683   data arrival time
---------------------------------------------------------------------------------------------
                                              4.337683   slack (MET)


Startpoint: b[16] (input port clocked by clk)
Endpoint: c[17] (output port clocked by clk)
Path Group: clk
Path Type: min

Fanout         Cap        Slew       Delay        Time   Description
---------------------------------------------------------------------------------------------
                      0.000000    0.000000    0.000000   clock clk (rise edge)
                                  0.000000    0.000000   clock network delay (ideal)
                                  2.000000    2.000000 ^ input external delay
     1    0.002722    0.019400    0.010027    2.010027 ^ b[16] (in)
                                                         b[16] (net)
                      0.019400    0.000000    2.010027 ^ input40/A (sky130_fd_sc_hd__clkbuf_1)
     2    0.007800    0.099792    0.111502    2.121529 ^ input40/X (sky130_fd_sc_hd__clkbuf_1)
                                                         net40 (net)
                      0.099792    0.000158    2.121687 ^ _238_/B (sky130_fd_sc_hd__nand2_1)
     3    0.010019    0.079605    0.102302    2.223988 v _238_/Y (sky130_fd_sc_hd__nand2_1)
                                                         _068_ (net)
                      0.079605    0.000099    2.224087 v _244_/B1 (sky130_fd_sc_hd__o21ai_1)
     1    0.005018    0.101845    0.104000    2.328088 ^ _244_/Y (sky130_fd_sc_hd__o21ai_1)
                                                         _073_ (net)
                      0.101845    0.000046    2.328133 ^ _245_/B (sky130_fd_sc_hd__xnor2_1)
     1    0.004871    0.050204    0.083102    2.411236 v _245_/Y (sky130_fd_sc_hd__xnor2_1)
                                                         net73 (net)
                      0.050204    0.000100    2.411335 v output73/A (sky130_fd_sc_hd__buf_2)
     1    0.034141    0.089019    0.182430    2.593766 v output73/X (sky130_fd_sc_hd__buf_2)
                                                         c[17] (net)
                      0.089019    0.000251    2.594017 v c[17] (out)
                                              2.594017   data arrival time

                      0.000000    0.000000    0.000000   clock clk (rise edge)
                                  0.000000    0.000000   clock network delay (ideal)
                                  0.250000    0.250000   clock uncertainty
                                  0.000000    0.250000   clock reconvergence pessimism
                                 -2.000000   -1.750000   output external delay
                                             -1.750000   data required time
---------------------------------------------------------------------------------------------
                                             -1.750000   data required time
                                             -2.594017   data arrival time
---------------------------------------------------------------------------------------------
                                              4.344017   slack (MET)


Startpoint: b[18] (input port clocked by clk)
Endpoint: c[18] (output port clocked by clk)
Path Group: clk
Path Type: min

Fanout         Cap        Slew       Delay        Time   Description
---------------------------------------------------------------------------------------------
                      0.000000    0.000000    0.000000   clock clk (rise edge)
                                  0.000000    0.000000   clock network delay (ideal)
                                  2.000000    2.000000 ^ input external delay
     1    0.002712    0.019355    0.009988    2.009988 ^ b[18] (in)
                                                         b[18] (net)
                      0.019355    0.000000    2.009988 ^ input42/A (sky130_fd_sc_hd__clkbuf_1)
     2    0.006739    0.087885    0.103075    2.113063 ^ input42/X (sky130_fd_sc_hd__clkbuf_1)
                                                         net42 (net)
                      0.087885    0.000106    2.113169 ^ _247_/B (sky130_fd_sc_hd__nand2_1)
     3    0.008582    0.070059    0.091053    2.204222 v _247_/Y (sky130_fd_sc_hd__nand2_1)
                                                         _075_ (net)
                      0.070059    0.000070    2.204292 v _248_/B (sky130_fd_sc_hd__nand2_1)
     2    0.007826    0.080580    0.103673    2.307965 ^ _248_/Y (sky130_fd_sc_hd__nand2_1)
                                                         _076_ (net)
                      0.080580    0.000075    2.308040 ^ _251_/A (sky130_fd_sc_hd__xnor2_1)
     1    0.006985    0.063299    0.097557    2.405598 v _251_/Y (sky130_fd_sc_hd__xnor2_1)
                                                         net74 (net)
                      0.063299    0.000211    2.405809 v output74/A (sky130_fd_sc_hd__buf_2)
     1    0.034332    0.089468    0.188590    2.594399 v output74/X (sky130_fd_sc_hd__buf_2)
                                                         c[18] (net)
                      0.089468    0.000357    2.594756 v c[18] (out)
                                              2.594756   data arrival time

                      0.000000    0.000000    0.000000   clock clk (rise edge)
                                  0.000000    0.000000   clock network delay (ideal)
                                  0.250000    0.250000   clock uncertainty
                                  0.000000    0.250000   clock reconvergence pessimism
                                 -2.000000   -1.750000   output external delay
                                             -1.750000   data required time
---------------------------------------------------------------------------------------------
                                             -1.750000   data required time
                                             -2.594756   data arrival time
---------------------------------------------------------------------------------------------
                                              4.344756   slack (MET)


Startpoint: a[14] (input port clocked by clk)
Endpoint: c[15] (output port clocked by clk)
Path Group: clk
Path Type: min

Fanout         Cap        Slew       Delay        Time   Description
---------------------------------------------------------------------------------------------
                      0.000000    0.000000    0.000000   clock clk (rise edge)
                                  0.000000    0.000000   clock network delay (ideal)
                                  2.000000    2.000000 ^ input external delay
     1    0.002870    0.020033    0.010542    2.010542 ^ a[14] (in)
                                                         a[14] (net)
                      0.020033    0.000000    2.010542 ^ input6/A (sky130_fd_sc_hd__buf_1)
     3    0.008873    0.111861    0.120241    2.130783 ^ input6/X (sky130_fd_sc_hd__buf_1)
                                                         net6 (net)
                      0.111861    0.000126    2.130909 ^ _222_/A (sky130_fd_sc_hd__nand2_1)
     2    0.009574    0.077068    0.102314    2.233223 v _222_/Y (sky130_fd_sc_hd__nand2_1)
                                                         _054_ (net)
                      0.077068    0.000260    2.233483 v _227_/B1 (sky130_fd_sc_hd__o21ai_1)
     1    0.005185    0.103636    0.104374    2.337857 ^ _227_/Y (sky130_fd_sc_hd__o21ai_1)
                                                         _058_ (net)
                      0.103636    0.000052    2.337909 ^ _228_/B (sky130_fd_sc_hd__xnor2_1)
     1    0.003529    0.041524    0.075445    2.413354 v _228_/Y (sky130_fd_sc_hd__xnor2_1)
                                                         net71 (net)
                      0.041524    0.000048    2.413402 v output71/A (sky130_fd_sc_hd__clkbuf_4)
     1    0.034431    0.079853    0.181418    2.594820 v output71/X (sky130_fd_sc_hd__clkbuf_4)
                                                         c[15] (net)
                      0.079854    0.000392    2.595212 v c[15] (out)
                                              2.595212   data arrival time

                      0.000000    0.000000    0.000000   clock clk (rise edge)
                                  0.000000    0.000000   clock network delay (ideal)
                                  0.250000    0.250000   clock uncertainty
                                  0.000000    0.250000   clock reconvergence pessimism
                                 -2.000000   -1.750000   output external delay
                                             -1.750000   data required time
---------------------------------------------------------------------------------------------
                                             -1.750000   data required time
                                             -2.595212   data arrival time
---------------------------------------------------------------------------------------------
                                              4.345212   slack (MET)


Startpoint: b[4] (input port clocked by clk)
Endpoint: c[4] (output port clocked by clk)
Path Group: clk
Path Type: min

Fanout         Cap        Slew       Delay        Time   Description
---------------------------------------------------------------------------------------------
                      0.000000    0.000000    0.000000   clock clk (rise edge)
                                  0.000000    0.000000   clock network delay (ideal)
                                  2.000000    2.000000 ^ input external delay
     1    0.002778    0.019640    0.010222    2.010222 ^ b[4] (in)
                                                         b[4] (net)
                      0.019640    0.000000    2.010222 ^ input59/A (sky130_fd_sc_hd__buf_1)
     3    0.013990    0.169942    0.160261    2.170483 ^ input59/X (sky130_fd_sc_hd__buf_1)
                                                         net59 (net)
                      0.169943    0.000275    2.170758 ^ _170_/B (sky130_fd_sc_hd__xor2_1)
     2    0.006147    0.049683    0.109095    2.279854 v _170_/X (sky130_fd_sc_hd__xor2_1)
                                                         _003_ (net)
                      0.049683    0.000077    2.279931 v _342_/A (sky130_fd_sc_hd__nor2_1)
     1    0.003343    0.084305    0.104863    2.384794 ^ _342_/Y (sky130_fd_sc_hd__nor2_1)
                                                         _152_ (net)
                      0.084305    0.000040    2.384834 ^ _343_/B (sky130_fd_sc_hd__nor2_1)
     1    0.003457    0.030747    0.048501    2.433335 v _343_/Y (sky130_fd_sc_hd__nor2_1)
                                                         net91 (net)
                      0.030747    0.000053    2.433388 v output91/A (sky130_fd_sc_hd__buf_2)
     1    0.033917    0.088638    0.173698    2.607086 v output91/X (sky130_fd_sc_hd__buf_2)
                                                         c[4] (net)
                      0.088638    0.000166    2.607252 v c[4] (out)
                                              2.607252   data arrival time

                      0.000000    0.000000    0.000000   clock clk (rise edge)
                                  0.000000    0.000000   clock network delay (ideal)
                                  0.250000    0.250000   clock uncertainty
                                  0.000000    0.250000   clock reconvergence pessimism
                                 -2.000000   -1.750000   output external delay
                                             -1.750000   data required time
---------------------------------------------------------------------------------------------
                                             -1.750000   data required time
                                             -2.607252   data arrival time
---------------------------------------------------------------------------------------------
                                              4.357252   slack (MET)


Startpoint: a[28] (input port clocked by clk)
Endpoint: c[29] (output port clocked by clk)
Path Group: clk
Path Type: min

Fanout         Cap        Slew       Delay        Time   Description
---------------------------------------------------------------------------------------------
                      0.000000    0.000000    0.000000   clock clk (rise edge)
                                  0.000000    0.000000   clock network delay (ideal)
                                  2.000000    2.000000 ^ input external delay
     1    0.002802    0.019739    0.010304    2.010303 ^ a[28] (in)
                                                         a[28] (net)
                      0.019739    0.000000    2.010303 ^ input21/A (sky130_fd_sc_hd__clkbuf_1)
     2    0.004875    0.066977    0.088419    2.098722 ^ input21/X (sky130_fd_sc_hd__clkbuf_1)
                                                         net21 (net)
                      0.066977    0.000066    2.098788 ^ _312_/A (sky130_fd_sc_hd__nand2_1)
     2    0.007697    0.063193    0.076888    2.175676 v _312_/Y (sky130_fd_sc_hd__nand2_1)
                                                         _130_ (net)
                      0.063193    0.000087    2.175762 v _313_/A (sky130_fd_sc_hd__inv_2)
     2    0.008042    0.045360    0.064917    2.240680 ^ _313_/Y (sky130_fd_sc_hd__inv_2)
                                                         _131_ (net)
                      0.045360    0.000054    2.240734 ^ _323_/B1 (sky130_fd_sc_hd__a21o_1)
     1    0.005801    0.058634    0.093625    2.334359 ^ _323_/X (sky130_fd_sc_hd__a21o_1)
                                                         _140_ (net)
                      0.058634    0.000076    2.334435 ^ _324_/B (sky130_fd_sc_hd__xnor2_1)
     1    0.008281    0.070808    0.088943    2.423378 v _324_/Y (sky130_fd_sc_hd__xnor2_1)
                                                         net86 (net)
                      0.070835    0.000305    2.423683 v output86/A (sky130_fd_sc_hd__buf_2)
     1    0.034095    0.088914    0.191667    2.615350 v output86/X (sky130_fd_sc_hd__buf_2)
                                                         c[29] (net)
                      0.088914    0.000242    2.615592 v c[29] (out)
                                              2.615592   data arrival time

                      0.000000    0.000000    0.000000   clock clk (rise edge)
                                  0.000000    0.000000   clock network delay (ideal)
                                  0.250000    0.250000   clock uncertainty
                                  0.000000    0.250000   clock reconvergence pessimism
                                 -2.000000   -1.750000   output external delay
                                             -1.750000   data required time
---------------------------------------------------------------------------------------------
                                             -1.750000   data required time
                                             -2.615592   data arrival time
---------------------------------------------------------------------------------------------
                                              4.365592   slack (MET)


Startpoint: a[14] (input port clocked by clk)
Endpoint: c[14] (output port clocked by clk)
Path Group: clk
Path Type: min

Fanout         Cap        Slew       Delay        Time   Description
---------------------------------------------------------------------------------------------
                      0.000000    0.000000    0.000000   clock clk (rise edge)
                                  0.000000    0.000000   clock network delay (ideal)
                                  2.000000    2.000000 ^ input external delay
     1    0.002870    0.020033    0.010542    2.010542 ^ a[14] (in)
                                                         a[14] (net)
                      0.020033    0.000000    2.010542 ^ input6/A (sky130_fd_sc_hd__buf_1)
     3    0.008873    0.111861    0.120241    2.130783 ^ input6/X (sky130_fd_sc_hd__buf_1)
                                                         net6 (net)
                      0.111861    0.000126    2.130909 ^ _222_/A (sky130_fd_sc_hd__nand2_1)
     2    0.009574    0.077068    0.102314    2.233223 v _222_/Y (sky130_fd_sc_hd__nand2_1)
                                                         _054_ (net)
                      0.077068    0.000278    2.233500 v _223_/B (sky130_fd_sc_hd__nand2_1)
     3    0.010731    0.105715    0.124675    2.358176 ^ _223_/Y (sky130_fd_sc_hd__nand2_1)
                                                         _055_ (net)
                      0.105716    0.000163    2.358339 ^ _225_/A (sky130_fd_sc_hd__xor2_1)
     1    0.004114    0.041288    0.082701    2.441040 v _225_/X (sky130_fd_sc_hd__xor2_1)
                                                         net70 (net)
                      0.041288    0.000066    2.441106 v output70/A (sky130_fd_sc_hd__clkbuf_4)
     1    0.034433    0.079859    0.181318    2.622424 v output70/X (sky130_fd_sc_hd__clkbuf_4)
                                                         c[14] (net)
                      0.079860    0.000392    2.622816 v c[14] (out)
                                              2.622816   data arrival time

                      0.000000    0.000000    0.000000   clock clk (rise edge)
                                  0.000000    0.000000   clock network delay (ideal)
                                  0.250000    0.250000   clock uncertainty
                                  0.000000    0.250000   clock reconvergence pessimism
                                 -2.000000   -1.750000   output external delay
                                             -1.750000   data required time
---------------------------------------------------------------------------------------------
                                             -1.750000   data required time
                                             -2.622816   data arrival time
---------------------------------------------------------------------------------------------
                                              4.372816   slack (MET)


Startpoint: a[10] (input port clocked by clk)
Endpoint: c[11] (output port clocked by clk)
Path Group: clk
Path Type: min

Fanout         Cap        Slew       Delay        Time   Description
---------------------------------------------------------------------------------------------
                      0.000000    0.000000    0.000000   clock clk (rise edge)
                                  0.000000    0.000000   clock network delay (ideal)
                                  2.000000    2.000000 ^ input external delay
     1    0.002974    0.020482    0.010914    2.010914 ^ a[10] (in)
                                                         a[10] (net)
                      0.020482    0.000000    2.010914 ^ input2/A (sky130_fd_sc_hd__clkbuf_1)
     2    0.005381    0.072637    0.092689    2.103603 ^ input2/X (sky130_fd_sc_hd__clkbuf_1)
                                                         net2 (net)
                      0.072637    0.000072    2.103676 ^ _206_/A (sky130_fd_sc_hd__nand2_1)
     3    0.016164    0.119844    0.121874    2.225550 v _206_/Y (sky130_fd_sc_hd__nand2_1)
                                                         _039_ (net)
                      0.119846    0.000493    2.226043 v _357_/B1 (sky130_fd_sc_hd__o21ai_1)
     1    0.004958    0.106869    0.121698    2.347741 ^ _357_/Y (sky130_fd_sc_hd__o21ai_1)
                                                         _160_ (net)
                      0.106869    0.000023    2.347764 ^ _358_/B (sky130_fd_sc_hd__xnor2_1)
     1    0.007034    0.064291    0.096946    2.444710 v _358_/Y (sky130_fd_sc_hd__xnor2_1)
                                                         net67 (net)
                      0.064291    0.000224    2.444934 v output67/A (sky130_fd_sc_hd__buf_2)
     1    0.034257    0.089303    0.188910    2.633844 v output67/X (sky130_fd_sc_hd__buf_2)
                                                         c[11] (net)
                      0.089303    0.000345    2.634189 v c[11] (out)
                                              2.634189   data arrival time

                      0.000000    0.000000    0.000000   clock clk (rise edge)
                                  0.000000    0.000000   clock network delay (ideal)
                                  0.250000    0.250000   clock uncertainty
                                  0.000000    0.250000   clock reconvergence pessimism
                                 -2.000000   -1.750000   output external delay
                                             -1.750000   data required time
---------------------------------------------------------------------------------------------
                                             -1.750000   data required time
                                             -2.634189   data arrival time
---------------------------------------------------------------------------------------------
                                              4.384189   slack (MET)


Startpoint: a[10] (input port clocked by clk)
Endpoint: c[10] (output port clocked by clk)
Path Group: clk
Path Type: min

Fanout         Cap        Slew       Delay        Time   Description
---------------------------------------------------------------------------------------------
                      0.000000    0.000000    0.000000   clock clk (rise edge)
                                  0.000000    0.000000   clock network delay (ideal)
                                  2.000000    2.000000 ^ input external delay
     1    0.002974    0.020482    0.010914    2.010914 ^ a[10] (in)
                                                         a[10] (net)
                      0.020482    0.000000    2.010914 ^ input2/A (sky130_fd_sc_hd__clkbuf_1)
     2    0.005381    0.072637    0.092689    2.103603 ^ input2/X (sky130_fd_sc_hd__clkbuf_1)
                                                         net2 (net)
                      0.072637    0.000072    2.103676 ^ _206_/A (sky130_fd_sc_hd__nand2_1)
     3    0.016164    0.119844    0.121874    2.225550 v _206_/Y (sky130_fd_sc_hd__nand2_1)
                                                         _039_ (net)
                      0.119844    0.000232    2.225782 v _208_/A (sky130_fd_sc_hd__nand2_2)
     4    0.019722    0.111448    0.140465    2.366247 ^ _208_/Y (sky130_fd_sc_hd__nand2_2)
                                                         _041_ (net)
                      0.111489    0.000473    2.366720 ^ _356_/A (sky130_fd_sc_hd__xor2_1)
     1    0.005807    0.048240    0.093618    2.460338 v _356_/X (sky130_fd_sc_hd__xor2_1)
                                                         net66 (net)
                      0.048240    0.000155    2.460493 v output66/A (sky130_fd_sc_hd__buf_2)
     1    0.034264    0.089341    0.181740    2.642232 v output66/X (sky130_fd_sc_hd__buf_2)
                                                         c[10] (net)
                      0.089342    0.000345    2.642577 v c[10] (out)
                                              2.642577   data arrival time

                      0.000000    0.000000    0.000000   clock clk (rise edge)
                                  0.000000    0.000000   clock network delay (ideal)
                                  0.250000    0.250000   clock uncertainty
                                  0.000000    0.250000   clock reconvergence pessimism
                                 -2.000000   -1.750000   output external delay
                                             -1.750000   data required time
---------------------------------------------------------------------------------------------
                                             -1.750000   data required time
                                             -2.642577   data arrival time
---------------------------------------------------------------------------------------------
                                              4.392577   slack (MET)


Startpoint: a[5] (input port clocked by clk)
Endpoint: c[6] (output port clocked by clk)
Path Group: clk
Path Type: min

Fanout         Cap        Slew       Delay        Time   Description
---------------------------------------------------------------------------------------------
                      0.000000    0.000000    0.000000   clock clk (rise edge)
                                  0.000000    0.000000   clock network delay (ideal)
                                  2.000000    2.000000 ^ input external delay
     1    0.002764    0.019580    0.010173    2.010173 ^ a[5] (in)
                                                         a[5] (net)
                      0.019580    0.000000    2.010173 ^ input28/A (sky130_fd_sc_hd__buf_1)
     3    0.007650    0.098050    0.110467    2.120640 ^ input28/X (sky130_fd_sc_hd__buf_1)
                                                         net28 (net)
                      0.098050    0.000038    2.120678 ^ _186_/A (sky130_fd_sc_hd__or2_1)
     3    0.006508    0.071623    0.132206    2.252884 ^ _186_/X (sky130_fd_sc_hd__or2_1)
                                                         _019_ (net)
                      0.071623    0.000052    2.252936 ^ _346_/C1 (sky130_fd_sc_hd__o211a_1)
     2    0.007590    0.076027    0.167155    2.420092 ^ _346_/X (sky130_fd_sc_hd__o211a_1)
                                                         _154_ (net)
                      0.076027    0.000101    2.420192 ^ _348_/A (sky130_fd_sc_hd__nor2_1)
     1    0.002814    0.030157    0.049677    2.469869 v _348_/Y (sky130_fd_sc_hd__nor2_1)
                                                         net93 (net)
                      0.030157    0.000034    2.469904 v output93/A (sky130_fd_sc_hd__buf_2)
     1    0.033912    0.088630    0.173435    2.643338 v output93/X (sky130_fd_sc_hd__buf_2)
                                                         c[6] (net)
                      0.088630    0.000166    2.643504 v c[6] (out)
                                              2.643504   data arrival time

                      0.000000    0.000000    0.000000   clock clk (rise edge)
                                  0.000000    0.000000   clock network delay (ideal)
                                  0.250000    0.250000   clock uncertainty
                                  0.000000    0.250000   clock reconvergence pessimism
                                 -2.000000   -1.750000   output external delay
                                             -1.750000   data required time
---------------------------------------------------------------------------------------------
                                             -1.750000   data required time
                                             -2.643504   data arrival time
---------------------------------------------------------------------------------------------
                                              4.393504   slack (MET)


Startpoint: b[26] (input port clocked by clk)
Endpoint: c[26] (output port clocked by clk)
Path Group: clk
Path Type: min

Fanout         Cap        Slew       Delay        Time   Description
---------------------------------------------------------------------------------------------
                      0.000000    0.000000    0.000000   clock clk (rise edge)
                                  0.000000    0.000000   clock network delay (ideal)
                                  2.000000    2.000000 v input external delay
     1    0.002625    0.008228    0.004124    2.004124 v b[26] (in)
                                                         b[26] (net)
                      0.008228    0.000000    2.004124 v input51/A (sky130_fd_sc_hd__clkbuf_1)
     2    0.004986    0.037815    0.082435    2.086559 v input51/X (sky130_fd_sc_hd__clkbuf_1)
                                                         net51 (net)
                      0.037815    0.000060    2.086619 v _298_/B (sky130_fd_sc_hd__nor2_1)
     2    0.007398    0.150467    0.136019    2.222638 ^ _298_/Y (sky130_fd_sc_hd__nor2_1)
                                                         _118_ (net)
                      0.150467    0.000044    2.222682 ^ _301_/A (sky130_fd_sc_hd__or2_1)
     2    0.007261    0.078241    0.151260    2.373942 ^ _301_/X (sky130_fd_sc_hd__or2_1)
                                                         _121_ (net)
                      0.078241    0.000035    2.373977 ^ _305_/A (sky130_fd_sc_hd__xnor2_1)
     1    0.005661    0.055238    0.089455    2.463432 v _305_/Y (sky130_fd_sc_hd__xnor2_1)
                                                         net83 (net)
                      0.055238    0.000135    2.463567 v output83/A (sky130_fd_sc_hd__buf_2)
     1    0.034046    0.088773    0.184514    2.648080 v output83/X (sky130_fd_sc_hd__buf_2)
                                                         c[26] (net)
                      0.088773    0.000200    2.648280 v c[26] (out)
                                              2.648280   data arrival time

                      0.000000    0.000000    0.000000   clock clk (rise edge)
                                  0.000000    0.000000   clock network delay (ideal)
                                  0.250000    0.250000   clock uncertainty
                                  0.000000    0.250000   clock reconvergence pessimism
                                 -2.000000   -1.750000   output external delay
                                             -1.750000   data required time
---------------------------------------------------------------------------------------------
                                             -1.750000   data required time
                                             -2.648280   data arrival time
---------------------------------------------------------------------------------------------
                                              4.398280   slack (MET)


Startpoint: b[16] (input port clocked by clk)
Endpoint: c[16] (output port clocked by clk)
Path Group: clk
Path Type: min

Fanout         Cap        Slew       Delay        Time   Description
---------------------------------------------------------------------------------------------
                      0.000000    0.000000    0.000000   clock clk (rise edge)
                                  0.000000    0.000000   clock network delay (ideal)
                                  2.000000    2.000000 ^ input external delay
     1    0.002722    0.019400    0.010027    2.010027 ^ b[16] (in)
                                                         b[16] (net)
                      0.019400    0.000000    2.010027 ^ input40/A (sky130_fd_sc_hd__clkbuf_1)
     2    0.007800    0.099792    0.111502    2.121529 ^ input40/X (sky130_fd_sc_hd__clkbuf_1)
                                                         net40 (net)
                      0.099792    0.000158    2.121687 ^ _238_/B (sky130_fd_sc_hd__nand2_1)
     3    0.010019    0.079605    0.102302    2.223988 v _238_/Y (sky130_fd_sc_hd__nand2_1)
                                                         _068_ (net)
                      0.079605    0.000052    2.224040 v _239_/B (sky130_fd_sc_hd__nand2_1)
     4    0.015600    0.147805    0.155560    2.379600 ^ _239_/Y (sky130_fd_sc_hd__nand2_1)
                                                         _069_ (net)
                      0.147805    0.000168    2.379767 ^ _240_/B (sky130_fd_sc_hd__xor2_1)
     1    0.004748    0.043883    0.095308    2.475075 v _240_/X (sky130_fd_sc_hd__xor2_1)
                                                         net72 (net)
                      0.043883    0.000094    2.475169 v output72/A (sky130_fd_sc_hd__buf_2)
     1    0.034016    0.088773    0.179516    2.654686 v output72/X (sky130_fd_sc_hd__buf_2)
                                                         c[16] (net)
                      0.088773    0.000200    2.654886 v c[16] (out)
                                              2.654886   data arrival time

                      0.000000    0.000000    0.000000   clock clk (rise edge)
                                  0.000000    0.000000   clock network delay (ideal)
                                  0.250000    0.250000   clock uncertainty
                                  0.000000    0.250000   clock reconvergence pessimism
                                 -2.000000   -1.750000   output external delay
                                             -1.750000   data required time
---------------------------------------------------------------------------------------------
                                             -1.750000   data required time
                                             -2.654886   data arrival time
---------------------------------------------------------------------------------------------
                                              4.404885   slack (MET)


Startpoint: b[20] (input port clocked by clk)
Endpoint: c[20] (output port clocked by clk)
Path Group: clk
Path Type: min

Fanout         Cap        Slew       Delay        Time   Description
---------------------------------------------------------------------------------------------
                      0.000000    0.000000    0.000000   clock clk (rise edge)
                                  0.000000    0.000000   clock network delay (ideal)
                                  2.000000    2.000000 ^ input external delay
     1    0.002729    0.019430    0.010052    2.010051 ^ b[20] (in)
                                                         b[20] (net)
                      0.019430    0.000000    2.010051 ^ input45/A (sky130_fd_sc_hd__clkbuf_1)
     2    0.007639    0.097982    0.110231    2.120283 ^ input45/X (sky130_fd_sc_hd__clkbuf_1)
                                                         net45 (net)
                      0.097982    0.000156    2.120439 ^ _257_/B (sky130_fd_sc_hd__or2_1)
     1    0.002902    0.040761    0.106158    2.226597 ^ _257_/X (sky130_fd_sc_hd__or2_1)
                                                         _083_ (net)
                      0.040761    0.000017    2.226614 ^ _259_/A (sky130_fd_sc_hd__nand2_1)
     3    0.006513    0.053862    0.062057    2.288671 v _259_/Y (sky130_fd_sc_hd__nand2_1)
                                                         _085_ (net)
                      0.053862    0.000050    2.288722 v _265_/A (sky130_fd_sc_hd__nand2_1)
     1    0.001836    0.031003    0.051275    2.339997 ^ _265_/Y (sky130_fd_sc_hd__nand2_1)
                                                         _091_ (net)
                      0.031003    0.000009    2.340005 ^ _266_/B (sky130_fd_sc_hd__and2_1)
     1    0.004702    0.062147    0.123953    2.463958 ^ _266_/X (sky130_fd_sc_hd__and2_1)
                                                         net77 (net)
                      0.062147    0.000075    2.464033 ^ output77/A (sky130_fd_sc_hd__buf_2)
     1    0.034102    0.169388    0.204147    2.668180 ^ output77/X (sky130_fd_sc_hd__buf_2)
                                                         c[20] (net)
                      0.169388    0.000243    2.668423 ^ c[20] (out)
                                              2.668423   data arrival time

                      0.000000    0.000000    0.000000   clock clk (rise edge)
                                  0.000000    0.000000   clock network delay (ideal)
                                  0.250000    0.250000   clock uncertainty
                                  0.000000    0.250000   clock reconvergence pessimism
                                 -2.000000   -1.750000   output external delay
                                             -1.750000   data required time
---------------------------------------------------------------------------------------------
                                             -1.750000   data required time
                                             -2.668423   data arrival time
---------------------------------------------------------------------------------------------
                                              4.418423   slack (MET)


Startpoint: a[12] (input port clocked by clk)
Endpoint: c[12] (output port clocked by clk)
Path Group: clk
Path Type: min

Fanout         Cap        Slew       Delay        Time   Description
---------------------------------------------------------------------------------------------
                      0.000000    0.000000    0.000000   clock clk (rise edge)
                                  0.000000    0.000000   clock network delay (ideal)
                                  2.000000    2.000000 ^ input external delay
     1    0.002791    0.019695    0.010267    2.010267 ^ a[12] (in)
                                                         a[12] (net)
                      0.019695    0.000000    2.010267 ^ input4/A (sky130_fd_sc_hd__clkbuf_1)
     2    0.007144    0.092475    0.106378    2.116645 ^ input4/X (sky130_fd_sc_hd__clkbuf_1)
                                                         net4 (net)
                      0.092475    0.000163    2.116808 ^ _167_/A (sky130_fd_sc_hd__nand2_1)
     4    0.012615    0.096929    0.110961    2.227770 v _167_/Y (sky130_fd_sc_hd__nand2_1)
                                                         _000_ (net)
                      0.096929    0.000124    2.227894 v _169_/A (sky130_fd_sc_hd__nand2_1)
     3    0.015925    0.151339    0.158470    2.386364 ^ _169_/Y (sky130_fd_sc_hd__nand2_1)
                                                         _002_ (net)
                      0.151340    0.000353    2.386717 ^ _359_/A (sky130_fd_sc_hd__xnor2_1)
     1    0.005892    0.054176    0.110221    2.496938 v _359_/Y (sky130_fd_sc_hd__xnor2_1)
                                                         net68 (net)
                      0.054176    0.000149    2.497087 v output68/A (sky130_fd_sc_hd__buf_2)
     1    0.033922    0.088490    0.183827    2.680914 v output68/X (sky130_fd_sc_hd__buf_2)
                                                         c[12] (net)
                      0.088490    0.000166    2.681079 v c[12] (out)
                                              2.681079   data arrival time

                      0.000000    0.000000    0.000000   clock clk (rise edge)
                                  0.000000    0.000000   clock network delay (ideal)
                                  0.250000    0.250000   clock uncertainty
                                  0.000000    0.250000   clock reconvergence pessimism
                                 -2.000000   -1.750000   output external delay
                                             -1.750000   data required time
---------------------------------------------------------------------------------------------
                                             -1.750000   data required time
                                             -2.681079   data arrival time
---------------------------------------------------------------------------------------------
                                              4.431080   slack (MET)


Startpoint: b[8] (input port clocked by clk)
Endpoint: c[8] (output port clocked by clk)
Path Group: clk
Path Type: min

Fanout         Cap        Slew       Delay        Time   Description
---------------------------------------------------------------------------------------------
                      0.000000    0.000000    0.000000   clock clk (rise edge)
                                  0.000000    0.000000   clock network delay (ideal)
                                  2.000000    2.000000 ^ input external delay
     1    0.002819    0.019813    0.010364    2.010364 ^ b[8] (in)
                                                         b[8] (net)
                      0.019813    0.000000    2.010364 ^ input63/A (sky130_fd_sc_hd__clkbuf_1)
     2    0.006634    0.086712    0.102389    2.112753 ^ input63/X (sky130_fd_sc_hd__clkbuf_1)
                                                         net63 (net)
                      0.086712    0.000134    2.112887 ^ _203_/B (sky130_fd_sc_hd__or2_1)
     1    0.002010    0.033522    0.096296    2.209183 ^ _203_/X (sky130_fd_sc_hd__or2_1)
                                                         _036_ (net)
                      0.033522    0.000018    2.209201 ^ _204_/B (sky130_fd_sc_hd__and2_1)
     2    0.007577    0.090260    0.144414    2.353615 ^ _204_/X (sky130_fd_sc_hd__and2_1)
                                                         _037_ (net)
                      0.090260    0.000025    2.353640 ^ _205_/A (sky130_fd_sc_hd__inv_2)
     2    0.008902    0.034108    0.049706    2.403346 v _205_/Y (sky130_fd_sc_hd__inv_2)
                                                         _038_ (net)
                      0.034108    0.000097    2.403443 v _352_/B (sky130_fd_sc_hd__xnor2_1)
     1    0.004530    0.044544    0.122845    2.526288 v _352_/Y (sky130_fd_sc_hd__xnor2_1)
                                                         net95 (net)
                      0.044544    0.000071    2.526360 v output95/A (sky130_fd_sc_hd__buf_2)
     1    0.033916    0.088538    0.179641    2.706001 v output95/X (sky130_fd_sc_hd__buf_2)
                                                         c[8] (net)
                      0.088538    0.000166    2.706167 v c[8] (out)
                                              2.706167   data arrival time

                      0.000000    0.000000    0.000000   clock clk (rise edge)
                                  0.000000    0.000000   clock network delay (ideal)
                                  0.250000    0.250000   clock uncertainty
                                  0.000000    0.250000   clock reconvergence pessimism
                                 -2.000000   -1.750000   output external delay
                                             -1.750000   data required time
---------------------------------------------------------------------------------------------
                                             -1.750000   data required time
                                             -2.706167   data arrival time
---------------------------------------------------------------------------------------------
                                              4.456166   slack (MET)



