
===========================================================================
report_checks -path_delay min (Hold)
============================================================================
======================= min_ff_n40C_1v95 Corner ===================================

Startpoint: a[0] (input port clocked by clk)
Endpoint: c[1] (output port clocked by clk)
Path Group: clk
Path Type: min

Fanout         Cap        Slew       Delay        Time   Description
---------------------------------------------------------------------------------------------
                      0.000000    0.000000    0.000000   clock clk (rise edge)
                                  0.000000    0.000000   clock network delay (ideal)
                                  2.000000    2.000000 v input external delay
     1    0.002593    0.004428    0.002076    2.002076 v a[0] (in)
                                                         a[0] (net)
                      0.004428    0.000000    2.002076 v input1/A (sky130_fd_sc_hd__clkbuf_1)
     2    0.006222    0.030421    0.057501    2.059577 v input1/X (sky130_fd_sc_hd__clkbuf_1)
                                                         net1 (net)
                      0.030421    0.000098    2.059675 v _176_/A (sky130_fd_sc_hd__nand2_1)
     3    0.010474    0.076887    0.073357    2.133031 ^ _176_/Y (sky130_fd_sc_hd__nand2_1)
                                                         _009_ (net)
                      0.076887    0.000100    2.133131 ^ _336_/A (sky130_fd_sc_hd__xnor2_1)
     1    0.002878    0.023996    0.045187    2.178318 v _336_/Y (sky130_fd_sc_hd__xnor2_1)
                                                         net76 (net)
                      0.023996    0.000035    2.178353 v output76/A (sky130_fd_sc_hd__buf_2)
     1    0.034010    0.062203    0.114841    2.293194 v output76/X (sky130_fd_sc_hd__buf_2)
                                                         c[1] (net)
                      0.062203    0.000183    2.293377 v c[1] (out)
                                              2.293377   data arrival time

                      0.000000    0.000000    0.000000   clock clk (rise edge)
                                  0.000000    0.000000   clock network delay (ideal)
                                  0.250000    0.250000   clock uncertainty
                                  0.000000    0.250000   clock reconvergence pessimism
                                 -2.000000   -1.750000   output external delay
                                             -1.750000   data required time
---------------------------------------------------------------------------------------------
                                             -1.750000   data required time
                                             -2.293377   data arrival time
---------------------------------------------------------------------------------------------
                                              4.043377   slack (MET)


Startpoint: b[31] (input port clocked by clk)
Endpoint: c[31] (output port clocked by clk)
Path Group: clk
Path Type: min

Fanout         Cap        Slew       Delay        Time   Description
---------------------------------------------------------------------------------------------
                      0.000000    0.000000    0.000000   clock clk (rise edge)
                                  0.000000    0.000000   clock network delay (ideal)
                                  2.000000    2.000000 ^ input external delay
     1    0.002790    0.013882    0.007192    2.007192 ^ b[31] (in)
                                                         b[31] (net)
                      0.013882    0.000000    2.007192 ^ input57/A (sky130_fd_sc_hd__clkbuf_1)
     1    0.005008    0.050447    0.060744    2.067936 ^ input57/X (sky130_fd_sc_hd__clkbuf_1)
                                                         net57 (net)
                      0.050447    0.000047    2.067983 ^ _332_/B (sky130_fd_sc_hd__xor2_1)
     1    0.004976    0.031002    0.043313    2.111296 v _332_/X (sky130_fd_sc_hd__xor2_1)
                                                         _147_ (net)
                      0.031002    0.000047    2.111344 v _333_/B (sky130_fd_sc_hd__xnor2_1)
     1    0.002267    0.021609    0.073000    2.184344 v _333_/Y (sky130_fd_sc_hd__xnor2_1)
                                                         net89 (net)
                      0.021609    0.000022    2.184366 v output89/A (sky130_fd_sc_hd__buf_2)
     1    0.034095    0.062344    0.114014    2.298380 v output89/X (sky130_fd_sc_hd__buf_2)
                                                         c[31] (net)
                      0.062344    0.000242    2.298623 v c[31] (out)
                                              2.298623   data arrival time

                      0.000000    0.000000    0.000000   clock clk (rise edge)
                                  0.000000    0.000000   clock network delay (ideal)
                                  0.250000    0.250000   clock uncertainty
                                  0.000000    0.250000   clock reconvergence pessimism
                                 -2.000000   -1.750000   output external delay
                                             -1.750000   data required time
---------------------------------------------------------------------------------------------
                                             -1.750000   data required time
                                             -2.298623   data arrival time
---------------------------------------------------------------------------------------------
                                              4.048623   slack (MET)


Startpoint: a[7] (input port clocked by clk)
Endpoint: c[7] (output port clocked by clk)
Path Group: clk
Path Type: min

Fanout         Cap        Slew       Delay        Time   Description
---------------------------------------------------------------------------------------------
                      0.000000    0.000000    0.000000   clock clk (rise edge)
                                  0.000000    0.000000   clock network delay (ideal)
                                  2.000000    2.000000 ^ input external delay
     1    0.002793    0.013890    0.007199    2.007199 ^ a[7] (in)
                                                         a[7] (net)
                      0.013890    0.000000    2.007199 ^ input30/A (sky130_fd_sc_hd__clkbuf_1)
     2    0.004759    0.048359    0.059289    2.066489 ^ input30/X (sky130_fd_sc_hd__clkbuf_1)
                                                         net30 (net)
                      0.048359    0.000044    2.066533 ^ _188_/A (sky130_fd_sc_hd__nand2_1)
     3    0.007888    0.039605    0.045369    2.111902 v _188_/Y (sky130_fd_sc_hd__nand2_1)
                                                         _021_ (net)
                      0.039605    0.000061    2.111963 v _190_/A (sky130_fd_sc_hd__nand2_1)
     1    0.005153    0.042982    0.051846    2.163809 ^ _190_/Y (sky130_fd_sc_hd__nand2_1)
                                                         _023_ (net)
                      0.042982    0.000029    2.163838 ^ _350_/A (sky130_fd_sc_hd__xnor2_1)
     1    0.002760    0.021225    0.039692    2.203530 v _350_/Y (sky130_fd_sc_hd__xnor2_1)
                                                         net94 (net)
                      0.021225    0.000031    2.203561 v output94/A (sky130_fd_sc_hd__buf_2)
     1    0.033901    0.062023    0.113690    2.317251 v output94/X (sky130_fd_sc_hd__buf_2)
                                                         c[7] (net)
                      0.062023    0.000166    2.317416 v c[7] (out)
                                              2.317416   data arrival time

                      0.000000    0.000000    0.000000   clock clk (rise edge)
                                  0.000000    0.000000   clock network delay (ideal)
                                  0.250000    0.250000   clock uncertainty
                                  0.000000    0.250000   clock reconvergence pessimism
                                 -2.000000   -1.750000   output external delay
                                             -1.750000   data required time
---------------------------------------------------------------------------------------------
                                             -1.750000   data required time
                                             -2.317416   data arrival time
---------------------------------------------------------------------------------------------
                                              4.067416   slack (MET)


Startpoint: a[28] (input port clocked by clk)
Endpoint: c[28] (output port clocked by clk)
Path Group: clk
Path Type: min

Fanout         Cap        Slew       Delay        Time   Description
---------------------------------------------------------------------------------------------
                      0.000000    0.000000    0.000000   clock clk (rise edge)
                                  0.000000    0.000000   clock network delay (ideal)
                                  2.000000    2.000000 ^ input external delay
     1    0.002867    0.014154    0.007394    2.007394 ^ a[28] (in)
                                                         a[28] (net)
                      0.014154    0.000000    2.007394 ^ input21/A (sky130_fd_sc_hd__clkbuf_1)
     2    0.004984    0.050244    0.060670    2.068064 ^ input21/X (sky130_fd_sc_hd__clkbuf_1)
                                                         net21 (net)
                      0.050244    0.000067    2.068131 ^ _312_/A (sky130_fd_sc_hd__nand2_1)
     2    0.007705    0.039167    0.045227    2.113358 v _312_/Y (sky130_fd_sc_hd__nand2_1)
                                                         _130_ (net)
                      0.039167    0.000068    2.113426 v _314_/B (sky130_fd_sc_hd__nand2_1)
     1    0.005563    0.046675    0.058985    2.172411 ^ _314_/Y (sky130_fd_sc_hd__nand2_1)
                                                         _132_ (net)
                      0.046675    0.000069    2.172480 ^ _319_/A (sky130_fd_sc_hd__xnor2_1)
     1    0.003084    0.022888    0.041731    2.214211 v _319_/Y (sky130_fd_sc_hd__xnor2_1)
                                                         net85 (net)
                      0.022888    0.000032    2.214242 v output85/A (sky130_fd_sc_hd__buf_2)
     1    0.034035    0.062264    0.114391    2.328633 v output85/X (sky130_fd_sc_hd__buf_2)
                                                         c[28] (net)
                      0.062264    0.000242    2.328875 v c[28] (out)
                                              2.328875   data arrival time

                      0.000000    0.000000    0.000000   clock clk (rise edge)
                                  0.000000    0.000000   clock network delay (ideal)
                                  0.250000    0.250000   clock uncertainty
                                  0.000000    0.250000   clock reconvergence pessimism
                                 -2.000000   -1.750000   output external delay
                                             -1.750000   data required time
---------------------------------------------------------------------------------------------
                                             -1.750000   data required time
                                             -2.328875   data arrival time
---------------------------------------------------------------------------------------------
                                              4.078875   slack (MET)


Startpoint: a[30] (input port clocked by clk)
Endpoint: c[30] (output port clocked by clk)
Path Group: clk
Path Type: min

Fanout         Cap        Slew       Delay        Time   Description
---------------------------------------------------------------------------------------------
                      0.000000    0.000000    0.000000   clock clk (rise edge)
                                  0.000000    0.000000   clock network delay (ideal)
                                  2.000000    2.000000 ^ input external delay
     1    0.002822    0.013995    0.007276    2.007276 ^ a[30] (in)
                                                         a[30] (net)
                      0.013995    0.000000    2.007276 ^ input24/A (sky130_fd_sc_hd__clkbuf_1)
     2    0.005008    0.050443    0.060780    2.068056 ^ input24/X (sky130_fd_sc_hd__clkbuf_1)
                                                         net24 (net)
                      0.050443    0.000028    2.068085 ^ _325_/A (sky130_fd_sc_hd__nand2_1)
     2    0.005890    0.033856    0.039303    2.107388 v _325_/Y (sky130_fd_sc_hd__nand2_1)
                                                         _141_ (net)
                      0.033856    0.000055    2.107443 v _327_/A (sky130_fd_sc_hd__nand2_1)
     2    0.008243    0.062607    0.064122    2.171565 ^ _327_/Y (sky130_fd_sc_hd__nand2_1)
                                                         _143_ (net)
                      0.062607    0.000108    2.171673 ^ _330_/A (sky130_fd_sc_hd__xnor2_1)
     1    0.002720    0.023366    0.042789    2.214463 v _330_/Y (sky130_fd_sc_hd__xnor2_1)
                                                         net88 (net)
                      0.023366    0.000031    2.214494 v output88/A (sky130_fd_sc_hd__buf_2)
     1    0.034043    0.062259    0.114617    2.329111 v output88/X (sky130_fd_sc_hd__buf_2)
                                                         c[30] (net)
                      0.062259    0.000201    2.329312 v c[30] (out)
                                              2.329312   data arrival time

                      0.000000    0.000000    0.000000   clock clk (rise edge)
                                  0.000000    0.000000   clock network delay (ideal)
                                  0.250000    0.250000   clock uncertainty
                                  0.000000    0.250000   clock reconvergence pessimism
                                 -2.000000   -1.750000   output external delay
                                             -1.750000   data required time
---------------------------------------------------------------------------------------------
                                             -1.750000   data required time
                                             -2.329312   data arrival time
---------------------------------------------------------------------------------------------
                                              4.079312   slack (MET)


Startpoint: b[0] (input port clocked by clk)
Endpoint: c[0] (output port clocked by clk)
Path Group: clk
Path Type: min

Fanout         Cap        Slew       Delay        Time   Description
---------------------------------------------------------------------------------------------
                      0.000000    0.000000    0.000000   clock clk (rise edge)
                                  0.000000    0.000000   clock network delay (ideal)
                                  2.000000    2.000000 ^ input external delay
     1    0.002890    0.014236    0.007455    2.007455 ^ b[0] (in)
                                                         b[0] (net)
                      0.014236    0.000000    2.007455 ^ input33/A (sky130_fd_sc_hd__clkbuf_1)
     2    0.005740    0.056595    0.065115    2.072570 ^ input33/X (sky130_fd_sc_hd__clkbuf_1)
                                                         net33 (net)
                      0.056595    0.000076    2.072646 ^ _176_/B (sky130_fd_sc_hd__nand2_1)
     3    0.009863    0.047981    0.056888    2.129535 v _176_/Y (sky130_fd_sc_hd__nand2_1)
                                                         _009_ (net)
                      0.047981    0.000071    2.129606 v _335_/A (sky130_fd_sc_hd__and2_1)
     1    0.002354    0.022311    0.087490    2.217095 v _335_/X (sky130_fd_sc_hd__and2_1)
                                                         net65 (net)
                      0.022311    0.000024    2.217119 v output65/A (sky130_fd_sc_hd__buf_2)
     1    0.033922    0.062061    0.114101    2.331219 v output65/X (sky130_fd_sc_hd__buf_2)
                                                         c[0] (net)
                      0.062061    0.000166    2.331385 v c[0] (out)
                                              2.331385   data arrival time

                      0.000000    0.000000    0.000000   clock clk (rise edge)
                                  0.000000    0.000000   clock network delay (ideal)
                                  0.250000    0.250000   clock uncertainty
                                  0.000000    0.250000   clock reconvergence pessimism
                                 -2.000000   -1.750000   output external delay
                                             -1.750000   data required time
---------------------------------------------------------------------------------------------
                                             -1.750000   data required time
                                             -2.331385   data arrival time
---------------------------------------------------------------------------------------------
                                              4.081385   slack (MET)


Startpoint: b[3] (input port clocked by clk)
Endpoint: c[3] (output port clocked by clk)
Path Group: clk
Path Type: min

Fanout         Cap        Slew       Delay        Time   Description
---------------------------------------------------------------------------------------------
                      0.000000    0.000000    0.000000   clock clk (rise edge)
                                  0.000000    0.000000   clock network delay (ideal)
                                  2.000000    2.000000 v input external delay
     1    0.002696    0.004579    0.002167    2.002167 v b[3] (in)
                                                         b[3] (net)
                      0.004579    0.000000    2.002167 v input58/A (sky130_fd_sc_hd__buf_1)
     3    0.008855    0.039835    0.065740    2.067907 v input58/X (sky130_fd_sc_hd__buf_1)
                                                         net58 (net)
                      0.039835    0.000211    2.068118 v _182_/B (sky130_fd_sc_hd__nand2_1)
     2    0.006495    0.051655    0.063586    2.131704 ^ _182_/Y (sky130_fd_sc_hd__nand2_1)
                                                         _015_ (net)
                      0.051655    0.000052    2.131756 ^ _340_/B1 (sky130_fd_sc_hd__o211a_1)
     1    0.003049    0.028464    0.071547    2.203303 ^ _340_/X (sky130_fd_sc_hd__o211a_1)
                                                         _151_ (net)
                      0.028464    0.000029    2.203332 ^ _341_/B (sky130_fd_sc_hd__nor2_1)
     1    0.002454    0.014079    0.019752    2.223084 v _341_/Y (sky130_fd_sc_hd__nor2_1)
                                                         net90 (net)
                      0.014079    0.000025    2.223109 v output90/A (sky130_fd_sc_hd__buf_2)
     1    0.033947    0.062048    0.111211    2.334320 v output90/X (sky130_fd_sc_hd__buf_2)
                                                         c[3] (net)
                      0.062048    0.000174    2.334494 v c[3] (out)
                                              2.334494   data arrival time

                      0.000000    0.000000    0.000000   clock clk (rise edge)
                                  0.000000    0.000000   clock network delay (ideal)
                                  0.250000    0.250000   clock uncertainty
                                  0.000000    0.250000   clock reconvergence pessimism
                                 -2.000000   -1.750000   output external delay
                                             -1.750000   data required time
---------------------------------------------------------------------------------------------
                                             -1.750000   data required time
                                             -2.334494   data arrival time
---------------------------------------------------------------------------------------------
                                              4.084494   slack (MET)


Startpoint: a[27] (input port clocked by clk)
Endpoint: c[27] (output port clocked by clk)
Path Group: clk
Path Type: min

Fanout         Cap        Slew       Delay        Time   Description
---------------------------------------------------------------------------------------------
                      0.000000    0.000000    0.000000   clock clk (rise edge)
                                  0.000000    0.000000   clock network delay (ideal)
                                  2.000000    2.000000 ^ input external delay
     1    0.002859    0.014127    0.007374    2.007374 ^ a[27] (in)
                                                         a[27] (net)
                      0.014127    0.000000    2.007374 ^ input20/A (sky130_fd_sc_hd__clkbuf_1)
     2    0.004834    0.048987    0.059792    2.067166 ^ input20/X (sky130_fd_sc_hd__clkbuf_1)
                                                         net20 (net)
                      0.048987    0.000045    2.067211 ^ _307_/A (sky130_fd_sc_hd__nand2_1)
     2    0.006144    0.032905    0.039808    2.107019 v _307_/Y (sky130_fd_sc_hd__nand2_1)
                                                         _126_ (net)
                      0.032905    0.000042    2.107061 v _308_/B (sky130_fd_sc_hd__nand2_1)
     2    0.010761    0.078742    0.080349    2.187410 ^ _308_/Y (sky130_fd_sc_hd__nand2_1)
                                                         _127_ (net)
                      0.078744    0.000324    2.187734 ^ _310_/A (sky130_fd_sc_hd__xnor2_1)
     1    0.002112    0.018903    0.041758    2.229492 v _310_/Y (sky130_fd_sc_hd__xnor2_1)
                                                         net84 (net)
                      0.018903    0.000019    2.229511 v output84/A (sky130_fd_sc_hd__buf_2)
     1    0.034035    0.062238    0.112979    2.342490 v output84/X (sky130_fd_sc_hd__buf_2)
                                                         c[27] (net)
                      0.062238    0.000242    2.342733 v c[27] (out)
                                              2.342733   data arrival time

                      0.000000    0.000000    0.000000   clock clk (rise edge)
                                  0.000000    0.000000   clock network delay (ideal)
                                  0.250000    0.250000   clock uncertainty
                                  0.000000    0.250000   clock reconvergence pessimism
                                 -2.000000   -1.750000   output external delay
                                             -1.750000   data required time
---------------------------------------------------------------------------------------------
                                             -1.750000   data required time
                                             -2.342733   data arrival time
---------------------------------------------------------------------------------------------
                                              4.092732   slack (MET)


Startpoint: a[22] (input port clocked by clk)
Endpoint: c[23] (output port clocked by clk)
Path Group: clk
Path Type: min

Fanout         Cap        Slew       Delay        Time   Description
---------------------------------------------------------------------------------------------
                      0.000000    0.000000    0.000000   clock clk (rise edge)
                                  0.000000    0.000000   clock network delay (ideal)
                                  2.000000    2.000000 ^ input external delay
     1    0.002753    0.013750    0.007095    2.007095 ^ a[22] (in)
                                                         a[22] (net)
                      0.013750    0.000000    2.007095 ^ input15/A (sky130_fd_sc_hd__clkbuf_1)
     2    0.005179    0.051883    0.061702    2.068797 ^ input15/X (sky130_fd_sc_hd__clkbuf_1)
                                                         net15 (net)
                      0.051883    0.000070    2.068867 ^ _274_/A (sky130_fd_sc_hd__nand2_1)
     3    0.009594    0.046370    0.051837    2.120705 v _274_/Y (sky130_fd_sc_hd__nand2_1)
                                                         _098_ (net)
                      0.046370    0.000120    2.120825 v _282_/B1 (sky130_fd_sc_hd__o21ai_1)
     1    0.005400    0.062577    0.068707    2.189532 ^ _282_/Y (sky130_fd_sc_hd__o21ai_1)
                                                         _105_ (net)
                      0.062577    0.000059    2.189590 ^ _283_/B (sky130_fd_sc_hd__xnor2_1)
     1    0.003487    0.026204    0.040859    2.230450 v _283_/Y (sky130_fd_sc_hd__xnor2_1)
                                                         net80 (net)
                      0.026204    0.000053    2.230503 v output80/A (sky130_fd_sc_hd__buf_2)
     1    0.034010    0.062199    0.115736    2.346239 v output80/X (sky130_fd_sc_hd__buf_2)
                                                         c[23] (net)
                      0.062199    0.000171    2.346410 v c[23] (out)
                                              2.346410   data arrival time

                      0.000000    0.000000    0.000000   clock clk (rise edge)
                                  0.000000    0.000000   clock network delay (ideal)
                                  0.250000    0.250000   clock uncertainty
                                  0.000000    0.250000   clock reconvergence pessimism
                                 -2.000000   -1.750000   output external delay
                                             -1.750000   data required time
---------------------------------------------------------------------------------------------
                                             -1.750000   data required time
                                             -2.346410   data arrival time
---------------------------------------------------------------------------------------------
                                              4.096410   slack (MET)


Startpoint: a[25] (input port clocked by clk)
Endpoint: c[25] (output port clocked by clk)
Path Group: clk
Path Type: min

Fanout         Cap        Slew       Delay        Time   Description
---------------------------------------------------------------------------------------------
                      0.000000    0.000000    0.000000   clock clk (rise edge)
                                  0.000000    0.000000   clock network delay (ideal)
                                  2.000000    2.000000 ^ input external delay
     1    0.002821    0.013992    0.007276    2.007276 ^ a[25] (in)
                                                         a[25] (net)
                      0.013992    0.000000    2.007276 ^ input18/A (sky130_fd_sc_hd__clkbuf_1)
     2    0.005095    0.051178    0.061280    2.068556 ^ input18/X (sky130_fd_sc_hd__clkbuf_1)
                                                         net18 (net)
                      0.051178    0.000056    2.068612 ^ _294_/A (sky130_fd_sc_hd__nand2_1)
     2    0.005531    0.032746    0.038295    2.106906 v _294_/Y (sky130_fd_sc_hd__nand2_1)
                                                         _115_ (net)
                      0.032746    0.000028    2.106935 v _295_/B (sky130_fd_sc_hd__nand2_1)
     2    0.007987    0.061006    0.067558    2.174492 ^ _295_/Y (sky130_fd_sc_hd__nand2_1)
                                                         _116_ (net)
                      0.061006    0.000061    2.174553 ^ _297_/A (sky130_fd_sc_hd__xnor2_1)
     1    0.007220    0.040655    0.059619    2.234173 v _297_/Y (sky130_fd_sc_hd__xnor2_1)
                                                         net82 (net)
                      0.040655    0.000239    2.234411 v output82/A (sky130_fd_sc_hd__buf_2)
     1    0.033933    0.062083    0.121431    2.355843 v output82/X (sky130_fd_sc_hd__buf_2)
                                                         c[25] (net)
                      0.062083    0.000165    2.356008 v c[25] (out)
                                              2.356008   data arrival time

                      0.000000    0.000000    0.000000   clock clk (rise edge)
                                  0.000000    0.000000   clock network delay (ideal)
                                  0.250000    0.250000   clock uncertainty
                                  0.000000    0.250000   clock reconvergence pessimism
                                 -2.000000   -1.750000   output external delay
                                             -1.750000   data required time
---------------------------------------------------------------------------------------------
                                             -1.750000   data required time
                                             -2.356008   data arrival time
---------------------------------------------------------------------------------------------
                                              4.106008   slack (MET)


Startpoint: b[8] (input port clocked by clk)
Endpoint: c[9] (output port clocked by clk)
Path Group: clk
Path Type: min

Fanout         Cap        Slew       Delay        Time   Description
---------------------------------------------------------------------------------------------
                      0.000000    0.000000    0.000000   clock clk (rise edge)
                                  0.000000    0.000000   clock network delay (ideal)
                                  2.000000    2.000000 ^ input external delay
     1    0.002884    0.014215    0.007440    2.007440 ^ b[8] (in)
                                                         b[8] (net)
                      0.014215    0.000000    2.007440 ^ input63/A (sky130_fd_sc_hd__clkbuf_1)
     2    0.006722    0.064896    0.070837    2.078277 ^ input63/X (sky130_fd_sc_hd__clkbuf_1)
                                                         net63 (net)
                      0.064896    0.000135    2.078412 ^ _202_/B (sky130_fd_sc_hd__nand2_1)
     4    0.012527    0.059175    0.067115    2.145527 v _202_/Y (sky130_fd_sc_hd__nand2_1)
                                                         _035_ (net)
                      0.059193    0.000173    2.145700 v _353_/A (sky130_fd_sc_hd__nand2_1)
     1    0.005396    0.046318    0.060761    2.206461 ^ _353_/Y (sky130_fd_sc_hd__nand2_1)
                                                         _158_ (net)
                      0.046318    0.000039    2.206499 ^ _354_/B (sky130_fd_sc_hd__xnor2_1)
     1    0.003805    0.025977    0.039468    2.245967 v _354_/Y (sky130_fd_sc_hd__xnor2_1)
                                                         net96 (net)
                      0.025977    0.000060    2.246027 v output96/A (sky130_fd_sc_hd__buf_2)
     1    0.033967    0.062140    0.115580    2.361607 v output96/X (sky130_fd_sc_hd__buf_2)
                                                         c[9] (net)
                      0.062140    0.000183    2.361790 v c[9] (out)
                                              2.361790   data arrival time

                      0.000000    0.000000    0.000000   clock clk (rise edge)
                                  0.000000    0.000000   clock network delay (ideal)
                                  0.250000    0.250000   clock uncertainty
                                  0.000000    0.250000   clock reconvergence pessimism
                                 -2.000000   -1.750000   output external delay
                                             -1.750000   data required time
---------------------------------------------------------------------------------------------
                                             -1.750000   data required time
                                             -2.361790   data arrival time
---------------------------------------------------------------------------------------------
                                              4.111790   slack (MET)


Startpoint: b[20] (input port clocked by clk)
Endpoint: c[21] (output port clocked by clk)
Path Group: clk
Path Type: min

Fanout         Cap        Slew       Delay        Time   Description
---------------------------------------------------------------------------------------------
                      0.000000    0.000000    0.000000   clock clk (rise edge)
                                  0.000000    0.000000   clock network delay (ideal)
                                  2.000000    2.000000 ^ input external delay
     1    0.002794    0.013896    0.007205    2.007205 ^ b[20] (in)
                                                         b[20] (net)
                      0.013896    0.000000    2.007205 ^ input45/A (sky130_fd_sc_hd__clkbuf_1)
     2    0.007727    0.073377    0.076627    2.083832 ^ input45/X (sky130_fd_sc_hd__clkbuf_1)
                                                         net45 (net)
                      0.073377    0.000157    2.083989 ^ _258_/B (sky130_fd_sc_hd__nand2_1)
     3    0.011202    0.055103    0.064803    2.148792 v _258_/Y (sky130_fd_sc_hd__nand2_1)
                                                         _084_ (net)
                      0.055122    0.000181    2.148972 v _271_/A (sky130_fd_sc_hd__nand2_1)
     1    0.004832    0.042152    0.056576    2.205548 ^ _271_/Y (sky130_fd_sc_hd__nand2_1)
                                                         _096_ (net)
                      0.042152    0.000021    2.205569 ^ _272_/B (sky130_fd_sc_hd__xnor2_1)
     1    0.004728    0.029205    0.041745    2.247313 v _272_/Y (sky130_fd_sc_hd__xnor2_1)
                                                         net78 (net)
                      0.029205    0.000076    2.247390 v output78/A (sky130_fd_sc_hd__buf_2)
     1    0.033993    0.062174    0.116916    2.364305 v output78/X (sky130_fd_sc_hd__buf_2)
                                                         c[21] (net)
                      0.062174    0.000171    2.364477 v c[21] (out)
                                              2.364477   data arrival time

                      0.000000    0.000000    0.000000   clock clk (rise edge)
                                  0.000000    0.000000   clock network delay (ideal)
                                  0.250000    0.250000   clock uncertainty
                                  0.000000    0.250000   clock reconvergence pessimism
                                 -2.000000   -1.750000   output external delay
                                             -1.750000   data required time
---------------------------------------------------------------------------------------------
                                             -1.750000   data required time
                                             -2.364477   data arrival time
---------------------------------------------------------------------------------------------
                                              4.114477   slack (MET)


Startpoint: a[22] (input port clocked by clk)
Endpoint: c[22] (output port clocked by clk)
Path Group: clk
Path Type: min

Fanout         Cap        Slew       Delay        Time   Description
---------------------------------------------------------------------------------------------
                      0.000000    0.000000    0.000000   clock clk (rise edge)
                                  0.000000    0.000000   clock network delay (ideal)
                                  2.000000    2.000000 ^ input external delay
     1    0.002753    0.013750    0.007095    2.007095 ^ a[22] (in)
                                                         a[22] (net)
                      0.013750    0.000000    2.007095 ^ input15/A (sky130_fd_sc_hd__clkbuf_1)
     2    0.005179    0.051883    0.061702    2.068797 ^ input15/X (sky130_fd_sc_hd__clkbuf_1)
                                                         net15 (net)
                      0.051883    0.000070    2.068867 ^ _274_/A (sky130_fd_sc_hd__nand2_1)
     3    0.009594    0.046370    0.051837    2.120705 v _274_/Y (sky130_fd_sc_hd__nand2_1)
                                                         _098_ (net)
                      0.046370    0.000077    2.120782 v _275_/B (sky130_fd_sc_hd__nand2_1)
     3    0.010689    0.078276    0.085719    2.206500 ^ _275_/Y (sky130_fd_sc_hd__nand2_1)
                                                         _099_ (net)
                      0.078276    0.000075    2.206575 ^ _278_/A (sky130_fd_sc_hd__xor2_1)
     1    0.003083    0.025942    0.044349    2.250924 v _278_/X (sky130_fd_sc_hd__xor2_1)
                                                         net79 (net)
                      0.025942    0.000031    2.250956 v output79/A (sky130_fd_sc_hd__buf_2)
     1    0.034028    0.062225    0.115653    2.366608 v output79/X (sky130_fd_sc_hd__buf_2)
                                                         c[22] (net)
                      0.062225    0.000171    2.366780 v c[22] (out)
                                              2.366780   data arrival time

                      0.000000    0.000000    0.000000   clock clk (rise edge)
                                  0.000000    0.000000   clock network delay (ideal)
                                  0.250000    0.250000   clock uncertainty
                                  0.000000    0.250000   clock reconvergence pessimism
                                 -2.000000   -1.750000   output external delay
                                             -1.750000   data required time
---------------------------------------------------------------------------------------------
                                             -1.750000   data required time
                                             -2.366780   data arrival time
---------------------------------------------------------------------------------------------
                                              4.116779   slack (MET)


Startpoint: a[4] (input port clocked by clk)
Endpoint: c[5] (output port clocked by clk)
Path Group: clk
Path Type: min

Fanout         Cap        Slew       Delay        Time   Description
---------------------------------------------------------------------------------------------
                      0.000000    0.000000    0.000000   clock clk (rise edge)
                                  0.000000    0.000000   clock network delay (ideal)
                                  2.000000    2.000000 v input external delay
     1    0.002658    0.004523    0.002133    2.002133 v a[4] (in)
                                                         a[4] (net)
                      0.004523    0.000000    2.002133 v input27/A (sky130_fd_sc_hd__buf_1)
     3    0.013880    0.058155    0.080264    2.082397 v input27/X (sky130_fd_sc_hd__buf_1)
                                                         net27 (net)
                      0.058155    0.000265    2.082662 v _344_/A1 (sky130_fd_sc_hd__a21oi_1)
     1    0.005022    0.070208    0.112113    2.194775 ^ _344_/Y (sky130_fd_sc_hd__a21oi_1)
                                                         _153_ (net)
                      0.070208    0.000026    2.194801 ^ _345_/B (sky130_fd_sc_hd__xnor2_1)
     1    0.006267    0.037102    0.052590    2.247391 v _345_/Y (sky130_fd_sc_hd__xnor2_1)
                                                         net92 (net)
                      0.037102    0.000163    2.247554 v output92/A (sky130_fd_sc_hd__buf_2)
     1    0.033974    0.062151    0.120046    2.367599 v output92/X (sky130_fd_sc_hd__buf_2)
                                                         c[5] (net)
                      0.062151    0.000183    2.367783 v c[5] (out)
                                              2.367783   data arrival time

                      0.000000    0.000000    0.000000   clock clk (rise edge)
                                  0.000000    0.000000   clock network delay (ideal)
                                  0.250000    0.250000   clock uncertainty
                                  0.000000    0.250000   clock reconvergence pessimism
                                 -2.000000   -1.750000   output external delay
                                             -1.750000   data required time
---------------------------------------------------------------------------------------------
                                             -1.750000   data required time
                                             -2.367783   data arrival time
---------------------------------------------------------------------------------------------
                                              4.117783   slack (MET)


Startpoint: b[24] (input port clocked by clk)
Endpoint: c[24] (output port clocked by clk)
Path Group: clk
Path Type: min

Fanout         Cap        Slew       Delay        Time   Description
---------------------------------------------------------------------------------------------
                      0.000000    0.000000    0.000000   clock clk (rise edge)
                                  0.000000    0.000000   clock network delay (ideal)
                                  2.000000    2.000000 ^ input external delay
     1    0.002838    0.014053    0.007321    2.007321 ^ b[24] (in)
                                                         b[24] (net)
                      0.014053    0.000000    2.007321 ^ input49/A (sky130_fd_sc_hd__clkbuf_1)
     2    0.004974    0.050159    0.060588    2.067909 ^ input49/X (sky130_fd_sc_hd__clkbuf_1)
                                                         net49 (net)
                      0.050159    0.000053    2.067962 ^ _290_/B (sky130_fd_sc_hd__nand2_1)
     3    0.008452    0.042031    0.050820    2.118782 v _290_/Y (sky130_fd_sc_hd__nand2_1)
                                                         _112_ (net)
                      0.042031    0.000082    2.118864 v _291_/B (sky130_fd_sc_hd__nand2_1)
     3    0.012579    0.090726    0.092527    2.211391 ^ _291_/Y (sky130_fd_sc_hd__nand2_1)
                                                         _113_ (net)
                      0.090727    0.000257    2.211649 ^ _292_/B (sky130_fd_sc_hd__xor2_1)
     1    0.003067    0.025905    0.042166    2.253814 v _292_/X (sky130_fd_sc_hd__xor2_1)
                                                         net81 (net)
                      0.025905    0.000042    2.253857 v output81/A (sky130_fd_sc_hd__buf_2)
     1    0.034095    0.062354    0.115669    2.369526 v output81/X (sky130_fd_sc_hd__buf_2)
                                                         c[24] (net)
                      0.062355    0.000242    2.369768 v c[24] (out)
                                              2.369768   data arrival time

                      0.000000    0.000000    0.000000   clock clk (rise edge)
                                  0.000000    0.000000   clock network delay (ideal)
                                  0.250000    0.250000   clock uncertainty
                                  0.000000    0.250000   clock reconvergence pessimism
                                 -2.000000   -1.750000   output external delay
                                             -1.750000   data required time
---------------------------------------------------------------------------------------------
                                             -1.750000   data required time
                                             -2.369768   data arrival time
---------------------------------------------------------------------------------------------
                                              4.119769   slack (MET)


Startpoint: b[2] (input port clocked by clk)
Endpoint: c[2] (output port clocked by clk)
Path Group: clk
Path Type: min

Fanout         Cap        Slew       Delay        Time   Description
---------------------------------------------------------------------------------------------
                      0.000000    0.000000    0.000000   clock clk (rise edge)
                                  0.000000    0.000000   clock network delay (ideal)
                                  2.000000    2.000000 v input external delay
     1    0.002485    0.004271    0.001980    2.001980 v b[2] (in)
                                                         b[2] (net)
                      0.004271    0.000000    2.001980 v input55/A (sky130_fd_sc_hd__clkbuf_1)
     2    0.004294    0.023475    0.051474    2.053454 v input55/X (sky130_fd_sc_hd__clkbuf_1)
                                                         net55 (net)
                      0.023475    0.000020    2.053474 v _173_/B (sky130_fd_sc_hd__nor2_1)
     1    0.006422    0.095137    0.083997    2.137471 ^ _173_/Y (sky130_fd_sc_hd__nor2_1)
                                                         _006_ (net)
                      0.095137    0.000170    2.137642 ^ _174_/B (sky130_fd_sc_hd__nor2_1)
     2    0.004585    0.032693    0.033092    2.170734 v _174_/Y (sky130_fd_sc_hd__nor2_1)
                                                         _007_ (net)
                      0.032693    0.000029    2.170763 v _337_/A (sky130_fd_sc_hd__nor2_1)
     1    0.002735    0.052504    0.064867    2.235630 ^ _337_/Y (sky130_fd_sc_hd__nor2_1)
                                                         _149_ (net)
                      0.052504    0.000024    2.235654 ^ _338_/B (sky130_fd_sc_hd__nor2_1)
     1    0.002526    0.019731    0.023331    2.258984 v _338_/Y (sky130_fd_sc_hd__nor2_1)
                                                         net87 (net)
                      0.019731    0.000028    2.259012 v output87/A (sky130_fd_sc_hd__buf_2)
     1    0.033908    0.062023    0.113170    2.372182 v output87/X (sky130_fd_sc_hd__buf_2)
                                                         c[2] (net)
                      0.062023    0.000166    2.372348 v c[2] (out)
                                              2.372348   data arrival time

                      0.000000    0.000000    0.000000   clock clk (rise edge)
                                  0.000000    0.000000   clock network delay (ideal)
                                  0.250000    0.250000   clock uncertainty
                                  0.000000    0.250000   clock reconvergence pessimism
                                 -2.000000   -1.750000   output external delay
                                             -1.750000   data required time
---------------------------------------------------------------------------------------------
                                             -1.750000   data required time
                                             -2.372348   data arrival time
---------------------------------------------------------------------------------------------
                                              4.122348   slack (MET)


Startpoint: a[12] (input port clocked by clk)
Endpoint: c[13] (output port clocked by clk)
Path Group: clk
Path Type: min

Fanout         Cap        Slew       Delay        Time   Description
---------------------------------------------------------------------------------------------
                      0.000000    0.000000    0.000000   clock clk (rise edge)
                                  0.000000    0.000000   clock network delay (ideal)
                                  2.000000    2.000000 ^ input external delay
     1    0.002856    0.014116    0.007367    2.007367 ^ a[12] (in)
                                                         a[12] (net)
                      0.014116    0.000000    2.007367 ^ input4/A (sky130_fd_sc_hd__clkbuf_1)
     2    0.007253    0.069379    0.073899    2.081266 ^ input4/X (sky130_fd_sc_hd__clkbuf_1)
                                                         net4 (net)
                      0.069379    0.000166    2.081432 ^ _167_/A (sky130_fd_sc_hd__nand2_1)
     4    0.012650    0.060249    0.065416    2.146848 v _167_/Y (sky130_fd_sc_hd__nand2_1)
                                                         _000_ (net)
                      0.060268    0.000218    2.147066 v _219_/A (sky130_fd_sc_hd__nand2_1)
     1    0.004949    0.043852    0.059060    2.206126 ^ _219_/Y (sky130_fd_sc_hd__nand2_1)
                                                         _052_ (net)
                      0.043852    0.000042    2.206169 ^ _220_/B (sky130_fd_sc_hd__xnor2_1)
     1    0.006972    0.038156    0.049987    2.256156 v _220_/Y (sky130_fd_sc_hd__xnor2_1)
                                                         net69 (net)
                      0.038172    0.000194    2.256350 v output69/A (sky130_fd_sc_hd__buf_2)
     1    0.033965    0.062138    0.120464    2.376813 v output69/X (sky130_fd_sc_hd__buf_2)
                                                         c[13] (net)
                      0.062138    0.000183    2.376996 v c[13] (out)
                                              2.376996   data arrival time

                      0.000000    0.000000    0.000000   clock clk (rise edge)
                                  0.000000    0.000000   clock network delay (ideal)
                                  0.250000    0.250000   clock uncertainty
                                  0.000000    0.250000   clock reconvergence pessimism
                                 -2.000000   -1.750000   output external delay
                                             -1.750000   data required time
---------------------------------------------------------------------------------------------
                                             -1.750000   data required time
                                             -2.376996   data arrival time
---------------------------------------------------------------------------------------------
                                              4.126996   slack (MET)


Startpoint: b[16] (input port clocked by clk)
Endpoint: c[17] (output port clocked by clk)
Path Group: clk
Path Type: min

Fanout         Cap        Slew       Delay        Time   Description
---------------------------------------------------------------------------------------------
                      0.000000    0.000000    0.000000   clock clk (rise edge)
                                  0.000000    0.000000   clock network delay (ideal)
                                  2.000000    2.000000 ^ input external delay
     1    0.002787    0.013871    0.007187    2.007187 ^ b[16] (in)
                                                         b[16] (net)
                      0.013871    0.000000    2.007187 ^ input40/A (sky130_fd_sc_hd__clkbuf_1)
     2    0.007888    0.074743    0.077564    2.084751 ^ input40/X (sky130_fd_sc_hd__clkbuf_1)
                                                         net40 (net)
                      0.074743    0.000160    2.084911 ^ _238_/B (sky130_fd_sc_hd__nand2_1)
     3    0.010079    0.051535    0.061350    2.146261 v _238_/Y (sky130_fd_sc_hd__nand2_1)
                                                         _068_ (net)
                      0.051535    0.000100    2.146362 v _244_/B1 (sky130_fd_sc_hd__o21ai_1)
     1    0.005011    0.059163    0.068129    2.214491 ^ _244_/Y (sky130_fd_sc_hd__o21ai_1)
                                                         _073_ (net)
                      0.059163    0.000046    2.214536 ^ _245_/B (sky130_fd_sc_hd__xnor2_1)
     1    0.004943    0.031912    0.045897    2.260433 v _245_/Y (sky130_fd_sc_hd__xnor2_1)
                                                         net73 (net)
                      0.031912    0.000102    2.260535 v output73/A (sky130_fd_sc_hd__buf_2)
     1    0.034141    0.062426    0.118127    2.378663 v output73/X (sky130_fd_sc_hd__buf_2)
                                                         c[17] (net)
                      0.062426    0.000251    2.378914 v c[17] (out)
                                              2.378914   data arrival time

                      0.000000    0.000000    0.000000   clock clk (rise edge)
                                  0.000000    0.000000   clock network delay (ideal)
                                  0.250000    0.250000   clock uncertainty
                                  0.000000    0.250000   clock reconvergence pessimism
                                 -2.000000   -1.750000   output external delay
                                             -1.750000   data required time
---------------------------------------------------------------------------------------------
                                             -1.750000   data required time
                                             -2.378914   data arrival time
---------------------------------------------------------------------------------------------
                                              4.128914   slack (MET)


Startpoint: a[14] (input port clocked by clk)
Endpoint: c[15] (output port clocked by clk)
Path Group: clk
Path Type: min

Fanout         Cap        Slew       Delay        Time   Description
---------------------------------------------------------------------------------------------
                      0.000000    0.000000    0.000000   clock clk (rise edge)
                                  0.000000    0.000000   clock network delay (ideal)
                                  2.000000    2.000000 v input external delay
     1    0.002749    0.004657    0.002212    2.002213 v a[14] (in)
                                                         a[14] (net)
                      0.004657    0.000000    2.002213 v input6/A (sky130_fd_sc_hd__buf_1)
     3    0.008563    0.038901    0.064915    2.067127 v input6/X (sky130_fd_sc_hd__buf_1)
                                                         net6 (net)
                      0.038901    0.000121    2.067248 v _222_/A (sky130_fd_sc_hd__nand2_1)
     2    0.009913    0.073366    0.073900    2.141148 ^ _222_/Y (sky130_fd_sc_hd__nand2_1)
                                                         _054_ (net)
                      0.073368    0.000272    2.141420 ^ _227_/B1 (sky130_fd_sc_hd__o21ai_1)
     1    0.004977    0.033672    0.036693    2.178114 v _227_/Y (sky130_fd_sc_hd__o21ai_1)
                                                         _058_ (net)
                      0.033683    0.000050    2.178164 v _228_/B (sky130_fd_sc_hd__xnor2_1)
     1    0.003560    0.026570    0.079028    2.257192 v _228_/Y (sky130_fd_sc_hd__xnor2_1)
                                                         net71 (net)
                      0.026570    0.000049    2.257241 v output71/A (sky130_fd_sc_hd__clkbuf_4)
     1    0.034431    0.056674    0.121490    2.378731 v output71/X (sky130_fd_sc_hd__clkbuf_4)
                                                         c[15] (net)
                      0.056675    0.000392    2.379122 v c[15] (out)
                                              2.379122   data arrival time

                      0.000000    0.000000    0.000000   clock clk (rise edge)
                                  0.000000    0.000000   clock network delay (ideal)
                                  0.250000    0.250000   clock uncertainty
                                  0.000000    0.250000   clock reconvergence pessimism
                                 -2.000000   -1.750000   output external delay
                                             -1.750000   data required time
---------------------------------------------------------------------------------------------
                                             -1.750000   data required time
                                             -2.379122   data arrival time
---------------------------------------------------------------------------------------------
                                              4.129122   slack (MET)


Startpoint: b[19] (input port clocked by clk)
Endpoint: c[19] (output port clocked by clk)
Path Group: clk
Path Type: min

Fanout         Cap        Slew       Delay        Time   Description
---------------------------------------------------------------------------------------------
                      0.000000    0.000000    0.000000   clock clk (rise edge)
                                  0.000000    0.000000   clock network delay (ideal)
                                  2.000000    2.000000 ^ input external delay
     1    0.002769    0.013806    0.007137    2.007137 ^ b[19] (in)
                                                         b[19] (net)
                      0.013806    0.000000    2.007137 ^ input43/A (sky130_fd_sc_hd__buf_1)
     2    0.009327    0.086820    0.085964    2.093101 ^ input43/X (sky130_fd_sc_hd__buf_1)
                                                         net43 (net)
                      0.086821    0.000230    2.093330 ^ _253_/B (sky130_fd_sc_hd__nand2_1)
     2    0.005731    0.037749    0.046944    2.140275 v _253_/Y (sky130_fd_sc_hd__nand2_1)
                                                         _080_ (net)
                      0.037749    0.000026    2.140300 v _254_/B (sky130_fd_sc_hd__nand2b_1)
     2    0.007118    0.065022    0.069637    2.209937 ^ _254_/Y (sky130_fd_sc_hd__nand2b_1)
                                                         _081_ (net)
                      0.065022    0.000072    2.210009 ^ _256_/A (sky130_fd_sc_hd__xnor2_1)
     1    0.005019    0.030282    0.052004    2.262013 v _256_/Y (sky130_fd_sc_hd__xnor2_1)
                                                         net75 (net)
                      0.030282    0.000101    2.262114 v output75/A (sky130_fd_sc_hd__buf_2)
     1    0.034133    0.062414    0.117464    2.379578 v output75/X (sky130_fd_sc_hd__buf_2)
                                                         c[19] (net)
                      0.062414    0.000251    2.379830 v c[19] (out)
                                              2.379830   data arrival time

                      0.000000    0.000000    0.000000   clock clk (rise edge)
                                  0.000000    0.000000   clock network delay (ideal)
                                  0.250000    0.250000   clock uncertainty
                                  0.000000    0.250000   clock reconvergence pessimism
                                 -2.000000   -1.750000   output external delay
                                             -1.750000   data required time
---------------------------------------------------------------------------------------------
                                             -1.750000   data required time
                                             -2.379830   data arrival time
---------------------------------------------------------------------------------------------
                                              4.129830   slack (MET)


Startpoint: b[18] (input port clocked by clk)
Endpoint: c[18] (output port clocked by clk)
Path Group: clk
Path Type: min

Fanout         Cap        Slew       Delay        Time   Description
---------------------------------------------------------------------------------------------
                      0.000000    0.000000    0.000000   clock clk (rise edge)
                                  0.000000    0.000000   clock network delay (ideal)
                                  2.000000    2.000000 ^ input external delay
     1    0.002777    0.013834    0.007157    2.007157 ^ b[18] (in)
                                                         b[18] (net)
                      0.013834    0.000000    2.007157 ^ input42/A (sky130_fd_sc_hd__clkbuf_1)
     2    0.006827    0.065774    0.071359    2.078516 ^ input42/X (sky130_fd_sc_hd__clkbuf_1)
                                                         net42 (net)
                      0.065774    0.000107    2.078624 ^ _247_/B (sky130_fd_sc_hd__nand2_1)
     3    0.008713    0.045444    0.054699    2.133323 v _247_/Y (sky130_fd_sc_hd__nand2_1)
                                                         _075_ (net)
                      0.045444    0.000071    2.133394 v _248_/B (sky130_fd_sc_hd__nand2_1)
     2    0.007893    0.060486    0.072394    2.205788 ^ _248_/Y (sky130_fd_sc_hd__nand2_1)
                                                         _076_ (net)
                      0.060486    0.000076    2.205863 ^ _251_/A (sky130_fd_sc_hd__xnor2_1)
     1    0.007057    0.039348    0.058970    2.264833 v _251_/Y (sky130_fd_sc_hd__xnor2_1)
                                                         net74 (net)
                      0.039365    0.000214    2.265048 v output74/A (sky130_fd_sc_hd__buf_2)
     1    0.034332    0.062754    0.121277    2.386325 v output74/X (sky130_fd_sc_hd__buf_2)
                                                         c[18] (net)
                      0.062755    0.000357    2.386682 v c[18] (out)
                                              2.386682   data arrival time

                      0.000000    0.000000    0.000000   clock clk (rise edge)
                                  0.000000    0.000000   clock network delay (ideal)
                                  0.250000    0.250000   clock uncertainty
                                  0.000000    0.250000   clock reconvergence pessimism
                                 -2.000000   -1.750000   output external delay
                                             -1.750000   data required time
---------------------------------------------------------------------------------------------
                                             -1.750000   data required time
                                             -2.386682   data arrival time
---------------------------------------------------------------------------------------------
                                              4.136682   slack (MET)


Startpoint: b[4] (input port clocked by clk)
Endpoint: c[4] (output port clocked by clk)
Path Group: clk
Path Type: min

Fanout         Cap        Slew       Delay        Time   Description
---------------------------------------------------------------------------------------------
                      0.000000    0.000000    0.000000   clock clk (rise edge)
                                  0.000000    0.000000   clock network delay (ideal)
                                  2.000000    2.000000 ^ input external delay
     1    0.002845    0.014078    0.007338    2.007338 ^ b[4] (in)
                                                         b[4] (net)
                      0.014078    0.000000    2.007338 ^ input59/A (sky130_fd_sc_hd__buf_1)
     3    0.013983    0.126441    0.113137    2.120475 ^ input59/X (sky130_fd_sc_hd__buf_1)
                                                         net59 (net)
                      0.126442    0.000274    2.120750 ^ _170_/B (sky130_fd_sc_hd__xor2_1)
     2    0.006190    0.034517    0.060102    2.180852 v _170_/X (sky130_fd_sc_hd__xor2_1)
                                                         _003_ (net)
                      0.034517    0.000078    2.180930 v _342_/A (sky130_fd_sc_hd__nor2_1)
     1    0.003353    0.059308    0.070938    2.251868 ^ _342_/Y (sky130_fd_sc_hd__nor2_1)
                                                         _152_ (net)
                      0.059308    0.000040    2.251908 ^ _343_/B (sky130_fd_sc_hd__nor2_1)
     1    0.003529    0.023469    0.027288    2.279195 v _343_/Y (sky130_fd_sc_hd__nor2_1)
                                                         net91 (net)
                      0.023469    0.000054    2.279250 v output91/A (sky130_fd_sc_hd__buf_2)
     1    0.033917    0.062059    0.114525    2.393774 v output91/X (sky130_fd_sc_hd__buf_2)
                                                         c[4] (net)
                      0.062059    0.000166    2.393940 v c[4] (out)
                                              2.393940   data arrival time

                      0.000000    0.000000    0.000000   clock clk (rise edge)
                                  0.000000    0.000000   clock network delay (ideal)
                                  0.250000    0.250000   clock uncertainty
                                  0.000000    0.250000   clock reconvergence pessimism
                                 -2.000000   -1.750000   output external delay
                                             -1.750000   data required time
---------------------------------------------------------------------------------------------
                                             -1.750000   data required time
                                             -2.393940   data arrival time
---------------------------------------------------------------------------------------------
                                              4.143940   slack (MET)


Startpoint: a[28] (input port clocked by clk)
Endpoint: c[29] (output port clocked by clk)
Path Group: clk
Path Type: min

Fanout         Cap        Slew       Delay        Time   Description
---------------------------------------------------------------------------------------------
                      0.000000    0.000000    0.000000   clock clk (rise edge)
                                  0.000000    0.000000   clock network delay (ideal)
                                  2.000000    2.000000 ^ input external delay
     1    0.002867    0.014154    0.007394    2.007394 ^ a[28] (in)
                                                         a[28] (net)
                      0.014154    0.000000    2.007394 ^ input21/A (sky130_fd_sc_hd__clkbuf_1)
     2    0.004984    0.050244    0.060670    2.068064 ^ input21/X (sky130_fd_sc_hd__clkbuf_1)
                                                         net21 (net)
                      0.050244    0.000067    2.068131 ^ _312_/A (sky130_fd_sc_hd__nand2_1)
     2    0.007705    0.039167    0.045227    2.113358 v _312_/Y (sky130_fd_sc_hd__nand2_1)
                                                         _130_ (net)
                      0.039167    0.000087    2.113445 v _313_/A (sky130_fd_sc_hd__inv_2)
     2    0.008150    0.033859    0.043865    2.157310 ^ _313_/Y (sky130_fd_sc_hd__inv_2)
                                                         _131_ (net)
                      0.033859    0.000055    2.157365 ^ _323_/B1 (sky130_fd_sc_hd__a21o_1)
     1    0.005794    0.043767    0.060048    2.217413 ^ _323_/X (sky130_fd_sc_hd__a21o_1)
                                                         _140_ (net)
                      0.043767    0.000076    2.217489 ^ _324_/B (sky130_fd_sc_hd__xnor2_1)
     1    0.008353    0.043981    0.054444    2.271933 v _324_/Y (sky130_fd_sc_hd__xnor2_1)
                                                         net86 (net)
                      0.043984    0.000309    2.272242 v output86/A (sky130_fd_sc_hd__buf_2)
     1    0.034095    0.062355    0.122912    2.395154 v output86/X (sky130_fd_sc_hd__buf_2)
                                                         c[29] (net)
                      0.062356    0.000242    2.395396 v c[29] (out)
                                              2.395396   data arrival time

                      0.000000    0.000000    0.000000   clock clk (rise edge)
                                  0.000000    0.000000   clock network delay (ideal)
                                  0.250000    0.250000   clock uncertainty
                                  0.000000    0.250000   clock reconvergence pessimism
                                 -2.000000   -1.750000   output external delay
                                             -1.750000   data required time
---------------------------------------------------------------------------------------------
                                             -1.750000   data required time
                                             -2.395396   data arrival time
---------------------------------------------------------------------------------------------
                                              4.145396   slack (MET)


Startpoint: a[10] (input port clocked by clk)
Endpoint: c[11] (output port clocked by clk)
Path Group: clk
Path Type: min

Fanout         Cap        Slew       Delay        Time   Description
---------------------------------------------------------------------------------------------
                      0.000000    0.000000    0.000000   clock clk (rise edge)
                                  0.000000    0.000000   clock network delay (ideal)
                                  2.000000    2.000000 ^ input external delay
     1    0.003039    0.014770    0.007852    2.007852 ^ a[10] (in)
                                                         a[10] (net)
                      0.014770    0.000000    2.007852 ^ input2/A (sky130_fd_sc_hd__clkbuf_1)
     2    0.005490    0.054495    0.063795    2.071648 ^ input2/X (sky130_fd_sc_hd__clkbuf_1)
                                                         net2 (net)
                      0.054495    0.000074    2.071722 ^ _206_/A (sky130_fd_sc_hd__nand2_1)
     3    0.016233    0.073278    0.073135    2.144857 v _206_/Y (sky130_fd_sc_hd__nand2_1)
                                                         _039_ (net)
                      0.073283    0.000496    2.145353 v _357_/B1 (sky130_fd_sc_hd__o21ai_1)
     1    0.004951    0.061470    0.076492    2.221845 ^ _357_/Y (sky130_fd_sc_hd__o21ai_1)
                                                         _160_ (net)
                      0.061470    0.000023    2.221868 ^ _358_/B (sky130_fd_sc_hd__xnor2_1)
     1    0.007106    0.040208    0.054284    2.276152 v _358_/Y (sky130_fd_sc_hd__xnor2_1)
                                                         net67 (net)
                      0.040209    0.000228    2.276379 v output67/A (sky130_fd_sc_hd__buf_2)
     1    0.034257    0.062638    0.121529    2.397908 v output67/X (sky130_fd_sc_hd__buf_2)
                                                         c[11] (net)
                      0.062639    0.000345    2.398252 v c[11] (out)
                                              2.398252   data arrival time

                      0.000000    0.000000    0.000000   clock clk (rise edge)
                                  0.000000    0.000000   clock network delay (ideal)
                                  0.250000    0.250000   clock uncertainty
                                  0.000000    0.250000   clock reconvergence pessimism
                                 -2.000000   -1.750000   output external delay
                                             -1.750000   data required time
---------------------------------------------------------------------------------------------
                                             -1.750000   data required time
                                             -2.398252   data arrival time
---------------------------------------------------------------------------------------------
                                              4.148252   slack (MET)


Startpoint: a[5] (input port clocked by clk)
Endpoint: c[6] (output port clocked by clk)
Path Group: clk
Path Type: min

Fanout         Cap        Slew       Delay        Time   Description
---------------------------------------------------------------------------------------------
                      0.000000    0.000000    0.000000   clock clk (rise edge)
                                  0.000000    0.000000   clock network delay (ideal)
                                  2.000000    2.000000 ^ input external delay
     1    0.002831    0.014028    0.007301    2.007301 ^ a[5] (in)
                                                         a[5] (net)
                      0.014028    0.000000    2.007301 ^ input28/A (sky130_fd_sc_hd__buf_1)
     3    0.007798    0.073943    0.077152    2.084453 ^ input28/X (sky130_fd_sc_hd__buf_1)
                                                         net28 (net)
                      0.073943    0.000039    2.084492 ^ _186_/A (sky130_fd_sc_hd__or2_1)
     3    0.006778    0.055169    0.088181    2.172673 ^ _186_/X (sky130_fd_sc_hd__or2_1)
                                                         _019_ (net)
                      0.055169    0.000054    2.172727 ^ _346_/C1 (sky130_fd_sc_hd__o211a_1)
     2    0.007648    0.055102    0.089710    2.262437 ^ _346_/X (sky130_fd_sc_hd__o211a_1)
                                                         _154_ (net)
                      0.055102    0.000102    2.262539 ^ _348_/A (sky130_fd_sc_hd__nor2_1)
     1    0.002886    0.023481    0.029425    2.291963 v _348_/Y (sky130_fd_sc_hd__nor2_1)
                                                         net93 (net)
                      0.023481    0.000036    2.291999 v output93/A (sky130_fd_sc_hd__buf_2)
     1    0.033912    0.062051    0.114523    2.406522 v output93/X (sky130_fd_sc_hd__buf_2)
                                                         c[6] (net)
                      0.062051    0.000166    2.406687 v c[6] (out)
                                              2.406687   data arrival time

                      0.000000    0.000000    0.000000   clock clk (rise edge)
                                  0.000000    0.000000   clock network delay (ideal)
                                  0.250000    0.250000   clock uncertainty
                                  0.000000    0.250000   clock reconvergence pessimism
                                 -2.000000   -1.750000   output external delay
                                             -1.750000   data required time
---------------------------------------------------------------------------------------------
                                             -1.750000   data required time
                                             -2.406687   data arrival time
---------------------------------------------------------------------------------------------
                                              4.156687   slack (MET)


Startpoint: a[14] (input port clocked by clk)
Endpoint: c[14] (output port clocked by clk)
Path Group: clk
Path Type: min

Fanout         Cap        Slew       Delay        Time   Description
---------------------------------------------------------------------------------------------
                      0.000000    0.000000    0.000000   clock clk (rise edge)
                                  0.000000    0.000000   clock network delay (ideal)
                                  2.000000    2.000000 ^ input external delay
     1    0.002937    0.014405    0.007578    2.007578 ^ a[14] (in)
                                                         a[14] (net)
                      0.014405    0.000000    2.007578 ^ input6/A (sky130_fd_sc_hd__buf_1)
     3    0.009038    0.084388    0.084489    2.092066 ^ input6/X (sky130_fd_sc_hd__buf_1)
                                                         net6 (net)
                      0.084389    0.000128    2.092194 ^ _222_/A (sky130_fd_sc_hd__nand2_1)
     2    0.009617    0.052090    0.058446    2.150640 v _222_/Y (sky130_fd_sc_hd__nand2_1)
                                                         _054_ (net)
                      0.052090    0.000279    2.150919 v _223_/B (sky130_fd_sc_hd__nand2_1)
     3    0.010796    0.078909    0.088550    2.239469 ^ _223_/Y (sky130_fd_sc_hd__nand2_1)
                                                         _055_ (net)
                      0.078909    0.000165    2.239633 ^ _225_/A (sky130_fd_sc_hd__xor2_1)
     1    0.004145    0.028693    0.048316    2.287950 v _225_/X (sky130_fd_sc_hd__xor2_1)
                                                         net70 (net)
                      0.028693    0.000067    2.288016 v output70/A (sky130_fd_sc_hd__clkbuf_4)
     1    0.034433    0.056677    0.122369    2.410385 v output70/X (sky130_fd_sc_hd__clkbuf_4)
                                                         c[14] (net)
                      0.056679    0.000392    2.410777 v c[14] (out)
                                              2.410777   data arrival time

                      0.000000    0.000000    0.000000   clock clk (rise edge)
                                  0.000000    0.000000   clock network delay (ideal)
                                  0.250000    0.250000   clock uncertainty
                                  0.000000    0.250000   clock reconvergence pessimism
                                 -2.000000   -1.750000   output external delay
                                             -1.750000   data required time
---------------------------------------------------------------------------------------------
                                             -1.750000   data required time
                                             -2.410777   data arrival time
---------------------------------------------------------------------------------------------
                                              4.160777   slack (MET)


Startpoint: a[10] (input port clocked by clk)
Endpoint: c[10] (output port clocked by clk)
Path Group: clk
Path Type: min

Fanout         Cap        Slew       Delay        Time   Description
---------------------------------------------------------------------------------------------
                      0.000000    0.000000    0.000000   clock clk (rise edge)
                                  0.000000    0.000000   clock network delay (ideal)
                                  2.000000    2.000000 ^ input external delay
     1    0.003039    0.014770    0.007852    2.007852 ^ a[10] (in)
                                                         a[10] (net)
                      0.014770    0.000000    2.007852 ^ input2/A (sky130_fd_sc_hd__clkbuf_1)
     2    0.005490    0.054495    0.063795    2.071648 ^ input2/X (sky130_fd_sc_hd__clkbuf_1)
                                                         net2 (net)
                      0.054495    0.000074    2.071722 ^ _206_/A (sky130_fd_sc_hd__nand2_1)
     3    0.016233    0.073278    0.073135    2.144857 v _206_/Y (sky130_fd_sc_hd__nand2_1)
                                                         _039_ (net)
                      0.073279    0.000233    2.145090 v _208_/A (sky130_fd_sc_hd__nand2_2)
     4    0.019824    0.083768    0.094832    2.239922 ^ _208_/Y (sky130_fd_sc_hd__nand2_2)
                                                         _041_ (net)
                      0.083772    0.000475    2.240397 ^ _356_/A (sky130_fd_sc_hd__xor2_1)
     1    0.005879    0.033571    0.055460    2.295857 v _356_/X (sky130_fd_sc_hd__xor2_1)
                                                         net66 (net)
                      0.033571    0.000158    2.296015 v output66/A (sky130_fd_sc_hd__buf_2)
     1    0.034264    0.062648    0.118878    2.414893 v output66/X (sky130_fd_sc_hd__buf_2)
                                                         c[10] (net)
                      0.062649    0.000345    2.415238 v c[10] (out)
                                              2.415238   data arrival time

                      0.000000    0.000000    0.000000   clock clk (rise edge)
                                  0.000000    0.000000   clock network delay (ideal)
                                  0.250000    0.250000   clock uncertainty
                                  0.000000    0.250000   clock reconvergence pessimism
                                 -2.000000   -1.750000   output external delay
                                             -1.750000   data required time
---------------------------------------------------------------------------------------------
                                             -1.750000   data required time
                                             -2.415238   data arrival time
---------------------------------------------------------------------------------------------
                                              4.165238   slack (MET)


Startpoint: b[26] (input port clocked by clk)
Endpoint: c[26] (output port clocked by clk)
Path Group: clk
Path Type: min

Fanout         Cap        Slew       Delay        Time   Description
---------------------------------------------------------------------------------------------
                      0.000000    0.000000    0.000000   clock clk (rise edge)
                                  0.000000    0.000000   clock network delay (ideal)
                                  2.000000    2.000000 v input external delay
     1    0.002680    0.004555    0.002155    2.002155 v b[26] (in)
                                                         b[26] (net)
                      0.004555    0.000000    2.002155 v input51/A (sky130_fd_sc_hd__clkbuf_1)
     2    0.005082    0.026287    0.054017    2.056171 v input51/X (sky130_fd_sc_hd__clkbuf_1)
                                                         net51 (net)
                      0.026287    0.000061    2.056232 v _298_/B (sky130_fd_sc_hd__nor2_1)
     2    0.007505    0.107813    0.094512    2.150744 ^ _298_/Y (sky130_fd_sc_hd__nor2_1)
                                                         _118_ (net)
                      0.107813    0.000045    2.150789 ^ _301_/A (sky130_fd_sc_hd__or2_1)
     2    0.007330    0.058909    0.096573    2.247362 ^ _301_/X (sky130_fd_sc_hd__or2_1)
                                                         _121_ (net)
                      0.058909    0.000035    2.247397 ^ _305_/A (sky130_fd_sc_hd__xnor2_1)
     1    0.005733    0.035007    0.053741    2.301139 v _305_/Y (sky130_fd_sc_hd__xnor2_1)
                                                         net83 (net)
                      0.035007    0.000137    2.301276 v output83/A (sky130_fd_sc_hd__buf_2)
     1    0.034046    0.062264    0.119285    2.420561 v output83/X (sky130_fd_sc_hd__buf_2)
                                                         c[26] (net)
                      0.062264    0.000200    2.420761 v c[26] (out)
                                              2.420761   data arrival time

                      0.000000    0.000000    0.000000   clock clk (rise edge)
                                  0.000000    0.000000   clock network delay (ideal)
                                  0.250000    0.250000   clock uncertainty
                                  0.000000    0.250000   clock reconvergence pessimism
                                 -2.000000   -1.750000   output external delay
                                             -1.750000   data required time
---------------------------------------------------------------------------------------------
                                             -1.750000   data required time
                                             -2.420761   data arrival time
---------------------------------------------------------------------------------------------
                                              4.170761   slack (MET)


Startpoint: b[16] (input port clocked by clk)
Endpoint: c[16] (output port clocked by clk)
Path Group: clk
Path Type: min

Fanout         Cap        Slew       Delay        Time   Description
---------------------------------------------------------------------------------------------
                      0.000000    0.000000    0.000000   clock clk (rise edge)
                                  0.000000    0.000000   clock network delay (ideal)
                                  2.000000    2.000000 ^ input external delay
     1    0.002787    0.013871    0.007187    2.007187 ^ b[16] (in)
                                                         b[16] (net)
                      0.013871    0.000000    2.007187 ^ input40/A (sky130_fd_sc_hd__clkbuf_1)
     2    0.007888    0.074743    0.077564    2.084751 ^ input40/X (sky130_fd_sc_hd__clkbuf_1)
                                                         net40 (net)
                      0.074743    0.000160    2.084911 ^ _238_/B (sky130_fd_sc_hd__nand2_1)
     3    0.010079    0.051535    0.061350    2.146261 v _238_/Y (sky130_fd_sc_hd__nand2_1)
                                                         _068_ (net)
                      0.051535    0.000052    2.146313 v _239_/B (sky130_fd_sc_hd__nand2_1)
     4    0.015691    0.111208    0.110805    2.257118 ^ _239_/Y (sky130_fd_sc_hd__nand2_1)
                                                         _069_ (net)
                      0.111209    0.000168    2.257286 ^ _240_/B (sky130_fd_sc_hd__xor2_1)
     1    0.004820    0.030548    0.052079    2.309365 v _240_/X (sky130_fd_sc_hd__xor2_1)
                                                         net72 (net)
                      0.030548    0.000096    2.309461 v output72/A (sky130_fd_sc_hd__buf_2)
     1    0.034016    0.062220    0.117462    2.426923 v output72/X (sky130_fd_sc_hd__buf_2)
                                                         c[16] (net)
                      0.062220    0.000200    2.427123 v c[16] (out)
                                              2.427123   data arrival time

                      0.000000    0.000000    0.000000   clock clk (rise edge)
                                  0.000000    0.000000   clock network delay (ideal)
                                  0.250000    0.250000   clock uncertainty
                                  0.000000    0.250000   clock reconvergence pessimism
                                 -2.000000   -1.750000   output external delay
                                             -1.750000   data required time
---------------------------------------------------------------------------------------------
                                             -1.750000   data required time
                                             -2.427123   data arrival time
---------------------------------------------------------------------------------------------
                                              4.177123   slack (MET)


Startpoint: b[12] (input port clocked by clk)
Endpoint: c[12] (output port clocked by clk)
Path Group: clk
Path Type: min

Fanout         Cap        Slew       Delay        Time   Description
---------------------------------------------------------------------------------------------
                      0.000000    0.000000    0.000000   clock clk (rise edge)
                                  0.000000    0.000000   clock network delay (ideal)
                                  2.000000    2.000000 ^ input external delay
     1    0.002673    0.013466    0.006886    2.006886 ^ b[12] (in)
                                                         b[12] (net)
                      0.013466    0.000000    2.006886 ^ input36/A (sky130_fd_sc_hd__clkbuf_1)
     2    0.007243    0.069288    0.073695    2.080581 ^ input36/X (sky130_fd_sc_hd__clkbuf_1)
                                                         net36 (net)
                      0.069288    0.000099    2.080680 ^ _168_/B (sky130_fd_sc_hd__or2_1)
     1    0.003074    0.030938    0.067533    2.148213 ^ _168_/X (sky130_fd_sc_hd__or2_1)
                                                         _001_ (net)
                      0.030938    0.000033    2.148246 ^ _169_/B (sky130_fd_sc_hd__nand2_1)
     3    0.015226    0.068516    0.067469    2.215715 v _169_/Y (sky130_fd_sc_hd__nand2_1)
                                                         _002_ (net)
                      0.068518    0.000332    2.216048 v _359_/A (sky130_fd_sc_hd__xnor2_1)
     1    0.005964    0.034253    0.104052    2.320100 v _359_/Y (sky130_fd_sc_hd__xnor2_1)
                                                         net68 (net)
                      0.034253    0.000151    2.320251 v output68/A (sky130_fd_sc_hd__buf_2)
     1    0.033922    0.062066    0.118851    2.439101 v output68/X (sky130_fd_sc_hd__buf_2)
                                                         c[12] (net)
                      0.062066    0.000166    2.439267 v c[12] (out)
                                              2.439267   data arrival time

                      0.000000    0.000000    0.000000   clock clk (rise edge)
                                  0.000000    0.000000   clock network delay (ideal)
                                  0.250000    0.250000   clock uncertainty
                                  0.000000    0.250000   clock reconvergence pessimism
                                 -2.000000   -1.750000   output external delay
                                             -1.750000   data required time
---------------------------------------------------------------------------------------------
                                             -1.750000   data required time
                                             -2.439267   data arrival time
---------------------------------------------------------------------------------------------
                                              4.189267   slack (MET)


Startpoint: b[20] (input port clocked by clk)
Endpoint: c[20] (output port clocked by clk)
Path Group: clk
Path Type: min

Fanout         Cap        Slew       Delay        Time   Description
---------------------------------------------------------------------------------------------
                      0.000000    0.000000    0.000000   clock clk (rise edge)
                                  0.000000    0.000000   clock network delay (ideal)
                                  2.000000    2.000000 ^ input external delay
     1    0.002794    0.013896    0.007205    2.007205 ^ b[20] (in)
                                                         b[20] (net)
                      0.013896    0.000000    2.007205 ^ input45/A (sky130_fd_sc_hd__clkbuf_1)
     2    0.007727    0.073377    0.076627    2.083832 ^ input45/X (sky130_fd_sc_hd__clkbuf_1)
                                                         net45 (net)
                      0.073377    0.000158    2.083990 ^ _257_/B (sky130_fd_sc_hd__or2_1)
     1    0.002914    0.030034    0.067341    2.151331 ^ _257_/X (sky130_fd_sc_hd__or2_1)
                                                         _083_ (net)
                      0.030034    0.000017    2.151349 ^ _259_/A (sky130_fd_sc_hd__nand2_1)
     3    0.006711    0.033965    0.037273    2.188622 v _259_/Y (sky130_fd_sc_hd__nand2_1)
                                                         _085_ (net)
                      0.033965    0.000051    2.188673 v _265_/A (sky130_fd_sc_hd__nand2_1)
     1    0.001931    0.023463    0.034017    2.222690 ^ _265_/Y (sky130_fd_sc_hd__nand2_1)
                                                         _091_ (net)
                      0.023463    0.000009    2.222699 ^ _266_/B (sky130_fd_sc_hd__and2_1)
     1    0.004773    0.045220    0.080122    2.302821 ^ _266_/X (sky130_fd_sc_hd__and2_1)
                                                         net77 (net)
                      0.045220    0.000076    2.302897 ^ output77/A (sky130_fd_sc_hd__buf_2)
     1    0.034102    0.127504    0.141409    2.444306 ^ output77/X (sky130_fd_sc_hd__buf_2)
                                                         c[20] (net)
                      0.127541    0.000243    2.444548 ^ c[20] (out)
                                              2.444548   data arrival time

                      0.000000    0.000000    0.000000   clock clk (rise edge)
                                  0.000000    0.000000   clock network delay (ideal)
                                  0.250000    0.250000   clock uncertainty
                                  0.000000    0.250000   clock reconvergence pessimism
                                 -2.000000   -1.750000   output external delay
                                             -1.750000   data required time
---------------------------------------------------------------------------------------------
                                             -1.750000   data required time
                                             -2.444548   data arrival time
---------------------------------------------------------------------------------------------
                                              4.194549   slack (MET)


Startpoint: b[8] (input port clocked by clk)
Endpoint: c[8] (output port clocked by clk)
Path Group: clk
Path Type: min

Fanout         Cap        Slew       Delay        Time   Description
---------------------------------------------------------------------------------------------
                      0.000000    0.000000    0.000000   clock clk (rise edge)
                                  0.000000    0.000000   clock network delay (ideal)
                                  2.000000    2.000000 ^ input external delay
     1    0.002884    0.014215    0.007440    2.007440 ^ b[8] (in)
                                                         b[8] (net)
                      0.014215    0.000000    2.007440 ^ input63/A (sky130_fd_sc_hd__clkbuf_1)
     2    0.006722    0.064896    0.070837    2.078277 ^ input63/X (sky130_fd_sc_hd__clkbuf_1)
                                                         net63 (net)
                      0.064896    0.000135    2.078412 ^ _202_/B (sky130_fd_sc_hd__nand2_1)
     4    0.012527    0.059175    0.067115    2.145527 v _202_/Y (sky130_fd_sc_hd__nand2_1)
                                                         _035_ (net)
                      0.059175    0.000063    2.145590 v _204_/A (sky130_fd_sc_hd__and2_1)
     2    0.007011    0.035797    0.107538    2.253128 v _204_/X (sky130_fd_sc_hd__and2_1)
                                                         _037_ (net)
                      0.035797    0.000023    2.253151 v _205_/A (sky130_fd_sc_hd__inv_2)
     2    0.009365    0.037335    0.045389    2.298540 ^ _205_/Y (sky130_fd_sc_hd__inv_2)
                                                         _038_ (net)
                      0.037335    0.000101    2.298641 ^ _352_/B (sky130_fd_sc_hd__xnor2_1)
     1    0.004602    0.028303    0.040179    2.338820 v _352_/Y (sky130_fd_sc_hd__xnor2_1)
                                                         net95 (net)
                      0.028303    0.000073    2.338893 v output95/A (sky130_fd_sc_hd__buf_2)
     1    0.033916    0.062057    0.116460    2.455353 v output95/X (sky130_fd_sc_hd__buf_2)
                                                         c[8] (net)
                      0.062057    0.000166    2.455519 v c[8] (out)
                                              2.455519   data arrival time

                      0.000000    0.000000    0.000000   clock clk (rise edge)
                                  0.000000    0.000000   clock network delay (ideal)
                                  0.250000    0.250000   clock uncertainty
                                  0.000000    0.250000   clock reconvergence pessimism
                                 -2.000000   -1.750000   output external delay
                                             -1.750000   data required time
---------------------------------------------------------------------------------------------
                                             -1.750000   data required time
                                             -2.455519   data arrival time
---------------------------------------------------------------------------------------------
                                              4.205519   slack (MET)



