
===========================================================================
report_checks -path_delay min (Hold)
============================================================================
======================= nom_tt_025C_1v80 Corner ===================================

Startpoint: a[0] (input port clocked by clk)
Endpoint: c[1] (output port clocked by clk)
Path Group: clk
Path Type: min

Fanout         Cap        Slew       Delay        Time   Description
---------------------------------------------------------------------------------------------
                      0.000000    0.000000    0.000000   clock clk (rise edge)
                                  0.000000    0.000000   clock network delay (ideal)
                                  2.000000    2.000000 v input external delay
     2    0.007957    0.020039    0.012892    2.012892 v a[0] (in)
                                                         a[0] (net)
                      0.020040    0.000000    2.012892 v _176_/A (sky130_fd_sc_hd__nand2_2)
     3    0.016035    0.093322    0.083955    2.096847 ^ _176_/Y (sky130_fd_sc_hd__nand2_2)
                                                         _009_ (net)
                      0.093322    0.000024    2.096871 ^ _336_/A (sky130_fd_sc_hd__xnor2_2)
     1    0.034481    0.157550    0.172126    2.268997 v _336_/Y (sky130_fd_sc_hd__xnor2_2)
                                                         c[1] (net)
                      0.157550    0.000163    2.269160 v c[1] (out)
                                              2.269160   data arrival time

                      0.000000    0.000000    0.000000   clock clk (rise edge)
                                  0.000000    0.000000   clock network delay (ideal)
                                  0.250000    0.250000   clock uncertainty
                                  0.000000    0.250000   clock reconvergence pessimism
                                 -2.000000   -1.750000   output external delay
                                             -1.750000   data required time
---------------------------------------------------------------------------------------------
                                             -1.750000   data required time
                                             -2.269160   data arrival time
---------------------------------------------------------------------------------------------
                                              4.019159   slack (MET)


Startpoint: a[7] (input port clocked by clk)
Endpoint: c[7] (output port clocked by clk)
Path Group: clk
Path Type: min

Fanout         Cap        Slew       Delay        Time   Description
---------------------------------------------------------------------------------------------
                      0.000000    0.000000    0.000000   clock clk (rise edge)
                                  0.000000    0.000000   clock network delay (ideal)
                                  2.000000    2.000000 ^ input external delay
     2    0.007123    0.038626    0.024680    2.024680 ^ a[7] (in)
                                                         a[7] (net)
                      0.038626    0.000000    2.024680 ^ _188_/A (sky130_fd_sc_hd__nand2_2)
     3    0.008514    0.042349    0.051708    2.076388 v _188_/Y (sky130_fd_sc_hd__nand2_2)
                                                         _021_ (net)
                      0.042349    0.000019    2.076407 v _190_/A (sky130_fd_sc_hd__nand2_2)
     1    0.009234    0.059809    0.069186    2.145594 ^ _190_/Y (sky130_fd_sc_hd__nand2_2)
                                                         _023_ (net)
                      0.059809    0.000009    2.145602 ^ _350_/A (sky130_fd_sc_hd__xnor2_2)
     1    0.034588    0.157291    0.163560    2.309162 v _350_/Y (sky130_fd_sc_hd__xnor2_2)
                                                         c[7] (net)
                      0.157292    0.000206    2.309368 v c[7] (out)
                                              2.309368   data arrival time

                      0.000000    0.000000    0.000000   clock clk (rise edge)
                                  0.000000    0.000000   clock network delay (ideal)
                                  0.250000    0.250000   clock uncertainty
                                  0.000000    0.250000   clock reconvergence pessimism
                                 -2.000000   -1.750000   output external delay
                                             -1.750000   data required time
---------------------------------------------------------------------------------------------
                                             -1.750000   data required time
                                             -2.309368   data arrival time
---------------------------------------------------------------------------------------------
                                              4.059368   slack (MET)


Startpoint: a[30] (input port clocked by clk)
Endpoint: c[30] (output port clocked by clk)
Path Group: clk
Path Type: min

Fanout         Cap        Slew       Delay        Time   Description
---------------------------------------------------------------------------------------------
                      0.000000    0.000000    0.000000   clock clk (rise edge)
                                  0.000000    0.000000   clock network delay (ideal)
                                  2.000000    2.000000 ^ input external delay
     2    0.007197    0.038954    0.024922    2.024922 ^ a[30] (in)
                                                         a[30] (net)
                      0.038954    0.000000    2.024922 ^ _325_/A (sky130_fd_sc_hd__nand2_2)
     2    0.007267    0.037997    0.048276    2.073197 v _325_/Y (sky130_fd_sc_hd__nand2_2)
                                                         _141_ (net)
                      0.037997    0.000021    2.073218 v _327_/A (sky130_fd_sc_hd__nand2_2)
     2    0.012045    0.073576    0.077418    2.150636 ^ _327_/Y (sky130_fd_sc_hd__nand2_2)
                                                         _143_ (net)
                      0.073576    0.000025    2.150661 ^ _330_/A (sky130_fd_sc_hd__xnor2_2)
     1    0.035058    0.159909    0.168640    2.319301 v _330_/Y (sky130_fd_sc_hd__xnor2_2)
                                                         c[30] (net)
                      0.159909    0.000232    2.319534 v c[30] (out)
                                              2.319534   data arrival time

                      0.000000    0.000000    0.000000   clock clk (rise edge)
                                  0.000000    0.000000   clock network delay (ideal)
                                  0.250000    0.250000   clock uncertainty
                                  0.000000    0.250000   clock reconvergence pessimism
                                 -2.000000   -1.750000   output external delay
                                             -1.750000   data required time
---------------------------------------------------------------------------------------------
                                             -1.750000   data required time
                                             -2.319534   data arrival time
---------------------------------------------------------------------------------------------
                                              4.069534   slack (MET)


Startpoint: b[31] (input port clocked by clk)
Endpoint: c[31] (output port clocked by clk)
Path Group: clk
Path Type: min

Fanout         Cap        Slew       Delay        Time   Description
---------------------------------------------------------------------------------------------
                      0.000000    0.000000    0.000000   clock clk (rise edge)
                                  0.000000    0.000000   clock network delay (ideal)
                                  2.000000    2.000000 ^ input external delay
     1    0.009483    0.049100    0.032307    2.032307 ^ b[31] (in)
                                                         b[31] (net)
                      0.049100    0.000000    2.032307 ^ _332_/B (sky130_fd_sc_hd__xor2_2)
     1    0.008445    0.043788    0.068003    2.100311 v _332_/X (sky130_fd_sc_hd__xor2_2)
                                                         _147_ (net)
                      0.043788    0.000018    2.100328 v _333_/B (sky130_fd_sc_hd__xnor2_2)
     1    0.034654    0.158198    0.219790    2.320118 v _333_/Y (sky130_fd_sc_hd__xnor2_2)
                                                         c[31] (net)
                      0.158198    0.000178    2.320296 v c[31] (out)
                                              2.320296   data arrival time

                      0.000000    0.000000    0.000000   clock clk (rise edge)
                                  0.000000    0.000000   clock network delay (ideal)
                                  0.250000    0.250000   clock uncertainty
                                  0.000000    0.250000   clock reconvergence pessimism
                                 -2.000000   -1.750000   output external delay
                                             -1.750000   data required time
---------------------------------------------------------------------------------------------
                                             -1.750000   data required time
                                             -2.320296   data arrival time
---------------------------------------------------------------------------------------------
                                              4.070296   slack (MET)


Startpoint: a[28] (input port clocked by clk)
Endpoint: c[28] (output port clocked by clk)
Path Group: clk
Path Type: min

Fanout         Cap        Slew       Delay        Time   Description
---------------------------------------------------------------------------------------------
                      0.000000    0.000000    0.000000   clock clk (rise edge)
                                  0.000000    0.000000   clock network delay (ideal)
                                  2.000000    2.000000 ^ input external delay
     2    0.007145    0.038726    0.024754    2.024754 ^ a[28] (in)
                                                         a[28] (net)
                      0.038726    0.000000    2.024754 ^ _312_/A (sky130_fd_sc_hd__nand2_2)
     2    0.009059    0.045837    0.053301    2.078056 v _312_/Y (sky130_fd_sc_hd__nand2_2)
                                                         _130_ (net)
                      0.045837    0.000013    2.078069 v _314_/B (sky130_fd_sc_hd__nand2_2)
     1    0.009321    0.063360    0.080189    2.158258 ^ _314_/Y (sky130_fd_sc_hd__nand2_2)
                                                         _132_ (net)
                      0.063360    0.000015    2.158272 ^ _319_/A (sky130_fd_sc_hd__xnor2_2)
     1    0.035128    0.160179    0.166143    2.324416 v _319_/Y (sky130_fd_sc_hd__xnor2_2)
                                                         c[28] (net)
                      0.160179    0.000247    2.324663 v c[28] (out)
                                              2.324663   data arrival time

                      0.000000    0.000000    0.000000   clock clk (rise edge)
                                  0.000000    0.000000   clock network delay (ideal)
                                  0.250000    0.250000   clock uncertainty
                                  0.000000    0.250000   clock reconvergence pessimism
                                 -2.000000   -1.750000   output external delay
                                             -1.750000   data required time
---------------------------------------------------------------------------------------------
                                             -1.750000   data required time
                                             -2.324663   data arrival time
---------------------------------------------------------------------------------------------
                                              4.074663   slack (MET)


Startpoint: a[8] (input port clocked by clk)
Endpoint: c[9] (output port clocked by clk)
Path Group: clk
Path Type: min

Fanout         Cap        Slew       Delay        Time   Description
---------------------------------------------------------------------------------------------
                      0.000000    0.000000    0.000000   clock clk (rise edge)
                                  0.000000    0.000000   clock network delay (ideal)
                                  2.000000    2.000000 ^ input external delay
     2    0.008984    0.046887    0.030722    2.030722 ^ a[8] (in)
                                                         a[8] (net)
                      0.046887    0.000000    2.030722 ^ _202_/A (sky130_fd_sc_hd__nand2_2)
     4    0.012215    0.055817    0.064910    2.095632 v _202_/Y (sky130_fd_sc_hd__nand2_2)
                                                         _035_ (net)
                      0.055817    0.000059    2.095691 v _353_/A (sky130_fd_sc_hd__nand2_2)
     1    0.008748    0.057920    0.073187    2.168878 ^ _353_/Y (sky130_fd_sc_hd__nand2_2)
                                                         _158_ (net)
                      0.057920    0.000012    2.168890 ^ _354_/B (sky130_fd_sc_hd__xnor2_2)
     1    0.035620    0.161636    0.156686    2.325576 v _354_/Y (sky130_fd_sc_hd__xnor2_2)
                                                         c[9] (net)
                      0.161637    0.000318    2.325894 v c[9] (out)
                                              2.325894   data arrival time

                      0.000000    0.000000    0.000000   clock clk (rise edge)
                                  0.000000    0.000000   clock network delay (ideal)
                                  0.250000    0.250000   clock uncertainty
                                  0.000000    0.250000   clock reconvergence pessimism
                                 -2.000000   -1.750000   output external delay
                                             -1.750000   data required time
---------------------------------------------------------------------------------------------
                                             -1.750000   data required time
                                             -2.325894   data arrival time
---------------------------------------------------------------------------------------------
                                              4.075893   slack (MET)


Startpoint: a[22] (input port clocked by clk)
Endpoint: c[23] (output port clocked by clk)
Path Group: clk
Path Type: min

Fanout         Cap        Slew       Delay        Time   Description
---------------------------------------------------------------------------------------------
                      0.000000    0.000000    0.000000   clock clk (rise edge)
                                  0.000000    0.000000   clock network delay (ideal)
                                  2.000000    2.000000 ^ input external delay
     2    0.007285    0.039343    0.025207    2.025207 ^ a[22] (in)
                                                         a[22] (net)
                      0.039343    0.000000    2.025207 ^ _274_/A (sky130_fd_sc_hd__nand2_2)
     3    0.012612    0.057233    0.063535    2.088742 v _274_/Y (sky130_fd_sc_hd__nand2_2)
                                                         _098_ (net)
                      0.057233    0.000061    2.088803 v _282_/B1 (sky130_fd_sc_hd__o21ai_2)
     1    0.009007    0.070679    0.077131    2.165934 ^ _282_/Y (sky130_fd_sc_hd__o21ai_2)
                                                         _105_ (net)
                      0.070679    0.000031    2.165965 ^ _283_/B (sky130_fd_sc_hd__xnor2_2)
     1    0.036089    0.163804    0.161392    2.327357 v _283_/Y (sky130_fd_sc_hd__xnor2_2)
                                                         c[23] (net)
                      0.163806    0.000435    2.327792 v c[23] (out)
                                              2.327792   data arrival time

                      0.000000    0.000000    0.000000   clock clk (rise edge)
                                  0.000000    0.000000   clock network delay (ideal)
                                  0.250000    0.250000   clock uncertainty
                                  0.000000    0.250000   clock reconvergence pessimism
                                 -2.000000   -1.750000   output external delay
                                             -1.750000   data required time
---------------------------------------------------------------------------------------------
                                             -1.750000   data required time
                                             -2.327792   data arrival time
---------------------------------------------------------------------------------------------
                                              4.077793   slack (MET)


Startpoint: a[24] (input port clocked by clk)
Endpoint: c[25] (output port clocked by clk)
Path Group: clk
Path Type: min

Fanout         Cap        Slew       Delay        Time   Description
---------------------------------------------------------------------------------------------
                      0.000000    0.000000    0.000000   clock clk (rise edge)
                                  0.000000    0.000000   clock network delay (ideal)
                                  2.000000    2.000000 ^ input external delay
     2    0.007630    0.040872    0.026329    2.026329 ^ a[24] (in)
                                                         a[24] (net)
                      0.040872    0.000000    2.026329 ^ _290_/A (sky130_fd_sc_hd__nand2_2)
     3    0.012163    0.055571    0.062797    2.089126 v _290_/Y (sky130_fd_sc_hd__nand2_2)
                                                         _112_ (net)
                      0.055571    0.000057    2.089183 v _296_/B1 (sky130_fd_sc_hd__o21ai_2)
     1    0.008899    0.069935    0.075978    2.165161 ^ _296_/Y (sky130_fd_sc_hd__o21ai_2)
                                                         _117_ (net)
                      0.069935    0.000026    2.165186 ^ _297_/B (sky130_fd_sc_hd__xnor2_2)
     1    0.038267    0.172887    0.167476    2.332663 v _297_/Y (sky130_fd_sc_hd__xnor2_2)
                                                         c[25] (net)
                      0.172895    0.000998    2.333661 v c[25] (out)
                                              2.333661   data arrival time

                      0.000000    0.000000    0.000000   clock clk (rise edge)
                                  0.000000    0.000000   clock network delay (ideal)
                                  0.250000    0.250000   clock uncertainty
                                  0.000000    0.250000   clock reconvergence pessimism
                                 -2.000000   -1.750000   output external delay
                                             -1.750000   data required time
---------------------------------------------------------------------------------------------
                                             -1.750000   data required time
                                             -2.333661   data arrival time
---------------------------------------------------------------------------------------------
                                              4.083661   slack (MET)


Startpoint: a[3] (input port clocked by clk)
Endpoint: c[3] (output port clocked by clk)
Path Group: clk
Path Type: min

Fanout         Cap        Slew       Delay        Time   Description
---------------------------------------------------------------------------------------------
                      0.000000    0.000000    0.000000   clock clk (rise edge)
                                  0.000000    0.000000   clock network delay (ideal)
                                  2.000000    2.000000 v input external delay
     3    0.010792    0.026246    0.017522    2.017522 v a[3] (in)
                                                         a[3] (net)
                      0.026248    0.000000    2.017522 v _182_/A (sky130_fd_sc_hd__nand2_2)
     2    0.007648    0.049922    0.056664    2.074186 ^ _182_/Y (sky130_fd_sc_hd__nand2_2)
                                                         _015_ (net)
                      0.049922    0.000021    2.074207 ^ _340_/B1 (sky130_fd_sc_hd__o211a_2)
     1    0.004973    0.053662    0.173746    2.247954 ^ _340_/X (sky130_fd_sc_hd__o211a_2)
                                                         _151_ (net)
                      0.053662    0.000006    2.247960 ^ _341_/B (sky130_fd_sc_hd__nor2_2)
     1    0.034726    0.081497    0.086632    2.334592 v _341_/Y (sky130_fd_sc_hd__nor2_2)
                                                         c[3] (net)
                      0.081497    0.000224    2.334817 v c[3] (out)
                                              2.334817   data arrival time

                      0.000000    0.000000    0.000000   clock clk (rise edge)
                                  0.000000    0.000000   clock network delay (ideal)
                                  0.250000    0.250000   clock uncertainty
                                  0.000000    0.250000   clock reconvergence pessimism
                                 -2.000000   -1.750000   output external delay
                                             -1.750000   data required time
---------------------------------------------------------------------------------------------
                                             -1.750000   data required time
                                             -2.334817   data arrival time
---------------------------------------------------------------------------------------------
                                              4.084817   slack (MET)


Startpoint: a[27] (input port clocked by clk)
Endpoint: c[27] (output port clocked by clk)
Path Group: clk
Path Type: min

Fanout         Cap        Slew       Delay        Time   Description
---------------------------------------------------------------------------------------------
                      0.000000    0.000000    0.000000   clock clk (rise edge)
                                  0.000000    0.000000   clock network delay (ideal)
                                  2.000000    2.000000 ^ input external delay
     2    0.007409    0.039893    0.025611    2.025611 ^ a[27] (in)
                                                         a[27] (net)
                      0.039893    0.000000    2.025611 ^ _307_/A (sky130_fd_sc_hd__nand2_2)
     2    0.007059    0.038465    0.048003    2.073614 v _307_/Y (sky130_fd_sc_hd__nand2_2)
                                                         _126_ (net)
                      0.038465    0.000002    2.073617 v _308_/B (sky130_fd_sc_hd__nand2_2)
     2    0.013808    0.081000    0.092592    2.166208 ^ _308_/Y (sky130_fd_sc_hd__nand2_2)
                                                         _127_ (net)
                      0.081000    0.000248    2.166456 ^ _310_/A (sky130_fd_sc_hd__xnor2_2)
     1    0.034680    0.157668    0.169469    2.335925 v _310_/Y (sky130_fd_sc_hd__xnor2_2)
                                                         c[27] (net)
                      0.157669    0.000184    2.336109 v c[27] (out)
                                              2.336109   data arrival time

                      0.000000    0.000000    0.000000   clock clk (rise edge)
                                  0.000000    0.000000   clock network delay (ideal)
                                  0.250000    0.250000   clock uncertainty
                                  0.000000    0.250000   clock reconvergence pessimism
                                 -2.000000   -1.750000   output external delay
                                             -1.750000   data required time
---------------------------------------------------------------------------------------------
                                             -1.750000   data required time
                                             -2.336109   data arrival time
---------------------------------------------------------------------------------------------
                                              4.086109   slack (MET)


Startpoint: b[20] (input port clocked by clk)
Endpoint: c[21] (output port clocked by clk)
Path Group: clk
Path Type: min

Fanout         Cap        Slew       Delay        Time   Description
---------------------------------------------------------------------------------------------
                      0.000000    0.000000    0.000000   clock clk (rise edge)
                                  0.000000    0.000000   clock network delay (ideal)
                                  2.000000    2.000000 ^ input external delay
     2    0.008898    0.046508    0.030448    2.030448 ^ b[20] (in)
                                                         b[20] (net)
                      0.046508    0.000000    2.030448 ^ _258_/B (sky130_fd_sc_hd__nand2_2)
     3    0.013246    0.059642    0.073339    2.103787 v _258_/Y (sky130_fd_sc_hd__nand2_2)
                                                         _084_ (net)
                      0.059642    0.000066    2.103853 v _271_/A (sky130_fd_sc_hd__nand2_2)
     1    0.008474    0.057092    0.073883    2.177736 ^ _271_/Y (sky130_fd_sc_hd__nand2_2)
                                                         _096_ (net)
                      0.057092    0.000002    2.177738 ^ _272_/B (sky130_fd_sc_hd__xnor2_2)
     1    0.036698    0.166100    0.159647    2.337384 v _272_/Y (sky130_fd_sc_hd__xnor2_2)
                                                         c[21] (net)
                      0.166102    0.000480    2.337864 v c[21] (out)
                                              2.337864   data arrival time

                      0.000000    0.000000    0.000000   clock clk (rise edge)
                                  0.000000    0.000000   clock network delay (ideal)
                                  0.250000    0.250000   clock uncertainty
                                  0.000000    0.250000   clock reconvergence pessimism
                                 -2.000000   -1.750000   output external delay
                                             -1.750000   data required time
---------------------------------------------------------------------------------------------
                                             -1.750000   data required time
                                             -2.337864   data arrival time
---------------------------------------------------------------------------------------------
                                              4.087864   slack (MET)


Startpoint: a[14] (input port clocked by clk)
Endpoint: c[15] (output port clocked by clk)
Path Group: clk
Path Type: min

Fanout         Cap        Slew       Delay        Time   Description
---------------------------------------------------------------------------------------------
                      0.000000    0.000000    0.000000   clock clk (rise edge)
                                  0.000000    0.000000   clock network delay (ideal)
                                  2.000000    2.000000 ^ input external delay
     3    0.010494    0.053608    0.035593    2.035593 ^ a[14] (in)
                                                         a[14] (net)
                      0.053608    0.000000    2.035593 ^ _222_/A (sky130_fd_sc_hd__nand2_2)
     2    0.012932    0.058530    0.069038    2.104631 v _222_/Y (sky130_fd_sc_hd__nand2_2)
                                                         _054_ (net)
                      0.058530    0.000173    2.104804 v _227_/B1 (sky130_fd_sc_hd__o21ai_2)
     1    0.008693    0.071512    0.076579    2.181383 ^ _227_/Y (sky130_fd_sc_hd__o21ai_2)
                                                         _058_ (net)
                      0.071512    0.000010    2.181393 ^ _228_/B (sky130_fd_sc_hd__xnor2_2)
     1    0.035378    0.160890    0.159446    2.340839 v _228_/Y (sky130_fd_sc_hd__xnor2_2)
                                                         c[15] (net)
                      0.160891    0.000420    2.341259 v c[15] (out)
                                              2.341259   data arrival time

                      0.000000    0.000000    0.000000   clock clk (rise edge)
                                  0.000000    0.000000   clock network delay (ideal)
                                  0.250000    0.250000   clock uncertainty
                                  0.000000    0.250000   clock reconvergence pessimism
                                 -2.000000   -1.750000   output external delay
                                             -1.750000   data required time
---------------------------------------------------------------------------------------------
                                             -1.750000   data required time
                                             -2.341259   data arrival time
---------------------------------------------------------------------------------------------
                                              4.091259   slack (MET)


Startpoint: b[16] (input port clocked by clk)
Endpoint: c[17] (output port clocked by clk)
Path Group: clk
Path Type: min

Fanout         Cap        Slew       Delay        Time   Description
---------------------------------------------------------------------------------------------
                      0.000000    0.000000    0.000000   clock clk (rise edge)
                                  0.000000    0.000000   clock network delay (ideal)
                                  2.000000    2.000000 ^ input external delay
     2    0.008983    0.046885    0.030724    2.030724 ^ b[16] (in)
                                                         b[16] (net)
                      0.046885    0.000000    2.030724 ^ _238_/B (sky130_fd_sc_hd__nand2_2)
     3    0.012767    0.057865    0.072140    2.102864 v _238_/Y (sky130_fd_sc_hd__nand2_2)
                                                         _068_ (net)
                      0.057865    0.000038    2.102902 v _244_/B1 (sky130_fd_sc_hd__o21ai_2)
     1    0.008578    0.070807    0.075851    2.178753 ^ _244_/Y (sky130_fd_sc_hd__o21ai_2)
                                                         _073_ (net)
                      0.070807    0.000007    2.178760 ^ _245_/B (sky130_fd_sc_hd__xnor2_2)
     1    0.036978    0.167487    0.164079    2.342839 v _245_/Y (sky130_fd_sc_hd__xnor2_2)
                                                         c[17] (net)
                      0.167489    0.000533    2.343372 v c[17] (out)
                                              2.343372   data arrival time

                      0.000000    0.000000    0.000000   clock clk (rise edge)
                                  0.000000    0.000000   clock network delay (ideal)
                                  0.250000    0.250000   clock uncertainty
                                  0.000000    0.250000   clock reconvergence pessimism
                                 -2.000000   -1.750000   output external delay
                                             -1.750000   data required time
---------------------------------------------------------------------------------------------
                                             -1.750000   data required time
                                             -2.343372   data arrival time
---------------------------------------------------------------------------------------------
                                              4.093371   slack (MET)


Startpoint: a[12] (input port clocked by clk)
Endpoint: c[13] (output port clocked by clk)
Path Group: clk
Path Type: min

Fanout         Cap        Slew       Delay        Time   Description
---------------------------------------------------------------------------------------------
                      0.000000    0.000000    0.000000   clock clk (rise edge)
                                  0.000000    0.000000   clock network delay (ideal)
                                  2.000000    2.000000 ^ input external delay
     2    0.008680    0.045535    0.029736    2.029736 ^ a[12] (in)
                                                         a[12] (net)
                      0.045535    0.000000    2.029736 ^ _167_/A (sky130_fd_sc_hd__nand2_2)
     4    0.015693    0.068747    0.074063    2.103799 v _167_/Y (sky130_fd_sc_hd__nand2_2)
                                                         _000_ (net)
                      0.068747    0.000095    2.103894 v _219_/A (sky130_fd_sc_hd__nand2_2)
     1    0.008665    0.059132    0.078557    2.182451 ^ _219_/Y (sky130_fd_sc_hd__nand2_2)
                                                         _052_ (net)
                      0.059132    0.000012    2.182463 ^ _220_/B (sky130_fd_sc_hd__xnor2_2)
     1    0.038225    0.172503    0.164610    2.347072 v _220_/Y (sky130_fd_sc_hd__xnor2_2)
                                                         c[13] (net)
                      0.172508    0.000828    2.347901 v c[13] (out)
                                              2.347901   data arrival time

                      0.000000    0.000000    0.000000   clock clk (rise edge)
                                  0.000000    0.000000   clock network delay (ideal)
                                  0.250000    0.250000   clock uncertainty
                                  0.000000    0.250000   clock reconvergence pessimism
                                 -2.000000   -1.750000   output external delay
                                             -1.750000   data required time
---------------------------------------------------------------------------------------------
                                             -1.750000   data required time
                                             -2.347901   data arrival time
---------------------------------------------------------------------------------------------
                                              4.097901   slack (MET)


Startpoint: a[0] (input port clocked by clk)
Endpoint: c[0] (output port clocked by clk)
Path Group: clk
Path Type: min

Fanout         Cap        Slew       Delay        Time   Description
---------------------------------------------------------------------------------------------
                      0.000000    0.000000    0.000000   clock clk (rise edge)
                                  0.000000    0.000000   clock network delay (ideal)
                                  2.000000    2.000000 ^ input external delay
     2    0.008365    0.044138    0.028724    2.028724 ^ a[0] (in)
                                                         a[0] (net)
                      0.044139    0.000000    2.028724 ^ _176_/A (sky130_fd_sc_hd__nand2_2)
     3    0.014816    0.065437    0.071216    2.099940 v _176_/Y (sky130_fd_sc_hd__nand2_2)
                                                         _009_ (net)
                      0.065437    0.000013    2.099953 v _335_/A (sky130_fd_sc_hd__and2_2)
     1    0.034320    0.101999    0.249308    2.349261 v _335_/X (sky130_fd_sc_hd__and2_2)
                                                         c[0] (net)
                      0.101999    0.000132    2.349393 v c[0] (out)
                                              2.349393   data arrival time

                      0.000000    0.000000    0.000000   clock clk (rise edge)
                                  0.000000    0.000000   clock network delay (ideal)
                                  0.250000    0.250000   clock uncertainty
                                  0.000000    0.250000   clock reconvergence pessimism
                                 -2.000000   -1.750000   output external delay
                                             -1.750000   data required time
---------------------------------------------------------------------------------------------
                                             -1.750000   data required time
                                             -2.349393   data arrival time
---------------------------------------------------------------------------------------------
                                              4.099393   slack (MET)


Startpoint: a[10] (input port clocked by clk)
Endpoint: c[11] (output port clocked by clk)
Path Group: clk
Path Type: min

Fanout         Cap        Slew       Delay        Time   Description
---------------------------------------------------------------------------------------------
                      0.000000    0.000000    0.000000   clock clk (rise edge)
                                  0.000000    0.000000   clock network delay (ideal)
                                  2.000000    2.000000 ^ input external delay
     2    0.007905    0.042097    0.027230    2.027231 ^ a[10] (in)
                                                         a[10] (net)
                      0.042097    0.000000    2.027231 ^ _206_/A (sky130_fd_sc_hd__nand2_2)
     3    0.015884    0.069475    0.073398    2.100628 v _206_/Y (sky130_fd_sc_hd__nand2_2)
                                                         _039_ (net)
                      0.069476    0.000249    2.100877 v _357_/B1 (sky130_fd_sc_hd__o21ai_2)
     1    0.008563    0.072029    0.081086    2.181963 ^ _357_/Y (sky130_fd_sc_hd__o21ai_2)
                                                         _160_ (net)
                      0.072029    0.000005    2.181968 ^ _358_/B (sky130_fd_sc_hd__xnor2_2)
     1    0.039124    0.176499    0.170491    2.352460 v _358_/Y (sky130_fd_sc_hd__xnor2_2)
                                                         c[11] (net)
                      0.176511    0.001238    2.353698 v c[11] (out)
                                              2.353698   data arrival time

                      0.000000    0.000000    0.000000   clock clk (rise edge)
                                  0.000000    0.000000   clock network delay (ideal)
                                  0.250000    0.250000   clock uncertainty
                                  0.000000    0.250000   clock reconvergence pessimism
                                 -2.000000   -1.750000   output external delay
                                             -1.750000   data required time
---------------------------------------------------------------------------------------------
                                             -1.750000   data required time
                                             -2.353698   data arrival time
---------------------------------------------------------------------------------------------
                                              4.103698   slack (MET)


Startpoint: b[4] (input port clocked by clk)
Endpoint: c[4] (output port clocked by clk)
Path Group: clk
Path Type: min

Fanout         Cap        Slew       Delay        Time   Description
---------------------------------------------------------------------------------------------
                      0.000000    0.000000    0.000000   clock clk (rise edge)
                                  0.000000    0.000000   clock network delay (ideal)
                                  2.000000    2.000000 ^ input external delay
     3    0.019289    0.092495    0.063356    2.063356 ^ b[4] (in)
                                                         b[4] (net)
                      0.092496    0.000000    2.063356 ^ _170_/B (sky130_fd_sc_hd__xor2_2)
     2    0.007682    0.041856    0.080200    2.143556 v _170_/X (sky130_fd_sc_hd__xor2_2)
                                                         _003_ (net)
                      0.041856    0.000024    2.143580 v _342_/A (sky130_fd_sc_hd__nor2_2)
     1    0.005400    0.088406    0.110204    2.253784 ^ _342_/Y (sky130_fd_sc_hd__nor2_2)
                                                         _152_ (net)
                      0.088406    0.000021    2.253805 ^ _343_/B (sky130_fd_sc_hd__nor2_2)
     1    0.035163    0.085474    0.100126    2.353931 v _343_/Y (sky130_fd_sc_hd__nor2_2)
                                                         c[4] (net)
                      0.085474    0.000290    2.354221 v c[4] (out)
                                              2.354221   data arrival time

                      0.000000    0.000000    0.000000   clock clk (rise edge)
                                  0.000000    0.000000   clock network delay (ideal)
                                  0.250000    0.250000   clock uncertainty
                                  0.000000    0.250000   clock reconvergence pessimism
                                 -2.000000   -1.750000   output external delay
                                             -1.750000   data required time
---------------------------------------------------------------------------------------------
                                             -1.750000   data required time
                                             -2.354221   data arrival time
---------------------------------------------------------------------------------------------
                                              4.104221   slack (MET)


Startpoint: a[18] (input port clocked by clk)
Endpoint: c[18] (output port clocked by clk)
Path Group: clk
Path Type: min

Fanout         Cap        Slew       Delay        Time   Description
---------------------------------------------------------------------------------------------
                      0.000000    0.000000    0.000000   clock clk (rise edge)
                                  0.000000    0.000000   clock network delay (ideal)
                                  2.000000    2.000000 ^ input external delay
     2    0.008955    0.046758    0.030632    2.030632 ^ a[18] (in)
                                                         a[18] (net)
                      0.046759    0.000000    2.030632 ^ _247_/A (sky130_fd_sc_hd__nand2_2)
     3    0.009848    0.047283    0.058151    2.088783 v _247_/Y (sky130_fd_sc_hd__nand2_2)
                                                         _075_ (net)
                      0.047283    0.000039    2.088822 v _248_/B (sky130_fd_sc_hd__nand2_2)
     2    0.011744    0.073210    0.089468    2.178290 ^ _248_/Y (sky130_fd_sc_hd__nand2_2)
                                                         _076_ (net)
                      0.073210    0.000022    2.178312 ^ _251_/A (sky130_fd_sc_hd__xnor2_2)
     1    0.037709    0.170930    0.176298    2.354609 v _251_/Y (sky130_fd_sc_hd__xnor2_2)
                                                         c[18] (net)
                      0.170933    0.000945    2.355554 v c[18] (out)
                                              2.355554   data arrival time

                      0.000000    0.000000    0.000000   clock clk (rise edge)
                                  0.000000    0.000000   clock network delay (ideal)
                                  0.250000    0.250000   clock uncertainty
                                  0.000000    0.250000   clock reconvergence pessimism
                                 -2.000000   -1.750000   output external delay
                                             -1.750000   data required time
---------------------------------------------------------------------------------------------
                                             -1.750000   data required time
                                             -2.355554   data arrival time
---------------------------------------------------------------------------------------------
                                              4.105554   slack (MET)


Startpoint: b[2] (input port clocked by clk)
Endpoint: c[2] (output port clocked by clk)
Path Group: clk
Path Type: min

Fanout         Cap        Slew       Delay        Time   Description
---------------------------------------------------------------------------------------------
                      0.000000    0.000000    0.000000   clock clk (rise edge)
                                  0.000000    0.000000   clock network delay (ideal)
                                  2.000000    2.000000 v input external delay
     2    0.006499    0.016859    0.010503    2.010503 v b[2] (in)
                                                         b[2] (net)
                      0.016859    0.000000    2.010503 v _173_/B (sky130_fd_sc_hd__nor2_2)
     1    0.007213    0.103173    0.094276    2.104779 ^ _173_/Y (sky130_fd_sc_hd__nor2_2)
                                                         _006_ (net)
                      0.103173    0.000096    2.104875 ^ _174_/B (sky130_fd_sc_hd__nor2_2)
     2    0.006176    0.033997    0.049158    2.154033 v _174_/Y (sky130_fd_sc_hd__nor2_2)
                                                         _007_ (net)
                      0.033997    0.000011    2.154044 v _337_/A (sky130_fd_sc_hd__nor2_2)
     1    0.005008    0.084199    0.103981    2.258025 ^ _337_/Y (sky130_fd_sc_hd__nor2_2)
                                                         _149_ (net)
                      0.084199    0.000008    2.258033 ^ _338_/B (sky130_fd_sc_hd__nor2_2)
     1    0.034659    0.084026    0.097820    2.355853 v _338_/Y (sky130_fd_sc_hd__nor2_2)
                                                         c[2] (net)
                      0.084026    0.000195    2.356048 v c[2] (out)
                                              2.356048   data arrival time

                      0.000000    0.000000    0.000000   clock clk (rise edge)
                                  0.000000    0.000000   clock network delay (ideal)
                                  0.250000    0.250000   clock uncertainty
                                  0.000000    0.250000   clock reconvergence pessimism
                                 -2.000000   -1.750000   output external delay
                                             -1.750000   data required time
---------------------------------------------------------------------------------------------
                                             -1.750000   data required time
                                             -2.356048   data arrival time
---------------------------------------------------------------------------------------------
                                              4.106048   slack (MET)


Startpoint: a[19] (input port clocked by clk)
Endpoint: c[19] (output port clocked by clk)
Path Group: clk
Path Type: min

Fanout         Cap        Slew       Delay        Time   Description
---------------------------------------------------------------------------------------------
                      0.000000    0.000000    0.000000   clock clk (rise edge)
                                  0.000000    0.000000   clock network delay (ideal)
                                  2.000000    2.000000 ^ input external delay
     2    0.013175    0.065290    0.044290    2.044290 ^ a[19] (in)
                                                         a[19] (net)
                      0.065291    0.000000    2.044290 ^ _253_/A (sky130_fd_sc_hd__nand2_2)
     2    0.007191    0.040363    0.055842    2.100132 v _253_/Y (sky130_fd_sc_hd__nand2_2)
                                                         _080_ (net)
                      0.040363    0.000013    2.100145 v _254_/B (sky130_fd_sc_hd__nand2b_2)
     2    0.011121    0.073328    0.084768    2.184912 ^ _254_/Y (sky130_fd_sc_hd__nand2b_2)
                                                         _081_ (net)
                      0.073328    0.000032    2.184944 ^ _256_/A (sky130_fd_sc_hd__xnor2_2)
     1    0.036805    0.166580    0.173796    2.358739 v _256_/Y (sky130_fd_sc_hd__xnor2_2)
                                                         c[19] (net)
                      0.166583    0.000527    2.359267 v c[19] (out)
                                              2.359267   data arrival time

                      0.000000    0.000000    0.000000   clock clk (rise edge)
                                  0.000000    0.000000   clock network delay (ideal)
                                  0.250000    0.250000   clock uncertainty
                                  0.000000    0.250000   clock reconvergence pessimism
                                 -2.000000   -1.750000   output external delay
                                             -1.750000   data required time
---------------------------------------------------------------------------------------------
                                             -1.750000   data required time
                                             -2.359267   data arrival time
---------------------------------------------------------------------------------------------
                                              4.109267   slack (MET)


Startpoint: a[24] (input port clocked by clk)
Endpoint: c[24] (output port clocked by clk)
Path Group: clk
Path Type: min

Fanout         Cap        Slew       Delay        Time   Description
---------------------------------------------------------------------------------------------
                      0.000000    0.000000    0.000000   clock clk (rise edge)
                                  0.000000    0.000000   clock network delay (ideal)
                                  2.000000    2.000000 ^ input external delay
     2    0.007630    0.040872    0.026329    2.026329 ^ a[24] (in)
                                                         a[24] (net)
                      0.040872    0.000000    2.026329 ^ _290_/A (sky130_fd_sc_hd__nand2_2)
     3    0.012163    0.055571    0.062797    2.089126 v _290_/Y (sky130_fd_sc_hd__nand2_2)
                                                         _112_ (net)
                      0.055571    0.000033    2.089159 v _291_/B (sky130_fd_sc_hd__nand2_2)
     3    0.017016    0.096033    0.111276    2.200435 ^ _291_/Y (sky130_fd_sc_hd__nand2_2)
                                                         _113_ (net)
                      0.096034    0.000156    2.200590 ^ _292_/B (sky130_fd_sc_hd__xor2_2)
     1    0.035476    0.104048    0.162949    2.363540 v _292_/X (sky130_fd_sc_hd__xor2_2)
                                                         c[24] (net)
                      0.104048    0.000303    2.363843 v c[24] (out)
                                              2.363843   data arrival time

                      0.000000    0.000000    0.000000   clock clk (rise edge)
                                  0.000000    0.000000   clock network delay (ideal)
                                  0.250000    0.250000   clock uncertainty
                                  0.000000    0.250000   clock reconvergence pessimism
                                 -2.000000   -1.750000   output external delay
                                             -1.750000   data required time
---------------------------------------------------------------------------------------------
                                             -1.750000   data required time
                                             -2.363843   data arrival time
---------------------------------------------------------------------------------------------
                                              4.113843   slack (MET)


Startpoint: a[4] (input port clocked by clk)
Endpoint: c[5] (output port clocked by clk)
Path Group: clk
Path Type: min

Fanout         Cap        Slew       Delay        Time   Description
---------------------------------------------------------------------------------------------
                      0.000000    0.000000    0.000000   clock clk (rise edge)
                                  0.000000    0.000000   clock network delay (ideal)
                                  2.000000    2.000000 v input external delay
     3    0.018624    0.043066    0.029982    2.029982 v a[4] (in)
                                                         a[4] (net)
                      0.043068    0.000000    2.029982 v _344_/A1 (sky130_fd_sc_hd__a21oi_2)
     1    0.008751    0.137506    0.154541    2.184523 ^ _344_/Y (sky130_fd_sc_hd__a21oi_2)
                                                         _153_ (net)
                      0.137506    0.000013    2.184536 ^ _345_/B (sky130_fd_sc_hd__xnor2_2)
     1    0.036761    0.166991    0.180690    2.365226 v _345_/Y (sky130_fd_sc_hd__xnor2_2)
                                                         c[5] (net)
                      0.166992    0.000628    2.365854 v c[5] (out)
                                              2.365854   data arrival time

                      0.000000    0.000000    0.000000   clock clk (rise edge)
                                  0.000000    0.000000   clock network delay (ideal)
                                  0.250000    0.250000   clock uncertainty
                                  0.000000    0.250000   clock reconvergence pessimism
                                 -2.000000   -1.750000   output external delay
                                             -1.750000   data required time
---------------------------------------------------------------------------------------------
                                             -1.750000   data required time
                                             -2.365854   data arrival time
---------------------------------------------------------------------------------------------
                                              4.115854   slack (MET)


Startpoint: a[22] (input port clocked by clk)
Endpoint: c[22] (output port clocked by clk)
Path Group: clk
Path Type: min

Fanout         Cap        Slew       Delay        Time   Description
---------------------------------------------------------------------------------------------
                      0.000000    0.000000    0.000000   clock clk (rise edge)
                                  0.000000    0.000000   clock network delay (ideal)
                                  2.000000    2.000000 ^ input external delay
     2    0.007285    0.039343    0.025207    2.025207 ^ a[22] (in)
                                                         a[22] (net)
                      0.039343    0.000000    2.025207 ^ _274_/A (sky130_fd_sc_hd__nand2_2)
     3    0.012612    0.057233    0.063535    2.088742 v _274_/Y (sky130_fd_sc_hd__nand2_2)
                                                         _098_ (net)
                      0.057233    0.000024    2.088766 v _275_/B (sky130_fd_sc_hd__nand2_2)
     3    0.017163    0.099382    0.112600    2.201366 ^ _275_/Y (sky130_fd_sc_hd__nand2_2)
                                                         _099_ (net)
                      0.099382    0.000027    2.201393 ^ _278_/A (sky130_fd_sc_hd__xor2_2)
     1    0.035478    0.104042    0.169728    2.371122 v _278_/X (sky130_fd_sc_hd__xor2_2)
                                                         c[22] (net)
                      0.104042    0.000302    2.371423 v c[22] (out)
                                              2.371423   data arrival time

                      0.000000    0.000000    0.000000   clock clk (rise edge)
                                  0.000000    0.000000   clock network delay (ideal)
                                  0.250000    0.250000   clock uncertainty
                                  0.000000    0.250000   clock reconvergence pessimism
                                 -2.000000   -1.750000   output external delay
                                             -1.750000   data required time
---------------------------------------------------------------------------------------------
                                             -1.750000   data required time
                                             -2.371423   data arrival time
---------------------------------------------------------------------------------------------
                                              4.121423   slack (MET)


Startpoint: a[14] (input port clocked by clk)
Endpoint: c[14] (output port clocked by clk)
Path Group: clk
Path Type: min

Fanout         Cap        Slew       Delay        Time   Description
---------------------------------------------------------------------------------------------
                      0.000000    0.000000    0.000000   clock clk (rise edge)
                                  0.000000    0.000000   clock network delay (ideal)
                                  2.000000    2.000000 ^ input external delay
     3    0.010494    0.053608    0.035593    2.035593 ^ a[14] (in)
                                                         a[14] (net)
                      0.053608    0.000000    2.035593 ^ _222_/A (sky130_fd_sc_hd__nand2_2)
     2    0.012932    0.058530    0.069038    2.104631 v _222_/Y (sky130_fd_sc_hd__nand2_2)
                                                         _054_ (net)
                      0.058530    0.000177    2.104808 v _223_/B (sky130_fd_sc_hd__nand2_2)
     3    0.017550    0.099013    0.114476    2.219284 ^ _223_/Y (sky130_fd_sc_hd__nand2_2)
                                                         _055_ (net)
                      0.099013    0.000088    2.219372 ^ _225_/A (sky130_fd_sc_hd__xor2_2)
     1    0.035634    0.104461    0.169956    2.389328 v _225_/X (sky130_fd_sc_hd__xor2_2)
                                                         c[14] (net)
                      0.104462    0.000477    2.389805 v c[14] (out)
                                              2.389805   data arrival time

                      0.000000    0.000000    0.000000   clock clk (rise edge)
                                  0.000000    0.000000   clock network delay (ideal)
                                  0.250000    0.250000   clock uncertainty
                                  0.000000    0.250000   clock reconvergence pessimism
                                 -2.000000   -1.750000   output external delay
                                             -1.750000   data required time
---------------------------------------------------------------------------------------------
                                             -1.750000   data required time
                                             -2.389805   data arrival time
---------------------------------------------------------------------------------------------
                                              4.139805   slack (MET)


Startpoint: a[12] (input port clocked by clk)
Endpoint: c[12] (output port clocked by clk)
Path Group: clk
Path Type: min

Fanout         Cap        Slew       Delay        Time   Description
---------------------------------------------------------------------------------------------
                      0.000000    0.000000    0.000000   clock clk (rise edge)
                                  0.000000    0.000000   clock network delay (ideal)
                                  2.000000    2.000000 ^ input external delay
     2    0.008680    0.045535    0.029736    2.029736 ^ a[12] (in)
                                                         a[12] (net)
                      0.045535    0.000000    2.029736 ^ _167_/A (sky130_fd_sc_hd__nand2_2)
     4    0.015693    0.068747    0.074063    2.103799 v _167_/Y (sky130_fd_sc_hd__nand2_2)
                                                         _000_ (net)
                      0.068747    0.000039    2.103838 v _169_/A (sky130_fd_sc_hd__nand2_2)
     3    0.018035    0.101346    0.111619    2.215456 ^ _169_/Y (sky130_fd_sc_hd__nand2_2)
                                                         _002_ (net)
                      0.101348    0.000330    2.215787 ^ _359_/A (sky130_fd_sc_hd__xnor2_2)
     1    0.036805    0.166581    0.181197    2.396984 v _359_/Y (sky130_fd_sc_hd__xnor2_2)
                                                         c[12] (net)
                      0.166584    0.000561    2.397545 v c[12] (out)
                                              2.397545   data arrival time

                      0.000000    0.000000    0.000000   clock clk (rise edge)
                                  0.000000    0.000000   clock network delay (ideal)
                                  0.250000    0.250000   clock uncertainty
                                  0.000000    0.250000   clock reconvergence pessimism
                                 -2.000000   -1.750000   output external delay
                                             -1.750000   data required time
---------------------------------------------------------------------------------------------
                                             -1.750000   data required time
                                             -2.397545   data arrival time
---------------------------------------------------------------------------------------------
                                              4.147545   slack (MET)


Startpoint: b[16] (input port clocked by clk)
Endpoint: c[16] (output port clocked by clk)
Path Group: clk
Path Type: min

Fanout         Cap        Slew       Delay        Time   Description
---------------------------------------------------------------------------------------------
                      0.000000    0.000000    0.000000   clock clk (rise edge)
                                  0.000000    0.000000   clock network delay (ideal)
                                  2.000000    2.000000 ^ input external delay
     2    0.008983    0.046885    0.030724    2.030724 ^ b[16] (in)
                                                         b[16] (net)
                      0.046885    0.000000    2.030724 ^ _238_/B (sky130_fd_sc_hd__nand2_2)
     3    0.012767    0.057865    0.072140    2.102864 v _238_/Y (sky130_fd_sc_hd__nand2_2)
                                                         _068_ (net)
                      0.057865    0.000016    2.102880 v _239_/B (sky130_fd_sc_hd__nand2_2)
     4    0.020840    0.114738    0.125495    2.228375 ^ _239_/Y (sky130_fd_sc_hd__nand2_2)
                                                         _069_ (net)
                      0.114738    0.000050    2.228426 ^ _240_/B (sky130_fd_sc_hd__xor2_2)
     1    0.036533    0.106491    0.172216    2.400642 v _240_/X (sky130_fd_sc_hd__xor2_2)
                                                         c[16] (net)
                      0.106491    0.000450    2.401092 v c[16] (out)
                                              2.401092   data arrival time

                      0.000000    0.000000    0.000000   clock clk (rise edge)
                                  0.000000    0.000000   clock network delay (ideal)
                                  0.250000    0.250000   clock uncertainty
                                  0.000000    0.250000   clock reconvergence pessimism
                                 -2.000000   -1.750000   output external delay
                                             -1.750000   data required time
---------------------------------------------------------------------------------------------
                                             -1.750000   data required time
                                             -2.401092   data arrival time
---------------------------------------------------------------------------------------------
                                              4.151092   slack (MET)


Startpoint: a[28] (input port clocked by clk)
Endpoint: c[29] (output port clocked by clk)
Path Group: clk
Path Type: min

Fanout         Cap        Slew       Delay        Time   Description
---------------------------------------------------------------------------------------------
                      0.000000    0.000000    0.000000   clock clk (rise edge)
                                  0.000000    0.000000   clock network delay (ideal)
                                  2.000000    2.000000 ^ input external delay
     2    0.007145    0.038726    0.024754    2.024754 ^ a[28] (in)
                                                         a[28] (net)
                      0.038726    0.000000    2.024754 ^ _312_/A (sky130_fd_sc_hd__nand2_2)
     2    0.009059    0.045837    0.053301    2.078056 v _312_/Y (sky130_fd_sc_hd__nand2_2)
                                                         _130_ (net)
                      0.045837    0.000019    2.078074 v _313_/A (sky130_fd_sc_hd__inv_2)
     2    0.007727    0.042124    0.056709    2.134784 ^ _313_/Y (sky130_fd_sc_hd__inv_2)
                                                         _131_ (net)
                      0.042124    0.000014    2.134798 ^ _323_/B1 (sky130_fd_sc_hd__a21o_2)
     1    0.009249    0.054419    0.101649    2.236447 ^ _323_/X (sky130_fd_sc_hd__a21o_2)
                                                         _140_ (net)
                      0.054419    0.000045    2.236491 ^ _324_/B (sky130_fd_sc_hd__xnor2_2)
     1    0.039098    0.176125    0.165724    2.402216 v _324_/Y (sky130_fd_sc_hd__xnor2_2)
                                                         c[29] (net)
                      0.176138    0.001281    2.403497 v c[29] (out)
                                              2.403497   data arrival time

                      0.000000    0.000000    0.000000   clock clk (rise edge)
                                  0.000000    0.000000   clock network delay (ideal)
                                  0.250000    0.250000   clock uncertainty
                                  0.000000    0.250000   clock reconvergence pessimism
                                 -2.000000   -1.750000   output external delay
                                             -1.750000   data required time
---------------------------------------------------------------------------------------------
                                             -1.750000   data required time
                                             -2.403497   data arrival time
---------------------------------------------------------------------------------------------
                                              4.153497   slack (MET)


Startpoint: b[26] (input port clocked by clk)
Endpoint: c[26] (output port clocked by clk)
Path Group: clk
Path Type: min

Fanout         Cap        Slew       Delay        Time   Description
---------------------------------------------------------------------------------------------
                      0.000000    0.000000    0.000000   clock clk (rise edge)
                                  0.000000    0.000000   clock network delay (ideal)
                                  2.000000    2.000000 v input external delay
     2    0.006829    0.017577    0.011044    2.011044 v b[26] (in)
                                                         b[26] (net)
                      0.017577    0.000000    2.011044 v _298_/B (sky130_fd_sc_hd__nor2_2)
     2    0.006647    0.101189    0.090085    2.101129 ^ _298_/Y (sky130_fd_sc_hd__nor2_2)
                                                         _118_ (net)
                      0.101189    0.000009    2.101138 ^ _301_/A (sky130_fd_sc_hd__or2_2)
     2    0.010921    0.068108    0.147623    2.248761 ^ _301_/X (sky130_fd_sc_hd__or2_2)
                                                         _121_ (net)
                      0.068108    0.000009    2.248770 ^ _305_/A (sky130_fd_sc_hd__xnor2_2)
     1    0.036198    0.164654    0.170547    2.419317 v _305_/Y (sky130_fd_sc_hd__xnor2_2)
                                                         c[26] (net)
                      0.164656    0.000506    2.419823 v c[26] (out)
                                              2.419823   data arrival time

                      0.000000    0.000000    0.000000   clock clk (rise edge)
                                  0.000000    0.000000   clock network delay (ideal)
                                  0.250000    0.250000   clock uncertainty
                                  0.000000    0.250000   clock reconvergence pessimism
                                 -2.000000   -1.750000   output external delay
                                             -1.750000   data required time
---------------------------------------------------------------------------------------------
                                             -1.750000   data required time
                                             -2.419823   data arrival time
---------------------------------------------------------------------------------------------
                                              4.169824   slack (MET)


Startpoint: a[10] (input port clocked by clk)
Endpoint: c[10] (output port clocked by clk)
Path Group: clk
Path Type: min

Fanout         Cap        Slew       Delay        Time   Description
---------------------------------------------------------------------------------------------
                      0.000000    0.000000    0.000000   clock clk (rise edge)
                                  0.000000    0.000000   clock network delay (ideal)
                                  2.000000    2.000000 ^ input external delay
     2    0.007905    0.042097    0.027230    2.027231 ^ a[10] (in)
                                                         a[10] (net)
                      0.042097    0.000000    2.027231 ^ _206_/A (sky130_fd_sc_hd__nand2_2)
     3    0.015884    0.069475    0.073398    2.100628 v _206_/Y (sky130_fd_sc_hd__nand2_2)
                                                         _039_ (net)
                      0.069475    0.000083    2.100711 v _208_/A (sky130_fd_sc_hd__nand2_2)
     4    0.024197    0.131453    0.133416    2.234127 ^ _208_/Y (sky130_fd_sc_hd__nand2_2)
                                                         _041_ (net)
                      0.131454    0.000317    2.234444 ^ _356_/A (sky130_fd_sc_hd__xor2_2)
     1    0.038170    0.110439    0.186755    2.421200 v _356_/X (sky130_fd_sc_hd__xor2_2)
                                                         c[10] (net)
                      0.110448    0.001044    2.422243 v c[10] (out)
                                              2.422243   data arrival time

                      0.000000    0.000000    0.000000   clock clk (rise edge)
                                  0.000000    0.000000   clock network delay (ideal)
                                  0.250000    0.250000   clock uncertainty
                                  0.000000    0.250000   clock reconvergence pessimism
                                 -2.000000   -1.750000   output external delay
                                             -1.750000   data required time
---------------------------------------------------------------------------------------------
                                             -1.750000   data required time
                                             -2.422243   data arrival time
---------------------------------------------------------------------------------------------
                                              4.172243   slack (MET)


Startpoint: a[5] (input port clocked by clk)
Endpoint: c[6] (output port clocked by clk)
Path Group: clk
Path Type: min

Fanout         Cap        Slew       Delay        Time   Description
---------------------------------------------------------------------------------------------
                      0.000000    0.000000    0.000000   clock clk (rise edge)
                                  0.000000    0.000000   clock network delay (ideal)
                                  2.000000    2.000000 ^ input external delay
     3    0.009694    0.050037    0.032985    2.032985 ^ a[5] (in)
                                                         a[5] (net)
                      0.050037    0.000000    2.032985 ^ _186_/A (sky130_fd_sc_hd__or2_2)
     3    0.006370    0.044864    0.111540    2.144525 ^ _186_/X (sky130_fd_sc_hd__or2_2)
                                                         _019_ (net)
                      0.044864    0.000021    2.144546 ^ _346_/C1 (sky130_fd_sc_hd__o211a_2)
     2    0.008717    0.070828    0.181815    2.326362 ^ _346_/X (sky130_fd_sc_hd__o211a_2)
                                                         _154_ (net)
                      0.070828    0.000050    2.326412 ^ _348_/A (sky130_fd_sc_hd__nor2_2)
     1    0.034769    0.085869    0.097036    2.423448 v _348_/Y (sky130_fd_sc_hd__nor2_2)
                                                         c[6] (net)
                      0.085895    0.000230    2.423678 v c[6] (out)
                                              2.423678   data arrival time

                      0.000000    0.000000    0.000000   clock clk (rise edge)
                                  0.000000    0.000000   clock network delay (ideal)
                                  0.250000    0.250000   clock uncertainty
                                  0.000000    0.250000   clock reconvergence pessimism
                                 -2.000000   -1.750000   output external delay
                                             -1.750000   data required time
---------------------------------------------------------------------------------------------
                                             -1.750000   data required time
                                             -2.423678   data arrival time
---------------------------------------------------------------------------------------------
                                              4.173678   slack (MET)


Startpoint: b[20] (input port clocked by clk)
Endpoint: c[20] (output port clocked by clk)
Path Group: clk
Path Type: min

Fanout         Cap        Slew       Delay        Time   Description
---------------------------------------------------------------------------------------------
                      0.000000    0.000000    0.000000   clock clk (rise edge)
                                  0.000000    0.000000   clock network delay (ideal)
                                  2.000000    2.000000 v input external delay
     2    0.008317    0.020823    0.013476    2.013476 v b[20] (in)
                                                         b[20] (net)
                      0.020824    0.000000    2.013476 v _258_/B (sky130_fd_sc_hd__nand2_2)
     3    0.014074    0.081252    0.085857    2.099333 ^ _258_/Y (sky130_fd_sc_hd__nand2_2)
                                                         _084_ (net)
                      0.081252    0.000012    2.099345 ^ _259_/B (sky130_fd_sc_hd__nand2_2)
     3    0.008021    0.041004    0.067810    2.167155 v _259_/Y (sky130_fd_sc_hd__nand2_2)
                                                         _085_ (net)
                      0.041004    0.000025    2.167181 v _265_/A (sky130_fd_sc_hd__nand2_2)
     1    0.001664    0.023812    0.041085    2.208265 ^ _265_/Y (sky130_fd_sc_hd__nand2_2)
                                                         _091_ (net)
                      0.023812    0.000000    2.208266 ^ _266_/B (sky130_fd_sc_hd__and2_2)
     1    0.036381    0.190852    0.245828    2.454095 ^ _266_/X (sky130_fd_sc_hd__and2_2)
                                                         c[20] (net)
                      0.190852    0.000439    2.454534 ^ c[20] (out)
                                              2.454534   data arrival time

                      0.000000    0.000000    0.000000   clock clk (rise edge)
                                  0.000000    0.000000   clock network delay (ideal)
                                  0.250000    0.250000   clock uncertainty
                                  0.000000    0.250000   clock reconvergence pessimism
                                 -2.000000   -1.750000   output external delay
                                             -1.750000   data required time
---------------------------------------------------------------------------------------------
                                             -1.750000   data required time
                                             -2.454534   data arrival time
---------------------------------------------------------------------------------------------
                                              4.204534   slack (MET)


Startpoint: a[8] (input port clocked by clk)
Endpoint: c[8] (output port clocked by clk)
Path Group: clk
Path Type: min

Fanout         Cap        Slew       Delay        Time   Description
---------------------------------------------------------------------------------------------
                      0.000000    0.000000    0.000000   clock clk (rise edge)
                                  0.000000    0.000000   clock network delay (ideal)
                                  2.000000    2.000000 ^ input external delay
     2    0.008984    0.046887    0.030722    2.030722 ^ a[8] (in)
                                                         a[8] (net)
                      0.046887    0.000000    2.030722 ^ _202_/A (sky130_fd_sc_hd__nand2_2)
     4    0.012215    0.055817    0.064910    2.095632 v _202_/Y (sky130_fd_sc_hd__nand2_2)
                                                         _035_ (net)
                      0.055817    0.000008    2.095640 v _204_/A (sky130_fd_sc_hd__and2_2)
     2    0.008953    0.049889    0.187849    2.283488 v _204_/X (sky130_fd_sc_hd__and2_2)
                                                         _037_ (net)
                      0.049889    0.000015    2.283503 v _205_/A (sky130_fd_sc_hd__inv_2)
     2    0.011943    0.061468    0.071726    2.355229 ^ _205_/Y (sky130_fd_sc_hd__inv_2)
                                                         _038_ (net)
                      0.061468    0.000020    2.355249 ^ _352_/B (sky130_fd_sc_hd__xnor2_2)
     1    0.035953    0.163076    0.158604    2.513854 v _352_/Y (sky130_fd_sc_hd__xnor2_2)
                                                         c[8] (net)
                      0.163077    0.000363    2.514217 v c[8] (out)
                                              2.514217   data arrival time

                      0.000000    0.000000    0.000000   clock clk (rise edge)
                                  0.000000    0.000000   clock network delay (ideal)
                                  0.250000    0.250000   clock uncertainty
                                  0.000000    0.250000   clock reconvergence pessimism
                                 -2.000000   -1.750000   output external delay
                                             -1.750000   data required time
---------------------------------------------------------------------------------------------
                                             -1.750000   data required time
                                             -2.514217   data arrival time
---------------------------------------------------------------------------------------------
                                              4.264216   slack (MET)



