
===========================================================================
report_checks -unconstrained
===========================================================================
======================= nom_tt_025C_1v80 Corner ===================================

Startpoint: b[2] (input port clocked by clk)
Endpoint: c[31] (output port clocked by clk)
Path Group: clk
Path Type: max

Fanout         Cap        Slew       Delay        Time   Description
---------------------------------------------------------------------------------------------
                      0.000000    0.000000    0.000000   clock clk (rise edge)
                                  0.000000    0.000000   clock network delay (ideal)
                                  2.000000    2.000000 v input external delay
     1    0.002530    0.008001    0.003987    2.003987 v b[2] (in)
                                                         b[2] (net)
                      0.008001    0.000000    2.003987 v input55/A (sky130_fd_sc_hd__clkbuf_1)
     2    0.004255    0.033953    0.078984    2.082971 v input55/X (sky130_fd_sc_hd__clkbuf_1)
                                                         net55 (net)
                      0.033953    0.000064    2.083035 v _172_/B (sky130_fd_sc_hd__and2_1)
     5    0.016340    0.091265    0.200619    2.283655 v _172_/X (sky130_fd_sc_hd__and2_1)
                                                         _005_ (net)
                      0.091268    0.000683    2.284338 v _174_/A (sky130_fd_sc_hd__nor2_1)
     2    0.005483    0.119296    0.146551    2.430889 ^ _174_/Y (sky130_fd_sc_hd__nor2_1)
                                                         _007_ (net)
                      0.119296    0.000087    2.430975 ^ _180_/A (sky130_fd_sc_hd__and2_1)
     5    0.015745    0.162355    0.222699    2.653674 ^ _180_/X (sky130_fd_sc_hd__and2_1)
                                                         _013_ (net)
                      0.162355    0.000604    2.654278 ^ _184_/A2 (sky130_fd_sc_hd__o311a_1)
     5    0.017992    0.187571    0.287144    2.941422 ^ _184_/X (sky130_fd_sc_hd__o311a_1)
                                                         _017_ (net)
                      0.187571    0.000767    2.942189 ^ _197_/A1 (sky130_fd_sc_hd__a31o_2)
     4    0.018476    0.120432    0.241452    3.183642 ^ _197_/X (sky130_fd_sc_hd__a31o_2)
                                                         _030_ (net)
                      0.120432    0.000000    3.183642 ^ _236_/A1 (sky130_fd_sc_hd__a21oi_4)
     5    0.015182    0.067519    0.082435    3.266077 v _236_/Y (sky130_fd_sc_hd__a21oi_4)
                                                         _066_ (net)
                      0.067519    0.000000    3.266077 v _288_/A1 (sky130_fd_sc_hd__o31a_2)
     4    0.016911    0.083923    0.394238    3.660315 v _288_/X (sky130_fd_sc_hd__o31a_2)
                                                         _110_ (net)
                      0.083930    0.000799    3.661114 v _318_/A1 (sky130_fd_sc_hd__o31ai_4)
     3    0.015016    0.260389    0.320845    3.981959 ^ _318_/Y (sky130_fd_sc_hd__o31ai_4)
                                                         _136_ (net)
                      0.260389    0.000564    3.982523 ^ _328_/A2 (sky130_fd_sc_hd__a211oi_2)
     2    0.009090    0.086374    0.133514    4.116037 v _328_/Y (sky130_fd_sc_hd__a211oi_2)
                                                         _144_ (net)
                      0.086375    0.000504    4.116541 v _331_/A3 (sky130_fd_sc_hd__o31a_1)
     1    0.005720    0.060183    0.263538    4.380079 v _331_/X (sky130_fd_sc_hd__o31a_1)
                                                         _146_ (net)
                      0.060183    0.000214    4.380293 v _333_/A (sky130_fd_sc_hd__xnor2_1)
     1    0.002362    0.107410    0.143545    4.523838 ^ _333_/Y (sky130_fd_sc_hd__xnor2_1)
                                                         net89 (net)
                      0.107410    0.000050    4.523888 ^ output89/A (sky130_fd_sc_hd__buf_2)
     1    0.034787    0.172984    0.222617    4.746505 ^ output89/X (sky130_fd_sc_hd__buf_2)
                                                         c[31] (net)
                      0.172986    0.000929    4.747434 ^ c[31] (out)
                                              4.747434   data arrival time

                      0.000000   10.000000   10.000000   clock clk (rise edge)
                                  0.000000   10.000000   clock network delay (ideal)
                                 -0.250000    9.750000   clock uncertainty
                                  0.000000    9.750000   clock reconvergence pessimism
                                 -2.000000    7.750000   output external delay
                                              7.750000   data required time
---------------------------------------------------------------------------------------------
                                              7.750000   data required time
                                             -4.747434   data arrival time
---------------------------------------------------------------------------------------------
                                              3.002566   slack (MET)




===========================================================================
report_checks --slack_max -0.01
============================================================================
======================= nom_tt_025C_1v80 Corner ===================================

No paths found.


===========================================================================
 report_check_types -max_slew -max_cap -max_fanout -violators
============================================================================
======================= nom_tt_025C_1v80 Corner ===================================



===========================================================================
report_parasitic_annotation -report_unannotated
============================================================================
Found 0 unannotated drivers.
Found 61 partially unannotated drivers.
 a[14]
 a[18]
 a[24]
 a[26]
 a[27]
 a[28]
 b[14]
 b[18]
 b[19]
 b[21]
 b[28]
 b[29]
 b[30]
 _169_/Y
 _173_/Y
 _196_/X
 _197_/X
 _205_/Y
 _213_/X
 _215_/X
 _218_/X
 _220_/Y
 _221_/X
 _224_/X
 _229_/X
 _230_/X
 _232_/X
 _234_/Y
 _236_/Y
 _241_/X
 _242_/Y
 _247_/Y
 _249_/X
 _250_/Y
 _251_/Y
 _258_/Y
 _264_/X
 _270_/Y
 _284_/X
 _285_/X
 _286_/X
 _288_/X
 _304_/Y
 _305_/Y
 _308_/Y
 _345_/Y
 _346_/X
 _351_/Y
 _359_/Y
 input13/X
 input14/X
 input26/X
 input37/X
 input43/X
 input48/X
 input5/X
 input58/X
 output72/X
 output82/X
 output83/X
 output88/X

===========================================================================
max slew violation count 0
Writing metric design__max_slew_violation__count__corner:nom_tt_025C_1v80: 0
max fanout violation count 0
Writing metric design__max_fanout_violation__count__corner:nom_tt_025C_1v80: 0
max cap violation count 0
Writing metric design__max_cap_violation__count__corner:nom_tt_025C_1v80: 0
============================================================================

===========================================================================
check_setup -verbose -unconstrained_endpoints -multiple_clock -no_clock -no_input_delay -loops -generated_clocks
===========================================================================
