
===========================================================================
report_checks -path_delay min (Hold)
============================================================================
======================= nom_tt_025C_1v80 Corner ===================================

Startpoint: a[0] (input port clocked by clk)
Endpoint: c[1] (output port clocked by clk)
Path Group: clk
Path Type: min

Fanout         Cap        Slew       Delay        Time   Description
---------------------------------------------------------------------------------------------
                      0.000000    0.000000    0.000000   clock clk (rise edge)
                                  0.000000    0.000000   clock network delay (ideal)
                                  2.000000    2.000000 v input external delay
     1    0.002588    0.008133    0.004086    2.004086 v a[0] (in)
                                                         a[0] (net)
                      0.008133    0.000000    2.004086 v input1/A (sky130_fd_sc_hd__clkbuf_1)
     2    0.006629    0.046698    0.089831    2.093916 v input1/X (sky130_fd_sc_hd__clkbuf_1)
                                                         net1 (net)
                      0.046699    0.000232    2.094149 v _176_/A (sky130_fd_sc_hd__nand2_1)
     3    0.011047    0.107923    0.105999    2.200148 ^ _176_/Y (sky130_fd_sc_hd__nand2_1)
                                                         _009_ (net)
                      0.107924    0.000349    2.200497 ^ _336_/A (sky130_fd_sc_hd__xnor2_1)
     1    0.003324    0.040231    0.083798    2.284295 v _336_/Y (sky130_fd_sc_hd__xnor2_1)
                                                         net76 (net)
                      0.040231    0.000108    2.284403 v output76/A (sky130_fd_sc_hd__buf_2)
     1    0.034216    0.089560    0.177724    2.462127 v output76/X (sky130_fd_sc_hd__buf_2)
                                                         c[1] (net)
                      0.089570    0.000935    2.463062 v c[1] (out)
                                              2.463062   data arrival time

                      0.000000    0.000000    0.000000   clock clk (rise edge)
                                  0.000000    0.000000   clock network delay (ideal)
                                  0.250000    0.250000   clock uncertainty
                                  0.000000    0.250000   clock reconvergence pessimism
                                 -2.000000   -1.750000   output external delay
                                             -1.750000   data required time
---------------------------------------------------------------------------------------------
                                             -1.750000   data required time
                                             -2.463062   data arrival time
---------------------------------------------------------------------------------------------
                                              4.213062   slack (MET)


Startpoint: b[31] (input port clocked by clk)
Endpoint: c[31] (output port clocked by clk)
Path Group: clk
Path Type: min

Fanout         Cap        Slew       Delay        Time   Description
---------------------------------------------------------------------------------------------
                      0.000000    0.000000    0.000000   clock clk (rise edge)
                                  0.000000    0.000000   clock network delay (ideal)
                                  2.000000    2.000000 ^ input external delay
     1    0.003704    0.023653    0.013498    2.013498 ^ b[31] (in)
                                                         b[31] (net)
                      0.023661    0.000000    2.013498 ^ input57/A (sky130_fd_sc_hd__clkbuf_1)
     1    0.005052    0.068961    0.091156    2.104654 ^ input57/X (sky130_fd_sc_hd__clkbuf_1)
                                                         net57 (net)
                      0.068961    0.000115    2.104769 ^ _332_/B (sky130_fd_sc_hd__xor2_1)
     1    0.005521    0.047131    0.076141    2.180910 v _332_/X (sky130_fd_sc_hd__xor2_1)
                                                         _147_ (net)
                      0.047131    0.000197    2.181107 v _333_/B (sky130_fd_sc_hd__xnor2_1)
     1    0.002202    0.033202    0.114565    2.295672 v _333_/Y (sky130_fd_sc_hd__xnor2_1)
                                                         net89 (net)
                      0.033202    0.000046    2.295718 v output89/A (sky130_fd_sc_hd__buf_2)
     1    0.034787    0.090833    0.175771    2.471489 v output89/X (sky130_fd_sc_hd__buf_2)
                                                         c[31] (net)
                      0.090842    0.000928    2.472417 v c[31] (out)
                                              2.472417   data arrival time

                      0.000000    0.000000    0.000000   clock clk (rise edge)
                                  0.000000    0.000000   clock network delay (ideal)
                                  0.250000    0.250000   clock uncertainty
                                  0.000000    0.250000   clock reconvergence pessimism
                                 -2.000000   -1.750000   output external delay
                                             -1.750000   data required time
---------------------------------------------------------------------------------------------
                                             -1.750000   data required time
                                             -2.472417   data arrival time
---------------------------------------------------------------------------------------------
                                              4.222417   slack (MET)


Startpoint: a[20] (input port clocked by clk)
Endpoint: c[21] (output port clocked by clk)
Path Group: clk
Path Type: min

Fanout         Cap        Slew       Delay        Time   Description
---------------------------------------------------------------------------------------------
                      0.000000    0.000000    0.000000   clock clk (rise edge)
                                  0.000000    0.000000   clock network delay (ideal)
                                  2.000000    2.000000 ^ input external delay
     1    0.003619    0.023283    0.013199    2.013199 ^ a[20] (in)
                                                         a[20] (net)
                      0.023290    0.000000    2.013199 ^ input13/A (sky130_fd_sc_hd__buf_1)
     2    0.003918    0.058332    0.082135    2.095334 ^ input13/X (sky130_fd_sc_hd__buf_1)
                                                         net13 (net)
                      0.058332    0.000000    2.095334 ^ _258_/A (sky130_fd_sc_hd__nand2_1)
     3    0.006787    0.058037    0.069322    2.164656 v _258_/Y (sky130_fd_sc_hd__nand2_1)
                                                         _084_ (net)
                      0.058037    0.000000    2.164656 v _271_/A (sky130_fd_sc_hd__nand2_1)
     1    0.005282    0.058644    0.074803    2.239458 ^ _271_/Y (sky130_fd_sc_hd__nand2_1)
                                                         _096_ (net)
                      0.058644    0.000126    2.239584 ^ _272_/B (sky130_fd_sc_hd__xnor2_1)
     1    0.004152    0.042465    0.066639    2.306223 v _272_/Y (sky130_fd_sc_hd__xnor2_1)
                                                         net78 (net)
                      0.042465    0.000130    2.306353 v output78/A (sky130_fd_sc_hd__buf_2)
     1    0.034918    0.091073    0.179960    2.486312 v output78/X (sky130_fd_sc_hd__buf_2)
                                                         c[21] (net)
                      0.091084    0.000989    2.487301 v c[21] (out)
                                              2.487301   data arrival time

                      0.000000    0.000000    0.000000   clock clk (rise edge)
                                  0.000000    0.000000   clock network delay (ideal)
                                  0.250000    0.250000   clock uncertainty
                                  0.000000    0.250000   clock reconvergence pessimism
                                 -2.000000   -1.750000   output external delay
                                             -1.750000   data required time
---------------------------------------------------------------------------------------------
                                             -1.750000   data required time
                                             -2.487301   data arrival time
---------------------------------------------------------------------------------------------
                                              4.237301   slack (MET)


Startpoint: a[27] (input port clocked by clk)
Endpoint: c[27] (output port clocked by clk)
Path Group: clk
Path Type: min

Fanout         Cap        Slew       Delay        Time   Description
---------------------------------------------------------------------------------------------
                      0.000000    0.000000    0.000000   clock clk (rise edge)
                                  0.000000    0.000000   clock network delay (ideal)
                                  2.000000    2.000000 ^ input external delay
     1    0.002186    0.017679    0.008142    2.008142 ^ a[27] (in)
                                                         a[27] (net)
                      0.017679    0.000000    2.008142 ^ input20/A (sky130_fd_sc_hd__clkbuf_1)
     2    0.004651    0.064474    0.085909    2.094050 ^ input20/X (sky130_fd_sc_hd__clkbuf_1)
                                                         net20 (net)
                      0.064474    0.000087    2.094138 ^ _307_/A (sky130_fd_sc_hd__nand2_1)
     2    0.006451    0.054701    0.069405    2.163543 v _307_/Y (sky130_fd_sc_hd__nand2_1)
                                                         _126_ (net)
                      0.054701    0.000134    2.163677 v _308_/B (sky130_fd_sc_hd__nand2_1)
     2    0.006173    0.068759    0.086482    2.250159 ^ _308_/Y (sky130_fd_sc_hd__nand2_1)
                                                         _127_ (net)
                      0.068759    0.000000    2.250159 ^ _310_/A (sky130_fd_sc_hd__xnor2_1)
     1    0.002045    0.028280    0.065320    2.315479 v _310_/Y (sky130_fd_sc_hd__xnor2_1)
                                                         net84 (net)
                      0.028280    0.000042    2.315521 v output84/A (sky130_fd_sc_hd__buf_2)
     1    0.034714    0.090716    0.173504    2.489026 v output84/X (sky130_fd_sc_hd__buf_2)
                                                         c[27] (net)
                      0.090726    0.000942    2.489968 v c[27] (out)
                                              2.489968   data arrival time

                      0.000000    0.000000    0.000000   clock clk (rise edge)
                                  0.000000    0.000000   clock network delay (ideal)
                                  0.250000    0.250000   clock uncertainty
                                  0.000000    0.250000   clock reconvergence pessimism
                                 -2.000000   -1.750000   output external delay
                                             -1.750000   data required time
---------------------------------------------------------------------------------------------
                                             -1.750000   data required time
                                             -2.489968   data arrival time
---------------------------------------------------------------------------------------------
                                              4.239968   slack (MET)


Startpoint: a[7] (input port clocked by clk)
Endpoint: c[7] (output port clocked by clk)
Path Group: clk
Path Type: min

Fanout         Cap        Slew       Delay        Time   Description
---------------------------------------------------------------------------------------------
                      0.000000    0.000000    0.000000   clock clk (rise edge)
                                  0.000000    0.000000   clock network delay (ideal)
                                  2.000000    2.000000 ^ input external delay
     1    0.002832    0.019869    0.010439    2.010439 ^ a[7] (in)
                                                         a[7] (net)
                      0.019869    0.000000    2.010439 ^ input30/A (sky130_fd_sc_hd__clkbuf_1)
     2    0.004971    0.068056    0.089215    2.099654 ^ input30/X (sky130_fd_sc_hd__clkbuf_1)
                                                         net30 (net)
                      0.068056    0.000087    2.099741 ^ _188_/A (sky130_fd_sc_hd__nand2_1)
     3    0.008933    0.071148    0.083718    2.183460 v _188_/Y (sky130_fd_sc_hd__nand2_1)
                                                         _021_ (net)
                      0.071172    0.000270    2.183729 v _190_/A (sky130_fd_sc_hd__nand2_1)
     1    0.005713    0.063718    0.083294    2.267024 ^ _190_/Y (sky130_fd_sc_hd__nand2_1)
                                                         _023_ (net)
                      0.063718    0.000153    2.267177 ^ _350_/A (sky130_fd_sc_hd__xnor2_1)
     1    0.002719    0.032565    0.068127    2.335304 v _350_/Y (sky130_fd_sc_hd__xnor2_1)
                                                         net94 (net)
                      0.032565    0.000085    2.335389 v output94/A (sky130_fd_sc_hd__buf_2)
     1    0.034115    0.089393    0.174243    2.509632 v output94/X (sky130_fd_sc_hd__buf_2)
                                                         c[7] (net)
                      0.089403    0.000923    2.510555 v c[7] (out)
                                              2.510555   data arrival time

                      0.000000    0.000000    0.000000   clock clk (rise edge)
                                  0.000000    0.000000   clock network delay (ideal)
                                  0.250000    0.250000   clock uncertainty
                                  0.000000    0.250000   clock reconvergence pessimism
                                 -2.000000   -1.750000   output external delay
                                             -1.750000   data required time
---------------------------------------------------------------------------------------------
                                             -1.750000   data required time
                                             -2.510555   data arrival time
---------------------------------------------------------------------------------------------
                                              4.260555   slack (MET)


Startpoint: a[3] (input port clocked by clk)
Endpoint: c[3] (output port clocked by clk)
Path Group: clk
Path Type: min

Fanout         Cap        Slew       Delay        Time   Description
---------------------------------------------------------------------------------------------
                      0.000000    0.000000    0.000000   clock clk (rise edge)
                                  0.000000    0.000000   clock network delay (ideal)
                                  2.000000    2.000000 v input external delay
     1    0.005790    0.015327    0.009414    2.009414 v a[3] (in)
                                                         a[3] (net)
                      0.015328    0.000000    2.009414 v input26/A (sky130_fd_sc_hd__buf_1)
     3    0.005084    0.039479    0.085718    2.095133 v input26/X (sky130_fd_sc_hd__buf_1)
                                                         net26 (net)
                      0.039479    0.000000    2.095133 v _182_/A (sky130_fd_sc_hd__nand2_1)
     2    0.006455    0.068147    0.074376    2.169508 ^ _182_/Y (sky130_fd_sc_hd__nand2_1)
                                                         _015_ (net)
                      0.068147    0.000146    2.169655 ^ _340_/B1 (sky130_fd_sc_hd__o211a_1)
     1    0.003052    0.042983    0.143994    2.313649 ^ _340_/X (sky130_fd_sc_hd__o211a_1)
                                                         _151_ (net)
                      0.042983    0.000066    2.313715 ^ _341_/B (sky130_fd_sc_hd__nor2_1)
     1    0.002459    0.019760    0.033864    2.347579 v _341_/Y (sky130_fd_sc_hd__nor2_1)
                                                         net90 (net)
                      0.019760    0.000075    2.347654 v output90/A (sky130_fd_sc_hd__buf_2)
     1    0.034123    0.089449    0.168828    2.516482 v output90/X (sky130_fd_sc_hd__buf_2)
                                                         c[3] (net)
                      0.089459    0.000927    2.517409 v c[3] (out)
                                              2.517409   data arrival time

                      0.000000    0.000000    0.000000   clock clk (rise edge)
                                  0.000000    0.000000   clock network delay (ideal)
                                  0.250000    0.250000   clock uncertainty
                                  0.000000    0.250000   clock reconvergence pessimism
                                 -2.000000   -1.750000   output external delay
                                             -1.750000   data required time
---------------------------------------------------------------------------------------------
                                             -1.750000   data required time
                                             -2.517409   data arrival time
---------------------------------------------------------------------------------------------
                                              4.267409   slack (MET)


Startpoint: b[28] (input port clocked by clk)
Endpoint: c[28] (output port clocked by clk)
Path Group: clk
Path Type: min

Fanout         Cap        Slew       Delay        Time   Description
---------------------------------------------------------------------------------------------
                      0.000000    0.000000    0.000000   clock clk (rise edge)
                                  0.000000    0.000000   clock network delay (ideal)
                                  2.000000    2.000000 ^ input external delay
     1    0.002186    0.017679    0.008142    2.008142 ^ b[28] (in)
                                                         b[28] (net)
                      0.017679    0.000000    2.008142 ^ input53/A (sky130_fd_sc_hd__clkbuf_1)
     2    0.004743    0.065503    0.086640    2.094782 ^ input53/X (sky130_fd_sc_hd__clkbuf_1)
                                                         net53 (net)
                      0.065503    0.000090    2.094871 ^ _312_/B (sky130_fd_sc_hd__nand2_1)
     2    0.008680    0.069473    0.084642    2.179513 v _312_/Y (sky130_fd_sc_hd__nand2_1)
                                                         _130_ (net)
                      0.069473    0.000183    2.179696 v _314_/B (sky130_fd_sc_hd__nand2_1)
     1    0.006033    0.067649    0.092210    2.271905 ^ _314_/Y (sky130_fd_sc_hd__nand2_1)
                                                         _132_ (net)
                      0.067649    0.000176    2.272082 ^ _319_/A (sky130_fd_sc_hd__xnor2_1)
     1    0.002797    0.034883    0.069655    2.341736 v _319_/Y (sky130_fd_sc_hd__xnor2_1)
                                                         net85 (net)
                      0.034883    0.000068    2.341805 v output85/A (sky130_fd_sc_hd__buf_2)
     1    0.034850    0.090975    0.176579    2.518384 v output85/X (sky130_fd_sc_hd__buf_2)
                                                         c[28] (net)
                      0.090985    0.000973    2.519357 v c[28] (out)
                                              2.519357   data arrival time

                      0.000000    0.000000    0.000000   clock clk (rise edge)
                                  0.000000    0.000000   clock network delay (ideal)
                                  0.250000    0.250000   clock uncertainty
                                  0.000000    0.250000   clock reconvergence pessimism
                                 -2.000000   -1.750000   output external delay
                                             -1.750000   data required time
---------------------------------------------------------------------------------------------
                                             -1.750000   data required time
                                             -2.519357   data arrival time
---------------------------------------------------------------------------------------------
                                              4.269357   slack (MET)


Startpoint: b[2] (input port clocked by clk)
Endpoint: c[2] (output port clocked by clk)
Path Group: clk
Path Type: min

Fanout         Cap        Slew       Delay        Time   Description
---------------------------------------------------------------------------------------------
                      0.000000    0.000000    0.000000   clock clk (rise edge)
                                  0.000000    0.000000   clock network delay (ideal)
                                  2.000000    2.000000 v input external delay
     1    0.002530    0.008001    0.003987    2.003987 v b[2] (in)
                                                         b[2] (net)
                      0.008001    0.000000    2.003987 v input55/A (sky130_fd_sc_hd__clkbuf_1)
     2    0.004255    0.033953    0.078984    2.082971 v input55/X (sky130_fd_sc_hd__clkbuf_1)
                                                         net55 (net)
                      0.033953    0.000070    2.083042 v _173_/B (sky130_fd_sc_hd__nor2_1)
     1    0.002501    0.073252    0.073804    2.156845 ^ _173_/Y (sky130_fd_sc_hd__nor2_1)
                                                         _006_ (net)
                      0.073252    0.000000    2.156845 ^ _174_/B (sky130_fd_sc_hd__nor2_1)
     2    0.005234    0.034881    0.052975    2.209820 v _174_/Y (sky130_fd_sc_hd__nor2_1)
                                                         _007_ (net)
                      0.034881    0.000141    2.209961 v _337_/A (sky130_fd_sc_hd__nor2_1)
     1    0.003147    0.081378    0.096761    2.306722 ^ _337_/Y (sky130_fd_sc_hd__nor2_1)
                                                         _149_ (net)
                      0.081378    0.000071    2.306792 ^ _338_/B (sky130_fd_sc_hd__nor2_1)
     1    0.002737    0.027821    0.044691    2.351484 v _338_/Y (sky130_fd_sc_hd__nor2_1)
                                                         net87 (net)
                      0.027821    0.000066    2.351550 v output87/A (sky130_fd_sc_hd__buf_2)
     1    0.034244    0.089716    0.172416    2.523966 v output87/X (sky130_fd_sc_hd__buf_2)
                                                         c[2] (net)
                      0.089726    0.000953    2.524919 v c[2] (out)
                                              2.524919   data arrival time

                      0.000000    0.000000    0.000000   clock clk (rise edge)
                                  0.000000    0.000000   clock network delay (ideal)
                                  0.250000    0.250000   clock uncertainty
                                  0.000000    0.250000   clock reconvergence pessimism
                                 -2.000000   -1.750000   output external delay
                                             -1.750000   data required time
---------------------------------------------------------------------------------------------
                                             -1.750000   data required time
                                             -2.524919   data arrival time
---------------------------------------------------------------------------------------------
                                              4.274919   slack (MET)


Startpoint: a[30] (input port clocked by clk)
Endpoint: c[30] (output port clocked by clk)
Path Group: clk
Path Type: min

Fanout         Cap        Slew       Delay        Time   Description
---------------------------------------------------------------------------------------------
                      0.000000    0.000000    0.000000   clock clk (rise edge)
                                  0.000000    0.000000   clock network delay (ideal)
                                  2.000000    2.000000 ^ input external delay
     1    0.003572    0.023078    0.013032    2.013032 ^ a[30] (in)
                                                         a[30] (net)
                      0.023085    0.000000    2.013032 ^ input24/A (sky130_fd_sc_hd__clkbuf_1)
     2    0.004687    0.064887    0.088080    2.101112 ^ input24/X (sky130_fd_sc_hd__clkbuf_1)
                                                         net24 (net)
                      0.064887    0.000083    2.101195 ^ _325_/A (sky130_fd_sc_hd__nand2_1)
     2    0.006568    0.056190    0.070154    2.171349 v _325_/Y (sky130_fd_sc_hd__nand2_1)
                                                         _141_ (net)
                      0.056190    0.000143    2.171492 v _327_/A (sky130_fd_sc_hd__nand2_1)
     2    0.008751    0.088079    0.095890    2.267382 ^ _327_/Y (sky130_fd_sc_hd__nand2_1)
                                                         _143_ (net)
                      0.088080    0.000294    2.267675 ^ _330_/A (sky130_fd_sc_hd__xnor2_1)
     1    0.003542    0.041582    0.079641    2.347316 v _330_/Y (sky130_fd_sc_hd__xnor2_1)
                                                         net88 (net)
                      0.041582    0.000129    2.347445 v output88/A (sky130_fd_sc_hd__buf_2)
     1    0.033442    0.087237    0.177613    2.525058 v output88/X (sky130_fd_sc_hd__buf_2)
                                                         c[30] (net)
                      0.087237    0.000000    2.525058 v c[30] (out)
                                              2.525058   data arrival time

                      0.000000    0.000000    0.000000   clock clk (rise edge)
                                  0.000000    0.000000   clock network delay (ideal)
                                  0.250000    0.250000   clock uncertainty
                                  0.000000    0.250000   clock reconvergence pessimism
                                 -2.000000   -1.750000   output external delay
                                             -1.750000   data required time
---------------------------------------------------------------------------------------------
                                             -1.750000   data required time
                                             -2.525058   data arrival time
---------------------------------------------------------------------------------------------
                                              4.275058   slack (MET)


Startpoint: a[0] (input port clocked by clk)
Endpoint: c[0] (output port clocked by clk)
Path Group: clk
Path Type: min

Fanout         Cap        Slew       Delay        Time   Description
---------------------------------------------------------------------------------------------
                      0.000000    0.000000    0.000000   clock clk (rise edge)
                                  0.000000    0.000000   clock network delay (ideal)
                                  2.000000    2.000000 ^ input external delay
     1    0.002764    0.019577    0.010202    2.010202 ^ a[0] (in)
                                                         a[0] (net)
                      0.019577    0.000000    2.010202 ^ input1/A (sky130_fd_sc_hd__clkbuf_1)
     2    0.006894    0.089646    0.104310    2.114511 ^ input1/X (sky130_fd_sc_hd__clkbuf_1)
                                                         net1 (net)
                      0.089675    0.000222    2.114733 ^ _334_/A (sky130_fd_sc_hd__or2_1)
     1    0.002619    0.038241    0.104029    2.218762 ^ _334_/X (sky130_fd_sc_hd__or2_1)
                                                         _148_ (net)
                      0.038241    0.000062    2.218825 ^ _335_/B (sky130_fd_sc_hd__and2_1)
     1    0.002402    0.042741    0.109553    2.328378 ^ _335_/X (sky130_fd_sc_hd__and2_1)
                                                         net65 (net)
                      0.042741    0.000050    2.328428 ^ output65/A (sky130_fd_sc_hd__buf_2)
     1    0.033950    0.168705    0.195891    2.524319 ^ output65/X (sky130_fd_sc_hd__buf_2)
                                                         c[0] (net)
                      0.168759    0.000877    2.525196 ^ c[0] (out)
                                              2.525196   data arrival time

                      0.000000    0.000000    0.000000   clock clk (rise edge)
                                  0.000000    0.000000   clock network delay (ideal)
                                  0.250000    0.250000   clock uncertainty
                                  0.000000    0.250000   clock reconvergence pessimism
                                 -2.000000   -1.750000   output external delay
                                             -1.750000   data required time
---------------------------------------------------------------------------------------------
                                             -1.750000   data required time
                                             -2.525196   data arrival time
---------------------------------------------------------------------------------------------
                                              4.275197   slack (MET)


Startpoint: a[18] (input port clocked by clk)
Endpoint: c[18] (output port clocked by clk)
Path Group: clk
Path Type: min

Fanout         Cap        Slew       Delay        Time   Description
---------------------------------------------------------------------------------------------
                      0.000000    0.000000    0.000000   clock clk (rise edge)
                                  0.000000    0.000000   clock network delay (ideal)
                                  2.000000    2.000000 ^ input external delay
     1    0.002186    0.017679    0.008142    2.008142 ^ a[18] (in)
                                                         a[18] (net)
                      0.017679    0.000000    2.008142 ^ input10/A (sky130_fd_sc_hd__clkbuf_1)
     2    0.007142    0.092446    0.105601    2.113743 ^ input10/X (sky130_fd_sc_hd__clkbuf_1)
                                                         net10 (net)
                      0.092448    0.000299    2.114041 ^ _247_/A (sky130_fd_sc_hd__nand2_1)
     3    0.006133    0.056405    0.076509    2.190551 v _247_/Y (sky130_fd_sc_hd__nand2_1)
                                                         _075_ (net)
                      0.056405    0.000000    2.190551 v _248_/B (sky130_fd_sc_hd__nand2_1)
     2    0.007607    0.078850    0.096099    2.286650 ^ _248_/Y (sky130_fd_sc_hd__nand2_1)
                                                         _076_ (net)
                      0.078875    0.000152    2.286803 ^ _251_/A (sky130_fd_sc_hd__xnor2_1)
     1    0.001647    0.028110    0.065416    2.352218 v _251_/Y (sky130_fd_sc_hd__xnor2_1)
                                                         net74 (net)
                      0.028110    0.000000    2.352218 v output74/A (sky130_fd_sc_hd__buf_2)
     1    0.036417    0.092699    0.176431    2.528649 v output74/X (sky130_fd_sc_hd__buf_2)
                                                         c[18] (net)
                      0.092715    0.001227    2.529876 v c[18] (out)
                                              2.529876   data arrival time

                      0.000000    0.000000    0.000000   clock clk (rise edge)
                                  0.000000    0.000000   clock network delay (ideal)
                                  0.250000    0.250000   clock uncertainty
                                  0.000000    0.250000   clock reconvergence pessimism
                                 -2.000000   -1.750000   output external delay
                                             -1.750000   data required time
---------------------------------------------------------------------------------------------
                                             -1.750000   data required time
                                             -2.529876   data arrival time
---------------------------------------------------------------------------------------------
                                              4.279876   slack (MET)


Startpoint: b[19] (input port clocked by clk)
Endpoint: c[19] (output port clocked by clk)
Path Group: clk
Path Type: min

Fanout         Cap        Slew       Delay        Time   Description
---------------------------------------------------------------------------------------------
                      0.000000    0.000000    0.000000   clock clk (rise edge)
                                  0.000000    0.000000   clock network delay (ideal)
                                  2.000000    2.000000 ^ input external delay
     1    0.002191    0.017702    0.008159    2.008159 ^ b[19] (in)
                                                         b[19] (net)
                      0.017702    0.000000    2.008159 ^ input43/A (sky130_fd_sc_hd__buf_1)
     2    0.004929    0.069829    0.088227    2.096386 ^ input43/X (sky130_fd_sc_hd__buf_1)
                                                         net43 (net)
                      0.069829    0.000000    2.096386 ^ _253_/B (sky130_fd_sc_hd__nand2_1)
     2    0.005646    0.049939    0.069891    2.166277 v _253_/Y (sky130_fd_sc_hd__nand2_1)
                                                         _080_ (net)
                      0.049939    0.000083    2.166361 v _254_/B (sky130_fd_sc_hd__nand2b_1)
     2    0.008243    0.097073    0.103462    2.269822 ^ _254_/Y (sky130_fd_sc_hd__nand2b_1)
                                                         _081_ (net)
                      0.097073    0.000274    2.270096 ^ _256_/A (sky130_fd_sc_hd__xnor2_1)
     1    0.004347    0.044020    0.086956    2.357052 v _256_/Y (sky130_fd_sc_hd__xnor2_1)
                                                         net75 (net)
                      0.044020    0.000177    2.357229 v output75/A (sky130_fd_sc_hd__buf_2)
     1    0.034670    0.090501    0.180219    2.537449 v output75/X (sky130_fd_sc_hd__buf_2)
                                                         c[19] (net)
                      0.090510    0.000921    2.538370 v c[19] (out)
                                              2.538370   data arrival time

                      0.000000    0.000000    0.000000   clock clk (rise edge)
                                  0.000000    0.000000   clock network delay (ideal)
                                  0.250000    0.250000   clock uncertainty
                                  0.000000    0.250000   clock reconvergence pessimism
                                 -2.000000   -1.750000   output external delay
                                             -1.750000   data required time
---------------------------------------------------------------------------------------------
                                             -1.750000   data required time
                                             -2.538370   data arrival time
---------------------------------------------------------------------------------------------
                                              4.288370   slack (MET)


Startpoint: b[23] (input port clocked by clk)
Endpoint: c[23] (output port clocked by clk)
Path Group: clk
Path Type: min

Fanout         Cap        Slew       Delay        Time   Description
---------------------------------------------------------------------------------------------
                      0.000000    0.000000    0.000000   clock clk (rise edge)
                                  0.000000    0.000000   clock network delay (ideal)
                                  2.000000    2.000000 ^ input external delay
     1    0.003621    0.023291    0.013206    2.013206 ^ b[23] (in)
                                                         b[23] (net)
                      0.023299    0.000000    2.013206 ^ input48/A (sky130_fd_sc_hd__buf_1)
     2    0.004929    0.069842    0.090172    2.103378 ^ input48/X (sky130_fd_sc_hd__buf_1)
                                                         net48 (net)
                      0.069842    0.000000    2.103378 ^ _280_/B (sky130_fd_sc_hd__nand2_1)
     2    0.006658    0.056572    0.075241    2.178619 v _280_/Y (sky130_fd_sc_hd__nand2_1)
                                                         _103_ (net)
                      0.056572    0.000182    2.178801 v _281_/B (sky130_fd_sc_hd__nand2b_1)
     2    0.007018    0.085485    0.098197    2.276998 ^ _281_/Y (sky130_fd_sc_hd__nand2b_1)
                                                         _104_ (net)
                      0.085485    0.000149    2.277147 ^ _283_/A (sky130_fd_sc_hd__xnor2_1)
     1    0.004005    0.044554    0.081675    2.358822 v _283_/Y (sky130_fd_sc_hd__xnor2_1)
                                                         net80 (net)
                      0.044554    0.000152    2.358974 v output80/A (sky130_fd_sc_hd__buf_2)
     1    0.034786    0.090754    0.180649    2.539623 v output80/X (sky130_fd_sc_hd__buf_2)
                                                         c[23] (net)
                      0.090764    0.000942    2.540565 v c[23] (out)
                                              2.540565   data arrival time

                      0.000000    0.000000    0.000000   clock clk (rise edge)
                                  0.000000    0.000000   clock network delay (ideal)
                                  0.250000    0.250000   clock uncertainty
                                  0.000000    0.250000   clock reconvergence pessimism
                                 -2.000000   -1.750000   output external delay
                                             -1.750000   data required time
---------------------------------------------------------------------------------------------
                                             -1.750000   data required time
                                             -2.540565   data arrival time
---------------------------------------------------------------------------------------------
                                              4.290565   slack (MET)


Startpoint: a[25] (input port clocked by clk)
Endpoint: c[25] (output port clocked by clk)
Path Group: clk
Path Type: min

Fanout         Cap        Slew       Delay        Time   Description
---------------------------------------------------------------------------------------------
                      0.000000    0.000000    0.000000   clock clk (rise edge)
                                  0.000000    0.000000   clock network delay (ideal)
                                  2.000000    2.000000 ^ input external delay
     1    0.003500    0.022764    0.012779    2.012779 ^ a[25] (in)
                                                         a[25] (net)
                      0.022771    0.000000    2.012779 ^ input18/A (sky130_fd_sc_hd__clkbuf_1)
     2    0.005018    0.068587    0.090564    2.103343 ^ input18/X (sky130_fd_sc_hd__clkbuf_1)
                                                         net18 (net)
                      0.068587    0.000154    2.103497 ^ _294_/A (sky130_fd_sc_hd__nand2_1)
     2    0.005574    0.050541    0.066037    2.169534 v _294_/Y (sky130_fd_sc_hd__nand2_1)
                                                         _115_ (net)
                      0.050541    0.000085    2.169619 v _295_/B (sky130_fd_sc_hd__nand2_1)
     2    0.008279    0.084269    0.097624    2.267243 ^ _295_/Y (sky130_fd_sc_hd__nand2_1)
                                                         _116_ (net)
                      0.084269    0.000198    2.267441 ^ _297_/A (sky130_fd_sc_hd__xnor2_1)
     1    0.005485    0.054147    0.090112    2.357553 v _297_/Y (sky130_fd_sc_hd__xnor2_1)
                                                         net82 (net)
                      0.054148    0.000258    2.357811 v output82/A (sky130_fd_sc_hd__buf_2)
     1    0.033442    0.087160    0.183052    2.540863 v output82/X (sky130_fd_sc_hd__buf_2)
                                                         c[25] (net)
                      0.087160    0.000000    2.540863 v c[25] (out)
                                              2.540863   data arrival time

                      0.000000    0.000000    0.000000   clock clk (rise edge)
                                  0.000000    0.000000   clock network delay (ideal)
                                  0.250000    0.250000   clock uncertainty
                                  0.000000    0.250000   clock reconvergence pessimism
                                 -2.000000   -1.750000   output external delay
                                             -1.750000   data required time
---------------------------------------------------------------------------------------------
                                             -1.750000   data required time
                                             -2.540863   data arrival time
---------------------------------------------------------------------------------------------
                                              4.290863   slack (MET)


Startpoint: a[4] (input port clocked by clk)
Endpoint: c[5] (output port clocked by clk)
Path Group: clk
Path Type: min

Fanout         Cap        Slew       Delay        Time   Description
---------------------------------------------------------------------------------------------
                      0.000000    0.000000    0.000000   clock clk (rise edge)
                                  0.000000    0.000000   clock network delay (ideal)
                                  2.000000    2.000000 v input external delay
     1    0.005791    0.015328    0.009414    2.009414 v a[4] (in)
                                                         a[4] (net)
                      0.015329    0.000000    2.009414 v input27/A (sky130_fd_sc_hd__buf_1)
     3    0.012191    0.076535    0.116688    2.126102 v input27/X (sky130_fd_sc_hd__buf_1)
                                                         net27 (net)
                      0.076536    0.000318    2.126420 v _344_/A1 (sky130_fd_sc_hd__a21oi_1)
     1    0.005744    0.141012    0.171961    2.298382 ^ _344_/Y (sky130_fd_sc_hd__a21oi_1)
                                                         _153_ (net)
                      0.141012    0.000157    2.298539 ^ _345_/B (sky130_fd_sc_hd__xnor2_1)
     1    0.001647    0.030468    0.069926    2.368465 v _345_/Y (sky130_fd_sc_hd__xnor2_1)
                                                         net92 (net)
                      0.030468    0.000000    2.368465 v output92/A (sky130_fd_sc_hd__buf_2)
     1    0.033992    0.089127    0.173141    2.541606 v output92/X (sky130_fd_sc_hd__buf_2)
                                                         c[5] (net)
                      0.089136    0.000882    2.542488 v c[5] (out)
                                              2.542488   data arrival time

                      0.000000    0.000000    0.000000   clock clk (rise edge)
                                  0.000000    0.000000   clock network delay (ideal)
                                  0.250000    0.250000   clock uncertainty
                                  0.000000    0.250000   clock reconvergence pessimism
                                 -2.000000   -1.750000   output external delay
                                             -1.750000   data required time
---------------------------------------------------------------------------------------------
                                             -1.750000   data required time
                                             -2.542488   data arrival time
---------------------------------------------------------------------------------------------
                                              4.292488   slack (MET)


Startpoint: a[13] (input port clocked by clk)
Endpoint: c[13] (output port clocked by clk)
Path Group: clk
Path Type: min

Fanout         Cap        Slew       Delay        Time   Description
---------------------------------------------------------------------------------------------
                      0.000000    0.000000    0.000000   clock clk (rise edge)
                                  0.000000    0.000000   clock network delay (ideal)
                                  2.000000    2.000000 ^ input external delay
     1    0.003834    0.024218    0.013959    2.013959 ^ a[13] (in)
                                                         a[13] (net)
                      0.024227    0.000000    2.013959 ^ input5/A (sky130_fd_sc_hd__buf_1)
     2    0.004842    0.068850    0.089802    2.103760 ^ input5/X (sky130_fd_sc_hd__buf_1)
                                                         net5 (net)
                      0.068850    0.000000    2.103760 ^ _165_/A (sky130_fd_sc_hd__nand2_1)
     3    0.010022    0.078314    0.089511    2.193271 v _165_/Y (sky130_fd_sc_hd__nand2_1)
                                                         _162_ (net)
                      0.078317    0.000415    2.193687 v _166_/B (sky130_fd_sc_hd__nand2b_1)
     2    0.007509    0.090431    0.111291    2.304978 ^ _166_/Y (sky130_fd_sc_hd__nand2b_1)
                                                         _163_ (net)
                      0.090431    0.000256    2.305233 ^ _220_/A (sky130_fd_sc_hd__xnor2_1)
     1    0.001647    0.027446    0.068370    2.373603 v _220_/Y (sky130_fd_sc_hd__xnor2_1)
                                                         net69 (net)
                      0.027446    0.000000    2.373603 v output69/A (sky130_fd_sc_hd__buf_2)
     1    0.034055    0.089289    0.171948    2.545551 v output69/X (sky130_fd_sc_hd__buf_2)
                                                         c[13] (net)
                      0.089297    0.000892    2.546443 v c[13] (out)
                                              2.546443   data arrival time

                      0.000000    0.000000    0.000000   clock clk (rise edge)
                                  0.000000    0.000000   clock network delay (ideal)
                                  0.250000    0.250000   clock uncertainty
                                  0.000000    0.250000   clock reconvergence pessimism
                                 -2.000000   -1.750000   output external delay
                                             -1.750000   data required time
---------------------------------------------------------------------------------------------
                                             -1.750000   data required time
                                             -2.546443   data arrival time
---------------------------------------------------------------------------------------------
                                              4.296443   slack (MET)


Startpoint: a[8] (input port clocked by clk)
Endpoint: c[9] (output port clocked by clk)
Path Group: clk
Path Type: min

Fanout         Cap        Slew       Delay        Time   Description
---------------------------------------------------------------------------------------------
                      0.000000    0.000000    0.000000   clock clk (rise edge)
                                  0.000000    0.000000   clock network delay (ideal)
                                  2.000000    2.000000 ^ input external delay
     1    0.002771    0.019605    0.010224    2.010224 ^ a[8] (in)
                                                         a[8] (net)
                      0.019605    0.000000    2.010224 ^ input31/A (sky130_fd_sc_hd__clkbuf_1)
     2    0.006363    0.083672    0.100131    2.110354 ^ input31/X (sky130_fd_sc_hd__clkbuf_1)
                                                         net31 (net)
                      0.083672    0.000193    2.110547 ^ _202_/A (sky130_fd_sc_hd__nand2_1)
     4    0.012280    0.094557    0.106132    2.216679 v _202_/Y (sky130_fd_sc_hd__nand2_1)
                                                         _035_ (net)
                      0.094586    0.000298    2.216978 v _353_/A (sky130_fd_sc_hd__nand2_1)
     1    0.006180    0.069875    0.096567    2.313545 ^ _353_/Y (sky130_fd_sc_hd__nand2_1)
                                                         _158_ (net)
                      0.069875    0.000187    2.313732 ^ _354_/B (sky130_fd_sc_hd__xnor2_1)
     1    0.003394    0.038441    0.065476    2.379208 v _354_/Y (sky130_fd_sc_hd__xnor2_1)
                                                         net96 (net)
                      0.038441    0.000091    2.379300 v output96/A (sky130_fd_sc_hd__buf_2)
     1    0.034062    0.089233    0.176685    2.555984 v output96/X (sky130_fd_sc_hd__buf_2)
                                                         c[9] (net)
                      0.089242    0.000911    2.556895 v c[9] (out)
                                              2.556895   data arrival time

                      0.000000    0.000000    0.000000   clock clk (rise edge)
                                  0.000000    0.000000   clock network delay (ideal)
                                  0.250000    0.250000   clock uncertainty
                                  0.000000    0.250000   clock reconvergence pessimism
                                 -2.000000   -1.750000   output external delay
                                             -1.750000   data required time
---------------------------------------------------------------------------------------------
                                             -1.750000   data required time
                                             -2.556895   data arrival time
---------------------------------------------------------------------------------------------
                                              4.306895   slack (MET)


Startpoint: b[22] (input port clocked by clk)
Endpoint: c[22] (output port clocked by clk)
Path Group: clk
Path Type: min

Fanout         Cap        Slew       Delay        Time   Description
---------------------------------------------------------------------------------------------
                      0.000000    0.000000    0.000000   clock clk (rise edge)
                                  0.000000    0.000000   clock network delay (ideal)
                                  2.000000    2.000000 ^ input external delay
     1    0.003684    0.023565    0.013428    2.013428 ^ b[22] (in)
                                                         b[22] (net)
                      0.023573    0.000000    2.013428 ^ input47/A (sky130_fd_sc_hd__clkbuf_1)
     2    0.004582    0.063706    0.087409    2.100837 ^ input47/X (sky130_fd_sc_hd__clkbuf_1)
                                                         net47 (net)
                      0.063706    0.000081    2.100918 ^ _274_/B (sky130_fd_sc_hd__nand2_1)
     3    0.009720    0.076248    0.089500    2.190418 v _274_/Y (sky130_fd_sc_hd__nand2_1)
                                                         _098_ (net)
                      0.076248    0.000184    2.190602 v _275_/B (sky130_fd_sc_hd__nand2_1)
     3    0.010679    0.104642    0.123936    2.314538 ^ _275_/Y (sky130_fd_sc_hd__nand2_1)
                                                         _099_ (net)
                      0.104643    0.000246    2.314784 ^ _278_/A (sky130_fd_sc_hd__xor2_1)
     1    0.002717    0.035948    0.074796    2.389580 v _278_/X (sky130_fd_sc_hd__xor2_1)
                                                         net79 (net)
                      0.035948    0.000065    2.389644 v output79/A (sky130_fd_sc_hd__buf_2)
     1    0.034786    0.090816    0.176946    2.566590 v output79/X (sky130_fd_sc_hd__buf_2)
                                                         c[22] (net)
                      0.090826    0.000938    2.567528 v c[22] (out)
                                              2.567528   data arrival time

                      0.000000    0.000000    0.000000   clock clk (rise edge)
                                  0.000000    0.000000   clock network delay (ideal)
                                  0.250000    0.250000   clock uncertainty
                                  0.000000    0.250000   clock reconvergence pessimism
                                 -2.000000   -1.750000   output external delay
                                             -1.750000   data required time
---------------------------------------------------------------------------------------------
                                             -1.750000   data required time
                                             -2.567528   data arrival time
---------------------------------------------------------------------------------------------
                                              4.317528   slack (MET)


Startpoint: b[24] (input port clocked by clk)
Endpoint: c[24] (output port clocked by clk)
Path Group: clk
Path Type: min

Fanout         Cap        Slew       Delay        Time   Description
---------------------------------------------------------------------------------------------
                      0.000000    0.000000    0.000000   clock clk (rise edge)
                                  0.000000    0.000000   clock network delay (ideal)
                                  2.000000    2.000000 ^ input external delay
     1    0.003488    0.022716    0.012740    2.012740 ^ b[24] (in)
                                                         b[24] (net)
                      0.022723    0.000000    2.012740 ^ input49/A (sky130_fd_sc_hd__clkbuf_1)
     2    0.004705    0.065088    0.088097    2.100837 ^ input49/X (sky130_fd_sc_hd__clkbuf_1)
                                                         net49 (net)
                      0.065088    0.000087    2.100924 ^ _290_/B (sky130_fd_sc_hd__nand2_1)
     3    0.008795    0.070166    0.085153    2.186076 v _290_/Y (sky130_fd_sc_hd__nand2_1)
                                                         _112_ (net)
                      0.070166    0.000189    2.186266 v _291_/B (sky130_fd_sc_hd__nand2_1)
     3    0.013050    0.125405    0.135554    2.321820 ^ _291_/Y (sky130_fd_sc_hd__nand2_1)
                                                         _113_ (net)
                      0.125408    0.000498    2.322318 ^ _292_/B (sky130_fd_sc_hd__xor2_1)
     1    0.002713    0.035916    0.078932    2.401250 v _292_/X (sky130_fd_sc_hd__xor2_1)
                                                         net81 (net)
                      0.035916    0.000065    2.401315 v output81/A (sky130_fd_sc_hd__buf_2)
     1    0.034718    0.090664    0.176813    2.578128 v output81/X (sky130_fd_sc_hd__buf_2)
                                                         c[24] (net)
                      0.090673    0.000927    2.579054 v c[24] (out)
                                              2.579054   data arrival time

                      0.000000    0.000000    0.000000   clock clk (rise edge)
                                  0.000000    0.000000   clock network delay (ideal)
                                  0.250000    0.250000   clock uncertainty
                                  0.000000    0.250000   clock reconvergence pessimism
                                 -2.000000   -1.750000   output external delay
                                             -1.750000   data required time
---------------------------------------------------------------------------------------------
                                             -1.750000   data required time
                                             -2.579054   data arrival time
---------------------------------------------------------------------------------------------
                                              4.329054   slack (MET)


Startpoint: b[17] (input port clocked by clk)
Endpoint: c[17] (output port clocked by clk)
Path Group: clk
Path Type: min

Fanout         Cap        Slew       Delay        Time   Description
---------------------------------------------------------------------------------------------
                      0.000000    0.000000    0.000000   clock clk (rise edge)
                                  0.000000    0.000000   clock network delay (ideal)
                                  2.000000    2.000000 ^ input external delay
     1    0.003225    0.021567    0.011813    2.011812 ^ b[17] (in)
                                                         b[17] (net)
                      0.021567    0.000000    2.011812 ^ input41/A (sky130_fd_sc_hd__clkbuf_1)
     2    0.006213    0.081996    0.099599    2.111412 ^ input41/X (sky130_fd_sc_hd__clkbuf_1)
                                                         net41 (net)
                      0.081996    0.000240    2.111652 ^ _242_/B (sky130_fd_sc_hd__nand2_1)
     2    0.004538    0.045645    0.067322    2.178974 v _242_/Y (sky130_fd_sc_hd__nand2_1)
                                                         _071_ (net)
                      0.045645    0.000000    2.178974 v _243_/B (sky130_fd_sc_hd__nand2_1)
     3    0.013253    0.127211    0.125681    2.304655 ^ _243_/Y (sky130_fd_sc_hd__nand2_1)
                                                         _072_ (net)
                      0.127214    0.000476    2.305131 ^ _245_/A (sky130_fd_sc_hd__xnor2_1)
     1    0.004741    0.049358    0.097540    2.402671 v _245_/Y (sky130_fd_sc_hd__xnor2_1)
                                                         net73 (net)
                      0.049358    0.000162    2.402833 v output73/A (sky130_fd_sc_hd__buf_2)
     1    0.034677    0.090475    0.182537    2.585370 v output73/X (sky130_fd_sc_hd__buf_2)
                                                         c[17] (net)
                      0.090484    0.000914    2.586284 v c[17] (out)
                                              2.586284   data arrival time

                      0.000000    0.000000    0.000000   clock clk (rise edge)
                                  0.000000    0.000000   clock network delay (ideal)
                                  0.250000    0.250000   clock uncertainty
                                  0.000000    0.250000   clock reconvergence pessimism
                                 -2.000000   -1.750000   output external delay
                                             -1.750000   data required time
---------------------------------------------------------------------------------------------
                                             -1.750000   data required time
                                             -2.586284   data arrival time
---------------------------------------------------------------------------------------------
                                              4.336284   slack (MET)


Startpoint: b[12] (input port clocked by clk)
Endpoint: c[12] (output port clocked by clk)
Path Group: clk
Path Type: min

Fanout         Cap        Slew       Delay        Time   Description
---------------------------------------------------------------------------------------------
                      0.000000    0.000000    0.000000   clock clk (rise edge)
                                  0.000000    0.000000   clock network delay (ideal)
                                  2.000000    2.000000 ^ input external delay
     1    0.002963    0.020434    0.010901    2.010901 ^ b[12] (in)
                                                         b[12] (net)
                      0.020434    0.000000    2.010901 ^ input36/A (sky130_fd_sc_hd__clkbuf_1)
     2    0.006597    0.086304    0.102270    2.113171 ^ input36/X (sky130_fd_sc_hd__clkbuf_1)
                                                         net36 (net)
                      0.086333    0.000203    2.113374 ^ _168_/B (sky130_fd_sc_hd__or2_1)
     1    0.003814    0.048173    0.108489    2.221863 ^ _168_/X (sky130_fd_sc_hd__or2_1)
                                                         _001_ (net)
                      0.048173    0.000135    2.221997 ^ _169_/B (sky130_fd_sc_hd__nand2_1)
     3    0.008133    0.066376    0.076598    2.298596 v _169_/Y (sky130_fd_sc_hd__nand2_1)
                                                         _002_ (net)
                      0.066376    0.000000    2.298596 v _359_/A (sky130_fd_sc_hd__xnor2_1)
     1    0.001647    0.026706    0.121005    2.419600 v _359_/Y (sky130_fd_sc_hd__xnor2_1)
                                                         net68 (net)
                      0.026706    0.000000    2.419600 v output68/A (sky130_fd_sc_hd__buf_2)
     1    0.034179    0.089580    0.171827    2.591427 v output68/X (sky130_fd_sc_hd__buf_2)
                                                         c[12] (net)
                      0.089589    0.000938    2.592365 v c[12] (out)
                                              2.592365   data arrival time

                      0.000000    0.000000    0.000000   clock clk (rise edge)
                                  0.000000    0.000000   clock network delay (ideal)
                                  0.250000    0.250000   clock uncertainty
                                  0.000000    0.250000   clock reconvergence pessimism
                                 -2.000000   -1.750000   output external delay
                                             -1.750000   data required time
---------------------------------------------------------------------------------------------
                                             -1.750000   data required time
                                             -2.592365   data arrival time
---------------------------------------------------------------------------------------------
                                              4.342365   slack (MET)


Startpoint: b[14] (input port clocked by clk)
Endpoint: c[15] (output port clocked by clk)
Path Group: clk
Path Type: min

Fanout         Cap        Slew       Delay        Time   Description
---------------------------------------------------------------------------------------------
                      0.000000    0.000000    0.000000   clock clk (rise edge)
                                  0.000000    0.000000   clock network delay (ideal)
                                  2.000000    2.000000 ^ input external delay
     1    0.002191    0.017702    0.008159    2.008159 ^ b[14] (in)
                                                         b[14] (net)
                      0.017702    0.000000    2.008159 ^ input38/A (sky130_fd_sc_hd__buf_1)
     3    0.008856    0.111665    0.119273    2.127432 ^ input38/X (sky130_fd_sc_hd__buf_1)
                                                         net38 (net)
                      0.111665    0.000168    2.127599 ^ _222_/B (sky130_fd_sc_hd__nand2_1)
     2    0.008886    0.072958    0.099875    2.227474 v _222_/Y (sky130_fd_sc_hd__nand2_1)
                                                         _054_ (net)
                      0.072958    0.000365    2.227839 v _227_/B1 (sky130_fd_sc_hd__o21ai_1)
     1    0.005308    0.104830    0.103603    2.331443 ^ _227_/Y (sky130_fd_sc_hd__o21ai_1)
                                                         _058_ (net)
                      0.104830    0.000127    2.331570 ^ _228_/B (sky130_fd_sc_hd__xnor2_1)
     1    0.003973    0.044358    0.078451    2.410021 v _228_/Y (sky130_fd_sc_hd__xnor2_1)
                                                         net71 (net)
                      0.044358    0.000143    2.410164 v output71/A (sky130_fd_sc_hd__clkbuf_4)
     1    0.037495    0.085585    0.186800    2.596963 v output71/X (sky130_fd_sc_hd__clkbuf_4)
                                                         c[15] (net)
                      0.085604    0.001245    2.598209 v c[15] (out)
                                              2.598209   data arrival time

                      0.000000    0.000000    0.000000   clock clk (rise edge)
                                  0.000000    0.000000   clock network delay (ideal)
                                  0.250000    0.250000   clock uncertainty
                                  0.000000    0.250000   clock reconvergence pessimism
                                 -2.000000   -1.750000   output external delay
                                             -1.750000   data required time
---------------------------------------------------------------------------------------------
                                             -1.750000   data required time
                                             -2.598209   data arrival time
---------------------------------------------------------------------------------------------
                                              4.348208   slack (MET)


Startpoint: b[4] (input port clocked by clk)
Endpoint: c[4] (output port clocked by clk)
Path Group: clk
Path Type: min

Fanout         Cap        Slew       Delay        Time   Description
---------------------------------------------------------------------------------------------
                      0.000000    0.000000    0.000000   clock clk (rise edge)
                                  0.000000    0.000000   clock network delay (ideal)
                                  2.000000    2.000000 ^ input external delay
     1    0.002791    0.019695    0.010297    2.010297 ^ b[4] (in)
                                                         b[4] (net)
                      0.019695    0.000000    2.010297 ^ input59/A (sky130_fd_sc_hd__buf_1)
     3    0.012598    0.154139    0.149305    2.159602 ^ input59/X (sky130_fd_sc_hd__buf_1)
                                                         net59 (net)
                      0.154139    0.000300    2.159902 ^ _170_/B (sky130_fd_sc_hd__xor2_1)
     2    0.007333    0.054071    0.111460    2.271363 v _170_/X (sky130_fd_sc_hd__xor2_1)
                                                         _003_ (net)
                      0.054071    0.000214    2.271576 v _342_/A (sky130_fd_sc_hd__nor2_1)
     1    0.003696    0.089922    0.110834    2.382410 ^ _342_/Y (sky130_fd_sc_hd__nor2_1)
                                                         _152_ (net)
                      0.089922    0.000124    2.382534 ^ _343_/B (sky130_fd_sc_hd__nor2_1)
     1    0.003076    0.030655    0.048111    2.430645 v _343_/Y (sky130_fd_sc_hd__nor2_1)
                                                         net91 (net)
                      0.030655    0.000103    2.430749 v output91/A (sky130_fd_sc_hd__buf_2)
     1    0.034017    0.089181    0.173266    2.604015 v output91/X (sky130_fd_sc_hd__buf_2)
                                                         c[4] (net)
                      0.089189    0.000885    2.604899 v c[4] (out)
                                              2.604899   data arrival time

                      0.000000    0.000000    0.000000   clock clk (rise edge)
                                  0.000000    0.000000   clock network delay (ideal)
                                  0.250000    0.250000   clock uncertainty
                                  0.000000    0.250000   clock reconvergence pessimism
                                 -2.000000   -1.750000   output external delay
                                             -1.750000   data required time
---------------------------------------------------------------------------------------------
                                             -1.750000   data required time
                                             -2.604899   data arrival time
---------------------------------------------------------------------------------------------
                                              4.354899   slack (MET)


Startpoint: a[13] (input port clocked by clk)
Endpoint: c[14] (output port clocked by clk)
Path Group: clk
Path Type: min

Fanout         Cap        Slew       Delay        Time   Description
---------------------------------------------------------------------------------------------
                      0.000000    0.000000    0.000000   clock clk (rise edge)
                                  0.000000    0.000000   clock network delay (ideal)
                                  2.000000    2.000000 v input external delay
     1    0.003658    0.010623    0.005900    2.005900 v a[13] (in)
                                                         a[13] (net)
                      0.010629    0.000000    2.005900 v input5/A (sky130_fd_sc_hd__buf_1)
     2    0.004533    0.036573    0.081386    2.087286 v input5/X (sky130_fd_sc_hd__buf_1)
                                                         net5 (net)
                      0.036573    0.000000    2.087286 v _165_/A (sky130_fd_sc_hd__nand2_1)
     3    0.010608    0.104203    0.099040    2.186326 ^ _165_/Y (sky130_fd_sc_hd__nand2_1)
                                                         _162_ (net)
                      0.104206    0.000445    2.186771 ^ _224_/A1 (sky130_fd_sc_hd__a31o_1)
     2    0.007126    0.081269    0.171532    2.358303 ^ _224_/X (sky130_fd_sc_hd__a31o_1)
                                                         _056_ (net)
                      0.081269    0.000000    2.358303 ^ _225_/B (sky130_fd_sc_hd__xor2_1)
     1    0.003767    0.039940    0.071097    2.429399 v _225_/X (sky130_fd_sc_hd__xor2_1)
                                                         net70 (net)
                      0.039940    0.000131    2.429531 v output70/A (sky130_fd_sc_hd__clkbuf_4)
     1    0.034548    0.080248    0.180540    2.610071 v output70/X (sky130_fd_sc_hd__clkbuf_4)
                                                         c[14] (net)
                      0.080257    0.000904    2.610975 v c[14] (out)
                                              2.610975   data arrival time

                      0.000000    0.000000    0.000000   clock clk (rise edge)
                                  0.000000    0.000000   clock network delay (ideal)
                                  0.250000    0.250000   clock uncertainty
                                  0.000000    0.250000   clock reconvergence pessimism
                                 -2.000000   -1.750000   output external delay
                                             -1.750000   data required time
---------------------------------------------------------------------------------------------
                                             -1.750000   data required time
                                             -2.610975   data arrival time
---------------------------------------------------------------------------------------------
                                              4.360975   slack (MET)


Startpoint: b[26] (input port clocked by clk)
Endpoint: c[26] (output port clocked by clk)
Path Group: clk
Path Type: min

Fanout         Cap        Slew       Delay        Time   Description
---------------------------------------------------------------------------------------------
                      0.000000    0.000000    0.000000   clock clk (rise edge)
                                  0.000000    0.000000   clock network delay (ideal)
                                  2.000000    2.000000 v input external delay
     1    0.003344    0.009898    0.005364    2.005364 v b[26] (in)
                                                         b[26] (net)
                      0.009898    0.000000    2.005364 v input51/A (sky130_fd_sc_hd__clkbuf_1)
     2    0.004961    0.037713    0.082907    2.088271 v input51/X (sky130_fd_sc_hd__clkbuf_1)
                                                         net51 (net)
                      0.037713    0.000152    2.088424 v _298_/B (sky130_fd_sc_hd__nor2_1)
     2    0.007345    0.149594    0.135271    2.223695 ^ _298_/Y (sky130_fd_sc_hd__nor2_1)
                                                         _118_ (net)
                      0.149594    0.000138    2.223832 ^ _301_/A (sky130_fd_sc_hd__or2_1)
     2    0.007592    0.081156    0.153140    2.376972 ^ _301_/X (sky130_fd_sc_hd__or2_1)
                                                         _121_ (net)
                      0.081156    0.000175    2.377147 ^ _305_/A (sky130_fd_sc_hd__xnor2_1)
     1    0.001647    0.030454    0.065999    2.443146 v _305_/Y (sky130_fd_sc_hd__xnor2_1)
                                                         net83 (net)
                      0.030454    0.000000    2.443146 v output83/A (sky130_fd_sc_hd__buf_2)
     1    0.033442    0.087312    0.172817    2.615963 v output83/X (sky130_fd_sc_hd__buf_2)
                                                         c[26] (net)
                      0.087312    0.000000    2.615963 v c[26] (out)
                                              2.615963   data arrival time

                      0.000000    0.000000    0.000000   clock clk (rise edge)
                                  0.000000    0.000000   clock network delay (ideal)
                                  0.250000    0.250000   clock uncertainty
                                  0.000000    0.250000   clock reconvergence pessimism
                                 -2.000000   -1.750000   output external delay
                                             -1.750000   data required time
---------------------------------------------------------------------------------------------
                                             -1.750000   data required time
                                             -2.615963   data arrival time
---------------------------------------------------------------------------------------------
                                              4.365963   slack (MET)


Startpoint: b[28] (input port clocked by clk)
Endpoint: c[29] (output port clocked by clk)
Path Group: clk
Path Type: min

Fanout         Cap        Slew       Delay        Time   Description
---------------------------------------------------------------------------------------------
                      0.000000    0.000000    0.000000   clock clk (rise edge)
                                  0.000000    0.000000   clock network delay (ideal)
                                  2.000000    2.000000 ^ input external delay
     1    0.002186    0.017679    0.008142    2.008142 ^ b[28] (in)
                                                         b[28] (net)
                      0.017679    0.000000    2.008142 ^ input53/A (sky130_fd_sc_hd__clkbuf_1)
     2    0.004743    0.065503    0.086640    2.094782 ^ input53/X (sky130_fd_sc_hd__clkbuf_1)
                                                         net53 (net)
                      0.065503    0.000090    2.094871 ^ _312_/B (sky130_fd_sc_hd__nand2_1)
     2    0.008680    0.069473    0.084642    2.179513 v _312_/Y (sky130_fd_sc_hd__nand2_1)
                                                         _130_ (net)
                      0.069473    0.000290    2.179803 v _313_/A (sky130_fd_sc_hd__inv_2)
     2    0.008486    0.048141    0.068886    2.248689 ^ _313_/Y (sky130_fd_sc_hd__inv_2)
                                                         _131_ (net)
                      0.048141    0.000150    2.248839 ^ _323_/B1 (sky130_fd_sc_hd__a21o_1)
     1    0.006324    0.062907    0.097604    2.346443 ^ _323_/X (sky130_fd_sc_hd__a21o_1)
                                                         _140_ (net)
                      0.062907    0.000253    2.346696 ^ _324_/B (sky130_fd_sc_hd__xnor2_1)
     1    0.006861    0.061149    0.082669    2.429365 v _324_/Y (sky130_fd_sc_hd__xnor2_1)
                                                         net86 (net)
                      0.061150    0.000371    2.429736 v output86/A (sky130_fd_sc_hd__buf_2)
     1    0.034922    0.091007    0.188221    2.617957 v output86/X (sky130_fd_sc_hd__buf_2)
                                                         c[29] (net)
                      0.091017    0.000974    2.618931 v c[29] (out)
                                              2.618931   data arrival time

                      0.000000    0.000000    0.000000   clock clk (rise edge)
                                  0.000000    0.000000   clock network delay (ideal)
                                  0.250000    0.250000   clock uncertainty
                                  0.000000    0.250000   clock reconvergence pessimism
                                 -2.000000   -1.750000   output external delay
                                             -1.750000   data required time
---------------------------------------------------------------------------------------------
                                             -1.750000   data required time
                                             -2.618931   data arrival time
---------------------------------------------------------------------------------------------
                                              4.368931   slack (MET)


Startpoint: a[11] (input port clocked by clk)
Endpoint: c[11] (output port clocked by clk)
Path Group: clk
Path Type: min

Fanout         Cap        Slew       Delay        Time   Description
---------------------------------------------------------------------------------------------
                      0.000000    0.000000    0.000000   clock clk (rise edge)
                                  0.000000    0.000000   clock network delay (ideal)
                                  2.000000    2.000000 v input external delay
     1    0.005792    0.015329    0.009414    2.009413 v a[11] (in)
                                                         a[11] (net)
                      0.015330    0.000000    2.009413 v input3/A (sky130_fd_sc_hd__buf_1)
     3    0.009569    0.062092    0.105558    2.114972 v input3/X (sky130_fd_sc_hd__buf_1)
                                                         net3 (net)
                      0.062093    0.000419    2.115391 v _198_/A (sky130_fd_sc_hd__nand2_1)
     2    0.005835    0.063764    0.080095    2.195486 ^ _198_/Y (sky130_fd_sc_hd__nand2_1)
                                                         _031_ (net)
                      0.063764    0.000117    2.195603 ^ _201_/A (sky130_fd_sc_hd__nand2_1)
     2    0.009141    0.071567    0.083380    2.278983 v _201_/Y (sky130_fd_sc_hd__nand2_1)
                                                         _034_ (net)
                      0.071569    0.000280    2.279263 v _358_/A (sky130_fd_sc_hd__xnor2_1)
     1    0.006723    0.062233    0.153608    2.432871 v _358_/Y (sky130_fd_sc_hd__xnor2_1)
                                                         net67 (net)
                      0.062234    0.000359    2.433229 v output67/A (sky130_fd_sc_hd__buf_2)
     1    0.034517    0.090103    0.188026    2.621255 v output67/X (sky130_fd_sc_hd__buf_2)
                                                         c[11] (net)
                      0.090112    0.000886    2.622141 v c[11] (out)
                                              2.622141   data arrival time

                      0.000000    0.000000    0.000000   clock clk (rise edge)
                                  0.000000    0.000000   clock network delay (ideal)
                                  0.250000    0.250000   clock uncertainty
                                  0.000000    0.250000   clock reconvergence pessimism
                                 -2.000000   -1.750000   output external delay
                                             -1.750000   data required time
---------------------------------------------------------------------------------------------
                                             -1.750000   data required time
                                             -2.622141   data arrival time
---------------------------------------------------------------------------------------------
                                              4.372141   slack (MET)


Startpoint: a[10] (input port clocked by clk)
Endpoint: c[10] (output port clocked by clk)
Path Group: clk
Path Type: min

Fanout         Cap        Slew       Delay        Time   Description
---------------------------------------------------------------------------------------------
                      0.000000    0.000000    0.000000   clock clk (rise edge)
                                  0.000000    0.000000   clock network delay (ideal)
                                  2.000000    2.000000 ^ input external delay
     1    0.003477    0.022666    0.012701    2.012701 ^ a[10] (in)
                                                         a[10] (net)
                      0.022674    0.000000    2.012701 ^ input2/A (sky130_fd_sc_hd__clkbuf_1)
     2    0.005616    0.075292    0.095270    2.107971 ^ input2/X (sky130_fd_sc_hd__clkbuf_1)
                                                         net2 (net)
                      0.075292    0.000183    2.108155 ^ _206_/A (sky130_fd_sc_hd__nand2_1)
     3    0.014798    0.110890    0.115758    2.223912 v _206_/Y (sky130_fd_sc_hd__nand2_1)
                                                         _039_ (net)
                      0.110893    0.000492    2.224405 v _208_/A (sky130_fd_sc_hd__nand2_2)
     4    0.017902    0.102470    0.129925    2.354329 ^ _208_/Y (sky130_fd_sc_hd__nand2_2)
                                                         _041_ (net)
                      0.102515    0.000718    2.355048 ^ _356_/A (sky130_fd_sc_hd__xor2_1)
     1    0.005502    0.047017    0.089246    2.444294 v _356_/X (sky130_fd_sc_hd__xor2_1)
                                                         net66 (net)
                      0.047018    0.000255    2.444548 v output66/A (sky130_fd_sc_hd__buf_2)
     1    0.034710    0.090585    0.181551    2.626099 v output66/X (sky130_fd_sc_hd__buf_2)
                                                         c[10] (net)
                      0.090595    0.000963    2.627062 v c[10] (out)
                                              2.627062   data arrival time

                      0.000000    0.000000    0.000000   clock clk (rise edge)
                                  0.000000    0.000000   clock network delay (ideal)
                                  0.250000    0.250000   clock uncertainty
                                  0.000000    0.250000   clock reconvergence pessimism
                                 -2.000000   -1.750000   output external delay
                                             -1.750000   data required time
---------------------------------------------------------------------------------------------
                                             -1.750000   data required time
                                             -2.627062   data arrival time
---------------------------------------------------------------------------------------------
                                              4.377062   slack (MET)


Startpoint: a[5] (input port clocked by clk)
Endpoint: c[6] (output port clocked by clk)
Path Group: clk
Path Type: min

Fanout         Cap        Slew       Delay        Time   Description
---------------------------------------------------------------------------------------------
                      0.000000    0.000000    0.000000   clock clk (rise edge)
                                  0.000000    0.000000   clock network delay (ideal)
                                  2.000000    2.000000 ^ input external delay
     1    0.002772    0.019611    0.010228    2.010228 ^ a[5] (in)
                                                         a[5] (net)
                      0.019611    0.000000    2.010228 ^ input28/A (sky130_fd_sc_hd__buf_1)
     3    0.008158    0.103768    0.114466    2.124693 ^ input28/X (sky130_fd_sc_hd__buf_1)
                                                         net28 (net)
                      0.103768    0.000105    2.124798 ^ _186_/A (sky130_fd_sc_hd__or2_1)
     3    0.006441    0.071098    0.133703    2.258501 ^ _186_/X (sky130_fd_sc_hd__or2_1)
                                                         _019_ (net)
                      0.071098    0.000109    2.258610 ^ _346_/C1 (sky130_fd_sc_hd__o211a_1)
     2    0.005061    0.058934    0.150879    2.409489 ^ _346_/X (sky130_fd_sc_hd__o211a_1)
                                                         _154_ (net)
                      0.058934    0.000000    2.409489 ^ _348_/A (sky130_fd_sc_hd__nor2_1)
     1    0.003163    0.027841    0.046178    2.455667 v _348_/Y (sky130_fd_sc_hd__nor2_1)
                                                         net93 (net)
                      0.027841    0.000107    2.455774 v output93/A (sky130_fd_sc_hd__buf_2)
     1    0.034081    0.089345    0.172162    2.627936 v output93/X (sky130_fd_sc_hd__buf_2)
                                                         c[6] (net)
                      0.089354    0.000900    2.628835 v c[6] (out)
                                              2.628835   data arrival time

                      0.000000    0.000000    0.000000   clock clk (rise edge)
                                  0.000000    0.000000   clock network delay (ideal)
                                  0.250000    0.250000   clock uncertainty
                                  0.000000    0.250000   clock reconvergence pessimism
                                 -2.000000   -1.750000   output external delay
                                             -1.750000   data required time
---------------------------------------------------------------------------------------------
                                             -1.750000   data required time
                                             -2.628835   data arrival time
---------------------------------------------------------------------------------------------
                                              4.378835   slack (MET)


Startpoint: a[20] (input port clocked by clk)
Endpoint: c[20] (output port clocked by clk)
Path Group: clk
Path Type: min

Fanout         Cap        Slew       Delay        Time   Description
---------------------------------------------------------------------------------------------
                      0.000000    0.000000    0.000000   clock clk (rise edge)
                                  0.000000    0.000000   clock network delay (ideal)
                                  2.000000    2.000000 v input external delay
     1    0.003443    0.010126    0.005532    2.005532 v a[20] (in)
                                                         a[20] (net)
                      0.010126    0.000000    2.005532 v input13/A (sky130_fd_sc_hd__buf_1)
     2    0.003653    0.031963    0.077151    2.082683 v input13/X (sky130_fd_sc_hd__buf_1)
                                                         net13 (net)
                      0.031963    0.000000    2.082683 v _258_/A (sky130_fd_sc_hd__nand2_1)
     3    0.007274    0.077382    0.076496    2.159178 ^ _258_/Y (sky130_fd_sc_hd__nand2_1)
                                                         _084_ (net)
                      0.077382    0.000000    2.159178 ^ _259_/B (sky130_fd_sc_hd__nand2_1)
     3    0.008247    0.065318    0.085976    2.245155 v _259_/Y (sky130_fd_sc_hd__nand2_1)
                                                         _085_ (net)
                      0.065319    0.000218    2.245373 v _265_/A (sky130_fd_sc_hd__nand2_1)
     1    0.002735    0.039516    0.061593    2.306966 ^ _265_/Y (sky130_fd_sc_hd__nand2_1)
                                                         _091_ (net)
                      0.039516    0.000066    2.307032 ^ _266_/B (sky130_fd_sc_hd__and2_1)
     1    0.003992    0.056008    0.121629    2.428660 ^ _266_/X (sky130_fd_sc_hd__and2_1)
                                                         net77 (net)
                      0.056008    0.000121    2.428781 ^ output77/A (sky130_fd_sc_hd__buf_2)
     1    0.034786    0.172609    0.203667    2.632448 ^ output77/X (sky130_fd_sc_hd__buf_2)
                                                         c[20] (net)
                      0.172612    0.000948    2.633396 ^ c[20] (out)
                                              2.633396   data arrival time

                      0.000000    0.000000    0.000000   clock clk (rise edge)
                                  0.000000    0.000000   clock network delay (ideal)
                                  0.250000    0.250000   clock uncertainty
                                  0.000000    0.250000   clock reconvergence pessimism
                                 -2.000000   -1.750000   output external delay
                                             -1.750000   data required time
---------------------------------------------------------------------------------------------
                                             -1.750000   data required time
                                             -2.633396   data arrival time
---------------------------------------------------------------------------------------------
                                              4.383396   slack (MET)


Startpoint: b[16] (input port clocked by clk)
Endpoint: c[16] (output port clocked by clk)
Path Group: clk
Path Type: min

Fanout         Cap        Slew       Delay        Time   Description
---------------------------------------------------------------------------------------------
                      0.000000    0.000000    0.000000   clock clk (rise edge)
                                  0.000000    0.000000   clock network delay (ideal)
                                  2.000000    2.000000 ^ input external delay
     1    0.003820    0.024158    0.013907    2.013907 ^ b[16] (in)
                                                         b[16] (net)
                      0.024166    0.000000    2.013907 ^ input40/A (sky130_fd_sc_hd__clkbuf_1)
     2    0.006824    0.088869    0.105367    2.119273 ^ input40/X (sky130_fd_sc_hd__clkbuf_1)
                                                         net40 (net)
                      0.088899    0.000228    2.119501 ^ _238_/B (sky130_fd_sc_hd__nand2_1)
     3    0.009468    0.075491    0.096033    2.215534 v _238_/Y (sky130_fd_sc_hd__nand2_1)
                                                         _068_ (net)
                      0.075491    0.000158    2.215692 v _239_/B (sky130_fd_sc_hd__nand2_1)
     4    0.016315    0.154089    0.157874    2.373565 ^ _239_/Y (sky130_fd_sc_hd__nand2_1)
                                                         _069_ (net)
                      0.154091    0.000456    2.374021 ^ _240_/B (sky130_fd_sc_hd__xor2_1)
     1    0.004560    0.043128    0.095425    2.469446 v _240_/X (sky130_fd_sc_hd__xor2_1)
                                                         net72 (net)
                      0.043128    0.000191    2.469638 v output72/A (sky130_fd_sc_hd__buf_2)
     1    0.033442    0.087227    0.178279    2.647917 v output72/X (sky130_fd_sc_hd__buf_2)
                                                         c[16] (net)
                      0.087227    0.000000    2.647917 v c[16] (out)
                                              2.647917   data arrival time

                      0.000000    0.000000    0.000000   clock clk (rise edge)
                                  0.000000    0.000000   clock network delay (ideal)
                                  0.250000    0.250000   clock uncertainty
                                  0.000000    0.250000   clock reconvergence pessimism
                                 -2.000000   -1.750000   output external delay
                                             -1.750000   data required time
---------------------------------------------------------------------------------------------
                                             -1.750000   data required time
                                             -2.647917   data arrival time
---------------------------------------------------------------------------------------------
                                              4.397917   slack (MET)


Startpoint: a[8] (input port clocked by clk)
Endpoint: c[8] (output port clocked by clk)
Path Group: clk
Path Type: min

Fanout         Cap        Slew       Delay        Time   Description
---------------------------------------------------------------------------------------------
                      0.000000    0.000000    0.000000   clock clk (rise edge)
                                  0.000000    0.000000   clock network delay (ideal)
                                  2.000000    2.000000 ^ input external delay
     1    0.002771    0.019605    0.010224    2.010224 ^ a[8] (in)
                                                         a[8] (net)
                      0.019605    0.000000    2.010224 ^ input31/A (sky130_fd_sc_hd__clkbuf_1)
     2    0.006363    0.083672    0.100131    2.110354 ^ input31/X (sky130_fd_sc_hd__clkbuf_1)
                                                         net31 (net)
                      0.083672    0.000193    2.110547 ^ _202_/A (sky130_fd_sc_hd__nand2_1)
     4    0.012280    0.094557    0.106132    2.216679 v _202_/Y (sky130_fd_sc_hd__nand2_1)
                                                         _035_ (net)
                      0.094586    0.000251    2.216930 v _204_/A (sky130_fd_sc_hd__and2_1)
     2    0.007362    0.052749    0.175032    2.391963 v _204_/X (sky130_fd_sc_hd__and2_1)
                                                         _037_ (net)
                      0.052749    0.000152    2.392115 v _205_/A (sky130_fd_sc_hd__inv_2)
     2    0.006478    0.038654    0.055784    2.447899 ^ _205_/Y (sky130_fd_sc_hd__inv_2)
                                                         _038_ (net)
                      0.038654    0.000000    2.447899 ^ _352_/B (sky130_fd_sc_hd__xnor2_1)
     1    0.005423    0.050585    0.067145    2.515044 v _352_/Y (sky130_fd_sc_hd__xnor2_1)
                                                         net95 (net)
                      0.050585    0.000226    2.515270 v output95/A (sky130_fd_sc_hd__buf_2)
     1    0.037228    0.093264    0.187594    2.702864 v output95/X (sky130_fd_sc_hd__buf_2)
                                                         c[8] (net)
                      0.093282    0.001274    2.704138 v c[8] (out)
                                              2.704138   data arrival time

                      0.000000    0.000000    0.000000   clock clk (rise edge)
                                  0.000000    0.000000   clock network delay (ideal)
                                  0.250000    0.250000   clock uncertainty
                                  0.000000    0.250000   clock reconvergence pessimism
                                 -2.000000   -1.750000   output external delay
                                             -1.750000   data required time
---------------------------------------------------------------------------------------------
                                             -1.750000   data required time
                                             -2.704138   data arrival time
---------------------------------------------------------------------------------------------
                                              4.454138   slack (MET)



